[ 2019-11-23T10:27:25+08:00 ] 183.33.129.253 /Admin/
INFO: [ app_init ] --START--
INFO: Run Behavior\BuildLiteBehavior [ RunTime:0.000020s ]
INFO: [ app_init ] --END-- [ RunTime:0.000095s ]
INFO: [ app_begin ] --START--
INFO: Run Behavior\ReadHtmlCacheBehavior [ RunTime:0.000206s ]
INFO: Run Behavior\CheckLangBehavior [ RunTime:0.000963s ]
INFO: [ app_begin ] --END-- [ RunTime:0.001274s ]

[ 2019-11-23T10:27:25+08:00 ] 183.33.129.253 /Admin/Login/index.html
INFO: [ app_init ] --START--
INFO: Run Behavior\BuildLiteBehavior [ RunTime:0.000013s ]
INFO: [ app_init ] --END-- [ RunTime:0.000074s ]
INFO: [ app_begin ] --START--
INFO: Run Behavior\ReadHtmlCacheBehavior [ RunTime:0.000166s ]
INFO: Run Behavior\CheckLangBehavior [ RunTime:0.000769s ]
INFO: [ app_begin ] --END-- [ RunTime:0.001033s ]
INFO: [ view_parse ] --START--
INFO: [ template_filter ] --START--
INFO: Run Behavior\ContentReplaceBehavior [ RunTime:0.000100s ]
INFO: [ template_filter ] --END-- [ RunTime:0.000164s ]
INFO: Run Behavior\ParseTemplateBehavior [ RunTime:0.004778s ]
INFO: [ view_parse ] --END-- [ RunTime:0.004842s ]
INFO: [ view_filter ] --START--
INFO: Run Behavior\WriteHtmlCacheBehavior [ RunTime:0.000201s ]
INFO: Run Behavior\TokenBuildBehavior [ RunTime:0.000297s ]
INFO: [ view_filter ] --END-- [ RunTime:0.000586s ]
INFO: [ app_end ] --START--
INFO: Run Behavior\ShowPageTraceBehavior [ RunTime:0.000273s ]
INFO: [ app_end ] --END-- [ RunTime:0.000331s ]

[ 2019-11-23T10:27:26+08:00 ] 183.33.129.253 /Admin/Login/verify.html
INFO: [ app_init ] --START--
INFO: Run Behavior\BuildLiteBehavior [ RunTime:0.000017s ]
INFO: [ app_init ] --END-- [ RunTime:0.000088s ]
INFO: [ app_begin ] --START--
INFO: Run Behavior\ReadHtmlCacheBehavior [ RunTime:0.000179s ]
INFO: Run Behavior\CheckLangBehavior [ RunTime:0.000784s ]
INFO: [ app_begin ] --END-- [ RunTime:0.001061s ]
INFO: [ app_end ] --START--
INFO: Run Behavior\ShowPageTraceBehavior [ RunTime:0.000179s ]
INFO: [ app_end ] --END-- [ RunTime:0.000244s ]

[ 2019-11-23T10:27:32+08:00 ] 183.33.129.253 /Admin/Login/login.html
INFO: [ app_init ] --START--
INFO: Run Behavior\BuildLiteBehavior [ RunTime:0.000022s ]
INFO: [ app_init ] --END-- [ RunTime:0.000098s ]
INFO: [ app_begin ] --START--
INFO: Run Behavior\ReadHtmlCacheBehavior [ RunTime:0.000205s ]
INFO: Run Behavior\CheckLangBehavior [ RunTime:0.000868s ]
INFO: [ app_begin ] --END-- [ RunTime:0.001173s ]
SQL: SHOW COLUMNS FROM `hls_admin` [ RunTime:0.0061s ]
SQL: SELECT * FROM `hls_admin` WHERE `password` = '027b015ad5829f6831006722d14520c7af215f15f5460182f66d877fdb9b15c2' AND `username` = 'admin' LIMIT 1   [ RunTime:0.0007s ]
NOTIC: [8] A session had already been started - ignoring session_start() /home/www/hollandshow.cn/ThinkPHP/Common/functions.php 第 1263 行.

[ 2019-11-23T10:27:32+08:00 ] 183.33.129.253 /Admin/Login/verify/1574476049568
INFO: [ app_init ] --START--
INFO: Run Behavior\BuildLiteBehavior [ RunTime:0.000015s ]
INFO: [ app_init ] --END-- [ RunTime:0.000082s ]
INFO: [ app_begin ] --START--
INFO: Run Behavior\ReadHtmlCacheBehavior [ RunTime:0.000175s ]
INFO: Run Behavior\CheckLangBehavior [ RunTime:0.000863s ]
INFO: [ app_begin ] --END-- [ RunTime:0.001202s ]
INFO: [ app_end ] --START--
INFO: Run Behavior\ShowPageTraceBehavior [ RunTime:0.000225s ]
INFO: [ app_end ] --END-- [ RunTime:0.000292s ]

[ 2019-11-23T10:27:32+08:00 ] 183.33.129.253 /Admin/Login/logining.html
INFO: [ app_init ] --START--
INFO: Run Behavior\BuildLiteBehavior [ RunTime:0.000015s ]
INFO: [ app_init ] --END-- [ RunTime:0.000079s ]
INFO: [ app_begin ] --START--
INFO: Run Behavior\ReadHtmlCacheBehavior [ RunTime:0.000241s ]
INFO: Run Behavior\CheckLangBehavior [ RunTime:0.000777s ]
INFO: [ app_begin ] --END-- [ RunTime:0.001182s ]
INFO: [ view_parse ] --START--
INFO: [ template_filter ] --START--
INFO: Run Behavior\ContentReplaceBehavior [ RunTime:0.000062s ]
INFO: [ template_filter ] --END-- [ RunTime:0.000131s ]
INFO: Run Behavior\ParseTemplateBehavior [ RunTime:0.003705s ]
INFO: [ view_parse ] --END-- [ RunTime:0.003770s ]
INFO: [ view_filter ] --START--
INFO: Run Behavior\WriteHtmlCacheBehavior [ RunTime:0.000200s ]
INFO: Run Behavior\TokenBuildBehavior [ RunTime:0.000260s ]
INFO: [ view_filter ] --END-- [ RunTime:0.000548s ]
INFO: [ app_end ] --START--
INFO: Run Behavior\ShowPageTraceBehavior [ RunTime:0.000175s ]
INFO: [ app_end ] --END-- [ RunTime:0.000231s ]

[ 2019-11-23T10:27:33+08:00 ] 183.33.129.253 /Admin/Index/index.html
INFO: [ app_init ] --START--
INFO: Run Behavior\BuildLiteBehavior [ RunTime:0.000026s ]
INFO: [ app_init ] --END-- [ RunTime:0.000137s ]
INFO: [ app_begin ] --START--
INFO: Run Behavior\ReadHtmlCacheBehavior [ RunTime:0.000298s ]
INFO: Run Behavior\CheckLangBehavior [ RunTime:0.001409s ]
INFO: [ app_begin ] --END-- [ RunTime:0.001870s ]
INFO: [ view_parse ] --START--
INFO: [ template_filter ] --START--
INFO: Run Behavior\ContentReplaceBehavior [ RunTime:0.000320s ]
INFO: [ template_filter ] --END-- [ RunTime:0.000501s ]
NOTIC: [8] Undefined variable: title /home/www/hollandshow.cn/App/Runtime/Cache/Admin/9df924d9a2d217daa77a359c5bee0c33.php 第 4 行.
NOTIC: [8] Undefined variable: token /home/www/hollandshow.cn/App/Runtime/Cache/Admin/9df924d9a2d217daa77a359c5bee0c33.php 第 81 行.
NOTIC: [8] Undefined variable: exhibitor_count /home/www/hollandshow.cn/App/Runtime/Cache/Admin/9df924d9a2d217daa77a359c5bee0c33.php 第 199 行.
NOTIC: [8] Undefined variable: speakers_count /home/www/hollandshow.cn/App/Runtime/Cache/Admin/9df924d9a2d217daa77a359c5bee0c33.php 第 200 行.
NOTIC: [8] Undefined variable: session_count /home/www/hollandshow.cn/App/Runtime/Cache/Admin/9df924d9a2d217daa77a359c5bee0c33.php 第 201 行.
NOTIC: [8] Undefined variable: page_count /home/www/hollandshow.cn/App/Runtime/Cache/Admin/9df924d9a2d217daa77a359c5bee0c33.php 第 202 行.
NOTIC: [8] Undefined variable: user_count /home/www/hollandshow.cn/App/Runtime/Cache/Admin/9df924d9a2d217daa77a359c5bee0c33.php 第 203 行.
NOTIC: [8] Undefined variable: dynamic_count /home/www/hollandshow.cn/App/Runtime/Cache/Admin/9df924d9a2d217daa77a359c5bee0c33.php 第 204 行.
INFO: Run Behavior\ParseTemplateBehavior [ RunTime:0.018982s ]
INFO: [ view_parse ] --END-- [ RunTime:0.019084s ]
INFO: [ view_filter ] --START--
INFO: Run Behavior\WriteHtmlCacheBehavior [ RunTime:0.000302s ]
INFO: Run Behavior\TokenBuildBehavior [ RunTime:0.000625s ]
INFO: [ view_filter ] --END-- [ RunTime:0.001075s ]
INFO: [ app_end ] --START--
INFO: Run Behavior\ShowPageTraceBehavior [ RunTime:0.000309s ]
INFO: [ app_end ] --END-- [ RunTime:0.000412s ]

[ 2019-11-23T10:27:35+08:00 ] 183.33.129.253 /Admin/Posts/index.html
INFO: [ app_init ] --START--
INFO: Run Behavior\BuildLiteBehavior [ RunTime:0.000023s ]
INFO: [ app_init ] --END-- [ RunTime:0.000145s ]
INFO: [ app_begin ] --START--
INFO: Run Behavior\ReadHtmlCacheBehavior [ RunTime:0.000339s ]
INFO: Run Behavior\CheckLangBehavior [ RunTime:0.001471s ]
INFO: [ app_begin ] --END-- [ RunTime:0.001974s ]
SQL: SHOW COLUMNS FROM `hls_posts` [ RunTime:0.0017s ]
SQL: SHOW COLUMNS FROM `hls_street` [ RunTime:0.0010s ]
SQL: SHOW COLUMNS FROM `hls_posts` [ RunTime:0.0014s ]
SQL: SELECT COUNT(*) AS tp_count FROM hls_posts as a  LEFT JOIN hls_street as b ON a.street_id = b.id  WHERE a.deleted IS NULL LIMIT 1   [ RunTime:0.0013s ]
SQL: SELECT a.*,b.name as street_name FROM hls_posts as a  LEFT JOIN hls_street as b ON a.street_id = b.id  WHERE a.deleted IS NULL ORDER BY a.created desc LIMIT 0,10   [ RunTime:0.0012s ]
SQL: SELECT * FROM `hls_street` WHERE `deleted` IS NULL ORDER BY created desc  [ RunTime:0.0005s ]
NOTIC: [8] Undefined variable: type /home/www/hollandshow.cn/App/Admin/Controller/PostsController.class.php 第 80 行.
INFO: [ view_parse ] --START--
INFO: [ template_filter ] --START--
INFO: Run Behavior\ContentReplaceBehavior [ RunTime:0.000315s ]
INFO: [ template_filter ] --END-- [ RunTime:0.000424s ]
NOTIC: [8] Undefined variable: title /home/www/hollandshow.cn/App/Runtime/Cache/Admin/5e72f93f8795a1bb9aa4179a288eec97.php 第 4 行.
NOTIC: [8] Undefined variable: token /home/www/hollandshow.cn/App/Runtime/Cache/Admin/5e72f93f8795a1bb9aa4179a288eec97.php 第 81 行.
INFO: Run Behavior\ParseTemplateBehavior [ RunTime:0.027253s ]
INFO: [ view_parse ] --END-- [ RunTime:0.027540s ]
INFO: [ view_filter ] --START--
INFO: Run Behavior\WriteHtmlCacheBehavior [ RunTime:0.000344s ]
INFO: Run Behavior\TokenBuildBehavior [ RunTime:0.000842s ]
INFO: [ view_filter ] --END-- [ RunTime:0.001343s ]
INFO: [ app_end ] --START--
INFO: Run Behavior\ShowPageTraceBehavior [ RunTime:0.000352s ]
INFO: [ app_end ] --END-- [ RunTime:0.000467s ]

[ 2019-11-23T10:27:37+08:00 ] 183.33.129.253 /Admin/Shop/index/type/cate.html
INFO: [ app_init ] --START--
INFO: Run Behavior\BuildLiteBehavior [ RunTime:0.000024s ]
INFO: [ app_init ] --END-- [ RunTime:0.000135s ]
INFO: [ app_begin ] --START--
INFO: Run Behavior\ReadHtmlCacheBehavior [ RunTime:0.000290s ]
INFO: Run Behavior\CheckLangBehavior [ RunTime:0.001433s ]
INFO: [ app_begin ] --END-- [ RunTime:0.001887s ]
SQL: SHOW COLUMNS FROM `hls_shop` [ RunTime:0.0017s ]
SQL: SHOW COLUMNS FROM `hls_street` [ RunTime:0.0009s ]
SQL: SHOW COLUMNS FROM `hls_shop` [ RunTime:0.0015s ]
SQL: SELECT COUNT(*) AS tp_count FROM hls_shop as a  LEFT JOIN hls_street as b ON a.street_id = b.id  WHERE a.deleted IS NULL AND a.type = 'cate' LIMIT 1   [ RunTime:0.0015s ]
SQL: SELECT a.*,b.name as street_name FROM hls_shop as a  LEFT JOIN hls_street as b ON a.street_id = b.id  WHERE a.deleted IS NULL AND a.type = 'cate' ORDER BY created desc LIMIT 0,10   [ RunTime:0.0014s ]
SQL: SELECT * FROM `hls_street` WHERE `deleted` IS NULL ORDER BY created desc  [ RunTime:0.0003s ]
INFO: [ view_parse ] --START--
INFO: [ template_filter ] --START--
INFO: Run Behavior\ContentReplaceBehavior [ RunTime:0.000309s ]
INFO: [ template_filter ] --END-- [ RunTime:0.000415s ]
NOTIC: [8] Undefined variable: title /home/www/hollandshow.cn/App/Runtime/Cache/Admin/d68ce727c8ebc1f81462aeabe3e52156.php 第 4 行.
NOTIC: [8] Undefined variable: token /home/www/hollandshow.cn/App/Runtime/Cache/Admin/d68ce727c8ebc1f81462aeabe3e52156.php 第 81 行.
INFO: Run Behavior\ParseTemplateBehavior [ RunTime:0.027987s ]
INFO: [ view_parse ] --END-- [ RunTime:0.028091s ]
INFO: [ view_filter ] --START--
INFO: Run Behavior\WriteHtmlCacheBehavior [ RunTime:0.000291s ]
INFO: Run Behavior\TokenBuildBehavior [ RunTime:0.000806s ]
INFO: [ view_filter ] --END-- [ RunTime:0.001263s ]
INFO: [ app_end ] --START--
INFO: Run Behavior\ShowPageTraceBehavior [ RunTime:0.000302s ]
INFO: [ app_end ] --END-- [ RunTime:0.000408s ]

[ 2019-11-23T10:27:42+08:00 ] 183.33.129.253 /Admin/Active/index.html
INFO: [ app_init ] --START--
INFO: Run Behavior\BuildLiteBehavior [ RunTime:0.000026s ]
INFO: [ app_init ] --END-- [ RunTime:0.000138s ]
INFO: [ app_begin ] --START--
INFO: Run Behavior\ReadHtmlCacheBehavior [ RunTime:0.000351s ]
INFO: Run Behavior\CheckLangBehavior [ RunTime:0.001471s ]
INFO: [ app_begin ] --END-- [ RunTime:0.001984s ]
SQL: SHOW COLUMNS FROM `hls_active` [ RunTime:0.0016s ]
SQL: SELECT COUNT(*) AS tp_count FROM `hls_active` WHERE `deleted` IS NULL ORDER BY created desc LIMIT 1   [ RunTime:0.0008s ]
SQL: SELECT * FROM `hls_active` WHERE `deleted` IS NULL ORDER BY created desc LIMIT 0,10   [ RunTime:0.0011s ]
INFO: [ view_parse ] --START--
INFO: [ template_filter ] --START--
INFO: Run Behavior\ContentReplaceBehavior [ RunTime:0.000294s ]
INFO: [ template_filter ] --END-- [ RunTime:0.000401s ]
NOTIC: [8] Undefined variable: title /home/www/hollandshow.cn/App/Runtime/Cache/Admin/47176b6a3ee64f621e6cf2592528e4a2.php 第 4 行.
NOTIC: [8] Undefined variable: token /home/www/hollandshow.cn/App/Runtime/Cache/Admin/47176b6a3ee64f621e6cf2592528e4a2.php 第 81 行.
INFO: Run Behavior\ParseTemplateBehavior [ RunTime:0.024647s ]
INFO: [ view_parse ] --END-- [ RunTime:0.024753s ]
INFO: [ view_filter ] --START--
INFO: Run Behavior\WriteHtmlCacheBehavior [ RunTime:0.000357s ]
INFO: Run Behavior\TokenBuildBehavior [ RunTime:0.000843s ]
INFO: [ view_filter ] --END-- [ RunTime:0.001355s ]
INFO: [ app_end ] --START--
INFO: Run Behavior\ShowPageTraceBehavior [ RunTime:0.000350s ]
INFO: [ app_end ] --END-- [ RunTime:0.000455s ]

[ 2019-11-23T10:27:47+08:00 ] 183.33.129.253 /Admin/Active/index/p/2.html
INFO: [ app_init ] --START--
INFO: Run Behavior\BuildLiteBehavior [ RunTime:0.000025s ]
INFO: [ app_init ] --END-- [ RunTime:0.000135s ]
INFO: [ app_begin ] --START--
INFO: Run Behavior\ReadHtmlCacheBehavior [ RunTime:0.000347s ]
INFO: Run Behavior\CheckLangBehavior [ RunTime:0.001510s ]
INFO: [ app_begin ] --END-- [ RunTime:0.002023s ]
SQL: SHOW COLUMNS FROM `hls_active` [ RunTime:0.0020s ]
SQL: SELECT COUNT(*) AS tp_count FROM `hls_active` WHERE `deleted` IS NULL ORDER BY created desc LIMIT 1   [ RunTime:0.0002s ]
SQL: SELECT * FROM `hls_active` WHERE `deleted` IS NULL ORDER BY created desc LIMIT 10,10   [ RunTime:0.0010s ]
INFO: [ view_parse ] --START--
INFO: [ template_filter ] --START--
INFO: Run Behavior\ContentReplaceBehavior [ RunTime:0.000317s ]
INFO: [ template_filter ] --END-- [ RunTime:0.000426s ]
NOTIC: [8] Undefined variable: title /home/www/hollandshow.cn/App/Runtime/Cache/Admin/47176b6a3ee64f621e6cf2592528e4a2.php 第 4 行.
NOTIC: [8] Undefined variable: token /home/www/hollandshow.cn/App/Runtime/Cache/Admin/47176b6a3ee64f621e6cf2592528e4a2.php 第 81 行.
INFO: Run Behavior\ParseTemplateBehavior [ RunTime:0.024702s ]
INFO: [ view_parse ] --END-- [ RunTime:0.024811s ]
INFO: [ view_filter ] --START--
INFO: Run Behavior\WriteHtmlCacheBehavior [ RunTime:0.000349s ]
INFO: Run Behavior\TokenBuildBehavior [ RunTime:0.000701s ]
INFO: [ view_filter ] --END-- [ RunTime:0.001200s ]
INFO: [ app_end ] --START--
INFO: Run Behavior\ShowPageTraceBehavior [ RunTime:0.000361s ]
INFO: [ app_end ] --END-- [ RunTime:0.000465s ]

[ 2019-11-23T10:27:52+08:00 ] 183.33.129.253 /Admin/Active/index/p/1.html
INFO: [ app_init ] --START--
INFO: Run Behavior\BuildLiteBehavior [ RunTime:0.000026s ]
INFO: [ app_init ] --END-- [ RunTime:0.000158s ]
INFO: [ app_begin ] --START--
INFO: Run Behavior\ReadHtmlCacheBehavior [ RunTime:0.000343s ]
INFO: Run Behavior\CheckLangBehavior [ RunTime:0.001497s ]
INFO: [ app_begin ] --END-- [ RunTime:0.002005s ]
SQL: SHOW COLUMNS FROM `hls_active` [ RunTime:0.0128s ]
SQL: SELECT COUNT(*) AS tp_count FROM `hls_active` WHERE `deleted` IS NULL ORDER BY created desc LIMIT 1   [ RunTime:0.0003s ]
SQL: SELECT * FROM `hls_active` WHERE `deleted` IS NULL ORDER BY created desc LIMIT 0,10   [ RunTime:0.0004s ]
INFO: [ view_parse ] --START--
INFO: [ template_filter ] --START--
INFO: Run Behavior\ContentReplaceBehavior [ RunTime:0.000295s ]
INFO: [ template_filter ] --END-- [ RunTime:0.000400s ]
NOTIC: [8] Undefined variable: title /home/www/hollandshow.cn/App/Runtime/Cache/Admin/47176b6a3ee64f621e6cf2592528e4a2.php 第 4 行.
NOTIC: [8] Undefined variable: token /home/www/hollandshow.cn/App/Runtime/Cache/Admin/47176b6a3ee64f621e6cf2592528e4a2.php 第 81 行.
INFO: Run Behavior\ParseTemplateBehavior [ RunTime:0.025017s ]
INFO: [ view_parse ] --END-- [ RunTime:0.025129s ]
INFO: [ view_filter ] --START--
INFO: Run Behavior\WriteHtmlCacheBehavior [ RunTime:0.000359s ]
INFO: Run Behavior\TokenBuildBehavior [ RunTime:0.001019s ]
INFO: [ view_filter ] --END-- [ RunTime:0.001533s ]
INFO: [ app_end ] --START--
INFO: Run Behavior\ShowPageTraceBehavior [ RunTime:0.000368s ]
INFO: [ app_end ] --END-- [ RunTime:0.000472s ]

[ 2019-11-23T10:27:59+08:00 ] 183.33.129.253 /Admin/Active/index/p/2.html
INFO: [ app_init ] --START--
INFO: Run Behavior\BuildLiteBehavior [ RunTime:0.000025s ]
INFO: [ app_init ] --END-- [ RunTime:0.000137s ]
INFO: [ app_begin ] --START--
INFO: Run Behavior\ReadHtmlCacheBehavior [ RunTime:0.000341s ]
INFO: Run Behavior\CheckLangBehavior [ RunTime:0.001480s ]
INFO: [ app_begin ] --END-- [ RunTime:0.001986s ]
SQL: SHOW COLUMNS FROM `hls_active` [ RunTime:0.0016s ]
SQL: SELECT COUNT(*) AS tp_count FROM `hls_active` WHERE `deleted` IS NULL ORDER BY created desc LIMIT 1   [ RunTime:0.0003s ]
SQL: SELECT * FROM `hls_active` WHERE `deleted` IS NULL ORDER BY created desc LIMIT 10,10   [ RunTime:0.0004s ]
INFO: [ view_parse ] --START--
INFO: [ template_filter ] --START--
INFO: Run Behavior\ContentReplaceBehavior [ RunTime:0.000308s ]
INFO: [ template_filter ] --END-- [ RunTime:0.000415s ]
NOTIC: [8] Undefined variable: title /home/www/hollandshow.cn/App/Runtime/Cache/Admin/47176b6a3ee64f621e6cf2592528e4a2.php 第 4 行.
NOTIC: [8] Undefined variable: token /home/www/hollandshow.cn/App/Runtime/Cache/Admin/47176b6a3ee64f621e6cf2592528e4a2.php 第 81 行.
INFO: Run Behavior\ParseTemplateBehavior [ RunTime:0.023113s ]
INFO: [ view_parse ] --END-- [ RunTime:0.023219s ]
INFO: [ view_filter ] --START--
INFO: Run Behavior\WriteHtmlCacheBehavior [ RunTime:0.000343s ]
INFO: Run Behavior\TokenBuildBehavior [ RunTime:0.000664s ]
INFO: [ view_filter ] --END-- [ RunTime:0.001158s ]
INFO: [ app_end ] --START--
INFO: Run Behavior\ShowPageTraceBehavior [ RunTime:0.000354s ]
INFO: [ app_end ] --END-- [ RunTime:0.000457s ]

[ 2019-11-23T10:28:05+08:00 ] 183.33.129.253 /Admin/Active/index/p/1.html
INFO: [ app_init ] --START--
INFO: Run Behavior\BuildLiteBehavior [ RunTime:0.000033s ]
INFO: [ app_init ] --END-- [ RunTime:0.000150s ]
INFO: [ app_begin ] --START--
INFO: Run Behavior\ReadHtmlCacheBehavior [ RunTime:0.000369s ]
INFO: Run Behavior\CheckLangBehavior [ RunTime:0.001527s ]
INFO: [ app_begin ] --END-- [ RunTime:0.002066s ]
SQL: SHOW COLUMNS FROM `hls_active` [ RunTime:0.0018s ]
SQL: SELECT COUNT(*) AS tp_count FROM `hls_active` WHERE `deleted` IS NULL ORDER BY created desc LIMIT 1   [ RunTime:0.0003s ]
SQL: SELECT * FROM `hls_active` WHERE `deleted` IS NULL ORDER BY created desc LIMIT 0,10   [ RunTime:0.0005s ]
INFO: [ view_parse ] --START--
INFO: [ template_filter ] --START--
INFO: Run Behavior\ContentReplaceBehavior [ RunTime:0.000315s ]
INFO: [ template_filter ] --END-- [ RunTime:0.000425s ]
NOTIC: [8] Undefined variable: title /home/www/hollandshow.cn/App/Runtime/Cache/Admin/47176b6a3ee64f621e6cf2592528e4a2.php 第 4 行.
NOTIC: [8] Undefined variable: token /home/www/hollandshow.cn/App/Runtime/Cache/Admin/47176b6a3ee64f621e6cf2592528e4a2.php 第 81 行.
INFO: Run Behavior\ParseTemplateBehavior [ RunTime:0.026244s ]
INFO: [ view_parse ] --END-- [ RunTime:0.026354s ]
INFO: [ view_filter ] --START--
INFO: Run Behavior\WriteHtmlCacheBehavior [ RunTime:0.000346s ]
INFO: Run Behavior\TokenBuildBehavior [ RunTime:0.000926s ]
INFO: [ view_filter ] --END-- [ RunTime:0.001429s ]
INFO: [ app_end ] --START--
INFO: Run Behavior\ShowPageTraceBehavior [ RunTime:0.000359s ]
INFO: [ app_end ] --END-- [ RunTime:0.000466s ]

[ 2019-11-23T10:28:15+08:00 ] 183.33.129.253 /Admin/Login/verify.html
INFO: [ app_init ] --START--
INFO: Run Behavior\BuildLiteBehavior [ RunTime:0.000026s ]
INFO: [ app_init ] --END-- [ RunTime:0.000139s ]
INFO: [ app_begin ] --START--
INFO: Run Behavior\ReadHtmlCacheBehavior [ RunTime:0.000306s ]
INFO: Run Behavior\CheckLangBehavior [ RunTime:0.001381s ]
INFO: [ app_begin ] --END-- [ RunTime:0.001849s ]
INFO: [ app_end ] --START--
INFO: Run Behavior\ShowPageTraceBehavior [ RunTime:0.000359s ]
INFO: [ app_end ] --END-- [ RunTime:0.000468s ]

