[ 2021-07-28T10:03:14+08:00 ] 219.131.241.171 /Admin/Login/verify.html
INFO: [ app_init ] --START--
INFO: Run Behavior\BuildLiteBehavior [ RunTime:0.000024s ]
INFO: [ app_init ] --END-- [ RunTime:0.000135s ]
INFO: [ app_begin ] --START--
INFO: Run Behavior\ReadHtmlCacheBehavior [ RunTime:0.000347s ]
INFO: Run Behavior\CheckLangBehavior [ RunTime:0.001500s ]
INFO: [ app_begin ] --END-- [ RunTime:0.002015s ]
INFO: [ app_end ] --START--
INFO: Run Behavior\ShowPageTraceBehavior [ RunTime:0.000349s ]
INFO: [ app_end ] --END-- [ RunTime:0.000458s ]

[ 2021-07-28T10:05:41+08:00 ] 58.251.121.184 /Admin/Login/index.html
INFO: [ app_init ] --START--
INFO: Run Behavior\BuildLiteBehavior [ RunTime:0.000025s ]
INFO: [ app_init ] --END-- [ RunTime:0.000135s ]
INFO: [ app_begin ] --START--
INFO: Run Behavior\ReadHtmlCacheBehavior [ RunTime:0.000329s ]
INFO: Run Behavior\CheckLangBehavior [ RunTime:0.001513s ]
INFO: [ app_begin ] --END-- [ RunTime:0.002007s ]
INFO: [ view_parse ] --START--
INFO: [ template_filter ] --START--
INFO: Run Behavior\ContentReplaceBehavior [ RunTime:0.000161s ]
INFO: [ template_filter ] --END-- [ RunTime:0.000278s ]
INFO: Run Behavior\ParseTemplateBehavior [ RunTime:0.006915s ]
INFO: [ view_parse ] --END-- [ RunTime:0.007022s ]
INFO: [ view_filter ] --START--
INFO: Run Behavior\WriteHtmlCacheBehavior [ RunTime:0.000345s ]
INFO: Run Behavior\TokenBuildBehavior [ RunTime:0.000475s ]
INFO: [ view_filter ] --END-- [ RunTime:0.000968s ]
INFO: [ app_end ] --START--
INFO: Run Behavior\ShowPageTraceBehavior [ RunTime:0.000339s ]
INFO: [ app_end ] --END-- [ RunTime:0.000436s ]

[ 2021-07-28T15:12:20+08:00 ] 219.131.241.171 /Admin/Index/index.html
INFO: [ app_init ] --START--
INFO: Run Behavior\BuildLiteBehavior [ RunTime:0.000024s ]
INFO: [ app_init ] --END-- [ RunTime:0.000135s ]
INFO: [ app_begin ] --START--
INFO: Run Behavior\ReadHtmlCacheBehavior [ RunTime:0.000332s ]
INFO: Run Behavior\CheckLangBehavior [ RunTime:0.001525s ]
INFO: [ app_begin ] --END-- [ RunTime:0.002025s ]

[ 2021-07-28T15:12:20+08:00 ] 219.131.241.171 /Admin/Login/index.html
INFO: [ app_init ] --START--
INFO: Run Behavior\BuildLiteBehavior [ RunTime:0.000022s ]
INFO: [ app_init ] --END-- [ RunTime:0.000124s ]
INFO: [ app_begin ] --START--
INFO: Run Behavior\ReadHtmlCacheBehavior [ RunTime:0.000278s ]
INFO: Run Behavior\CheckLangBehavior [ RunTime:0.001307s ]
INFO: [ app_begin ] --END-- [ RunTime:0.001749s ]
INFO: [ view_parse ] --START--
INFO: [ template_filter ] --START--
INFO: Run Behavior\ContentReplaceBehavior [ RunTime:0.000171s ]
INFO: [ template_filter ] --END-- [ RunTime:0.000276s ]
INFO: Run Behavior\ParseTemplateBehavior [ RunTime:0.006714s ]
INFO: [ view_parse ] --END-- [ RunTime:0.006819s ]
INFO: [ view_filter ] --START--
INFO: Run Behavior\WriteHtmlCacheBehavior [ RunTime:0.000329s ]
INFO: Run Behavior\TokenBuildBehavior [ RunTime:0.000475s ]
INFO: [ view_filter ] --END-- [ RunTime:0.000968s ]
INFO: [ app_end ] --START--
INFO: Run Behavior\ShowPageTraceBehavior [ RunTime:0.000337s ]
INFO: [ app_end ] --END-- [ RunTime:0.000435s ]

[ 2021-07-28T15:12:20+08:00 ] 219.131.241.171 /Admin/Login/verify.html
INFO: [ app_init ] --START--
INFO: Run Behavior\BuildLiteBehavior [ RunTime:0.000023s ]
INFO: [ app_init ] --END-- [ RunTime:0.000128s ]
INFO: [ app_begin ] --START--
INFO: Run Behavior\ReadHtmlCacheBehavior [ RunTime:0.000299s ]
INFO: Run Behavior\CheckLangBehavior [ RunTime:0.001333s ]
INFO: [ app_begin ] --END-- [ RunTime:0.001799s ]
INFO: [ app_end ] --START--
INFO: Run Behavior\ShowPageTraceBehavior [ RunTime:0.000302s ]
INFO: [ app_end ] --END-- [ RunTime:0.000411s ]

