[ 2021-03-17T10:33:12+08:00 ] 183.33.128.2 /Admin/Login/index.html
INFO: [ app_init ] --START--
INFO: Run Behavior\BuildLiteBehavior [ RunTime:0.000028s ]
INFO: [ app_init ] --END-- [ RunTime:0.000141s ]
INFO: [ app_begin ] --START--
INFO: Run Behavior\ReadHtmlCacheBehavior [ RunTime:0.000352s ]
INFO: Run Behavior\CheckLangBehavior [ RunTime:0.001598s ]
INFO: [ app_begin ] --END-- [ RunTime:0.002118s ]
INFO: [ view_parse ] --START--
INFO: [ template_filter ] --START--
INFO: Run Behavior\ContentReplaceBehavior [ RunTime:0.000163s ]
INFO: [ template_filter ] --END-- [ RunTime:0.000268s ]
INFO: Run Behavior\ParseTemplateBehavior [ RunTime:0.007580s ]
INFO: [ view_parse ] --END-- [ RunTime:0.007687s ]
INFO: [ view_filter ] --START--
INFO: Run Behavior\WriteHtmlCacheBehavior [ RunTime:0.000360s ]
INFO: Run Behavior\TokenBuildBehavior [ RunTime:0.000508s ]
INFO: [ view_filter ] --END-- [ RunTime:0.001017s ]
INFO: [ app_end ] --START--
INFO: Run Behavior\ShowPageTraceBehavior [ RunTime:0.000410s ]
INFO: [ app_end ] --END-- [ RunTime:0.000511s ]

[ 2021-03-17T10:33:12+08:00 ] 183.33.128.2 /Admin/Login/verify.html
INFO: [ app_init ] --START--
INFO: Run Behavior\BuildLiteBehavior [ RunTime:0.000029s ]
INFO: [ app_init ] --END-- [ RunTime:0.000142s ]
INFO: [ app_begin ] --START--
INFO: Run Behavior\ReadHtmlCacheBehavior [ RunTime:0.000304s ]
INFO: Run Behavior\CheckLangBehavior [ RunTime:0.001408s ]
INFO: [ app_begin ] --END-- [ RunTime:0.001878s ]
INFO: [ app_end ] --START--
INFO: Run Behavior\ShowPageTraceBehavior [ RunTime:0.000313s ]
INFO: [ app_end ] --END-- [ RunTime:0.000422s ]

[ 2021-03-17T10:33:21+08:00 ] 183.33.128.2 /Admin/Login/login.html
INFO: [ app_init ] --START--
INFO: Run Behavior\BuildLiteBehavior [ RunTime:0.000036s ]
INFO: [ app_init ] --END-- [ RunTime:0.000160s ]
INFO: [ app_begin ] --START--
INFO: Run Behavior\ReadHtmlCacheBehavior [ RunTime:0.000431s ]
INFO: Run Behavior\CheckLangBehavior [ RunTime:0.001649s ]
INFO: [ app_begin ] --END-- [ RunTime:0.002237s ]

[ 2021-03-17T10:33:21+08:00 ] 183.33.128.2 /Admin/Login/verify/1615948403650
INFO: [ app_init ] --START--
INFO: Run Behavior\BuildLiteBehavior [ RunTime:0.000027s ]
INFO: [ app_init ] --END-- [ RunTime:0.000142s ]
INFO: [ app_begin ] --START--
INFO: Run Behavior\ReadHtmlCacheBehavior [ RunTime:0.000400s ]
INFO: Run Behavior\CheckLangBehavior [ RunTime:0.001470s ]
INFO: [ app_begin ] --END-- [ RunTime:0.002035s ]
INFO: [ app_end ] --START--
INFO: Run Behavior\ShowPageTraceBehavior [ RunTime:0.000363s ]
INFO: [ app_end ] --END-- [ RunTime:0.000473s ]

[ 2021-03-17T10:33:36+08:00 ] 183.33.128.2 /Admin/Login/login.html
INFO: [ app_init ] --START--
INFO: Run Behavior\BuildLiteBehavior [ RunTime:0.000041s ]
INFO: [ app_init ] --END-- [ RunTime:0.000161s ]
INFO: [ app_begin ] --START--
INFO: Run Behavior\ReadHtmlCacheBehavior [ RunTime:0.000358s ]
INFO: Run Behavior\CheckLangBehavior [ RunTime:0.001634s ]
INFO: [ app_begin ] --END-- [ RunTime:0.002147s ]
SQL: SHOW COLUMNS FROM `hls_admin` [ RunTime:0.0078s ]
SQL: SELECT * FROM `hls_admin` WHERE `password` = '027b015ad5829f6831006722d14520c7af215f15f5460182f66d877fdb9b15c2' AND `username` = 'admin' LIMIT 1   [ RunTime:0.0008s ]
NOTIC: [8] A session had already been started - ignoring session_start() /home/www/hollandshow.cn/ThinkPHP/Common/functions.php 第 1263 行.

[ 2021-03-17T10:33:36+08:00 ] 183.33.128.2 /Admin/Login/verify/1615948418992
INFO: [ app_init ] --START--
INFO: Run Behavior\BuildLiteBehavior [ RunTime:0.000027s ]
INFO: [ app_init ] --END-- [ RunTime:0.000134s ]
INFO: [ app_begin ] --START--
INFO: Run Behavior\ReadHtmlCacheBehavior [ RunTime:0.000337s ]
INFO: Run Behavior\CheckLangBehavior [ RunTime:0.001428s ]
INFO: [ app_begin ] --END-- [ RunTime:0.001930s ]
INFO: [ app_end ] --START--
INFO: Run Behavior\ShowPageTraceBehavior [ RunTime:0.000361s ]
INFO: [ app_end ] --END-- [ RunTime:0.000472s ]

[ 2021-03-17T10:33:36+08:00 ] 183.33.128.2 /Admin/Login/logining.html
INFO: [ app_init ] --START--
INFO: Run Behavior\BuildLiteBehavior [ RunTime:0.000022s ]
INFO: [ app_init ] --END-- [ RunTime:0.000124s ]
INFO: [ app_begin ] --START--
INFO: Run Behavior\ReadHtmlCacheBehavior [ RunTime:0.000286s ]
INFO: Run Behavior\CheckLangBehavior [ RunTime:0.001342s ]
INFO: [ app_begin ] --END-- [ RunTime:0.001792s ]
INFO: [ view_parse ] --START--
INFO: [ template_filter ] --START--
INFO: Run Behavior\ContentReplaceBehavior [ RunTime:0.000101s ]
INFO: [ template_filter ] --END-- [ RunTime:0.000203s ]
INFO: Run Behavior\ParseTemplateBehavior [ RunTime:0.006099s ]
INFO: [ view_parse ] --END-- [ RunTime:0.006207s ]
INFO: [ view_filter ] --START--
INFO: Run Behavior\WriteHtmlCacheBehavior [ RunTime:0.000343s ]
INFO: Run Behavior\TokenBuildBehavior [ RunTime:0.000448s ]
INFO: [ view_filter ] --END-- [ RunTime:0.000939s ]
INFO: [ app_end ] --START--
INFO: Run Behavior\ShowPageTraceBehavior [ RunTime:0.000292s ]
INFO: [ app_end ] --END-- [ RunTime:0.000387s ]

[ 2021-03-17T10:33:37+08:00 ] 183.33.128.2 /Admin/Index/index.html
INFO: [ app_init ] --START--
INFO: Run Behavior\BuildLiteBehavior [ RunTime:0.000025s ]
INFO: [ app_init ] --END-- [ RunTime:0.000136s ]
INFO: [ app_begin ] --START--
INFO: Run Behavior\ReadHtmlCacheBehavior [ RunTime:0.000293s ]
INFO: Run Behavior\CheckLangBehavior [ RunTime:0.001353s ]
INFO: [ app_begin ] --END-- [ RunTime:0.001812s ]
INFO: [ view_parse ] --START--
INFO: [ template_filter ] --START--
INFO: Run Behavior\ContentReplaceBehavior [ RunTime:0.000292s ]
INFO: [ template_filter ] --END-- [ RunTime:0.000400s ]
NOTIC: [8] Undefined variable: title /home/www/hollandshow.cn/App/Runtime/Cache/Admin/9df924d9a2d217daa77a359c5bee0c33.php 第 4 行.
NOTIC: [8] Undefined variable: token /home/www/hollandshow.cn/App/Runtime/Cache/Admin/9df924d9a2d217daa77a359c5bee0c33.php 第 81 行.
NOTIC: [8] Undefined variable: exhibitor_count /home/www/hollandshow.cn/App/Runtime/Cache/Admin/9df924d9a2d217daa77a359c5bee0c33.php 第 199 行.
NOTIC: [8] Undefined variable: speakers_count /home/www/hollandshow.cn/App/Runtime/Cache/Admin/9df924d9a2d217daa77a359c5bee0c33.php 第 200 行.
NOTIC: [8] Undefined variable: session_count /home/www/hollandshow.cn/App/Runtime/Cache/Admin/9df924d9a2d217daa77a359c5bee0c33.php 第 201 行.
NOTIC: [8] Undefined variable: page_count /home/www/hollandshow.cn/App/Runtime/Cache/Admin/9df924d9a2d217daa77a359c5bee0c33.php 第 202 行.
NOTIC: [8] Undefined variable: user_count /home/www/hollandshow.cn/App/Runtime/Cache/Admin/9df924d9a2d217daa77a359c5bee0c33.php 第 203 行.
NOTIC: [8] Undefined variable: dynamic_count /home/www/hollandshow.cn/App/Runtime/Cache/Admin/9df924d9a2d217daa77a359c5bee0c33.php 第 204 行.
INFO: Run Behavior\ParseTemplateBehavior [ RunTime:0.018155s ]
INFO: [ view_parse ] --END-- [ RunTime:0.018258s ]
INFO: [ view_filter ] --START--
INFO: Run Behavior\WriteHtmlCacheBehavior [ RunTime:0.000296s ]
INFO: Run Behavior\TokenBuildBehavior [ RunTime:0.000613s ]
INFO: [ view_filter ] --END-- [ RunTime:0.001064s ]
INFO: [ app_end ] --START--
INFO: Run Behavior\ShowPageTraceBehavior [ RunTime:0.000302s ]
INFO: [ app_end ] --END-- [ RunTime:0.000416s ]

[ 2021-03-17T10:33:41+08:00 ] 183.33.128.2 /Admin/Active/index.html
INFO: [ app_init ] --START--
INFO: Run Behavior\BuildLiteBehavior [ RunTime:0.000030s ]
INFO: [ app_init ] --END-- [ RunTime:0.000143s ]
INFO: [ app_begin ] --START--
INFO: Run Behavior\ReadHtmlCacheBehavior [ RunTime:0.000372s ]
INFO: Run Behavior\CheckLangBehavior [ RunTime:0.001496s ]
INFO: [ app_begin ] --END-- [ RunTime:0.002034s ]
SQL: SHOW COLUMNS FROM `hls_active` [ RunTime:0.0018s ]
SQL: SELECT COUNT(*) AS tp_count FROM `hls_active` WHERE `deleted` IS NULL ORDER BY created desc LIMIT 1   [ RunTime:0.0010s ]
SQL: SELECT * FROM `hls_active` WHERE `deleted` IS NULL ORDER BY created desc LIMIT 0,10   [ RunTime:0.0010s ]
INFO: [ view_parse ] --START--
INFO: [ template_filter ] --START--
INFO: Run Behavior\ContentReplaceBehavior [ RunTime:0.000284s ]
INFO: [ template_filter ] --END-- [ RunTime:0.000392s ]
NOTIC: [8] Undefined variable: title /home/www/hollandshow.cn/App/Runtime/Cache/Admin/47176b6a3ee64f621e6cf2592528e4a2.php 第 4 行.
NOTIC: [8] Undefined variable: token /home/www/hollandshow.cn/App/Runtime/Cache/Admin/47176b6a3ee64f621e6cf2592528e4a2.php 第 81 行.
INFO: Run Behavior\ParseTemplateBehavior [ RunTime:0.025331s ]
INFO: [ view_parse ] --END-- [ RunTime:0.025437s ]
INFO: [ view_filter ] --START--
INFO: Run Behavior\WriteHtmlCacheBehavior [ RunTime:0.000354s ]
INFO: Run Behavior\TokenBuildBehavior [ RunTime:0.000876s ]
INFO: [ view_filter ] --END-- [ RunTime:0.001383s ]
INFO: [ app_end ] --START--
INFO: Run Behavior\ShowPageTraceBehavior [ RunTime:0.000377s ]
INFO: [ app_end ] --END-- [ RunTime:0.000482s ]

[ 2021-03-17T10:33:43+08:00 ] 183.33.128.2 /Admin/Active/edit/id/35.html
INFO: [ app_init ] --START--
INFO: Run Behavior\BuildLiteBehavior [ RunTime:0.000023s ]
INFO: [ app_init ] --END-- [ RunTime:0.000132s ]
INFO: [ app_begin ] --START--
INFO: Run Behavior\ReadHtmlCacheBehavior [ RunTime:0.042324s ]
INFO: Run Behavior\CheckLangBehavior [ RunTime:0.001446s ]
INFO: [ app_begin ] --END-- [ RunTime:0.043944s ]
SQL: SHOW COLUMNS FROM `hls_active` [ RunTime:0.0017s ]
SQL: SELECT * FROM `hls_active` WHERE `id` = 35 LIMIT 1   [ RunTime:0.0006s ]
SQL: SHOW COLUMNS FROM `hls_files` [ RunTime:0.0009s ]
SQL: SELECT `save_path`,`extension` FROM `hls_files` WHERE ( id=338 ) LIMIT 1   [ RunTime:0.0006s ]
INFO: [ view_parse ] --START--
INFO: [ template_filter ] --START--
INFO: Run Behavior\ContentReplaceBehavior [ RunTime:0.000452s ]
INFO: [ template_filter ] --END-- [ RunTime:0.000563s ]
NOTIC: [8] Undefined variable: title /home/www/hollandshow.cn/App/Runtime/Cache/Admin/a1b92b5917238b56a7666e8c23bd26f5.php 第 4 行.
NOTIC: [8] Undefined variable: token /home/www/hollandshow.cn/App/Runtime/Cache/Admin/a1b92b5917238b56a7666e8c23bd26f5.php 第 81 行.
INFO: Run Behavior\ParseTemplateBehavior [ RunTime:0.098435s ]
INFO: [ view_parse ] --END-- [ RunTime:0.098547s ]
INFO: [ view_filter ] --START--
INFO: Run Behavior\WriteHtmlCacheBehavior [ RunTime:0.000305s ]
INFO: Run Behavior\TokenBuildBehavior [ RunTime:0.000850s ]
INFO: [ view_filter ] --END-- [ RunTime:0.001311s ]
INFO: [ app_end ] --START--
INFO: Run Behavior\ShowPageTraceBehavior [ RunTime:0.000312s ]
INFO: [ app_end ] --END-- [ RunTime:0.000418s ]

[ 2021-03-17T14:30:21+08:00 ] 183.33.128.2 /Admin/Posts/index.html
INFO: [ app_init ] --START--
INFO: Run Behavior\BuildLiteBehavior [ RunTime:0.000029s ]
INFO: [ app_init ] --END-- [ RunTime:0.000190s ]
INFO: [ app_begin ] --START--
INFO: Run Behavior\ReadHtmlCacheBehavior [ RunTime:0.000374s ]
INFO: Run Behavior\CheckLangBehavior [ RunTime:0.001632s ]
INFO: [ app_begin ] --END-- [ RunTime:0.002190s ]

[ 2021-03-17T14:30:21+08:00 ] 183.33.128.2 /Admin/Login/index.html
INFO: [ app_init ] --START--
INFO: Run Behavior\BuildLiteBehavior [ RunTime:0.000023s ]
INFO: [ app_init ] --END-- [ RunTime:0.000129s ]
INFO: [ app_begin ] --START--
INFO: Run Behavior\ReadHtmlCacheBehavior [ RunTime:0.000288s ]
INFO: Run Behavior\CheckLangBehavior [ RunTime:0.001382s ]
INFO: [ app_begin ] --END-- [ RunTime:0.001834s ]
INFO: [ view_parse ] --START--
INFO: [ template_filter ] --START--
INFO: Run Behavior\ContentReplaceBehavior [ RunTime:0.000173s ]
INFO: [ template_filter ] --END-- [ RunTime:0.000283s ]
INFO: Run Behavior\ParseTemplateBehavior [ RunTime:0.007516s ]
INFO: [ view_parse ] --END-- [ RunTime:0.007624s ]
INFO: [ view_filter ] --START--
INFO: Run Behavior\WriteHtmlCacheBehavior [ RunTime:0.000352s ]
INFO: Run Behavior\TokenBuildBehavior [ RunTime:0.000535s ]
INFO: [ view_filter ] --END-- [ RunTime:0.001037s ]
INFO: [ app_end ] --START--
INFO: Run Behavior\ShowPageTraceBehavior [ RunTime:0.000360s ]
INFO: [ app_end ] --END-- [ RunTime:0.000459s ]

[ 2021-03-17T14:30:21+08:00 ] 183.33.128.2 /Admin/Login/verify.html
INFO: [ app_init ] --START--
INFO: Run Behavior\BuildLiteBehavior [ RunTime:0.000027s ]
INFO: [ app_init ] --END-- [ RunTime:0.000138s ]
INFO: [ app_begin ] --START--
INFO: Run Behavior\ReadHtmlCacheBehavior [ RunTime:0.000307s ]
INFO: Run Behavior\CheckLangBehavior [ RunTime:0.001414s ]
INFO: [ app_begin ] --END-- [ RunTime:0.001885s ]
INFO: [ app_end ] --START--
INFO: Run Behavior\ShowPageTraceBehavior [ RunTime:0.000314s ]
INFO: [ app_end ] --END-- [ RunTime:0.000423s ]

[ 2021-03-17T14:30:26+08:00 ] 183.33.128.2 /Admin/Login/login.html
INFO: [ app_init ] --START--
INFO: Run Behavior\BuildLiteBehavior [ RunTime:0.000025s ]
INFO: [ app_init ] --END-- [ RunTime:0.000137s ]
INFO: [ app_begin ] --START--
INFO: Run Behavior\ReadHtmlCacheBehavior [ RunTime:0.000341s ]
INFO: Run Behavior\CheckLangBehavior [ RunTime:0.001542s ]
INFO: [ app_begin ] --END-- [ RunTime:0.002036s ]
SQL: SHOW COLUMNS FROM `hls_admin` [ RunTime:0.0015s ]
SQL: SELECT * FROM `hls_admin` WHERE `password` = '027b015ad5829f6831006722d14520c7af215f15f5460182f66d877fdb9b15c2' AND `username` = 'admin' LIMIT 1   [ RunTime:0.0006s ]
NOTIC: [8] A session had already been started - ignoring session_start() /home/www/hollandshow.cn/ThinkPHP/Common/functions.php 第 1263 行.

[ 2021-03-17T14:30:26+08:00 ] 183.33.128.2 /Admin/Login/verify/1615962629205
INFO: [ app_init ] --START--
INFO: Run Behavior\BuildLiteBehavior [ RunTime:0.000023s ]
INFO: [ app_init ] --END-- [ RunTime:0.000127s ]
INFO: [ app_begin ] --START--
INFO: Run Behavior\ReadHtmlCacheBehavior [ RunTime:0.000310s ]
INFO: Run Behavior\CheckLangBehavior [ RunTime:0.001434s ]
INFO: [ app_begin ] --END-- [ RunTime:0.001908s ]
INFO: [ app_end ] --START--
INFO: Run Behavior\ShowPageTraceBehavior [ RunTime:0.000371s ]
INFO: [ app_end ] --END-- [ RunTime:0.000481s ]

[ 2021-03-17T14:30:26+08:00 ] 183.33.128.2 /Admin/Login/logining.html
INFO: [ app_init ] --START--
INFO: Run Behavior\BuildLiteBehavior [ RunTime:0.000022s ]
INFO: [ app_init ] --END-- [ RunTime:0.000142s ]
INFO: [ app_begin ] --START--
INFO: Run Behavior\ReadHtmlCacheBehavior [ RunTime:0.000290s ]
INFO: Run Behavior\CheckLangBehavior [ RunTime:0.001380s ]
INFO: [ app_begin ] --END-- [ RunTime:0.001836s ]
INFO: [ view_parse ] --START--
INFO: [ template_filter ] --START--
INFO: Run Behavior\ContentReplaceBehavior [ RunTime:0.000103s ]
INFO: [ template_filter ] --END-- [ RunTime:0.000217s ]
INFO: Run Behavior\ParseTemplateBehavior [ RunTime:0.006072s ]
INFO: [ view_parse ] --END-- [ RunTime:0.006177s ]
INFO: [ view_filter ] --START--
INFO: Run Behavior\WriteHtmlCacheBehavior [ RunTime:0.000371s ]
INFO: Run Behavior\TokenBuildBehavior [ RunTime:0.000444s ]
INFO: [ view_filter ] --END-- [ RunTime:0.000963s ]
INFO: [ app_end ] --START--
INFO: Run Behavior\ShowPageTraceBehavior [ RunTime:0.000313s ]
INFO: [ app_end ] --END-- [ RunTime:0.000408s ]

[ 2021-03-17T14:30:27+08:00 ] 183.33.128.2 /Admin/Index/index.html
INFO: [ app_init ] --START--
INFO: Run Behavior\BuildLiteBehavior [ RunTime:0.000026s ]
INFO: [ app_init ] --END-- [ RunTime:0.000137s ]
INFO: [ app_begin ] --START--
INFO: Run Behavior\ReadHtmlCacheBehavior [ RunTime:0.000306s ]
INFO: Run Behavior\CheckLangBehavior [ RunTime:0.001375s ]
INFO: [ app_begin ] --END-- [ RunTime:0.001845s ]
INFO: [ view_parse ] --START--
INFO: [ template_filter ] --START--
INFO: Run Behavior\ContentReplaceBehavior [ RunTime:0.000298s ]
INFO: [ template_filter ] --END-- [ RunTime:0.000418s ]
NOTIC: [8] Undefined variable: title /home/www/hollandshow.cn/App/Runtime/Cache/Admin/9df924d9a2d217daa77a359c5bee0c33.php 第 4 行.
NOTIC: [8] Undefined variable: token /home/www/hollandshow.cn/App/Runtime/Cache/Admin/9df924d9a2d217daa77a359c5bee0c33.php 第 81 行.
NOTIC: [8] Undefined variable: exhibitor_count /home/www/hollandshow.cn/App/Runtime/Cache/Admin/9df924d9a2d217daa77a359c5bee0c33.php 第 199 行.
NOTIC: [8] Undefined variable: speakers_count /home/www/hollandshow.cn/App/Runtime/Cache/Admin/9df924d9a2d217daa77a359c5bee0c33.php 第 200 行.
NOTIC: [8] Undefined variable: session_count /home/www/hollandshow.cn/App/Runtime/Cache/Admin/9df924d9a2d217daa77a359c5bee0c33.php 第 201 行.
NOTIC: [8] Undefined variable: page_count /home/www/hollandshow.cn/App/Runtime/Cache/Admin/9df924d9a2d217daa77a359c5bee0c33.php 第 202 行.
NOTIC: [8] Undefined variable: user_count /home/www/hollandshow.cn/App/Runtime/Cache/Admin/9df924d9a2d217daa77a359c5bee0c33.php 第 203 行.
NOTIC: [8] Undefined variable: dynamic_count /home/www/hollandshow.cn/App/Runtime/Cache/Admin/9df924d9a2d217daa77a359c5bee0c33.php 第 204 行.
INFO: Run Behavior\ParseTemplateBehavior [ RunTime:0.018413s ]
INFO: [ view_parse ] --END-- [ RunTime:0.018518s ]
INFO: [ view_filter ] --START--
INFO: Run Behavior\WriteHtmlCacheBehavior [ RunTime:0.000305s ]
INFO: Run Behavior\TokenBuildBehavior [ RunTime:0.000659s ]
INFO: [ view_filter ] --END-- [ RunTime:0.001118s ]
INFO: [ app_end ] --START--
INFO: Run Behavior\ShowPageTraceBehavior [ RunTime:0.000308s ]
INFO: [ app_end ] --END-- [ RunTime:0.000410s ]

[ 2021-03-17T14:30:28+08:00 ] 183.33.128.2 /Admin/Posts/index.html
INFO: [ app_init ] --START--
INFO: Run Behavior\BuildLiteBehavior [ RunTime:0.000025s ]
INFO: [ app_init ] --END-- [ RunTime:0.000137s ]
INFO: [ app_begin ] --START--
INFO: Run Behavior\ReadHtmlCacheBehavior [ RunTime:0.000307s ]
INFO: Run Behavior\CheckLangBehavior [ RunTime:0.001377s ]
INFO: [ app_begin ] --END-- [ RunTime:0.001848s ]
SQL: SHOW COLUMNS FROM `hls_posts` [ RunTime:0.0018s ]
SQL: SHOW COLUMNS FROM `hls_street` [ RunTime:0.0010s ]
SQL: SHOW COLUMNS FROM `hls_posts` [ RunTime:0.0015s ]
SQL: SELECT COUNT(*) AS tp_count FROM hls_posts as a  LEFT JOIN hls_street as b ON a.street_id = b.id  WHERE a.deleted IS NULL LIMIT 1   [ RunTime:0.0014s ]
SQL: SELECT a.*,b.name as street_name FROM hls_posts as a  LEFT JOIN hls_street as b ON a.street_id = b.id  WHERE a.deleted IS NULL ORDER BY a.created desc LIMIT 0,10   [ RunTime:0.0014s ]
SQL: SELECT * FROM `hls_street` WHERE `deleted` IS NULL ORDER BY created desc  [ RunTime:0.0005s ]
NOTIC: [8] Undefined variable: type /home/www/hollandshow.cn/App/Admin/Controller/PostsController.class.php 第 80 行.
INFO: [ view_parse ] --START--
INFO: [ template_filter ] --START--
INFO: Run Behavior\ContentReplaceBehavior [ RunTime:0.000310s ]
INFO: [ template_filter ] --END-- [ RunTime:0.000419s ]
NOTIC: [8] Undefined variable: title /home/www/hollandshow.cn/App/Runtime/Cache/Admin/5e72f93f8795a1bb9aa4179a288eec97.php 第 4 行.
NOTIC: [8] Undefined variable: token /home/www/hollandshow.cn/App/Runtime/Cache/Admin/5e72f93f8795a1bb9aa4179a288eec97.php 第 81 行.
INFO: Run Behavior\ParseTemplateBehavior [ RunTime:0.029528s ]
INFO: [ view_parse ] --END-- [ RunTime:0.029633s ]
INFO: [ view_filter ] --START--
INFO: Run Behavior\WriteHtmlCacheBehavior [ RunTime:0.000298s ]
INFO: Run Behavior\TokenBuildBehavior [ RunTime:0.000803s ]
INFO: [ view_filter ] --END-- [ RunTime:0.001255s ]
INFO: [ app_end ] --START--
INFO: Run Behavior\ShowPageTraceBehavior [ RunTime:0.000311s ]
INFO: [ app_end ] --END-- [ RunTime:0.000415s ]

[ 2021-03-17T14:30:30+08:00 ] 183.33.128.2 /Admin/Posts/edit/id/35.html
INFO: [ app_init ] --START--
INFO: Run Behavior\BuildLiteBehavior [ RunTime:0.000029s ]
INFO: [ app_init ] --END-- [ RunTime:0.000204s ]
INFO: [ app_begin ] --START--
INFO: Run Behavior\ReadHtmlCacheBehavior [ RunTime:0.000359s ]
INFO: Run Behavior\CheckLangBehavior [ RunTime:0.001505s ]
INFO: [ app_begin ] --END-- [ RunTime:0.002049s ]
SQL: SHOW COLUMNS FROM `hls_posts` [ RunTime:0.0019s ]
SQL: SHOW COLUMNS FROM `hls_street` [ RunTime:0.0010s ]
SQL: SELECT * FROM `hls_posts` WHERE `id` = 35 LIMIT 1   [ RunTime:0.0006s ]
SQL: SELECT * FROM `hls_street` WHERE `deleted` IS NULL ORDER BY created desc  [ RunTime:0.0002s ]
NOTIC: [8] Undefined variable: images /home/www/hollandshow.cn/App/Admin/Controller/PostsController.class.php 第 155 行.
INFO: [ view_parse ] --START--
INFO: [ template_filter ] --START--
INFO: Run Behavior\ContentReplaceBehavior [ RunTime:0.000544s ]
INFO: [ template_filter ] --END-- [ RunTime:0.000660s ]
NOTIC: [8] Undefined variable: title /home/www/hollandshow.cn/App/Runtime/Cache/Admin/5342e398bf4fb39920b5a745447398e2.php 第 4 行.
NOTIC: [8] Undefined variable: token /home/www/hollandshow.cn/App/Runtime/Cache/Admin/5342e398bf4fb39920b5a745447398e2.php 第 81 行.
INFO: Run Behavior\ParseTemplateBehavior [ RunTime:0.035596s ]
INFO: [ view_parse ] --END-- [ RunTime:0.035705s ]
INFO: [ view_filter ] --START--
INFO: Run Behavior\WriteHtmlCacheBehavior [ RunTime:0.000364s ]
INFO: Run Behavior\TokenBuildBehavior [ RunTime:0.000930s ]
INFO: [ view_filter ] --END-- [ RunTime:0.001452s ]
INFO: [ app_end ] --START--
INFO: Run Behavior\ShowPageTraceBehavior [ RunTime:0.000360s ]
INFO: [ app_end ] --END-- [ RunTime:0.000465s ]

[ 2021-03-17T14:41:04+08:00 ] 183.33.128.2 /Admin/Posts/index.html
INFO: [ app_init ] --START--
INFO: Run Behavior\BuildLiteBehavior [ RunTime:0.000029s ]
INFO: [ app_init ] --END-- [ RunTime:0.000142s ]
INFO: [ app_begin ] --START--
INFO: Run Behavior\ReadHtmlCacheBehavior [ RunTime:0.000352s ]
INFO: Run Behavior\CheckLangBehavior [ RunTime:0.001510s ]
INFO: [ app_begin ] --END-- [ RunTime:0.002027s ]
SQL: SHOW COLUMNS FROM `hls_posts` [ RunTime:0.0018s ]
SQL: SHOW COLUMNS FROM `hls_street` [ RunTime:0.0009s ]
SQL: SHOW COLUMNS FROM `hls_posts` [ RunTime:0.0017s ]
SQL: SELECT COUNT(*) AS tp_count FROM hls_posts as a  LEFT JOIN hls_street as b ON a.street_id = b.id  WHERE a.deleted IS NULL LIMIT 1   [ RunTime:0.0003s ]
SQL: SELECT a.*,b.name as street_name FROM hls_posts as a  LEFT JOIN hls_street as b ON a.street_id = b.id  WHERE a.deleted IS NULL ORDER BY a.created desc LIMIT 0,10   [ RunTime:0.0006s ]
SQL: SELECT * FROM `hls_street` WHERE `deleted` IS NULL ORDER BY created desc  [ RunTime:0.0002s ]
NOTIC: [8] Undefined variable: type /home/www/hollandshow.cn/App/Admin/Controller/PostsController.class.php 第 80 行.
INFO: [ view_parse ] --START--
INFO: [ template_filter ] --START--
INFO: Run Behavior\ContentReplaceBehavior [ RunTime:0.000310s ]
INFO: [ template_filter ] --END-- [ RunTime:0.000420s ]
NOTIC: [8] Undefined variable: title /home/www/hollandshow.cn/App/Runtime/Cache/Admin/5e72f93f8795a1bb9aa4179a288eec97.php 第 4 行.
NOTIC: [8] Undefined variable: token /home/www/hollandshow.cn/App/Runtime/Cache/Admin/5e72f93f8795a1bb9aa4179a288eec97.php 第 81 行.
INFO: Run Behavior\ParseTemplateBehavior [ RunTime:0.027884s ]
INFO: [ view_parse ] --END-- [ RunTime:0.027988s ]
INFO: [ view_filter ] --START--
INFO: Run Behavior\WriteHtmlCacheBehavior [ RunTime:0.000351s ]
INFO: Run Behavior\TokenBuildBehavior [ RunTime:0.000858s ]
INFO: [ view_filter ] --END-- [ RunTime:0.001363s ]
INFO: [ app_end ] --START--
INFO: Run Behavior\ShowPageTraceBehavior [ RunTime:0.000361s ]
INFO: [ app_end ] --END-- [ RunTime:0.000465s ]

[ 2021-03-17T17:16:26+08:00 ] 183.33.128.2 /Admin/Shop/index/type/cate.html
INFO: [ app_init ] --START--
INFO: Run Behavior\BuildLiteBehavior [ RunTime:0.000030s ]
INFO: [ app_init ] --END-- [ RunTime:0.000142s ]
INFO: [ app_begin ] --START--
INFO: Run Behavior\ReadHtmlCacheBehavior [ RunTime:0.000355s ]
INFO: Run Behavior\CheckLangBehavior [ RunTime:0.001513s ]
INFO: [ app_begin ] --END-- [ RunTime:0.002037s ]

[ 2021-03-17T17:16:26+08:00 ] 183.33.128.2 /Admin/Login/index.html
INFO: [ app_init ] --START--
INFO: Run Behavior\BuildLiteBehavior [ RunTime:0.000023s ]
INFO: [ app_init ] --END-- [ RunTime:0.000127s ]
INFO: [ app_begin ] --START--
INFO: Run Behavior\ReadHtmlCacheBehavior [ RunTime:0.000290s ]
INFO: Run Behavior\CheckLangBehavior [ RunTime:0.001353s ]
INFO: [ app_begin ] --END-- [ RunTime:0.001805s ]
INFO: [ view_parse ] --START--
INFO: [ template_filter ] --START--
INFO: Run Behavior\ContentReplaceBehavior [ RunTime:0.000162s ]
INFO: [ template_filter ] --END-- [ RunTime:0.000269s ]
INFO: Run Behavior\ParseTemplateBehavior [ RunTime:0.007400s ]
INFO: [ view_parse ] --END-- [ RunTime:0.007505s ]
INFO: [ view_filter ] --START--
INFO: Run Behavior\WriteHtmlCacheBehavior [ RunTime:0.000367s ]
INFO: Run Behavior\TokenBuildBehavior [ RunTime:0.000510s ]
INFO: [ view_filter ] --END-- [ RunTime:0.001026s ]
INFO: [ app_end ] --START--
INFO: Run Behavior\ShowPageTraceBehavior [ RunTime:0.000359s ]
INFO: [ app_end ] --END-- [ RunTime:0.000477s ]

[ 2021-03-17T17:16:26+08:00 ] 183.33.128.2 /Admin/Login/verify.html
INFO: [ app_init ] --START--
INFO: Run Behavior\BuildLiteBehavior [ RunTime:0.000023s ]
INFO: [ app_init ] --END-- [ RunTime:0.000129s ]
INFO: [ app_begin ] --START--
INFO: Run Behavior\ReadHtmlCacheBehavior [ RunTime:0.000291s ]
INFO: Run Behavior\CheckLangBehavior [ RunTime:0.001374s ]
INFO: [ app_begin ] --END-- [ RunTime:0.001830s ]
INFO: [ app_end ] --START--
INFO: Run Behavior\ShowPageTraceBehavior [ RunTime:0.000317s ]
INFO: [ app_end ] --END-- [ RunTime:0.000427s ]

[ 2021-03-17T17:16:33+08:00 ] 183.33.128.2 /Admin/Login/login.html
INFO: [ app_init ] --START--
INFO: Run Behavior\BuildLiteBehavior [ RunTime:0.000029s ]
INFO: [ app_init ] --END-- [ RunTime:0.000145s ]
INFO: [ app_begin ] --START--
INFO: Run Behavior\ReadHtmlCacheBehavior [ RunTime:0.000342s ]
INFO: Run Behavior\CheckLangBehavior [ RunTime:0.001497s ]
INFO: [ app_begin ] --END-- [ RunTime:0.001995s ]
SQL: SHOW COLUMNS FROM `hls_admin` [ RunTime:0.0014s ]
SQL: SELECT * FROM `hls_admin` WHERE `password` = '027b015ad5829f6831006722d14520c7af215f15f5460182f66d877fdb9b15c2' AND `username` = 'admin' LIMIT 1   [ RunTime:0.0007s ]
NOTIC: [8] A session had already been started - ignoring session_start() /home/www/hollandshow.cn/ThinkPHP/Common/functions.php 第 1263 行.

[ 2021-03-17T17:16:33+08:00 ] 183.33.128.2 /Admin/Login/verify/1615972596910
INFO: [ app_init ] --START--
INFO: Run Behavior\BuildLiteBehavior [ RunTime:0.000027s ]
INFO: [ app_init ] --END-- [ RunTime:0.000135s ]
INFO: [ app_begin ] --START--
INFO: Run Behavior\ReadHtmlCacheBehavior [ RunTime:0.000314s ]
INFO: Run Behavior\CheckLangBehavior [ RunTime:0.001395s ]
INFO: [ app_begin ] --END-- [ RunTime:0.001874s ]
INFO: [ app_end ] --START--
INFO: Run Behavior\ShowPageTraceBehavior [ RunTime:0.000475s ]
INFO: [ app_end ] --END-- [ RunTime:0.000586s ]

[ 2021-03-17T17:16:33+08:00 ] 183.33.128.2 /Admin/Login/logining.html
INFO: [ app_init ] --START--
INFO: Run Behavior\BuildLiteBehavior [ RunTime:0.000022s ]
INFO: [ app_init ] --END-- [ RunTime:0.000125s ]
INFO: [ app_begin ] --START--
INFO: Run Behavior\ReadHtmlCacheBehavior [ RunTime:0.000289s ]
INFO: Run Behavior\CheckLangBehavior [ RunTime:0.001367s ]
INFO: [ app_begin ] --END-- [ RunTime:0.001817s ]
INFO: [ view_parse ] --START--
INFO: [ template_filter ] --START--
INFO: Run Behavior\ContentReplaceBehavior [ RunTime:0.000102s ]
INFO: [ template_filter ] --END-- [ RunTime:0.000204s ]
INFO: Run Behavior\ParseTemplateBehavior [ RunTime:0.006097s ]
INFO: [ view_parse ] --END-- [ RunTime:0.006203s ]
INFO: [ view_filter ] --START--
INFO: Run Behavior\WriteHtmlCacheBehavior [ RunTime:0.000360s ]
INFO: Run Behavior\TokenBuildBehavior [ RunTime:0.000442s ]
INFO: [ view_filter ] --END-- [ RunTime:0.000950s ]
INFO: [ app_end ] --START--
INFO: Run Behavior\ShowPageTraceBehavior [ RunTime:0.000317s ]
INFO: [ app_end ] --END-- [ RunTime:0.000413s ]

[ 2021-03-17T17:16:34+08:00 ] 183.33.128.2 /Admin/Index/index.html
INFO: [ app_init ] --START--
INFO: Run Behavior\BuildLiteBehavior [ RunTime:0.000023s ]
INFO: [ app_init ] --END-- [ RunTime:0.000127s ]
INFO: [ app_begin ] --START--
INFO: Run Behavior\ReadHtmlCacheBehavior [ RunTime:0.000304s ]
INFO: Run Behavior\CheckLangBehavior [ RunTime:0.001355s ]
INFO: [ app_begin ] --END-- [ RunTime:0.001820s ]
INFO: [ view_parse ] --START--
INFO: [ template_filter ] --START--
INFO: Run Behavior\ContentReplaceBehavior [ RunTime:0.000482s ]
INFO: [ template_filter ] --END-- [ RunTime:0.000602s ]
NOTIC: [8] Undefined variable: title /home/www/hollandshow.cn/App/Runtime/Cache/Admin/9df924d9a2d217daa77a359c5bee0c33.php 第 4 行.
NOTIC: [8] Undefined variable: token /home/www/hollandshow.cn/App/Runtime/Cache/Admin/9df924d9a2d217daa77a359c5bee0c33.php 第 81 行.
NOTIC: [8] Undefined variable: exhibitor_count /home/www/hollandshow.cn/App/Runtime/Cache/Admin/9df924d9a2d217daa77a359c5bee0c33.php 第 199 行.
NOTIC: [8] Undefined variable: speakers_count /home/www/hollandshow.cn/App/Runtime/Cache/Admin/9df924d9a2d217daa77a359c5bee0c33.php 第 200 行.
NOTIC: [8] Undefined variable: session_count /home/www/hollandshow.cn/App/Runtime/Cache/Admin/9df924d9a2d217daa77a359c5bee0c33.php 第 201 行.
NOTIC: [8] Undefined variable: page_count /home/www/hollandshow.cn/App/Runtime/Cache/Admin/9df924d9a2d217daa77a359c5bee0c33.php 第 202 行.
NOTIC: [8] Undefined variable: user_count /home/www/hollandshow.cn/App/Runtime/Cache/Admin/9df924d9a2d217daa77a359c5bee0c33.php 第 203 行.
NOTIC: [8] Undefined variable: dynamic_count /home/www/hollandshow.cn/App/Runtime/Cache/Admin/9df924d9a2d217daa77a359c5bee0c33.php 第 204 行.
INFO: Run Behavior\ParseTemplateBehavior [ RunTime:0.018343s ]
INFO: [ view_parse ] --END-- [ RunTime:0.018493s ]
INFO: [ view_filter ] --START--
INFO: Run Behavior\WriteHtmlCacheBehavior [ RunTime:0.000297s ]
INFO: Run Behavior\TokenBuildBehavior [ RunTime:0.000611s ]
INFO: [ view_filter ] --END-- [ RunTime:0.001057s ]
INFO: [ app_end ] --START--
INFO: Run Behavior\ShowPageTraceBehavior [ RunTime:0.000302s ]
INFO: [ app_end ] --END-- [ RunTime:0.000418s ]

[ 2021-03-17T17:16:55+08:00 ] 183.33.128.2 /Admin/Shop/index/type/cate.html
INFO: [ app_init ] --START--
INFO: Run Behavior\BuildLiteBehavior [ RunTime:0.000019s ]
INFO: [ app_init ] --END-- [ RunTime:0.000090s ]
INFO: [ app_begin ] --START--
INFO: Run Behavior\ReadHtmlCacheBehavior [ RunTime:0.000205s ]
INFO: Run Behavior\CheckLangBehavior [ RunTime:0.000857s ]
INFO: [ app_begin ] --END-- [ RunTime:0.001163s ]
SQL: SHOW COLUMNS FROM `hls_shop` [ RunTime:0.0012s ]
SQL: SHOW COLUMNS FROM `hls_street` [ RunTime:0.0005s ]
SQL: SHOW COLUMNS FROM `hls_shop` [ RunTime:0.0009s ]
SQL: SELECT COUNT(*) AS tp_count FROM hls_shop as a  LEFT JOIN hls_street as b ON a.street_id = b.id  WHERE a.deleted IS NULL AND a.type = 'cate' LIMIT 1   [ RunTime:0.0010s ]
SQL: SELECT a.*,b.name as street_name FROM hls_shop as a  LEFT JOIN hls_street as b ON a.street_id = b.id  WHERE a.deleted IS NULL AND a.type = 'cate' ORDER BY created desc LIMIT 0,10   [ RunTime:0.0009s ]
SQL: SELECT * FROM `hls_street` WHERE `deleted` IS NULL ORDER BY created desc  [ RunTime:0.0002s ]
INFO: [ view_parse ] --START--
INFO: [ template_filter ] --START--
INFO: Run Behavior\ContentReplaceBehavior [ RunTime:0.000180s ]
INFO: [ template_filter ] --END-- [ RunTime:0.000244s ]
NOTIC: [8] Undefined variable: title /home/www/hollandshow.cn/App/Runtime/Cache/Admin/d68ce727c8ebc1f81462aeabe3e52156.php 第 4 行.
NOTIC: [8] Undefined variable: token /home/www/hollandshow.cn/App/Runtime/Cache/Admin/d68ce727c8ebc1f81462aeabe3e52156.php 第 81 行.
INFO: Run Behavior\ParseTemplateBehavior [ RunTime:0.016488s ]
INFO: [ view_parse ] --END-- [ RunTime:0.016552s ]
INFO: [ view_filter ] --START--
INFO: Run Behavior\WriteHtmlCacheBehavior [ RunTime:0.000201s ]
INFO: Run Behavior\TokenBuildBehavior [ RunTime:0.000514s ]
INFO: [ view_filter ] --END-- [ RunTime:0.000807s ]
INFO: [ app_end ] --START--
INFO: Run Behavior\ShowPageTraceBehavior [ RunTime:0.000209s ]
INFO: [ app_end ] --END-- [ RunTime:0.000272s ]

[ 2021-03-17T17:16:57+08:00 ] 183.33.128.2 /Admin/Shop/edit/id/129/type/cate.html
INFO: [ app_init ] --START--
INFO: Run Behavior\BuildLiteBehavior [ RunTime:0.000016s ]
INFO: [ app_init ] --END-- [ RunTime:0.000085s ]
INFO: [ app_begin ] --START--
INFO: Run Behavior\ReadHtmlCacheBehavior [ RunTime:0.000172s ]
INFO: Run Behavior\CheckLangBehavior [ RunTime:0.000838s ]
INFO: [ app_begin ] --END-- [ RunTime:0.001107s ]
SQL: SHOW COLUMNS FROM `hls_shop` [ RunTime:0.0011s ]
SQL: SHOW COLUMNS FROM `hls_street` [ RunTime:0.0088s ]
SQL: SELECT * FROM `hls_shop` WHERE `id` = 129 LIMIT 1   [ RunTime:0.0006s ]
SQL: SHOW COLUMNS FROM `hls_files` [ RunTime:0.0006s ]
SQL: SELECT `save_path`,`extension` FROM `hls_files` WHERE ( id=412 ) LIMIT 1   [ RunTime:0.0005s ]
SQL: SELECT `save_path`,`extension` FROM `hls_files` WHERE ( id=413 ) LIMIT 1   [ RunTime:0.0003s ]
SQL: SELECT * FROM `hls_street` WHERE `deleted` IS NULL ORDER BY created desc  [ RunTime:0.0002s ]
INFO: [ view_parse ] --START--
INFO: [ template_filter ] --START--
INFO: Run Behavior\ContentReplaceBehavior [ RunTime:0.000281s ]
INFO: [ template_filter ] --END-- [ RunTime:0.000352s ]
NOTIC: [8] Undefined variable: title /home/www/hollandshow.cn/App/Runtime/Cache/Admin/57b2e2b2f92365ac9be1e64a54275001.php 第 4 行.
NOTIC: [8] Undefined variable: token /home/www/hollandshow.cn/App/Runtime/Cache/Admin/57b2e2b2f92365ac9be1e64a54275001.php 第 81 行.
INFO: Run Behavior\ParseTemplateBehavior [ RunTime:0.031918s ]
INFO: [ view_parse ] --END-- [ RunTime:0.031982s ]
INFO: [ view_filter ] --START--
INFO: Run Behavior\WriteHtmlCacheBehavior [ RunTime:0.000174s ]
INFO: Run Behavior\TokenBuildBehavior [ RunTime:0.000465s ]
INFO: [ view_filter ] --END-- [ RunTime:0.000730s ]
INFO: [ app_end ] --START--
INFO: Run Behavior\ShowPageTraceBehavior [ RunTime:0.000178s ]
INFO: [ app_end ] --END-- [ RunTime:0.000241s ]

