[ 2021-08-05T09:27:27+08:00 ] 59.36.119.227 /Admin/Login/index.html
INFO: [ app_init ] --START--
INFO: Run Behavior\BuildLiteBehavior [ RunTime:0.000025s ]
INFO: [ app_init ] --END-- [ RunTime:0.000134s ]
INFO: [ app_begin ] --START--
INFO: Run Behavior\ReadHtmlCacheBehavior [ RunTime:0.000330s ]
INFO: Run Behavior\CheckLangBehavior [ RunTime:0.001509s ]
INFO: [ app_begin ] --END-- [ RunTime:0.002005s ]
INFO: [ view_parse ] --START--
INFO: [ template_filter ] --START--
INFO: Run Behavior\ContentReplaceBehavior [ RunTime:0.000158s ]
INFO: [ template_filter ] --END-- [ RunTime:0.000264s ]
INFO: Run Behavior\ParseTemplateBehavior [ RunTime:0.006931s ]
INFO: [ view_parse ] --END-- [ RunTime:0.007038s ]
INFO: [ view_filter ] --START--
INFO: Run Behavior\WriteHtmlCacheBehavior [ RunTime:0.000331s ]
INFO: Run Behavior\TokenBuildBehavior [ RunTime:0.000473s ]
INFO: [ view_filter ] --END-- [ RunTime:0.000964s ]
INFO: [ app_end ] --START--
INFO: Run Behavior\ShowPageTraceBehavior [ RunTime:0.000358s ]
INFO: [ app_end ] --END-- [ RunTime:0.000456s ]

[ 2021-08-05T09:27:45+08:00 ] 219.131.241.88 /Admin/Login/index.html
INFO: [ app_init ] --START--
INFO: Run Behavior\BuildLiteBehavior [ RunTime:0.000024s ]
INFO: [ app_init ] --END-- [ RunTime:0.000134s ]
INFO: [ app_begin ] --START--
INFO: Run Behavior\ReadHtmlCacheBehavior [ RunTime:0.000333s ]
INFO: Run Behavior\CheckLangBehavior [ RunTime:0.001511s ]
INFO: [ app_begin ] --END-- [ RunTime:0.002010s ]
INFO: [ view_parse ] --START--
INFO: [ template_filter ] --START--
INFO: Run Behavior\ContentReplaceBehavior [ RunTime:0.000158s ]
INFO: [ template_filter ] --END-- [ RunTime:0.000262s ]
INFO: Run Behavior\ParseTemplateBehavior [ RunTime:0.006857s ]
INFO: [ view_parse ] --END-- [ RunTime:0.006965s ]
INFO: [ view_filter ] --START--
INFO: Run Behavior\WriteHtmlCacheBehavior [ RunTime:0.000333s ]
INFO: Run Behavior\TokenBuildBehavior [ RunTime:0.000495s ]
INFO: [ view_filter ] --END-- [ RunTime:0.000976s ]
INFO: [ app_end ] --START--
INFO: Run Behavior\ShowPageTraceBehavior [ RunTime:0.000358s ]
INFO: [ app_end ] --END-- [ RunTime:0.000456s ]

[ 2021-08-05T09:27:45+08:00 ] 219.131.241.88 /Admin/Login/verify.html
INFO: [ app_init ] --START--
INFO: Run Behavior\BuildLiteBehavior [ RunTime:0.000023s ]
INFO: [ app_init ] --END-- [ RunTime:0.000125s ]
INFO: [ app_begin ] --START--
INFO: Run Behavior\ReadHtmlCacheBehavior [ RunTime:0.000282s ]
INFO: Run Behavior\CheckLangBehavior [ RunTime:0.001337s ]
INFO: [ app_begin ] --END-- [ RunTime:0.001782s ]
INFO: [ app_end ] --START--
INFO: Run Behavior\ShowPageTraceBehavior [ RunTime:0.000299s ]
INFO: [ app_end ] --END-- [ RunTime:0.000407s ]

[ 2021-08-05T09:27:49+08:00 ] 219.131.241.88 /Admin/Login/verify/1628126872079
INFO: [ app_init ] --START--
INFO: Run Behavior\BuildLiteBehavior [ RunTime:0.000026s ]
INFO: [ app_init ] --END-- [ RunTime:0.000137s ]
INFO: [ app_begin ] --START--
INFO: Run Behavior\ReadHtmlCacheBehavior [ RunTime:0.000347s ]
INFO: Run Behavior\CheckLangBehavior [ RunTime:0.001436s ]
INFO: [ app_begin ] --END-- [ RunTime:0.001948s ]
INFO: [ app_end ] --START--
INFO: Run Behavior\ShowPageTraceBehavior [ RunTime:0.000361s ]
INFO: [ app_end ] --END-- [ RunTime:0.000471s ]

[ 2021-08-05T09:27:56+08:00 ] 219.131.241.88 /Admin/Login/login.html
INFO: [ app_init ] --START--
INFO: Run Behavior\BuildLiteBehavior [ RunTime:0.000026s ]
INFO: [ app_init ] --END-- [ RunTime:0.000192s ]
INFO: [ app_begin ] --START--
INFO: Run Behavior\ReadHtmlCacheBehavior [ RunTime:0.000347s ]
INFO: Run Behavior\CheckLangBehavior [ RunTime:0.001608s ]
INFO: [ app_begin ] --END-- [ RunTime:0.002108s ]
SQL: SHOW COLUMNS FROM `hls_admin` [ RunTime:0.0085s ]
SQL: SELECT * FROM `hls_admin` WHERE `password` = '027b015ad5829f6831006722d14520c7af215f15f5460182f66d877fdb9b15c2' AND `username` = 'admin' LIMIT 1   [ RunTime:0.0007s ]
NOTIC: [8] A session had already been started - ignoring session_start() /home/www/hollandshow.cn/ThinkPHP/Common/functions.php 第 1263 行.

[ 2021-08-05T09:27:56+08:00 ] 219.131.241.88 /Admin/Login/verify/1628126879490
INFO: [ app_init ] --START--
INFO: Run Behavior\BuildLiteBehavior [ RunTime:0.000022s ]
INFO: [ app_init ] --END-- [ RunTime:0.000126s ]
INFO: [ app_begin ] --START--
INFO: Run Behavior\ReadHtmlCacheBehavior [ RunTime:0.000282s ]
INFO: Run Behavior\CheckLangBehavior [ RunTime:0.001324s ]
INFO: [ app_begin ] --END-- [ RunTime:0.001770s ]
INFO: [ app_end ] --START--
INFO: Run Behavior\ShowPageTraceBehavior [ RunTime:0.000344s ]
INFO: [ app_end ] --END-- [ RunTime:0.000455s ]

[ 2021-08-05T09:27:56+08:00 ] 219.131.241.88 /Admin/Login/logining.html
INFO: [ app_init ] --START--
INFO: Run Behavior\BuildLiteBehavior [ RunTime:0.000023s ]
INFO: [ app_init ] --END-- [ RunTime:0.000139s ]
INFO: [ app_begin ] --START--
INFO: Run Behavior\ReadHtmlCacheBehavior [ RunTime:0.000283s ]
INFO: Run Behavior\CheckLangBehavior [ RunTime:0.001340s ]
INFO: [ app_begin ] --END-- [ RunTime:0.001787s ]
INFO: [ view_parse ] --START--
INFO: [ template_filter ] --START--
INFO: Run Behavior\ContentReplaceBehavior [ RunTime:0.000098s ]
INFO: [ template_filter ] --END-- [ RunTime:0.000200s ]
INFO: Run Behavior\ParseTemplateBehavior [ RunTime:0.005442s ]
INFO: [ view_parse ] --END-- [ RunTime:0.005562s ]
INFO: [ view_filter ] --START--
INFO: Run Behavior\WriteHtmlCacheBehavior [ RunTime:0.000332s ]
INFO: Run Behavior\TokenBuildBehavior [ RunTime:0.000410s ]
INFO: [ view_filter ] --END-- [ RunTime:0.000887s ]
INFO: [ app_end ] --START--
INFO: Run Behavior\ShowPageTraceBehavior [ RunTime:0.000288s ]
INFO: [ app_end ] --END-- [ RunTime:0.000383s ]

[ 2021-08-05T09:27:57+08:00 ] 219.131.241.88 /Admin/Index/index.html
INFO: [ app_init ] --START--
INFO: Run Behavior\BuildLiteBehavior [ RunTime:0.000024s ]
INFO: [ app_init ] --END-- [ RunTime:0.000133s ]
INFO: [ app_begin ] --START--
INFO: Run Behavior\ReadHtmlCacheBehavior [ RunTime:0.000286s ]
INFO: Run Behavior\CheckLangBehavior [ RunTime:0.001328s ]
INFO: [ app_begin ] --END-- [ RunTime:0.001778s ]
INFO: [ view_parse ] --START--
INFO: [ template_filter ] --START--
INFO: Run Behavior\ContentReplaceBehavior [ RunTime:0.000291s ]
INFO: [ template_filter ] --END-- [ RunTime:0.000399s ]
NOTIC: [8] Undefined variable: title /home/www/hollandshow.cn/App/Runtime/Cache/Admin/9df924d9a2d217daa77a359c5bee0c33.php 第 4 行.
NOTIC: [8] Undefined variable: token /home/www/hollandshow.cn/App/Runtime/Cache/Admin/9df924d9a2d217daa77a359c5bee0c33.php 第 81 行.
NOTIC: [8] Undefined variable: exhibitor_count /home/www/hollandshow.cn/App/Runtime/Cache/Admin/9df924d9a2d217daa77a359c5bee0c33.php 第 199 行.
NOTIC: [8] Undefined variable: speakers_count /home/www/hollandshow.cn/App/Runtime/Cache/Admin/9df924d9a2d217daa77a359c5bee0c33.php 第 200 行.
NOTIC: [8] Undefined variable: session_count /home/www/hollandshow.cn/App/Runtime/Cache/Admin/9df924d9a2d217daa77a359c5bee0c33.php 第 201 行.
NOTIC: [8] Undefined variable: page_count /home/www/hollandshow.cn/App/Runtime/Cache/Admin/9df924d9a2d217daa77a359c5bee0c33.php 第 202 行.
NOTIC: [8] Undefined variable: user_count /home/www/hollandshow.cn/App/Runtime/Cache/Admin/9df924d9a2d217daa77a359c5bee0c33.php 第 203 行.
NOTIC: [8] Undefined variable: dynamic_count /home/www/hollandshow.cn/App/Runtime/Cache/Admin/9df924d9a2d217daa77a359c5bee0c33.php 第 204 行.
INFO: Run Behavior\ParseTemplateBehavior [ RunTime:0.017969s ]
INFO: [ view_parse ] --END-- [ RunTime:0.018072s ]
INFO: [ view_filter ] --START--
INFO: Run Behavior\WriteHtmlCacheBehavior [ RunTime:0.000320s ]
INFO: Run Behavior\TokenBuildBehavior [ RunTime:0.000588s ]
INFO: [ view_filter ] --END-- [ RunTime:0.001057s ]
INFO: [ app_end ] --START--
INFO: Run Behavior\ShowPageTraceBehavior [ RunTime:0.000310s ]
INFO: [ app_end ] --END-- [ RunTime:0.000415s ]

[ 2021-08-05T09:28:01+08:00 ] 219.131.241.88 /Admin/Shop/index/type/cate.html
INFO: [ app_init ] --START--
INFO: Run Behavior\BuildLiteBehavior [ RunTime:0.000025s ]
INFO: [ app_init ] --END-- [ RunTime:0.000135s ]
INFO: [ app_begin ] --START--
INFO: Run Behavior\ReadHtmlCacheBehavior [ RunTime:0.000345s ]
INFO: Run Behavior\CheckLangBehavior [ RunTime:0.001621s ]
INFO: [ app_begin ] --END-- [ RunTime:0.002141s ]
SQL: SHOW COLUMNS FROM `hls_shop` [ RunTime:0.0019s ]
SQL: SHOW COLUMNS FROM `hls_street` [ RunTime:0.0010s ]
SQL: SHOW COLUMNS FROM `hls_shop` [ RunTime:0.0015s ]
SQL: SELECT COUNT(*) AS tp_count FROM hls_shop as a  LEFT JOIN hls_street as b ON a.street_id = b.id  WHERE a.deleted IS NULL AND a.type = 'cate' LIMIT 1   [ RunTime:0.0015s ]
SQL: SELECT a.*,b.name as street_name FROM hls_shop as a  LEFT JOIN hls_street as b ON a.street_id = b.id  WHERE a.deleted IS NULL AND a.type = 'cate' ORDER BY created desc LIMIT 0,10   [ RunTime:0.0014s ]
SQL: SELECT * FROM `hls_street` WHERE `deleted` IS NULL ORDER BY created desc  [ RunTime:0.0003s ]
INFO: [ view_parse ] --START--
INFO: [ template_filter ] --START--
INFO: Run Behavior\ContentReplaceBehavior [ RunTime:0.000305s ]
INFO: [ template_filter ] --END-- [ RunTime:0.000410s ]
NOTIC: [8] Undefined variable: title /home/www/hollandshow.cn/App/Runtime/Cache/Admin/d68ce727c8ebc1f81462aeabe3e52156.php 第 4 行.
NOTIC: [8] Undefined variable: token /home/www/hollandshow.cn/App/Runtime/Cache/Admin/d68ce727c8ebc1f81462aeabe3e52156.php 第 81 行.
INFO: Run Behavior\ParseTemplateBehavior [ RunTime:0.027516s ]
INFO: [ view_parse ] --END-- [ RunTime:0.027621s ]
INFO: [ view_filter ] --START--
INFO: Run Behavior\WriteHtmlCacheBehavior [ RunTime:0.000333s ]
INFO: Run Behavior\TokenBuildBehavior [ RunTime:0.000853s ]
INFO: [ view_filter ] --END-- [ RunTime:0.001339s ]
INFO: [ app_end ] --START--
INFO: Run Behavior\ShowPageTraceBehavior [ RunTime:0.000344s ]
INFO: [ app_end ] --END-- [ RunTime:0.000459s ]

[ 2021-08-05T09:28:05+08:00 ] 219.131.241.88 /Admin/Shop/edit/id/129/type/cate.html
INFO: [ app_init ] --START--
INFO: Run Behavior\BuildLiteBehavior [ RunTime:0.000025s ]
INFO: [ app_init ] --END-- [ RunTime:0.000135s ]
INFO: [ app_begin ] --START--
INFO: Run Behavior\ReadHtmlCacheBehavior [ RunTime:0.000330s ]
INFO: Run Behavior\CheckLangBehavior [ RunTime:0.001438s ]
INFO: [ app_begin ] --END-- [ RunTime:0.001934s ]
SQL: SHOW COLUMNS FROM `hls_shop` [ RunTime:0.0018s ]
SQL: SHOW COLUMNS FROM `hls_street` [ RunTime:0.0009s ]
SQL: SELECT * FROM `hls_shop` WHERE `id` = 129 LIMIT 1   [ RunTime:0.0008s ]
SQL: SHOW COLUMNS FROM `hls_files` [ RunTime:0.0011s ]
SQL: SELECT `save_path`,`extension` FROM `hls_files` WHERE ( id=412 ) LIMIT 1   [ RunTime:0.0007s ]
SQL: SELECT `save_path`,`extension` FROM `hls_files` WHERE ( id=413 ) LIMIT 1   [ RunTime:0.0004s ]
SQL: SELECT * FROM `hls_street` WHERE `deleted` IS NULL ORDER BY created desc  [ RunTime:0.0003s ]
INFO: [ view_parse ] --START--
INFO: [ template_filter ] --START--
INFO: Run Behavior\ContentReplaceBehavior [ RunTime:0.000485s ]
INFO: [ template_filter ] --END-- [ RunTime:0.000609s ]
NOTIC: [8] Undefined variable: title /home/www/hollandshow.cn/App/Runtime/Cache/Admin/57b2e2b2f92365ac9be1e64a54275001.php 第 4 行.
NOTIC: [8] Undefined variable: token /home/www/hollandshow.cn/App/Runtime/Cache/Admin/57b2e2b2f92365ac9be1e64a54275001.php 第 81 行.
INFO: Run Behavior\ParseTemplateBehavior [ RunTime:0.029102s ]
INFO: [ view_parse ] --END-- [ RunTime:0.029208s ]
INFO: [ view_filter ] --START--
INFO: Run Behavior\WriteHtmlCacheBehavior [ RunTime:0.000423s ]
INFO: Run Behavior\TokenBuildBehavior [ RunTime:0.000864s ]
INFO: [ view_filter ] --END-- [ RunTime:0.001443s ]
INFO: [ app_end ] --START--
INFO: Run Behavior\ShowPageTraceBehavior [ RunTime:0.000358s ]
INFO: [ app_end ] --END-- [ RunTime:0.000463s ]

[ 2021-08-05T09:39:55+08:00 ] 219.131.241.88 /Admin/Shop/edit/id/128/type/cate.html
INFO: [ app_init ] --START--
INFO: Run Behavior\BuildLiteBehavior [ RunTime:0.000052s ]
INFO: [ app_init ] --END-- [ RunTime:0.000264s ]
INFO: [ app_begin ] --START--
INFO: Run Behavior\ReadHtmlCacheBehavior [ RunTime:0.000320s ]
INFO: Run Behavior\CheckLangBehavior [ RunTime:0.001380s ]
INFO: [ app_begin ] --END-- [ RunTime:0.001870s ]
SQL: SHOW COLUMNS FROM `hls_shop` [ RunTime:0.0019s ]
SQL: SHOW COLUMNS FROM `hls_street` [ RunTime:0.0009s ]
SQL: SELECT * FROM `hls_shop` WHERE `id` = 128 LIMIT 1   [ RunTime:0.0008s ]
SQL: SHOW COLUMNS FROM `hls_files` [ RunTime:0.0009s ]
SQL: SELECT `save_path`,`extension` FROM `hls_files` WHERE ( id=400 ) LIMIT 1   [ RunTime:0.0008s ]
SQL: SELECT `save_path`,`extension` FROM `hls_files` WHERE ( id=401 ) LIMIT 1   [ RunTime:0.0004s ]
SQL: SELECT `save_path`,`extension` FROM `hls_files` WHERE ( id=402 ) LIMIT 1   [ RunTime:0.0004s ]
SQL: SELECT * FROM `hls_street` WHERE `deleted` IS NULL ORDER BY created desc  [ RunTime:0.0003s ]
INFO: [ view_parse ] --START--
INFO: [ template_filter ] --START--
INFO: Run Behavior\ContentReplaceBehavior [ RunTime:0.000538s ]
INFO: [ template_filter ] --END-- [ RunTime:0.000653s ]
NOTIC: [8] Undefined variable: title /home/www/hollandshow.cn/App/Runtime/Cache/Admin/57b2e2b2f92365ac9be1e64a54275001.php 第 4 行.
NOTIC: [8] Undefined variable: token /home/www/hollandshow.cn/App/Runtime/Cache/Admin/57b2e2b2f92365ac9be1e64a54275001.php 第 81 行.
INFO: Run Behavior\ParseTemplateBehavior [ RunTime:0.030600s ]
INFO: [ view_parse ] --END-- [ RunTime:0.030713s ]
INFO: [ view_filter ] --START--
INFO: Run Behavior\WriteHtmlCacheBehavior [ RunTime:0.000298s ]
INFO: Run Behavior\TokenBuildBehavior [ RunTime:0.001010s ]
INFO: [ view_filter ] --END-- [ RunTime:0.001464s ]
INFO: [ app_end ] --START--
INFO: Run Behavior\ShowPageTraceBehavior [ RunTime:0.000311s ]
INFO: [ app_end ] --END-- [ RunTime:0.000416s ]

[ 2021-08-05T09:59:41+08:00 ] 219.131.241.88 /Admin/Posts/index.html
INFO: [ app_init ] --START--
INFO: Run Behavior\BuildLiteBehavior [ RunTime:0.000024s ]
INFO: [ app_init ] --END-- [ RunTime:0.000135s ]
INFO: [ app_begin ] --START--
INFO: Run Behavior\ReadHtmlCacheBehavior [ RunTime:0.000338s ]
INFO: Run Behavior\CheckLangBehavior [ RunTime:0.001766s ]
INFO: [ app_begin ] --END-- [ RunTime:0.002272s ]
SQL: SHOW COLUMNS FROM `hls_posts` [ RunTime:0.0016s ]
SQL: SHOW COLUMNS FROM `hls_street` [ RunTime:0.0009s ]
SQL: SHOW COLUMNS FROM `hls_posts` [ RunTime:0.0015s ]
SQL: SELECT COUNT(*) AS tp_count FROM hls_posts as a  LEFT JOIN hls_street as b ON a.street_id = b.id  WHERE a.deleted IS NULL LIMIT 1   [ RunTime:0.0013s ]
SQL: SELECT a.*,b.name as street_name FROM hls_posts as a  LEFT JOIN hls_street as b ON a.street_id = b.id  WHERE a.deleted IS NULL ORDER BY a.created desc LIMIT 0,10   [ RunTime:0.0016s ]
SQL: SELECT * FROM `hls_street` WHERE `deleted` IS NULL ORDER BY created desc  [ RunTime:0.0003s ]
NOTIC: [8] Undefined variable: type /home/www/hollandshow.cn/App/Admin/Controller/PostsController.class.php 第 80 行.
INFO: [ view_parse ] --START--
INFO: [ template_filter ] --START--
INFO: Run Behavior\ContentReplaceBehavior [ RunTime:0.000296s ]
INFO: [ template_filter ] --END-- [ RunTime:0.000402s ]
NOTIC: [8] Undefined variable: title /home/www/hollandshow.cn/App/Runtime/Cache/Admin/5e72f93f8795a1bb9aa4179a288eec97.php 第 4 行.
NOTIC: [8] Undefined variable: token /home/www/hollandshow.cn/App/Runtime/Cache/Admin/5e72f93f8795a1bb9aa4179a288eec97.php 第 81 行.
INFO: Run Behavior\ParseTemplateBehavior [ RunTime:0.026939s ]
INFO: [ view_parse ] --END-- [ RunTime:0.027044s ]
INFO: [ view_filter ] --START--
INFO: Run Behavior\WriteHtmlCacheBehavior [ RunTime:0.000354s ]
INFO: Run Behavior\TokenBuildBehavior [ RunTime:0.000962s ]
INFO: [ view_filter ] --END-- [ RunTime:0.001474s ]
INFO: [ app_end ] --START--
INFO: Run Behavior\ShowPageTraceBehavior [ RunTime:0.000352s ]
INFO: [ app_end ] --END-- [ RunTime:0.000457s ]

[ 2021-08-05T09:59:42+08:00 ] 219.131.241.88 /Admin/Shop/index/type/cate.html
INFO: [ app_init ] --START--
INFO: Run Behavior\BuildLiteBehavior [ RunTime:0.000025s ]
INFO: [ app_init ] --END-- [ RunTime:0.000135s ]
INFO: [ app_begin ] --START--
INFO: Run Behavior\ReadHtmlCacheBehavior [ RunTime:0.000287s ]
INFO: Run Behavior\CheckLangBehavior [ RunTime:0.001343s ]
INFO: [ app_begin ] --END-- [ RunTime:0.001804s ]
SQL: SHOW COLUMNS FROM `hls_shop` [ RunTime:0.0019s ]
SQL: SHOW COLUMNS FROM `hls_street` [ RunTime:0.0009s ]
SQL: SHOW COLUMNS FROM `hls_shop` [ RunTime:0.0015s ]
SQL: SELECT COUNT(*) AS tp_count FROM hls_shop as a  LEFT JOIN hls_street as b ON a.street_id = b.id  WHERE a.deleted IS NULL AND a.type = 'cate' LIMIT 1   [ RunTime:0.0002s ]
SQL: SELECT a.*,b.name as street_name FROM hls_shop as a  LEFT JOIN hls_street as b ON a.street_id = b.id  WHERE a.deleted IS NULL AND a.type = 'cate' ORDER BY created desc LIMIT 0,10   [ RunTime:0.0004s ]
SQL: SELECT * FROM `hls_street` WHERE `deleted` IS NULL ORDER BY created desc  [ RunTime:0.0002s ]
INFO: [ view_parse ] --START--
INFO: [ template_filter ] --START--
INFO: Run Behavior\ContentReplaceBehavior [ RunTime:0.000327s ]
INFO: [ template_filter ] --END-- [ RunTime:0.000455s ]
NOTIC: [8] Undefined variable: title /home/www/hollandshow.cn/App/Runtime/Cache/Admin/d68ce727c8ebc1f81462aeabe3e52156.php 第 4 行.
NOTIC: [8] Undefined variable: token /home/www/hollandshow.cn/App/Runtime/Cache/Admin/d68ce727c8ebc1f81462aeabe3e52156.php 第 81 行.
INFO: Run Behavior\ParseTemplateBehavior [ RunTime:0.028860s ]
INFO: [ view_parse ] --END-- [ RunTime:0.028962s ]
INFO: [ view_filter ] --START--
INFO: Run Behavior\WriteHtmlCacheBehavior [ RunTime:0.000491s ]
INFO: Run Behavior\TokenBuildBehavior [ RunTime:0.000843s ]
INFO: [ view_filter ] --END-- [ RunTime:0.001505s ]
INFO: [ app_end ] --START--
INFO: Run Behavior\ShowPageTraceBehavior [ RunTime:0.000313s ]
INFO: [ app_end ] --END-- [ RunTime:0.000418s ]

[ 2021-08-05T09:59:50+08:00 ] 219.131.241.88 /Admin/Shop/edit/id/129/type/cate.html
INFO: [ app_init ] --START--
INFO: Run Behavior\BuildLiteBehavior [ RunTime:0.000025s ]
INFO: [ app_init ] --END-- [ RunTime:0.000136s ]
INFO: [ app_begin ] --START--
INFO: Run Behavior\ReadHtmlCacheBehavior [ RunTime:0.000331s ]
INFO: Run Behavior\CheckLangBehavior [ RunTime:0.001446s ]
INFO: [ app_begin ] --END-- [ RunTime:0.001943s ]
SQL: SHOW COLUMNS FROM `hls_shop` [ RunTime:0.0018s ]
SQL: SHOW COLUMNS FROM `hls_street` [ RunTime:0.0009s ]
SQL: SELECT * FROM `hls_shop` WHERE `id` = 129 LIMIT 1   [ RunTime:0.0004s ]
SQL: SHOW COLUMNS FROM `hls_files` [ RunTime:0.0009s ]
SQL: SELECT `save_path`,`extension` FROM `hls_files` WHERE ( id=412 ) LIMIT 1   [ RunTime:0.0002s ]
SQL: SELECT `save_path`,`extension` FROM `hls_files` WHERE ( id=413 ) LIMIT 1   [ RunTime:0.0002s ]
SQL: SELECT * FROM `hls_street` WHERE `deleted` IS NULL ORDER BY created desc  [ RunTime:0.0003s ]
INFO: [ view_parse ] --START--
INFO: [ template_filter ] --START--
INFO: Run Behavior\ContentReplaceBehavior [ RunTime:0.000491s ]
INFO: [ template_filter ] --END-- [ RunTime:0.000603s ]
NOTIC: [8] Undefined variable: title /home/www/hollandshow.cn/App/Runtime/Cache/Admin/57b2e2b2f92365ac9be1e64a54275001.php 第 4 行.
NOTIC: [8] Undefined variable: token /home/www/hollandshow.cn/App/Runtime/Cache/Admin/57b2e2b2f92365ac9be1e64a54275001.php 第 81 行.
INFO: Run Behavior\ParseTemplateBehavior [ RunTime:0.029075s ]
INFO: [ view_parse ] --END-- [ RunTime:0.029199s ]
INFO: [ view_filter ] --START--
INFO: Run Behavior\WriteHtmlCacheBehavior [ RunTime:0.000335s ]
INFO: Run Behavior\TokenBuildBehavior [ RunTime:0.000942s ]
INFO: [ view_filter ] --END-- [ RunTime:0.001432s ]
INFO: [ app_end ] --START--
INFO: Run Behavior\ShowPageTraceBehavior [ RunTime:0.000344s ]
INFO: [ app_end ] --END-- [ RunTime:0.000449s ]

[ 2021-08-05T10:00:01+08:00 ] 219.131.241.88 /Admin/Shop/edit/id/123/type/cate.html
INFO: [ app_init ] --START--
INFO: Run Behavior\BuildLiteBehavior [ RunTime:0.000016s ]
INFO: [ app_init ] --END-- [ RunTime:0.000084s ]
INFO: [ app_begin ] --START--
INFO: Run Behavior\ReadHtmlCacheBehavior [ RunTime:0.000200s ]
INFO: Run Behavior\CheckLangBehavior [ RunTime:0.000805s ]
INFO: [ app_begin ] --END-- [ RunTime:0.001105s ]
SQL: SHOW COLUMNS FROM `hls_shop` [ RunTime:0.0012s ]
SQL: SHOW COLUMNS FROM `hls_street` [ RunTime:0.0006s ]
SQL: SELECT * FROM `hls_shop` WHERE `id` = 123 LIMIT 1   [ RunTime:0.0007s ]
SQL: SELECT * FROM `hls_street` WHERE `deleted` IS NULL ORDER BY created desc  [ RunTime:0.0001s ]
NOTIC: [8] Undefined variable: images /home/www/hollandshow.cn/App/Admin/Controller/ShopController.class.php 第 158 行.
INFO: [ view_parse ] --START--
INFO: [ template_filter ] --START--
INFO: Run Behavior\ContentReplaceBehavior [ RunTime:0.000286s ]
INFO: [ template_filter ] --END-- [ RunTime:0.000354s ]
NOTIC: [8] Undefined variable: title /home/www/hollandshow.cn/App/Runtime/Cache/Admin/57b2e2b2f92365ac9be1e64a54275001.php 第 4 行.
NOTIC: [8] Undefined variable: token /home/www/hollandshow.cn/App/Runtime/Cache/Admin/57b2e2b2f92365ac9be1e64a54275001.php 第 81 行.
INFO: Run Behavior\ParseTemplateBehavior [ RunTime:0.016548s ]
INFO: [ view_parse ] --END-- [ RunTime:0.016611s ]
INFO: [ view_filter ] --START--
INFO: Run Behavior\WriteHtmlCacheBehavior [ RunTime:0.000202s ]
INFO: Run Behavior\TokenBuildBehavior [ RunTime:0.000476s ]
INFO: [ view_filter ] --END-- [ RunTime:0.000771s ]
INFO: [ app_end ] --START--
INFO: Run Behavior\ShowPageTraceBehavior [ RunTime:0.000201s ]
INFO: [ app_end ] --END-- [ RunTime:0.000264s ]

[ 2021-08-05T10:06:16+08:00 ] 219.131.241.88 /Admin/Shop/edit/id/129/type/cate.html
INFO: [ app_init ] --START--
INFO: Run Behavior\BuildLiteBehavior [ RunTime:0.000025s ]
INFO: [ app_init ] --END-- [ RunTime:0.000136s ]
INFO: [ app_begin ] --START--
INFO: Run Behavior\ReadHtmlCacheBehavior [ RunTime:0.000331s ]
INFO: Run Behavior\CheckLangBehavior [ RunTime:0.001446s ]
INFO: [ app_begin ] --END-- [ RunTime:0.001944s ]
SQL: SHOW COLUMNS FROM `hls_shop` [ RunTime:0.0019s ]
SQL: SHOW COLUMNS FROM `hls_street` [ RunTime:0.0009s ]
SQL: SELECT * FROM `hls_shop` WHERE `id` = 129 LIMIT 1   [ RunTime:0.0004s ]
SQL: SHOW COLUMNS FROM `hls_files` [ RunTime:0.0010s ]
SQL: SELECT `save_path`,`extension` FROM `hls_files` WHERE ( id=412 ) LIMIT 1   [ RunTime:0.0002s ]
SQL: SELECT `save_path`,`extension` FROM `hls_files` WHERE ( id=413 ) LIMIT 1   [ RunTime:0.0002s ]
SQL: SELECT * FROM `hls_street` WHERE `deleted` IS NULL ORDER BY created desc  [ RunTime:0.0003s ]
INFO: [ view_parse ] --START--
INFO: [ template_filter ] --START--
INFO: Run Behavior\ContentReplaceBehavior [ RunTime:0.000507s ]
INFO: [ template_filter ] --END-- [ RunTime:0.000620s ]
NOTIC: [8] Undefined variable: title /home/www/hollandshow.cn/App/Runtime/Cache/Admin/57b2e2b2f92365ac9be1e64a54275001.php 第 4 行.
NOTIC: [8] Undefined variable: token /home/www/hollandshow.cn/App/Runtime/Cache/Admin/57b2e2b2f92365ac9be1e64a54275001.php 第 81 行.
INFO: Run Behavior\ParseTemplateBehavior [ RunTime:0.029984s ]
INFO: [ view_parse ] --END-- [ RunTime:0.030090s ]
INFO: [ view_filter ] --START--
INFO: Run Behavior\WriteHtmlCacheBehavior [ RunTime:0.000341s ]
INFO: Run Behavior\TokenBuildBehavior [ RunTime:0.000862s ]
INFO: [ view_filter ] --END-- [ RunTime:0.001357s ]
INFO: [ app_end ] --START--
INFO: Run Behavior\ShowPageTraceBehavior [ RunTime:0.000354s ]
INFO: [ app_end ] --END-- [ RunTime:0.000460s ]

[ 2021-08-05T17:01:25+08:00 ] 219.131.241.88 /Admin/Active/index.html
INFO: [ app_init ] --START--
INFO: Run Behavior\BuildLiteBehavior [ RunTime:0.000025s ]
INFO: [ app_init ] --END-- [ RunTime:0.000135s ]
INFO: [ app_begin ] --START--
INFO: Run Behavior\ReadHtmlCacheBehavior [ RunTime:0.000295s ]
INFO: Run Behavior\CheckLangBehavior [ RunTime:0.001398s ]
INFO: [ app_begin ] --END-- [ RunTime:0.001857s ]

[ 2021-08-05T17:01:25+08:00 ] 219.131.241.88 /Admin/Login/index.html
INFO: [ app_init ] --START--
INFO: Run Behavior\BuildLiteBehavior [ RunTime:0.000022s ]
INFO: [ app_init ] --END-- [ RunTime:0.000124s ]
INFO: [ app_begin ] --START--
INFO: Run Behavior\ReadHtmlCacheBehavior [ RunTime:0.000291s ]
INFO: Run Behavior\CheckLangBehavior [ RunTime:0.001304s ]
INFO: [ app_begin ] --END-- [ RunTime:0.001759s ]
INFO: [ view_parse ] --START--
INFO: [ template_filter ] --START--
INFO: Run Behavior\ContentReplaceBehavior [ RunTime:0.000157s ]
INFO: [ template_filter ] --END-- [ RunTime:0.000262s ]
INFO: Run Behavior\ParseTemplateBehavior [ RunTime:0.006526s ]
INFO: [ view_parse ] --END-- [ RunTime:0.006631s ]
INFO: [ view_filter ] --START--
INFO: Run Behavior\WriteHtmlCacheBehavior [ RunTime:0.000282s ]
INFO: Run Behavior\TokenBuildBehavior [ RunTime:0.000437s ]
INFO: [ view_filter ] --END-- [ RunTime:0.000866s ]
INFO: [ app_end ] --START--
INFO: Run Behavior\ShowPageTraceBehavior [ RunTime:0.000286s ]
INFO: [ app_end ] --END-- [ RunTime:0.000381s ]

[ 2021-08-05T17:01:25+08:00 ] 219.131.241.88 /Admin/Login/verify.html
INFO: [ app_init ] --START--
INFO: Run Behavior\BuildLiteBehavior [ RunTime:0.000023s ]
INFO: [ app_init ] --END-- [ RunTime:0.000124s ]
INFO: [ app_begin ] --START--
INFO: Run Behavior\ReadHtmlCacheBehavior [ RunTime:0.000279s ]
INFO: Run Behavior\CheckLangBehavior [ RunTime:0.001305s ]
INFO: [ app_begin ] --END-- [ RunTime:0.001760s ]
INFO: [ app_end ] --START--
INFO: Run Behavior\ShowPageTraceBehavior [ RunTime:0.000296s ]
INFO: [ app_end ] --END-- [ RunTime:0.000404s ]

[ 2021-08-05T17:01:33+08:00 ] 219.131.241.88 /Admin/News/index.html
INFO: [ app_init ] --START--
INFO: Run Behavior\BuildLiteBehavior [ RunTime:0.000025s ]
INFO: [ app_init ] --END-- [ RunTime:0.000135s ]
INFO: [ app_begin ] --START--
INFO: Run Behavior\ReadHtmlCacheBehavior [ RunTime:0.000331s ]
INFO: Run Behavior\CheckLangBehavior [ RunTime:0.001494s ]
INFO: [ app_begin ] --END-- [ RunTime:0.001988s ]

[ 2021-08-05T17:01:33+08:00 ] 219.131.241.88 /Admin/Login/index.html
INFO: [ app_init ] --START--
INFO: Run Behavior\BuildLiteBehavior [ RunTime:0.000023s ]
INFO: [ app_init ] --END-- [ RunTime:0.000136s ]
INFO: [ app_begin ] --START--
INFO: Run Behavior\ReadHtmlCacheBehavior [ RunTime:0.000278s ]
INFO: Run Behavior\CheckLangBehavior [ RunTime:0.001394s ]
INFO: [ app_begin ] --END-- [ RunTime:0.001838s ]
INFO: [ view_parse ] --START--
INFO: [ template_filter ] --START--
INFO: Run Behavior\ContentReplaceBehavior [ RunTime:0.000217s ]
INFO: [ template_filter ] --END-- [ RunTime:0.000327s ]
INFO: Run Behavior\ParseTemplateBehavior [ RunTime:0.007005s ]
INFO: [ view_parse ] --END-- [ RunTime:0.007112s ]
INFO: [ view_filter ] --START--
INFO: Run Behavior\WriteHtmlCacheBehavior [ RunTime:0.000327s ]
INFO: Run Behavior\TokenBuildBehavior [ RunTime:0.000493s ]
INFO: [ view_filter ] --END-- [ RunTime:0.000971s ]
INFO: [ app_end ] --START--
INFO: Run Behavior\ShowPageTraceBehavior [ RunTime:0.000333s ]
INFO: [ app_end ] --END-- [ RunTime:0.000514s ]

[ 2021-08-05T17:01:33+08:00 ] 219.131.241.88 /Admin/Login/verify.html
INFO: [ app_init ] --START--
INFO: Run Behavior\BuildLiteBehavior [ RunTime:0.000023s ]
INFO: [ app_init ] --END-- [ RunTime:0.000126s ]
INFO: [ app_begin ] --START--
INFO: Run Behavior\ReadHtmlCacheBehavior [ RunTime:0.000291s ]
INFO: Run Behavior\CheckLangBehavior [ RunTime:0.001309s ]
INFO: [ app_begin ] --END-- [ RunTime:0.001763s ]
INFO: [ app_end ] --START--
INFO: Run Behavior\ShowPageTraceBehavior [ RunTime:0.000310s ]
INFO: [ app_end ] --END-- [ RunTime:0.000421s ]

[ 2021-08-05T17:01:43+08:00 ] 219.131.241.88 /Admin/Login/login.html
INFO: [ app_init ] --START--
INFO: Run Behavior\BuildLiteBehavior [ RunTime:0.000027s ]
INFO: [ app_init ] --END-- [ RunTime:0.000274s ]
INFO: [ app_begin ] --START--
INFO: Run Behavior\ReadHtmlCacheBehavior [ RunTime:0.000357s ]
INFO: Run Behavior\CheckLangBehavior [ RunTime:0.001563s ]
INFO: [ app_begin ] --END-- [ RunTime:0.002079s ]

[ 2021-08-05T17:01:43+08:00 ] 219.131.241.88 /Admin/Login/verify/1628154107080
INFO: [ app_init ] --START--
INFO: Run Behavior\BuildLiteBehavior [ RunTime:0.000023s ]
INFO: [ app_init ] --END-- [ RunTime:0.000127s ]
INFO: [ app_begin ] --START--
INFO: Run Behavior\ReadHtmlCacheBehavior [ RunTime:0.000279s ]
INFO: Run Behavior\CheckLangBehavior [ RunTime:0.001318s ]
INFO: [ app_begin ] --END-- [ RunTime:0.001761s ]
INFO: [ app_end ] --START--
INFO: Run Behavior\ShowPageTraceBehavior [ RunTime:0.000352s ]
INFO: [ app_end ] --END-- [ RunTime:0.000461s ]

[ 2021-08-05T17:01:48+08:00 ] 219.131.241.88 /Admin/Login/login.html
INFO: [ app_init ] --START--
INFO: Run Behavior\BuildLiteBehavior [ RunTime:0.000025s ]
INFO: [ app_init ] --END-- [ RunTime:0.000137s ]
INFO: [ app_begin ] --START--
INFO: Run Behavior\ReadHtmlCacheBehavior [ RunTime:0.000362s ]
INFO: Run Behavior\CheckLangBehavior [ RunTime:0.001485s ]
INFO: [ app_begin ] --END-- [ RunTime:0.001999s ]
SQL: SHOW COLUMNS FROM `hls_admin` [ RunTime:0.0014s ]
SQL: SELECT * FROM `hls_admin` WHERE `password` = '027b015ad5829f6831006722d14520c7af215f15f5460182f66d877fdb9b15c2' AND `username` = 'admin' LIMIT 1   [ RunTime:0.0007s ]
NOTIC: [8] A session had already been started - ignoring session_start() /home/www/hollandshow.cn/ThinkPHP/Common/functions.php 第 1263 行.

[ 2021-08-05T17:01:48+08:00 ] 219.131.241.88 /Admin/Login/verify/1628154112303
INFO: [ app_init ] --START--
INFO: Run Behavior\BuildLiteBehavior [ RunTime:0.000022s ]
INFO: [ app_init ] --END-- [ RunTime:0.000127s ]
INFO: [ app_begin ] --START--
INFO: Run Behavior\ReadHtmlCacheBehavior [ RunTime:0.000484s ]
INFO: Run Behavior\CheckLangBehavior [ RunTime:0.001429s ]
INFO: [ app_begin ] --END-- [ RunTime:0.002086s ]
INFO: [ app_end ] --START--
INFO: Run Behavior\ShowPageTraceBehavior [ RunTime:0.000351s ]
INFO: [ app_end ] --END-- [ RunTime:0.000460s ]

[ 2021-08-05T17:01:48+08:00 ] 219.131.241.88 /Admin/Login/logining.html
INFO: [ app_init ] --START--
INFO: Run Behavior\BuildLiteBehavior [ RunTime:0.000023s ]
INFO: [ app_init ] --END-- [ RunTime:0.000124s ]
INFO: [ app_begin ] --START--
INFO: Run Behavior\ReadHtmlCacheBehavior [ RunTime:0.000283s ]
INFO: Run Behavior\CheckLangBehavior [ RunTime:0.001324s ]
INFO: [ app_begin ] --END-- [ RunTime:0.001771s ]
INFO: [ view_parse ] --START--
INFO: [ template_filter ] --START--
INFO: Run Behavior\ContentReplaceBehavior [ RunTime:0.000097s ]
INFO: [ template_filter ] --END-- [ RunTime:0.000200s ]
INFO: Run Behavior\ParseTemplateBehavior [ RunTime:0.005468s ]
INFO: [ view_parse ] --END-- [ RunTime:0.005575s ]
INFO: [ view_filter ] --START--
INFO: Run Behavior\WriteHtmlCacheBehavior [ RunTime:0.000348s ]
INFO: Run Behavior\TokenBuildBehavior [ RunTime:0.000412s ]
INFO: [ view_filter ] --END-- [ RunTime:0.000906s ]
INFO: [ app_end ] --START--
INFO: Run Behavior\ShowPageTraceBehavior [ RunTime:0.000303s ]
INFO: [ app_end ] --END-- [ RunTime:0.000398s ]

[ 2021-08-05T17:01:49+08:00 ] 219.131.241.88 /Admin/Index/index.html
INFO: [ app_init ] --START--
INFO: Run Behavior\BuildLiteBehavior [ RunTime:0.000024s ]
INFO: [ app_init ] --END-- [ RunTime:0.000129s ]
INFO: [ app_begin ] --START--
INFO: Run Behavior\ReadHtmlCacheBehavior [ RunTime:0.000300s ]
INFO: Run Behavior\CheckLangBehavior [ RunTime:0.001331s ]
INFO: [ app_begin ] --END-- [ RunTime:0.001796s ]
INFO: [ view_parse ] --START--
INFO: [ template_filter ] --START--
INFO: Run Behavior\ContentReplaceBehavior [ RunTime:0.000291s ]
INFO: [ template_filter ] --END-- [ RunTime:0.000398s ]
NOTIC: [8] Undefined variable: title /home/www/hollandshow.cn/App/Runtime/Cache/Admin/9df924d9a2d217daa77a359c5bee0c33.php 第 4 行.
NOTIC: [8] Undefined variable: token /home/www/hollandshow.cn/App/Runtime/Cache/Admin/9df924d9a2d217daa77a359c5bee0c33.php 第 81 行.
NOTIC: [8] Undefined variable: exhibitor_count /home/www/hollandshow.cn/App/Runtime/Cache/Admin/9df924d9a2d217daa77a359c5bee0c33.php 第 199 行.
NOTIC: [8] Undefined variable: speakers_count /home/www/hollandshow.cn/App/Runtime/Cache/Admin/9df924d9a2d217daa77a359c5bee0c33.php 第 200 行.
NOTIC: [8] Undefined variable: session_count /home/www/hollandshow.cn/App/Runtime/Cache/Admin/9df924d9a2d217daa77a359c5bee0c33.php 第 201 行.
NOTIC: [8] Undefined variable: page_count /home/www/hollandshow.cn/App/Runtime/Cache/Admin/9df924d9a2d217daa77a359c5bee0c33.php 第 202 行.
NOTIC: [8] Undefined variable: user_count /home/www/hollandshow.cn/App/Runtime/Cache/Admin/9df924d9a2d217daa77a359c5bee0c33.php 第 203 行.
NOTIC: [8] Undefined variable: dynamic_count /home/www/hollandshow.cn/App/Runtime/Cache/Admin/9df924d9a2d217daa77a359c5bee0c33.php 第 204 行.
INFO: Run Behavior\ParseTemplateBehavior [ RunTime:0.017825s ]
INFO: [ view_parse ] --END-- [ RunTime:0.017928s ]
INFO: [ view_filter ] --START--
INFO: Run Behavior\WriteHtmlCacheBehavior [ RunTime:0.000291s ]
INFO: Run Behavior\TokenBuildBehavior [ RunTime:0.000620s ]
INFO: [ view_filter ] --END-- [ RunTime:0.001059s ]
INFO: [ app_end ] --START--
INFO: Run Behavior\ShowPageTraceBehavior [ RunTime:0.000299s ]
INFO: [ app_end ] --END-- [ RunTime:0.000403s ]

[ 2021-08-05T17:01:52+08:00 ] 219.131.241.88 /Admin/Active/index.html
INFO: [ app_init ] --START--
INFO: Run Behavior\BuildLiteBehavior [ RunTime:0.000025s ]
INFO: [ app_init ] --END-- [ RunTime:0.000135s ]
INFO: [ app_begin ] --START--
INFO: Run Behavior\ReadHtmlCacheBehavior [ RunTime:0.000349s ]
INFO: Run Behavior\CheckLangBehavior [ RunTime:0.001431s ]
INFO: [ app_begin ] --END-- [ RunTime:0.001942s ]
SQL: SHOW COLUMNS FROM `hls_active` [ RunTime:0.0015s ]
SQL: SELECT COUNT(*) AS tp_count FROM `hls_active` WHERE `deleted` IS NULL ORDER BY created desc LIMIT 1   [ RunTime:0.0010s ]
SQL: SELECT * FROM `hls_active` WHERE `deleted` IS NULL ORDER BY created desc LIMIT 0,10   [ RunTime:0.0011s ]
INFO: [ view_parse ] --START--
INFO: [ template_filter ] --START--
INFO: Run Behavior\ContentReplaceBehavior [ RunTime:0.000292s ]
INFO: [ template_filter ] --END-- [ RunTime:0.000402s ]
NOTIC: [8] Undefined variable: title /home/www/hollandshow.cn/App/Runtime/Cache/Admin/47176b6a3ee64f621e6cf2592528e4a2.php 第 4 行.
NOTIC: [8] Undefined variable: token /home/www/hollandshow.cn/App/Runtime/Cache/Admin/47176b6a3ee64f621e6cf2592528e4a2.php 第 81 行.
INFO: Run Behavior\ParseTemplateBehavior [ RunTime:0.024324s ]
INFO: [ view_parse ] --END-- [ RunTime:0.024431s ]
INFO: [ view_filter ] --START--
INFO: Run Behavior\WriteHtmlCacheBehavior [ RunTime:0.000352s ]
INFO: Run Behavior\TokenBuildBehavior [ RunTime:0.000825s ]
INFO: [ view_filter ] --END-- [ RunTime:0.001342s ]
INFO: [ app_end ] --START--
INFO: Run Behavior\ShowPageTraceBehavior [ RunTime:0.000348s ]
INFO: [ app_end ] --END-- [ RunTime:0.000452s ]

[ 2021-08-05T17:01:58+08:00 ] 219.131.241.88 /Admin/Street/index.html
INFO: [ app_init ] --START--
INFO: Run Behavior\BuildLiteBehavior [ RunTime:0.000024s ]
INFO: [ app_init ] --END-- [ RunTime:0.000135s ]
INFO: [ app_begin ] --START--
INFO: Run Behavior\ReadHtmlCacheBehavior [ RunTime:0.000332s ]
INFO: Run Behavior\CheckLangBehavior [ RunTime:0.001446s ]
INFO: [ app_begin ] --END-- [ RunTime:0.001941s ]
SQL: SHOW COLUMNS FROM `hls_street` [ RunTime:0.0012s ]
SQL: SELECT COUNT(*) AS tp_count FROM `hls_street` WHERE `deleted` IS NULL ORDER BY created desc LIMIT 1   [ RunTime:0.0006s ]
SQL: SELECT * FROM `hls_street` WHERE `deleted` IS NULL ORDER BY created desc LIMIT 0,10   [ RunTime:0.0004s ]
INFO: [ view_parse ] --START--
INFO: [ template_filter ] --START--
INFO: Run Behavior\ContentReplaceBehavior [ RunTime:0.000244s ]
INFO: [ template_filter ] --END-- [ RunTime:0.000348s ]
NOTIC: [8] Undefined variable: title /home/www/hollandshow.cn/App/Runtime/Cache/Admin/832fb47471ed2807e26fa1f5e4d8f9ea.php 第 4 行.
NOTIC: [8] Undefined variable: token /home/www/hollandshow.cn/App/Runtime/Cache/Admin/832fb47471ed2807e26fa1f5e4d8f9ea.php 第 81 行.
INFO: Run Behavior\ParseTemplateBehavior [ RunTime:0.018753s ]
INFO: [ view_parse ] --END-- [ RunTime:0.018858s ]
INFO: [ view_filter ] --START--
INFO: Run Behavior\WriteHtmlCacheBehavior [ RunTime:0.000337s ]
INFO: Run Behavior\TokenBuildBehavior [ RunTime:0.000717s ]
INFO: [ view_filter ] --END-- [ RunTime:0.001211s ]
INFO: [ app_end ] --START--
INFO: Run Behavior\ShowPageTraceBehavior [ RunTime:0.000345s ]
INFO: [ app_end ] --END-- [ RunTime:0.000447s ]

[ 2021-08-05T17:02:01+08:00 ] 219.131.241.88 /Admin/StreetHistory/index.html
INFO: [ app_init ] --START--
INFO: Run Behavior\BuildLiteBehavior [ RunTime:0.000025s ]
INFO: [ app_init ] --END-- [ RunTime:0.000134s ]
INFO: [ app_begin ] --START--
INFO: Run Behavior\ReadHtmlCacheBehavior [ RunTime:0.000348s ]
INFO: Run Behavior\CheckLangBehavior [ RunTime:0.001435s ]
INFO: [ app_begin ] --END-- [ RunTime:0.001948s ]
SQL: SHOW COLUMNS FROM `hls_street_history` [ RunTime:0.0016s ]
SQL: SHOW COLUMNS FROM `hls_street` [ RunTime:0.0009s ]
SQL: SHOW COLUMNS FROM `hls_street_history` [ RunTime:0.0012s ]
SQL: SELECT COUNT(*) AS tp_count FROM hls_street_history as a  LEFT JOIN hls_street as b ON a.street_id = b.id  WHERE a.deleted IS NULL LIMIT 1   [ RunTime:0.0012s ]
SQL: SELECT a.*,b.name as street_name FROM hls_street_history as a  LEFT JOIN hls_street as b ON a.street_id = b.id  WHERE a.deleted IS NULL ORDER BY created desc LIMIT 0,10   [ RunTime:0.0016s ]
SQL: SELECT * FROM `hls_street` WHERE `deleted` IS NULL ORDER BY created desc  [ RunTime:0.0002s ]
NOTIC: [8] Undefined variable: type /home/www/hollandshow.cn/App/Admin/Controller/StreetHistoryController.class.php 第 82 行.
INFO: [ view_parse ] --START--
INFO: [ template_filter ] --START--
INFO: Run Behavior\ContentReplaceBehavior [ RunTime:0.000312s ]
INFO: [ template_filter ] --END-- [ RunTime:0.000420s ]
NOTIC: [8] Undefined variable: title /home/www/hollandshow.cn/App/Runtime/Cache/Admin/c2167bff22a722d541037dc5613b1358.php 第 4 行.
NOTIC: [8] Undefined variable: token /home/www/hollandshow.cn/App/Runtime/Cache/Admin/c2167bff22a722d541037dc5613b1358.php 第 81 行.
INFO: Run Behavior\ParseTemplateBehavior [ RunTime:0.026503s ]
INFO: [ view_parse ] --END-- [ RunTime:0.026606s ]
INFO: [ view_filter ] --START--
INFO: Run Behavior\WriteHtmlCacheBehavior [ RunTime:0.000350s ]
INFO: Run Behavior\TokenBuildBehavior [ RunTime:0.000755s ]
INFO: [ view_filter ] --END-- [ RunTime:0.001258s ]
INFO: [ app_end ] --START--
INFO: Run Behavior\ShowPageTraceBehavior [ RunTime:0.000345s ]
INFO: [ app_end ] --END-- [ RunTime:0.000449s ]

[ 2021-08-05T17:02:03+08:00 ] 219.131.241.88 /Admin/News/index.html
INFO: [ app_init ] --START--
INFO: Run Behavior\BuildLiteBehavior [ RunTime:0.000028s ]
INFO: [ app_init ] --END-- [ RunTime:0.000191s ]
INFO: [ app_begin ] --START--
INFO: Run Behavior\ReadHtmlCacheBehavior [ RunTime:0.000302s ]
INFO: Run Behavior\CheckLangBehavior [ RunTime:0.001381s ]
INFO: [ app_begin ] --END-- [ RunTime:0.001854s ]
SQL: SHOW COLUMNS FROM `hls_news` [ RunTime:0.0014s ]
SQL: SELECT COUNT(*) AS tp_count FROM `hls_news` WHERE `deleted` IS NULL ORDER BY created desc LIMIT 1   [ RunTime:0.0014s ]
SQL: SELECT * FROM `hls_news` WHERE `deleted` IS NULL ORDER BY created desc LIMIT 0,10   [ RunTime:0.0020s ]
INFO: [ view_parse ] --START--
INFO: [ template_filter ] --START--
INFO: Run Behavior\ContentReplaceBehavior [ RunTime:0.000307s ]
INFO: [ template_filter ] --END-- [ RunTime:0.000421s ]
NOTIC: [8] Undefined variable: title /home/www/hollandshow.cn/App/Runtime/Cache/Admin/b447d5afee354d4ec2e25fe3ef9e762a.php 第 4 行.
NOTIC: [8] Undefined variable: token /home/www/hollandshow.cn/App/Runtime/Cache/Admin/b447d5afee354d4ec2e25fe3ef9e762a.php 第 81 行.
INFO: Run Behavior\ParseTemplateBehavior [ RunTime:0.024910s ]
INFO: [ view_parse ] --END-- [ RunTime:0.025026s ]
INFO: [ view_filter ] --START--
INFO: Run Behavior\WriteHtmlCacheBehavior [ RunTime:0.000290s ]
INFO: Run Behavior\TokenBuildBehavior [ RunTime:0.000841s ]
INFO: [ view_filter ] --END-- [ RunTime:0.001285s ]
INFO: [ app_end ] --START--
INFO: Run Behavior\ShowPageTraceBehavior [ RunTime:0.000300s ]
INFO: [ app_end ] --END-- [ RunTime:0.000405s ]

[ 2021-08-05T17:02:07+08:00 ] 219.131.241.88 /Admin/Slide/index.html
INFO: [ app_init ] --START--
INFO: Run Behavior\BuildLiteBehavior [ RunTime:0.000025s ]
INFO: [ app_init ] --END-- [ RunTime:0.000136s ]
INFO: [ app_begin ] --START--
INFO: Run Behavior\ReadHtmlCacheBehavior [ RunTime:0.000349s ]
INFO: Run Behavior\CheckLangBehavior [ RunTime:0.001412s ]
INFO: [ app_begin ] --END-- [ RunTime:0.001928s ]
SQL: SHOW COLUMNS FROM `hls_slide` [ RunTime:0.0012s ]
SQL: SELECT COUNT(*) AS tp_count FROM `hls_slide` WHERE `deleted` IS NULL ORDER BY created desc LIMIT 1   [ RunTime:0.0007s ]
SQL: SELECT * FROM `hls_slide` WHERE `deleted` IS NULL ORDER BY created desc LIMIT 0,10   [ RunTime:0.0006s ]
NOTIC: [8] Undefined variable: type /home/www/hollandshow.cn/App/Admin/Controller/SlideController.class.php 第 65 行.
INFO: [ view_parse ] --START--
INFO: [ template_filter ] --START--
INFO: Run Behavior\ContentReplaceBehavior [ RunTime:0.000277s ]
INFO: [ template_filter ] --END-- [ RunTime:0.000383s ]
NOTIC: [8] Undefined variable: title /home/www/hollandshow.cn/App/Runtime/Cache/Admin/d2065425f578ca6b2ecb69480924e82e.php 第 4 行.
NOTIC: [8] Undefined variable: token /home/www/hollandshow.cn/App/Runtime/Cache/Admin/d2065425f578ca6b2ecb69480924e82e.php 第 81 行.
INFO: Run Behavior\ParseTemplateBehavior [ RunTime:0.024325s ]
INFO: [ view_parse ] --END-- [ RunTime:0.024441s ]
INFO: [ view_filter ] --START--
INFO: Run Behavior\WriteHtmlCacheBehavior [ RunTime:0.000330s ]
INFO: Run Behavior\TokenBuildBehavior [ RunTime:0.000905s ]
INFO: [ view_filter ] --END-- [ RunTime:0.001391s ]
INFO: [ app_end ] --START--
INFO: Run Behavior\ShowPageTraceBehavior [ RunTime:0.000362s ]
INFO: [ app_end ] --END-- [ RunTime:0.000468s ]

[ 2021-08-05T17:02:09+08:00 ] 219.131.241.88 /Admin/Shop/index/type/cate.html
INFO: [ app_init ] --START--
INFO: Run Behavior\BuildLiteBehavior [ RunTime:0.000027s ]
INFO: [ app_init ] --END-- [ RunTime:0.000183s ]
INFO: [ app_begin ] --START--
INFO: Run Behavior\ReadHtmlCacheBehavior [ RunTime:0.000317s ]
INFO: Run Behavior\CheckLangBehavior [ RunTime:0.001383s ]
INFO: [ app_begin ] --END-- [ RunTime:0.001872s ]
SQL: SHOW COLUMNS FROM `hls_shop` [ RunTime:0.0019s ]
SQL: SHOW COLUMNS FROM `hls_street` [ RunTime:0.0010s ]
SQL: SHOW COLUMNS FROM `hls_shop` [ RunTime:0.0016s ]
SQL: SELECT COUNT(*) AS tp_count FROM hls_shop as a  LEFT JOIN hls_street as b ON a.street_id = b.id  WHERE a.deleted IS NULL AND a.type = 'cate' LIMIT 1   [ RunTime:0.0016s ]
SQL: SELECT a.*,b.name as street_name FROM hls_shop as a  LEFT JOIN hls_street as b ON a.street_id = b.id  WHERE a.deleted IS NULL AND a.type = 'cate' ORDER BY created desc LIMIT 0,10   [ RunTime:0.0016s ]
SQL: SELECT * FROM `hls_street` WHERE `deleted` IS NULL ORDER BY created desc  [ RunTime:0.0003s ]
INFO: [ view_parse ] --START--
INFO: [ template_filter ] --START--
INFO: Run Behavior\ContentReplaceBehavior [ RunTime:0.000348s ]
INFO: [ template_filter ] --END-- [ RunTime:0.000460s ]
NOTIC: [8] Undefined variable: title /home/www/hollandshow.cn/App/Runtime/Cache/Admin/d68ce727c8ebc1f81462aeabe3e52156.php 第 4 行.
NOTIC: [8] Undefined variable: token /home/www/hollandshow.cn/App/Runtime/Cache/Admin/d68ce727c8ebc1f81462aeabe3e52156.php 第 81 行.
INFO: Run Behavior\ParseTemplateBehavior [ RunTime:0.055601s ]
INFO: [ view_parse ] --END-- [ RunTime:0.055712s ]
INFO: [ view_filter ] --START--
INFO: Run Behavior\WriteHtmlCacheBehavior [ RunTime:0.000361s ]
INFO: Run Behavior\TokenBuildBehavior [ RunTime:0.001045s ]
INFO: [ view_filter ] --END-- [ RunTime:0.001565s ]
INFO: [ app_end ] --START--
INFO: Run Behavior\ShowPageTraceBehavior [ RunTime:0.000354s ]
INFO: [ app_end ] --END-- [ RunTime:0.000459s ]

[ 2021-08-05T17:02:10+08:00 ] 219.131.241.88 /Admin/Posts/index.html
INFO: [ app_init ] --START--
INFO: Run Behavior\BuildLiteBehavior [ RunTime:0.000025s ]
INFO: [ app_init ] --END-- [ RunTime:0.000134s ]
INFO: [ app_begin ] --START--
INFO: Run Behavior\ReadHtmlCacheBehavior [ RunTime:0.000327s ]
INFO: Run Behavior\CheckLangBehavior [ RunTime:0.001422s ]
INFO: [ app_begin ] --END-- [ RunTime:0.001912s ]
SQL: SHOW COLUMNS FROM `hls_posts` [ RunTime:0.0018s ]
SQL: SHOW COLUMNS FROM `hls_street` [ RunTime:0.0009s ]
SQL: SHOW COLUMNS FROM `hls_posts` [ RunTime:0.0015s ]
SQL: SELECT COUNT(*) AS tp_count FROM hls_posts as a  LEFT JOIN hls_street as b ON a.street_id = b.id  WHERE a.deleted IS NULL LIMIT 1   [ RunTime:0.0013s ]
SQL: SELECT a.*,b.name as street_name FROM hls_posts as a  LEFT JOIN hls_street as b ON a.street_id = b.id  WHERE a.deleted IS NULL ORDER BY a.created desc LIMIT 0,10   [ RunTime:0.0013s ]
SQL: SELECT * FROM `hls_street` WHERE `deleted` IS NULL ORDER BY created desc  [ RunTime:0.0002s ]
NOTIC: [8] Undefined variable: type /home/www/hollandshow.cn/App/Admin/Controller/PostsController.class.php 第 80 行.
INFO: [ view_parse ] --START--
INFO: [ template_filter ] --START--
INFO: Run Behavior\ContentReplaceBehavior [ RunTime:0.000297s ]
INFO: [ template_filter ] --END-- [ RunTime:0.000417s ]
NOTIC: [8] Undefined variable: title /home/www/hollandshow.cn/App/Runtime/Cache/Admin/5e72f93f8795a1bb9aa4179a288eec97.php 第 4 行.
NOTIC: [8] Undefined variable: token /home/www/hollandshow.cn/App/Runtime/Cache/Admin/5e72f93f8795a1bb9aa4179a288eec97.php 第 81 行.
INFO: Run Behavior\ParseTemplateBehavior [ RunTime:0.026937s ]
INFO: [ view_parse ] --END-- [ RunTime:0.027041s ]
INFO: [ view_filter ] --START--
INFO: Run Behavior\WriteHtmlCacheBehavior [ RunTime:0.000336s ]
INFO: Run Behavior\TokenBuildBehavior [ RunTime:0.000845s ]
INFO: [ view_filter ] --END-- [ RunTime:0.001344s ]
INFO: [ app_end ] --START--
INFO: Run Behavior\ShowPageTraceBehavior [ RunTime:0.000362s ]
INFO: [ app_end ] --END-- [ RunTime:0.000467s ]

[ 2021-08-05T17:02:13+08:00 ] 219.131.241.88 /Admin/Admin/index.html
INFO: [ app_init ] --START--
INFO: Run Behavior\BuildLiteBehavior [ RunTime:0.000024s ]
INFO: [ app_init ] --END-- [ RunTime:0.000136s ]
INFO: [ app_begin ] --START--
INFO: Run Behavior\ReadHtmlCacheBehavior [ RunTime:0.000343s ]
INFO: Run Behavior\CheckLangBehavior [ RunTime:0.001405s ]
INFO: [ app_begin ] --END-- [ RunTime:0.001912s ]
SQL: SHOW COLUMNS FROM `hls_admin` [ RunTime:0.0012s ]
SQL: SELECT COUNT(*) AS tp_count FROM `hls_admin` WHERE `deleted` IS NULL LIMIT 1   [ RunTime:0.0004s ]
SQL: SELECT * FROM `hls_admin` WHERE `deleted` IS NULL ORDER BY id desc LIMIT 0,10   [ RunTime:0.0004s ]
INFO: [ view_parse ] --START--
INFO: [ template_filter ] --START--
INFO: Run Behavior\ContentReplaceBehavior [ RunTime:0.000247s ]
INFO: [ template_filter ] --END-- [ RunTime:0.000359s ]
NOTIC: [8] Undefined variable: title /home/www/hollandshow.cn/App/Runtime/Cache/Admin/7d5bae8f2106a04379ef690681e93072.php 第 4 行.
NOTIC: [8] Undefined variable: token /home/www/hollandshow.cn/App/Runtime/Cache/Admin/7d5bae8f2106a04379ef690681e93072.php 第 81 行.
NOTIC: [8] Undefined variable: ext_user /home/www/hollandshow.cn/App/Runtime/Cache/Admin/7d5bae8f2106a04379ef690681e93072.php 第 158 行.
NOTIC: [8] Undefined variable: ext_user /home/www/hollandshow.cn/App/Runtime/Cache/Admin/7d5bae8f2106a04379ef690681e93072.php 第 186 行.
NOTIC: [8] Undefined variable: ext_user /home/www/hollandshow.cn/App/Runtime/Cache/Admin/7d5bae8f2106a04379ef690681e93072.php 第 186 行.
INFO: Run Behavior\ParseTemplateBehavior [ RunTime:0.019933s ]
INFO: [ view_parse ] --END-- [ RunTime:0.020040s ]
INFO: [ view_filter ] --START--
INFO: Run Behavior\WriteHtmlCacheBehavior [ RunTime:0.000393s ]
INFO: Run Behavior\TokenBuildBehavior [ RunTime:0.000524s ]
INFO: [ view_filter ] --END-- [ RunTime:0.001069s ]
INFO: [ app_end ] --START--
INFO: Run Behavior\ShowPageTraceBehavior [ RunTime:0.000338s ]
INFO: [ app_end ] --END-- [ RunTime:0.000453s ]

[ 2021-08-05T17:09:28+08:00 ] 219.131.241.88 /Admin/News/index.html
INFO: [ app_init ] --START--
INFO: Run Behavior\BuildLiteBehavior [ RunTime:0.000029s ]
INFO: [ app_init ] --END-- [ RunTime:0.000186s ]
INFO: [ app_begin ] --START--
INFO: Run Behavior\ReadHtmlCacheBehavior [ RunTime:0.000355s ]
INFO: Run Behavior\CheckLangBehavior [ RunTime:0.001466s ]
INFO: [ app_begin ] --END-- [ RunTime:0.002002s ]
SQL: SHOW COLUMNS FROM `hls_news` [ RunTime:0.0015s ]
SQL: SELECT COUNT(*) AS tp_count FROM `hls_news` WHERE `deleted` IS NULL ORDER BY created desc LIMIT 1   [ RunTime:0.0003s ]
SQL: SELECT * FROM `hls_news` WHERE `deleted` IS NULL ORDER BY created desc LIMIT 0,10   [ RunTime:0.0008s ]
INFO: [ view_parse ] --START--
INFO: [ template_filter ] --START--
INFO: Run Behavior\ContentReplaceBehavior [ RunTime:0.000307s ]
INFO: [ template_filter ] --END-- [ RunTime:0.000434s ]
NOTIC: [8] Undefined variable: title /home/www/hollandshow.cn/App/Runtime/Cache/Admin/b447d5afee354d4ec2e25fe3ef9e762a.php 第 4 行.
NOTIC: [8] Undefined variable: token /home/www/hollandshow.cn/App/Runtime/Cache/Admin/b447d5afee354d4ec2e25fe3ef9e762a.php 第 81 行.
INFO: Run Behavior\ParseTemplateBehavior [ RunTime:0.025622s ]
INFO: [ view_parse ] --END-- [ RunTime:0.025732s ]
INFO: [ view_filter ] --START--
INFO: Run Behavior\WriteHtmlCacheBehavior [ RunTime:0.000341s ]
INFO: Run Behavior\TokenBuildBehavior [ RunTime:0.000873s ]
INFO: [ view_filter ] --END-- [ RunTime:0.001370s ]
INFO: [ app_end ] --START--
INFO: Run Behavior\ShowPageTraceBehavior [ RunTime:0.000365s ]
INFO: [ app_end ] --END-- [ RunTime:0.000472s ]

[ 2021-08-05T17:16:43+08:00 ] 219.131.241.88 /Admin/News/edit/id/36.html
INFO: [ app_init ] --START--
INFO: Run Behavior\BuildLiteBehavior [ RunTime:0.000026s ]
INFO: [ app_init ] --END-- [ RunTime:0.000137s ]
INFO: [ app_begin ] --START--
INFO: Run Behavior\ReadHtmlCacheBehavior [ RunTime:0.000330s ]
INFO: Run Behavior\CheckLangBehavior [ RunTime:0.001446s ]
INFO: [ app_begin ] --END-- [ RunTime:0.001939s ]
SQL: SHOW COLUMNS FROM `hls_news` [ RunTime:0.0014s ]
SQL: SELECT * FROM `hls_news` WHERE `id` = 36 LIMIT 1   [ RunTime:0.0004s ]
NOTIC: [8] Undefined variable: images /home/www/hollandshow.cn/App/Admin/Controller/NewsController.class.php 第 120 行.
INFO: [ view_parse ] --START--
INFO: [ template_filter ] --START--
INFO: Run Behavior\ContentReplaceBehavior [ RunTime:0.000432s ]
INFO: [ template_filter ] --END-- [ RunTime:0.000542s ]
NOTIC: [8] Undefined variable: title /home/www/hollandshow.cn/App/Runtime/Cache/Admin/8b404c3a8cc1b6a384374147d3e233ee.php 第 4 行.
NOTIC: [8] Undefined variable: token /home/www/hollandshow.cn/App/Runtime/Cache/Admin/8b404c3a8cc1b6a384374147d3e233ee.php 第 81 行.
NOTIC: [8] Undefined index: other /home/www/hollandshow.cn/App/Runtime/Cache/Admin/8b404c3a8cc1b6a384374147d3e233ee.php 第 209 行.
INFO: Run Behavior\ParseTemplateBehavior [ RunTime:0.024580s ]
INFO: [ view_parse ] --END-- [ RunTime:0.024689s ]
INFO: [ view_filter ] --START--
INFO: Run Behavior\WriteHtmlCacheBehavior [ RunTime:0.000335s ]
INFO: Run Behavior\TokenBuildBehavior [ RunTime:0.000939s ]
INFO: [ view_filter ] --END-- [ RunTime:0.001430s ]
INFO: [ app_end ] --START--
INFO: Run Behavior\ShowPageTraceBehavior [ RunTime:0.000404s ]
INFO: [ app_end ] --END-- [ RunTime:0.000511s ]

[ 2021-08-05T17:36:51+08:00 ] 219.131.241.88 /Admin/Posts/index.html
INFO: [ app_init ] --START--
INFO: Run Behavior\BuildLiteBehavior [ RunTime:0.000025s ]
INFO: [ app_init ] --END-- [ RunTime:0.000136s ]
INFO: [ app_begin ] --START--
INFO: Run Behavior\ReadHtmlCacheBehavior [ RunTime:0.000331s ]
INFO: Run Behavior\CheckLangBehavior [ RunTime:0.001431s ]
INFO: [ app_begin ] --END-- [ RunTime:0.001925s ]
SQL: SHOW COLUMNS FROM `hls_posts` [ RunTime:0.0018s ]
SQL: SHOW COLUMNS FROM `hls_street` [ RunTime:0.0009s ]
SQL: SHOW COLUMNS FROM `hls_posts` [ RunTime:0.0015s ]
SQL: SELECT COUNT(*) AS tp_count FROM hls_posts as a  LEFT JOIN hls_street as b ON a.street_id = b.id  WHERE a.deleted IS NULL LIMIT 1   [ RunTime:0.0003s ]
SQL: SELECT a.*,b.name as street_name FROM hls_posts as a  LEFT JOIN hls_street as b ON a.street_id = b.id  WHERE a.deleted IS NULL ORDER BY a.created desc LIMIT 0,10   [ RunTime:0.0006s ]
SQL: SELECT * FROM `hls_street` WHERE `deleted` IS NULL ORDER BY created desc  [ RunTime:0.0003s ]
NOTIC: [8] Undefined variable: type /home/www/hollandshow.cn/App/Admin/Controller/PostsController.class.php 第 80 行.
INFO: [ view_parse ] --START--
INFO: [ template_filter ] --START--
INFO: Run Behavior\ContentReplaceBehavior [ RunTime:0.000301s ]
INFO: [ template_filter ] --END-- [ RunTime:0.000410s ]
NOTIC: [8] Undefined variable: title /home/www/hollandshow.cn/App/Runtime/Cache/Admin/5e72f93f8795a1bb9aa4179a288eec97.php 第 4 行.
NOTIC: [8] Undefined variable: token /home/www/hollandshow.cn/App/Runtime/Cache/Admin/5e72f93f8795a1bb9aa4179a288eec97.php 第 81 行.
INFO: Run Behavior\ParseTemplateBehavior [ RunTime:0.026876s ]
INFO: [ view_parse ] --END-- [ RunTime:0.026979s ]
INFO: [ view_filter ] --START--
INFO: Run Behavior\WriteHtmlCacheBehavior [ RunTime:0.000349s ]
INFO: Run Behavior\TokenBuildBehavior [ RunTime:0.000824s ]
INFO: [ view_filter ] --END-- [ RunTime:0.001331s ]
INFO: [ app_end ] --START--
INFO: Run Behavior\ShowPageTraceBehavior [ RunTime:0.000347s ]
INFO: [ app_end ] --END-- [ RunTime:0.000452s ]

[ 2021-08-05T17:36:55+08:00 ] 219.131.241.88 /Admin/Posts/edit/id/35.html
INFO: [ app_init ] --START--
INFO: Run Behavior\BuildLiteBehavior [ RunTime:0.000025s ]
INFO: [ app_init ] --END-- [ RunTime:0.000140s ]
INFO: [ app_begin ] --START--
INFO: Run Behavior\ReadHtmlCacheBehavior [ RunTime:0.000335s ]
INFO: Run Behavior\CheckLangBehavior [ RunTime:0.001440s ]
INFO: [ app_begin ] --END-- [ RunTime:0.001957s ]
SQL: SHOW COLUMNS FROM `hls_posts` [ RunTime:0.0018s ]
SQL: SHOW COLUMNS FROM `hls_street` [ RunTime:0.0009s ]
SQL: SELECT * FROM `hls_posts` WHERE `id` = 35 LIMIT 1   [ RunTime:0.0006s ]
SQL: SELECT * FROM `hls_street` WHERE `deleted` IS NULL ORDER BY created desc  [ RunTime:0.0003s ]
NOTIC: [8] Undefined variable: images /home/www/hollandshow.cn/App/Admin/Controller/PostsController.class.php 第 155 行.
INFO: [ view_parse ] --START--
INFO: [ template_filter ] --START--
INFO: Run Behavior\ContentReplaceBehavior [ RunTime:0.000465s ]
INFO: [ template_filter ] --END-- [ RunTime:0.000574s ]
NOTIC: [8] Undefined variable: title /home/www/hollandshow.cn/App/Runtime/Cache/Admin/5342e398bf4fb39920b5a745447398e2.php 第 4 行.
NOTIC: [8] Undefined variable: token /home/www/hollandshow.cn/App/Runtime/Cache/Admin/5342e398bf4fb39920b5a745447398e2.php 第 81 行.
INFO: Run Behavior\ParseTemplateBehavior [ RunTime:0.028101s ]
INFO: [ view_parse ] --END-- [ RunTime:0.028206s ]
INFO: [ view_filter ] --START--
INFO: Run Behavior\WriteHtmlCacheBehavior [ RunTime:0.000337s ]
INFO: Run Behavior\TokenBuildBehavior [ RunTime:0.000850s ]
INFO: [ view_filter ] --END-- [ RunTime:0.001342s ]
INFO: [ app_end ] --START--
INFO: Run Behavior\ShowPageTraceBehavior [ RunTime:0.000346s ]
INFO: [ app_end ] --END-- [ RunTime:0.000451s ]

[ 2021-08-05T17:37:11+08:00 ] 219.131.241.88 /Admin/Active/index.html
INFO: [ app_init ] --START--
INFO: Run Behavior\BuildLiteBehavior [ RunTime:0.000025s ]
INFO: [ app_init ] --END-- [ RunTime:0.000135s ]
INFO: [ app_begin ] --START--
INFO: Run Behavior\ReadHtmlCacheBehavior [ RunTime:0.000352s ]
INFO: Run Behavior\CheckLangBehavior [ RunTime:0.001438s ]
INFO: [ app_begin ] --END-- [ RunTime:0.001953s ]
SQL: SHOW COLUMNS FROM `hls_active` [ RunTime:0.0016s ]
SQL: SELECT COUNT(*) AS tp_count FROM `hls_active` WHERE `deleted` IS NULL ORDER BY created desc LIMIT 1   [ RunTime:0.0003s ]
SQL: SELECT * FROM `hls_active` WHERE `deleted` IS NULL ORDER BY created desc LIMIT 0,10   [ RunTime:0.0004s ]
INFO: [ view_parse ] --START--
INFO: [ template_filter ] --START--
INFO: Run Behavior\ContentReplaceBehavior [ RunTime:0.000291s ]
INFO: [ template_filter ] --END-- [ RunTime:0.000399s ]
NOTIC: [8] Undefined variable: title /home/www/hollandshow.cn/App/Runtime/Cache/Admin/47176b6a3ee64f621e6cf2592528e4a2.php 第 4 行.
NOTIC: [8] Undefined variable: token /home/www/hollandshow.cn/App/Runtime/Cache/Admin/47176b6a3ee64f621e6cf2592528e4a2.php 第 81 行.
INFO: Run Behavior\ParseTemplateBehavior [ RunTime:0.024277s ]
INFO: [ view_parse ] --END-- [ RunTime:0.024383s ]
INFO: [ view_filter ] --START--
INFO: Run Behavior\WriteHtmlCacheBehavior [ RunTime:0.000351s ]
INFO: Run Behavior\TokenBuildBehavior [ RunTime:0.000899s ]
INFO: [ view_filter ] --END-- [ RunTime:0.001409s ]
INFO: [ app_end ] --START--
INFO: Run Behavior\ShowPageTraceBehavior [ RunTime:0.000358s ]
INFO: [ app_end ] --END-- [ RunTime:0.000464s ]

[ 2021-08-05T17:37:15+08:00 ] 219.131.241.88 /Admin/Active/edit/id/35.html
INFO: [ app_init ] --START--
INFO: Run Behavior\BuildLiteBehavior [ RunTime:0.000024s ]
INFO: [ app_init ] --END-- [ RunTime:0.000129s ]
INFO: [ app_begin ] --START--
INFO: Run Behavior\ReadHtmlCacheBehavior [ RunTime:0.000345s ]
INFO: Run Behavior\CheckLangBehavior [ RunTime:0.001431s ]
INFO: [ app_begin ] --END-- [ RunTime:0.001940s ]
SQL: SHOW COLUMNS FROM `hls_active` [ RunTime:0.0017s ]
SQL: SELECT * FROM `hls_active` WHERE `id` = 35 LIMIT 1   [ RunTime:0.0004s ]
SQL: SHOW COLUMNS FROM `hls_files` [ RunTime:0.0009s ]
SQL: SELECT `save_path`,`extension` FROM `hls_files` WHERE ( id=338 ) LIMIT 1   [ RunTime:0.0002s ]
INFO: [ view_parse ] --START--
INFO: [ template_filter ] --START--
INFO: Run Behavior\ContentReplaceBehavior [ RunTime:0.000463s ]
INFO: [ template_filter ] --END-- [ RunTime:0.000572s ]
NOTIC: [8] Undefined variable: title /home/www/hollandshow.cn/App/Runtime/Cache/Admin/a1b92b5917238b56a7666e8c23bd26f5.php 第 4 行.
NOTIC: [8] Undefined variable: token /home/www/hollandshow.cn/App/Runtime/Cache/Admin/a1b92b5917238b56a7666e8c23bd26f5.php 第 81 行.
INFO: Run Behavior\ParseTemplateBehavior [ RunTime:0.028185s ]
INFO: [ view_parse ] --END-- [ RunTime:0.028307s ]
INFO: [ view_filter ] --START--
INFO: Run Behavior\WriteHtmlCacheBehavior [ RunTime:0.000333s ]
INFO: Run Behavior\TokenBuildBehavior [ RunTime:0.000944s ]
INFO: [ view_filter ] --END-- [ RunTime:0.001429s ]
INFO: [ app_end ] --START--
INFO: Run Behavior\ShowPageTraceBehavior [ RunTime:0.000343s ]
INFO: [ app_end ] --END-- [ RunTime:0.000448s ]

