[ 2021-06-29T11:53:26+08:00 ] 125.89.50.219 /Admin/Login/index.html
INFO: [ app_init ] --START--
INFO: Run Behavior\BuildLiteBehavior [ RunTime:0.000030s ]
INFO: [ app_init ] --END-- [ RunTime:0.000268s ]
INFO: [ app_begin ] --START--
INFO: Run Behavior\ReadHtmlCacheBehavior [ RunTime:0.000359s ]
INFO: Run Behavior\CheckLangBehavior [ RunTime:0.001542s ]
INFO: [ app_begin ] --END-- [ RunTime:0.002108s ]
INFO: [ view_parse ] --START--
INFO: [ template_filter ] --START--
INFO: Run Behavior\ContentReplaceBehavior [ RunTime:0.000175s ]
INFO: [ template_filter ] --END-- [ RunTime:0.000287s ]
INFO: Run Behavior\ParseTemplateBehavior [ RunTime:0.007783s ]
INFO: [ view_parse ] --END-- [ RunTime:0.007896s ]
INFO: [ view_filter ] --START--
INFO: Run Behavior\WriteHtmlCacheBehavior [ RunTime:0.000348s ]
INFO: Run Behavior\TokenBuildBehavior [ RunTime:0.000512s ]
INFO: [ view_filter ] --END-- [ RunTime:0.001010s ]
INFO: [ app_end ] --START--
INFO: Run Behavior\ShowPageTraceBehavior [ RunTime:0.000428s ]
INFO: [ app_end ] --END-- [ RunTime:0.000528s ]

[ 2021-06-29T11:53:26+08:00 ] 125.89.50.219 /Admin/Login/verify.html
INFO: [ app_init ] --START--
INFO: Run Behavior\BuildLiteBehavior [ RunTime:0.000024s ]
INFO: [ app_init ] --END-- [ RunTime:0.000136s ]
INFO: [ app_begin ] --START--
INFO: Run Behavior\ReadHtmlCacheBehavior [ RunTime:0.000283s ]
INFO: Run Behavior\CheckLangBehavior [ RunTime:0.001353s ]
INFO: [ app_begin ] --END-- [ RunTime:0.001803s ]
INFO: [ app_end ] --START--
INFO: Run Behavior\ShowPageTraceBehavior [ RunTime:0.000301s ]
INFO: [ app_end ] --END-- [ RunTime:0.000409s ]

[ 2021-06-29T11:53:28+08:00 ] 125.89.50.219 /Admin/Login/verify/1624938805822
INFO: [ app_init ] --START--
INFO: Run Behavior\BuildLiteBehavior [ RunTime:0.000025s ]
INFO: [ app_init ] --END-- [ RunTime:0.000146s ]
INFO: [ app_begin ] --START--
INFO: Run Behavior\ReadHtmlCacheBehavior [ RunTime:0.000285s ]
INFO: Run Behavior\CheckLangBehavior [ RunTime:0.001350s ]
INFO: [ app_begin ] --END-- [ RunTime:0.001802s ]
INFO: [ app_end ] --START--
INFO: Run Behavior\ShowPageTraceBehavior [ RunTime:0.000302s ]
INFO: [ app_end ] --END-- [ RunTime:0.000411s ]

[ 2021-06-29T11:53:29+08:00 ] 125.89.50.219 /Admin/Login/verify/1624938806854
INFO: [ app_init ] --START--
INFO: Run Behavior\BuildLiteBehavior [ RunTime:0.000025s ]
INFO: [ app_init ] --END-- [ RunTime:0.000135s ]
INFO: [ app_begin ] --START--
INFO: Run Behavior\ReadHtmlCacheBehavior [ RunTime:0.000333s ]
INFO: Run Behavior\CheckLangBehavior [ RunTime:0.001431s ]
INFO: [ app_begin ] --END-- [ RunTime:0.001930s ]
INFO: [ app_end ] --START--
INFO: Run Behavior\ShowPageTraceBehavior [ RunTime:0.000349s ]
INFO: [ app_end ] --END-- [ RunTime:0.000455s ]

[ 2021-06-29T11:56:39+08:00 ] 180.163.220.67 /Admin/Login/index.html
INFO: [ app_init ] --START--
INFO: Run Behavior\BuildLiteBehavior [ RunTime:0.000028s ]
INFO: [ app_init ] --END-- [ RunTime:0.000186s ]
INFO: [ app_begin ] --START--
INFO: Run Behavior\ReadHtmlCacheBehavior [ RunTime:0.000347s ]
INFO: Run Behavior\CheckLangBehavior [ RunTime:0.001467s ]
INFO: [ app_begin ] --END-- [ RunTime:0.001990s ]
INFO: [ view_parse ] --START--
INFO: [ template_filter ] --START--
INFO: Run Behavior\ContentReplaceBehavior [ RunTime:0.000182s ]
INFO: [ template_filter ] --END-- [ RunTime:0.000288s ]
INFO: Run Behavior\ParseTemplateBehavior [ RunTime:0.007642s ]
INFO: [ view_parse ] --END-- [ RunTime:0.007756s ]
INFO: [ view_filter ] --START--
INFO: Run Behavior\WriteHtmlCacheBehavior [ RunTime:0.000362s ]
INFO: Run Behavior\TokenBuildBehavior [ RunTime:0.000527s ]
INFO: [ view_filter ] --END-- [ RunTime:0.001041s ]
INFO: [ app_end ] --START--
INFO: Run Behavior\ShowPageTraceBehavior [ RunTime:0.000412s ]
INFO: [ app_end ] --END-- [ RunTime:0.000512s ]

[ 2021-06-29T11:56:39+08:00 ] 180.163.220.67 /Admin/Login/verify.html
INFO: [ app_init ] --START--
INFO: Run Behavior\BuildLiteBehavior [ RunTime:0.000024s ]
INFO: [ app_init ] --END-- [ RunTime:0.000130s ]
INFO: [ app_begin ] --START--
INFO: Run Behavior\ReadHtmlCacheBehavior [ RunTime:0.000287s ]
INFO: Run Behavior\CheckLangBehavior [ RunTime:0.001314s ]
INFO: [ app_begin ] --END-- [ RunTime:0.001763s ]
INFO: [ app_end ] --START--
INFO: Run Behavior\ShowPageTraceBehavior [ RunTime:0.000304s ]
INFO: [ app_end ] --END-- [ RunTime:0.000413s ]

[ 2021-06-29T12:05:30+08:00 ] 125.89.50.219 /Admin/Index/index.html
INFO: [ app_init ] --START--
INFO: Run Behavior\BuildLiteBehavior [ RunTime:0.000025s ]
INFO: [ app_init ] --END-- [ RunTime:0.000181s ]
INFO: [ app_begin ] --START--
INFO: Run Behavior\ReadHtmlCacheBehavior [ RunTime:0.002157s ]
INFO: Run Behavior\CheckLangBehavior [ RunTime:0.003562s ]
INFO: [ app_begin ] --END-- [ RunTime:0.005893s ]

[ 2021-06-29T12:05:30+08:00 ] 125.89.50.219 /Admin/Login/index.html
INFO: [ app_init ] --START--
INFO: Run Behavior\BuildLiteBehavior [ RunTime:0.000022s ]
INFO: [ app_init ] --END-- [ RunTime:0.000124s ]
INFO: [ app_begin ] --START--
INFO: Run Behavior\ReadHtmlCacheBehavior [ RunTime:0.000283s ]
INFO: Run Behavior\CheckLangBehavior [ RunTime:0.001332s ]
INFO: [ app_begin ] --END-- [ RunTime:0.001779s ]
INFO: [ view_parse ] --START--
INFO: [ template_filter ] --START--
INFO: Run Behavior\ContentReplaceBehavior [ RunTime:0.000181s ]
INFO: [ template_filter ] --END-- [ RunTime:0.000290s ]
INFO: Run Behavior\ParseTemplateBehavior [ RunTime:0.023649s ]
INFO: [ view_parse ] --END-- [ RunTime:0.023757s ]
INFO: [ view_filter ] --START--
INFO: Run Behavior\WriteHtmlCacheBehavior [ RunTime:0.000826s ]
INFO: Run Behavior\TokenBuildBehavior [ RunTime:0.001496s ]
INFO: [ view_filter ] --END-- [ RunTime:0.002497s ]
INFO: [ app_end ] --START--
INFO: Run Behavior\ShowPageTraceBehavior [ RunTime:0.002336s ]
INFO: [ app_end ] --END-- [ RunTime:0.002453s ]

[ 2021-06-29T12:05:31+08:00 ] 125.89.50.219 /Admin/Login/verify.html
INFO: [ app_init ] --START--
INFO: Run Behavior\BuildLiteBehavior [ RunTime:0.000028s ]
INFO: [ app_init ] --END-- [ RunTime:0.000183s ]
INFO: [ app_begin ] --START--
INFO: Run Behavior\ReadHtmlCacheBehavior [ RunTime:0.000290s ]
INFO: Run Behavior\CheckLangBehavior [ RunTime:0.001408s ]
INFO: [ app_begin ] --END-- [ RunTime:0.001914s ]
INFO: [ app_end ] --START--
INFO: Run Behavior\ShowPageTraceBehavior [ RunTime:0.000304s ]
INFO: [ app_end ] --END-- [ RunTime:0.000414s ]

[ 2021-06-29T12:50:46+08:00 ] 125.89.50.219 /Admin
INFO: [ app_init ] --START--
INFO: Run Behavior\BuildLiteBehavior [ RunTime:0.000024s ]
INFO: [ app_init ] --END-- [ RunTime:0.000142s ]
INFO: [ app_begin ] --START--
INFO: Run Behavior\ReadHtmlCacheBehavior [ RunTime:0.002121s ]
INFO: Run Behavior\CheckLangBehavior [ RunTime:0.003327s ]
INFO: [ app_begin ] --END-- [ RunTime:0.005636s ]

[ 2021-06-29T12:50:46+08:00 ] 125.89.50.219 /Admin/Login/index.html
INFO: [ app_init ] --START--
INFO: Run Behavior\BuildLiteBehavior [ RunTime:0.000022s ]
INFO: [ app_init ] --END-- [ RunTime:0.000125s ]
INFO: [ app_begin ] --START--
INFO: Run Behavior\ReadHtmlCacheBehavior [ RunTime:0.000286s ]
INFO: Run Behavior\CheckLangBehavior [ RunTime:0.001344s ]
INFO: [ app_begin ] --END-- [ RunTime:0.001795s ]
INFO: [ view_parse ] --START--
INFO: [ template_filter ] --START--
INFO: Run Behavior\ContentReplaceBehavior [ RunTime:0.000160s ]
INFO: [ template_filter ] --END-- [ RunTime:0.000267s ]
INFO: Run Behavior\ParseTemplateBehavior [ RunTime:0.023557s ]
INFO: [ view_parse ] --END-- [ RunTime:0.023664s ]
INFO: [ view_filter ] --START--
INFO: Run Behavior\WriteHtmlCacheBehavior [ RunTime:0.000821s ]
INFO: Run Behavior\TokenBuildBehavior [ RunTime:0.001444s ]
INFO: [ view_filter ] --END-- [ RunTime:0.002422s ]
INFO: [ app_end ] --START--
INFO: Run Behavior\ShowPageTraceBehavior [ RunTime:0.002428s ]
INFO: [ app_end ] --END-- [ RunTime:0.002532s ]

[ 2021-06-29T12:50:46+08:00 ] 125.89.50.219 /Admin/Login/verify.html
INFO: [ app_init ] --START--
INFO: Run Behavior\BuildLiteBehavior [ RunTime:0.000022s ]
INFO: [ app_init ] --END-- [ RunTime:0.000124s ]
INFO: [ app_begin ] --START--
INFO: Run Behavior\ReadHtmlCacheBehavior [ RunTime:0.000286s ]
INFO: Run Behavior\CheckLangBehavior [ RunTime:0.001333s ]
INFO: [ app_begin ] --END-- [ RunTime:0.001783s ]
INFO: [ app_end ] --START--
INFO: Run Behavior\ShowPageTraceBehavior [ RunTime:0.000315s ]
INFO: [ app_end ] --END-- [ RunTime:0.000424s ]

[ 2021-06-29T12:50:52+08:00 ] 125.89.50.219 /Admin/Login/login.html
INFO: [ app_init ] --START--
INFO: Run Behavior\BuildLiteBehavior [ RunTime:0.000029s ]
INFO: [ app_init ] --END-- [ RunTime:0.000185s ]
INFO: [ app_begin ] --START--
INFO: Run Behavior\ReadHtmlCacheBehavior [ RunTime:0.000341s ]
INFO: Run Behavior\CheckLangBehavior [ RunTime:0.001497s ]
INFO: [ app_begin ] --END-- [ RunTime:0.002033s ]
SQL: SHOW COLUMNS FROM `hls_admin` [ RunTime:0.0127s ]
SQL: SELECT * FROM `hls_admin` WHERE `password` = '027b015ad5829f6831006722d14520c7af215f15f5460182f66d877fdb9b15c2' AND `username` = 'admin' LIMIT 1   [ RunTime:0.0006s ]
NOTIC: [8] A session had already been started - ignoring session_start() /home/www/hollandshow.cn/ThinkPHP/Common/functions.php 第 1263 行.

[ 2021-06-29T12:50:52+08:00 ] 125.89.50.219 /Admin/Login/verify/1624942249611
INFO: [ app_init ] --START--
INFO: Run Behavior\BuildLiteBehavior [ RunTime:0.000025s ]
INFO: [ app_init ] --END-- [ RunTime:0.000173s ]
INFO: [ app_begin ] --START--
INFO: Run Behavior\ReadHtmlCacheBehavior [ RunTime:0.000318s ]
INFO: Run Behavior\CheckLangBehavior [ RunTime:0.001390s ]
INFO: [ app_begin ] --END-- [ RunTime:0.001914s ]
INFO: [ app_end ] --START--
INFO: Run Behavior\ShowPageTraceBehavior [ RunTime:0.000377s ]
INFO: [ app_end ] --END-- [ RunTime:0.000489s ]

[ 2021-06-29T12:50:52+08:00 ] 125.89.50.219 /Admin/Login/logining.html
INFO: [ app_init ] --START--
INFO: Run Behavior\BuildLiteBehavior [ RunTime:0.000023s ]
INFO: [ app_init ] --END-- [ RunTime:0.000123s ]
INFO: [ app_begin ] --START--
INFO: Run Behavior\ReadHtmlCacheBehavior [ RunTime:0.000303s ]
INFO: Run Behavior\CheckLangBehavior [ RunTime:0.001334s ]
INFO: [ app_begin ] --END-- [ RunTime:0.001817s ]
INFO: [ view_parse ] --START--
INFO: [ template_filter ] --START--
INFO: Run Behavior\ContentReplaceBehavior [ RunTime:0.000105s ]
INFO: [ template_filter ] --END-- [ RunTime:0.000217s ]
INFO: Run Behavior\ParseTemplateBehavior [ RunTime:0.006180s ]
INFO: [ view_parse ] --END-- [ RunTime:0.006304s ]
INFO: [ view_filter ] --START--
INFO: Run Behavior\WriteHtmlCacheBehavior [ RunTime:0.000343s ]
INFO: Run Behavior\TokenBuildBehavior [ RunTime:0.000454s ]
INFO: [ view_filter ] --END-- [ RunTime:0.000944s ]
INFO: [ app_end ] --START--
INFO: Run Behavior\ShowPageTraceBehavior [ RunTime:0.000294s ]
INFO: [ app_end ] --END-- [ RunTime:0.000388s ]

[ 2021-06-29T12:50:53+08:00 ] 125.89.50.219 /Admin/Index/index.html
INFO: [ app_init ] --START--
INFO: Run Behavior\BuildLiteBehavior [ RunTime:0.000025s ]
INFO: [ app_init ] --END-- [ RunTime:0.000146s ]
INFO: [ app_begin ] --START--
INFO: Run Behavior\ReadHtmlCacheBehavior [ RunTime:0.000288s ]
INFO: Run Behavior\CheckLangBehavior [ RunTime:0.001355s ]
INFO: [ app_begin ] --END-- [ RunTime:0.001828s ]
INFO: [ view_parse ] --START--
INFO: [ template_filter ] --START--
INFO: Run Behavior\ContentReplaceBehavior [ RunTime:0.000326s ]
INFO: [ template_filter ] --END-- [ RunTime:0.000433s ]
NOTIC: [8] Undefined variable: title /home/www/hollandshow.cn/App/Runtime/Cache/Admin/9df924d9a2d217daa77a359c5bee0c33.php 第 4 行.
NOTIC: [8] Undefined variable: token /home/www/hollandshow.cn/App/Runtime/Cache/Admin/9df924d9a2d217daa77a359c5bee0c33.php 第 81 行.
NOTIC: [8] Undefined variable: exhibitor_count /home/www/hollandshow.cn/App/Runtime/Cache/Admin/9df924d9a2d217daa77a359c5bee0c33.php 第 199 行.
NOTIC: [8] Undefined variable: speakers_count /home/www/hollandshow.cn/App/Runtime/Cache/Admin/9df924d9a2d217daa77a359c5bee0c33.php 第 200 行.
NOTIC: [8] Undefined variable: session_count /home/www/hollandshow.cn/App/Runtime/Cache/Admin/9df924d9a2d217daa77a359c5bee0c33.php 第 201 行.
NOTIC: [8] Undefined variable: page_count /home/www/hollandshow.cn/App/Runtime/Cache/Admin/9df924d9a2d217daa77a359c5bee0c33.php 第 202 行.
NOTIC: [8] Undefined variable: user_count /home/www/hollandshow.cn/App/Runtime/Cache/Admin/9df924d9a2d217daa77a359c5bee0c33.php 第 203 行.
NOTIC: [8] Undefined variable: dynamic_count /home/www/hollandshow.cn/App/Runtime/Cache/Admin/9df924d9a2d217daa77a359c5bee0c33.php 第 204 行.
INFO: Run Behavior\ParseTemplateBehavior [ RunTime:0.018173s ]
INFO: [ view_parse ] --END-- [ RunTime:0.018276s ]
INFO: [ view_filter ] --START--
INFO: Run Behavior\WriteHtmlCacheBehavior [ RunTime:0.000294s ]
INFO: Run Behavior\TokenBuildBehavior [ RunTime:0.000715s ]
INFO: [ view_filter ] --END-- [ RunTime:0.001158s ]
INFO: [ app_end ] --START--
INFO: Run Behavior\ShowPageTraceBehavior [ RunTime:0.000302s ]
INFO: [ app_end ] --END-- [ RunTime:0.000404s ]

[ 2021-06-29T12:54:34+08:00 ] 180.163.220.3 /Admin
INFO: [ app_init ] --START--
INFO: Run Behavior\BuildLiteBehavior [ RunTime:0.000025s ]
INFO: [ app_init ] --END-- [ RunTime:0.000136s ]
INFO: [ app_begin ] --START--
INFO: Run Behavior\ReadHtmlCacheBehavior [ RunTime:0.000332s ]
INFO: Run Behavior\CheckLangBehavior [ RunTime:0.001379s ]
INFO: [ app_begin ] --END-- [ RunTime:0.001887s ]

[ 2021-06-29T12:54:34+08:00 ] 180.163.220.3 /Admin/Login/index.html
INFO: [ app_init ] --START--
INFO: Run Behavior\BuildLiteBehavior [ RunTime:0.000023s ]
INFO: [ app_init ] --END-- [ RunTime:0.000136s ]
INFO: [ app_begin ] --START--
INFO: Run Behavior\ReadHtmlCacheBehavior [ RunTime:0.000282s ]
INFO: Run Behavior\CheckLangBehavior [ RunTime:0.001298s ]
INFO: [ app_begin ] --END-- [ RunTime:0.001742s ]
INFO: [ view_parse ] --START--
INFO: [ template_filter ] --START--
INFO: Run Behavior\ContentReplaceBehavior [ RunTime:0.000161s ]
INFO: [ template_filter ] --END-- [ RunTime:0.000263s ]
INFO: Run Behavior\ParseTemplateBehavior [ RunTime:0.006818s ]
INFO: [ view_parse ] --END-- [ RunTime:0.006925s ]
INFO: [ view_filter ] --START--
INFO: Run Behavior\WriteHtmlCacheBehavior [ RunTime:0.000332s ]
INFO: Run Behavior\TokenBuildBehavior [ RunTime:0.000491s ]
INFO: [ view_filter ] --END-- [ RunTime:0.000968s ]
INFO: [ app_end ] --START--
INFO: Run Behavior\ShowPageTraceBehavior [ RunTime:0.000339s ]
INFO: [ app_end ] --END-- [ RunTime:0.000435s ]

[ 2021-06-29T12:54:34+08:00 ] 180.163.220.67 /Admin/Login/verify.html
INFO: [ app_init ] --START--
INFO: Run Behavior\BuildLiteBehavior [ RunTime:0.000027s ]
INFO: [ app_init ] --END-- [ RunTime:0.000192s ]
INFO: [ app_begin ] --START--
INFO: Run Behavior\ReadHtmlCacheBehavior [ RunTime:0.000299s ]
INFO: Run Behavior\CheckLangBehavior [ RunTime:0.001333s ]
INFO: [ app_begin ] --END-- [ RunTime:0.001803s ]
INFO: [ app_end ] --START--
INFO: Run Behavior\ShowPageTraceBehavior [ RunTime:0.000318s ]
INFO: [ app_end ] --END-- [ RunTime:0.000427s ]

[ 2021-06-29T14:14:35+08:00 ] 125.89.50.219 /Admin
INFO: [ app_init ] --START--
INFO: Run Behavior\BuildLiteBehavior [ RunTime:0.000025s ]
INFO: [ app_init ] --END-- [ RunTime:0.000178s ]
INFO: [ app_begin ] --START--
INFO: Run Behavior\ReadHtmlCacheBehavior [ RunTime:0.002111s ]
INFO: Run Behavior\CheckLangBehavior [ RunTime:0.003411s ]
INFO: [ app_begin ] --END-- [ RunTime:0.005697s ]

[ 2021-06-29T14:14:35+08:00 ] 125.89.50.219 /Admin/Login/index.html
INFO: [ app_init ] --START--
INFO: Run Behavior\BuildLiteBehavior [ RunTime:0.000022s ]
INFO: [ app_init ] --END-- [ RunTime:0.000124s ]
INFO: [ app_begin ] --START--
INFO: Run Behavior\ReadHtmlCacheBehavior [ RunTime:0.000290s ]
INFO: Run Behavior\CheckLangBehavior [ RunTime:0.001293s ]
INFO: [ app_begin ] --END-- [ RunTime:0.001750s ]
INFO: [ view_parse ] --START--
INFO: [ template_filter ] --START--
INFO: Run Behavior\ContentReplaceBehavior [ RunTime:0.000161s ]
INFO: [ template_filter ] --END-- [ RunTime:0.000267s ]
INFO: Run Behavior\ParseTemplateBehavior [ RunTime:0.023692s ]
INFO: [ view_parse ] --END-- [ RunTime:0.023798s ]
INFO: [ view_filter ] --START--
INFO: Run Behavior\WriteHtmlCacheBehavior [ RunTime:0.000808s ]
INFO: Run Behavior\TokenBuildBehavior [ RunTime:0.001511s ]
INFO: [ view_filter ] --END-- [ RunTime:0.002479s ]
INFO: [ app_end ] --START--
INFO: Run Behavior\ShowPageTraceBehavior [ RunTime:0.002305s ]
INFO: [ app_end ] --END-- [ RunTime:0.002410s ]

[ 2021-06-29T14:14:36+08:00 ] 125.89.50.219 /Admin/Login/verify.html
INFO: [ app_init ] --START--
INFO: Run Behavior\BuildLiteBehavior [ RunTime:0.000023s ]
INFO: [ app_init ] --END-- [ RunTime:0.000125s ]
INFO: [ app_begin ] --START--
INFO: Run Behavior\ReadHtmlCacheBehavior [ RunTime:0.000278s ]
INFO: Run Behavior\CheckLangBehavior [ RunTime:0.001298s ]
INFO: [ app_begin ] --END-- [ RunTime:0.001741s ]
INFO: [ app_end ] --START--
INFO: Run Behavior\ShowPageTraceBehavior [ RunTime:0.000307s ]
INFO: [ app_end ] --END-- [ RunTime:0.000417s ]

[ 2021-06-29T14:14:40+08:00 ] 125.89.50.219 /Admin/Login/verify/1624947278191
INFO: [ app_init ] --START--
INFO: Run Behavior\BuildLiteBehavior [ RunTime:0.000024s ]
INFO: [ app_init ] --END-- [ RunTime:0.000134s ]
INFO: [ app_begin ] --START--
INFO: Run Behavior\ReadHtmlCacheBehavior [ RunTime:0.000342s ]
INFO: Run Behavior\CheckLangBehavior [ RunTime:0.001555s ]
INFO: [ app_begin ] --END-- [ RunTime:0.002066s ]
INFO: [ app_end ] --START--
INFO: Run Behavior\ShowPageTraceBehavior [ RunTime:0.000354s ]
INFO: [ app_end ] --END-- [ RunTime:0.000475s ]

[ 2021-06-29T14:14:40+08:00 ] 125.89.50.219 /Admin/Login/login.html
INFO: [ app_init ] --START--
INFO: Run Behavior\BuildLiteBehavior [ RunTime:0.000027s ]
INFO: [ app_init ] --END-- [ RunTime:0.000178s ]
INFO: [ app_begin ] --START--
INFO: Run Behavior\ReadHtmlCacheBehavior [ RunTime:0.000322s ]
INFO: Run Behavior\CheckLangBehavior [ RunTime:0.001415s ]
INFO: [ app_begin ] --END-- [ RunTime:0.001930s ]

[ 2021-06-29T14:14:44+08:00 ] 125.89.50.219 /Admin/Login/login.html
INFO: [ app_init ] --START--
INFO: Run Behavior\BuildLiteBehavior [ RunTime:0.000023s ]
INFO: [ app_init ] --END-- [ RunTime:0.000126s ]
INFO: [ app_begin ] --START--
INFO: Run Behavior\ReadHtmlCacheBehavior [ RunTime:0.000358s ]
INFO: Run Behavior\CheckLangBehavior [ RunTime:0.001528s ]
INFO: [ app_begin ] --END-- [ RunTime:0.002059s ]
SQL: SHOW COLUMNS FROM `hls_admin` [ RunTime:0.0014s ]
SQL: SELECT * FROM `hls_admin` WHERE `password` = '027b015ad5829f6831006722d14520c7af215f15f5460182f66d877fdb9b15c2' AND `username` = 'admin' LIMIT 1   [ RunTime:0.0003s ]
NOTIC: [8] A session had already been started - ignoring session_start() /home/www/hollandshow.cn/ThinkPHP/Common/functions.php 第 1263 行.

[ 2021-06-29T14:14:44+08:00 ] 125.89.50.219 /Admin/Login/verify/1624947281950
INFO: [ app_init ] --START--
INFO: Run Behavior\BuildLiteBehavior [ RunTime:0.000024s ]
INFO: [ app_init ] --END-- [ RunTime:0.000133s ]
INFO: [ app_begin ] --START--
INFO: Run Behavior\ReadHtmlCacheBehavior [ RunTime:0.000357s ]
INFO: Run Behavior\CheckLangBehavior [ RunTime:0.001599s ]
INFO: [ app_begin ] --END-- [ RunTime:0.002123s ]
INFO: [ app_end ] --START--
INFO: Run Behavior\ShowPageTraceBehavior [ RunTime:0.000355s ]
INFO: [ app_end ] --END-- [ RunTime:0.000465s ]

[ 2021-06-29T14:14:44+08:00 ] 125.89.50.219 /Admin/Login/logining.html
INFO: [ app_init ] --START--
INFO: Run Behavior\BuildLiteBehavior [ RunTime:0.000022s ]
INFO: [ app_init ] --END-- [ RunTime:0.000124s ]
INFO: [ app_begin ] --START--
INFO: Run Behavior\ReadHtmlCacheBehavior [ RunTime:0.000277s ]
INFO: Run Behavior\CheckLangBehavior [ RunTime:0.001303s ]
INFO: [ app_begin ] --END-- [ RunTime:0.001746s ]
INFO: [ view_parse ] --START--
INFO: [ template_filter ] --START--
INFO: Run Behavior\ContentReplaceBehavior [ RunTime:0.000099s ]
INFO: [ template_filter ] --END-- [ RunTime:0.000199s ]
INFO: Run Behavior\ParseTemplateBehavior [ RunTime:0.005539s ]
INFO: [ view_parse ] --END-- [ RunTime:0.005646s ]
INFO: [ view_filter ] --START--
INFO: Run Behavior\WriteHtmlCacheBehavior [ RunTime:0.000340s ]
INFO: Run Behavior\TokenBuildBehavior [ RunTime:0.000406s ]
INFO: [ view_filter ] --END-- [ RunTime:0.000893s ]
INFO: [ app_end ] --START--
INFO: Run Behavior\ShowPageTraceBehavior [ RunTime:0.000363s ]
INFO: [ app_end ] --END-- [ RunTime:0.000457s ]

[ 2021-06-29T14:14:45+08:00 ] 125.89.50.219 /Admin/Index/index.html
INFO: [ app_init ] --START--
INFO: Run Behavior\BuildLiteBehavior [ RunTime:0.000025s ]
INFO: [ app_init ] --END-- [ RunTime:0.000133s ]
INFO: [ app_begin ] --START--
INFO: Run Behavior\ReadHtmlCacheBehavior [ RunTime:0.000282s ]
INFO: Run Behavior\CheckLangBehavior [ RunTime:0.001307s ]
INFO: [ app_begin ] --END-- [ RunTime:0.001755s ]
INFO: [ view_parse ] --START--
INFO: [ template_filter ] --START--
INFO: Run Behavior\ContentReplaceBehavior [ RunTime:0.000289s ]
INFO: [ template_filter ] --END-- [ RunTime:0.000395s ]
NOTIC: [8] Undefined variable: title /home/www/hollandshow.cn/App/Runtime/Cache/Admin/9df924d9a2d217daa77a359c5bee0c33.php 第 4 行.
NOTIC: [8] Undefined variable: token /home/www/hollandshow.cn/App/Runtime/Cache/Admin/9df924d9a2d217daa77a359c5bee0c33.php 第 81 行.
NOTIC: [8] Undefined variable: exhibitor_count /home/www/hollandshow.cn/App/Runtime/Cache/Admin/9df924d9a2d217daa77a359c5bee0c33.php 第 199 行.
NOTIC: [8] Undefined variable: speakers_count /home/www/hollandshow.cn/App/Runtime/Cache/Admin/9df924d9a2d217daa77a359c5bee0c33.php 第 200 行.
NOTIC: [8] Undefined variable: session_count /home/www/hollandshow.cn/App/Runtime/Cache/Admin/9df924d9a2d217daa77a359c5bee0c33.php 第 201 行.
NOTIC: [8] Undefined variable: page_count /home/www/hollandshow.cn/App/Runtime/Cache/Admin/9df924d9a2d217daa77a359c5bee0c33.php 第 202 行.
NOTIC: [8] Undefined variable: user_count /home/www/hollandshow.cn/App/Runtime/Cache/Admin/9df924d9a2d217daa77a359c5bee0c33.php 第 203 行.
NOTIC: [8] Undefined variable: dynamic_count /home/www/hollandshow.cn/App/Runtime/Cache/Admin/9df924d9a2d217daa77a359c5bee0c33.php 第 204 行.
INFO: Run Behavior\ParseTemplateBehavior [ RunTime:0.017985s ]
INFO: [ view_parse ] --END-- [ RunTime:0.018086s ]
INFO: [ view_filter ] --START--
INFO: Run Behavior\WriteHtmlCacheBehavior [ RunTime:0.000306s ]
INFO: Run Behavior\TokenBuildBehavior [ RunTime:0.000584s ]
INFO: [ view_filter ] --END-- [ RunTime:0.001038s ]
INFO: [ app_end ] --START--
INFO: Run Behavior\ShowPageTraceBehavior [ RunTime:0.000308s ]
INFO: [ app_end ] --END-- [ RunTime:0.000413s ]

[ 2021-06-29T14:14:47+08:00 ] 125.89.50.219 /Admin/News/index.html
INFO: [ app_init ] --START--
INFO: Run Behavior\BuildLiteBehavior [ RunTime:0.000023s ]
INFO: [ app_init ] --END-- [ RunTime:0.000133s ]
INFO: [ app_begin ] --START--
INFO: Run Behavior\ReadHtmlCacheBehavior [ RunTime:0.000324s ]
INFO: Run Behavior\CheckLangBehavior [ RunTime:0.001388s ]
INFO: [ app_begin ] --END-- [ RunTime:0.001879s ]
SQL: SHOW COLUMNS FROM `hls_news` [ RunTime:0.0016s ]
SQL: SELECT COUNT(*) AS tp_count FROM `hls_news` WHERE `deleted` IS NULL ORDER BY created desc LIMIT 1   [ RunTime:0.0015s ]
SQL: SELECT * FROM `hls_news` WHERE `deleted` IS NULL ORDER BY created desc LIMIT 0,10   [ RunTime:0.0022s ]
INFO: [ view_parse ] --START--
INFO: [ template_filter ] --START--
INFO: Run Behavior\ContentReplaceBehavior [ RunTime:0.000290s ]
INFO: [ template_filter ] --END-- [ RunTime:0.000403s ]
NOTIC: [8] Undefined variable: title /home/www/hollandshow.cn/App/Runtime/Cache/Admin/b447d5afee354d4ec2e25fe3ef9e762a.php 第 4 行.
NOTIC: [8] Undefined variable: token /home/www/hollandshow.cn/App/Runtime/Cache/Admin/b447d5afee354d4ec2e25fe3ef9e762a.php 第 81 行.
INFO: Run Behavior\ParseTemplateBehavior [ RunTime:0.024128s ]
INFO: [ view_parse ] --END-- [ RunTime:0.024234s ]
INFO: [ view_filter ] --START--
INFO: Run Behavior\WriteHtmlCacheBehavior [ RunTime:0.000329s ]
INFO: Run Behavior\TokenBuildBehavior [ RunTime:0.000859s ]
INFO: [ view_filter ] --END-- [ RunTime:0.001341s ]
INFO: [ app_end ] --START--
INFO: Run Behavior\ShowPageTraceBehavior [ RunTime:0.000358s ]
INFO: [ app_end ] --END-- [ RunTime:0.000463s ]

[ 2021-06-29T14:14:48+08:00 ] 125.89.50.219 /Admin/Street/index.html
INFO: [ app_init ] --START--
INFO: Run Behavior\BuildLiteBehavior [ RunTime:0.000023s ]
INFO: [ app_init ] --END-- [ RunTime:0.000130s ]
INFO: [ app_begin ] --START--
INFO: Run Behavior\ReadHtmlCacheBehavior [ RunTime:0.000291s ]
INFO: Run Behavior\CheckLangBehavior [ RunTime:0.001303s ]
INFO: [ app_begin ] --END-- [ RunTime:0.001761s ]
SQL: SHOW COLUMNS FROM `hls_street` [ RunTime:0.0011s ]
SQL: SELECT COUNT(*) AS tp_count FROM `hls_street` WHERE `deleted` IS NULL ORDER BY created desc LIMIT 1   [ RunTime:0.0006s ]
SQL: SELECT * FROM `hls_street` WHERE `deleted` IS NULL ORDER BY created desc LIMIT 0,10   [ RunTime:0.0004s ]
INFO: [ view_parse ] --START--
INFO: [ template_filter ] --START--
INFO: Run Behavior\ContentReplaceBehavior [ RunTime:0.000243s ]
INFO: [ template_filter ] --END-- [ RunTime:0.000346s ]
NOTIC: [8] Undefined variable: title /home/www/hollandshow.cn/App/Runtime/Cache/Admin/832fb47471ed2807e26fa1f5e4d8f9ea.php 第 4 行.
NOTIC: [8] Undefined variable: token /home/www/hollandshow.cn/App/Runtime/Cache/Admin/832fb47471ed2807e26fa1f5e4d8f9ea.php 第 81 行.
INFO: Run Behavior\ParseTemplateBehavior [ RunTime:0.018474s ]
INFO: [ view_parse ] --END-- [ RunTime:0.018656s ]
INFO: [ view_filter ] --START--
INFO: Run Behavior\WriteHtmlCacheBehavior [ RunTime:0.000284s ]
INFO: Run Behavior\TokenBuildBehavior [ RunTime:0.000609s ]
INFO: [ view_filter ] --END-- [ RunTime:0.001047s ]
INFO: [ app_end ] --START--
INFO: Run Behavior\ShowPageTraceBehavior [ RunTime:0.000293s ]
INFO: [ app_end ] --END-- [ RunTime:0.000398s ]

[ 2021-06-29T14:14:49+08:00 ] 125.89.50.219 /Admin/StreetHistory/index.html
INFO: [ app_init ] --START--
INFO: Run Behavior\BuildLiteBehavior [ RunTime:0.000023s ]
INFO: [ app_init ] --END-- [ RunTime:0.000131s ]
INFO: [ app_begin ] --START--
INFO: Run Behavior\ReadHtmlCacheBehavior [ RunTime:0.000293s ]
INFO: Run Behavior\CheckLangBehavior [ RunTime:0.001305s ]
INFO: [ app_begin ] --END-- [ RunTime:0.001769s ]
SQL: SHOW COLUMNS FROM `hls_street_history` [ RunTime:0.0015s ]
SQL: SHOW COLUMNS FROM `hls_street` [ RunTime:0.0008s ]
SQL: SHOW COLUMNS FROM `hls_street_history` [ RunTime:0.0013s ]
SQL: SELECT COUNT(*) AS tp_count FROM hls_street_history as a  LEFT JOIN hls_street as b ON a.street_id = b.id  WHERE a.deleted IS NULL LIMIT 1   [ RunTime:0.0012s ]
SQL: SELECT a.*,b.name as street_name FROM hls_street_history as a  LEFT JOIN hls_street as b ON a.street_id = b.id  WHERE a.deleted IS NULL ORDER BY created desc LIMIT 0,10   [ RunTime:0.0013s ]
SQL: SELECT * FROM `hls_street` WHERE `deleted` IS NULL ORDER BY created desc  [ RunTime:0.0005s ]
NOTIC: [8] Undefined variable: type /home/www/hollandshow.cn/App/Admin/Controller/StreetHistoryController.class.php 第 82 行.
INFO: [ view_parse ] --START--
INFO: [ template_filter ] --START--
INFO: Run Behavior\ContentReplaceBehavior [ RunTime:0.000310s ]
INFO: [ template_filter ] --END-- [ RunTime:0.000416s ]
NOTIC: [8] Undefined variable: title /home/www/hollandshow.cn/App/Runtime/Cache/Admin/c2167bff22a722d541037dc5613b1358.php 第 4 行.
NOTIC: [8] Undefined variable: token /home/www/hollandshow.cn/App/Runtime/Cache/Admin/c2167bff22a722d541037dc5613b1358.php 第 81 行.
INFO: Run Behavior\ParseTemplateBehavior [ RunTime:0.026340s ]
INFO: [ view_parse ] --END-- [ RunTime:0.026444s ]
INFO: [ view_filter ] --START--
INFO: Run Behavior\WriteHtmlCacheBehavior [ RunTime:0.000297s ]
INFO: Run Behavior\TokenBuildBehavior [ RunTime:0.000743s ]
INFO: [ view_filter ] --END-- [ RunTime:0.001191s ]
INFO: [ app_end ] --START--
INFO: Run Behavior\ShowPageTraceBehavior [ RunTime:0.000295s ]
INFO: [ app_end ] --END-- [ RunTime:0.000400s ]

[ 2021-06-29T14:14:52+08:00 ] 125.89.50.219 /Admin/Slide/index.html
INFO: [ app_init ] --START--
INFO: Run Behavior\BuildLiteBehavior [ RunTime:0.000023s ]
INFO: [ app_init ] --END-- [ RunTime:0.000129s ]
INFO: [ app_begin ] --START--
INFO: Run Behavior\ReadHtmlCacheBehavior [ RunTime:0.000326s ]
INFO: Run Behavior\CheckLangBehavior [ RunTime:0.001393s ]
INFO: [ app_begin ] --END-- [ RunTime:0.001896s ]
SQL: SHOW COLUMNS FROM `hls_slide` [ RunTime:0.0014s ]
SQL: SELECT COUNT(*) AS tp_count FROM `hls_slide` WHERE `deleted` IS NULL ORDER BY created desc LIMIT 1   [ RunTime:0.0007s ]
SQL: SELECT * FROM `hls_slide` WHERE `deleted` IS NULL ORDER BY created desc LIMIT 0,10   [ RunTime:0.0008s ]
NOTIC: [8] Undefined variable: type /home/www/hollandshow.cn/App/Admin/Controller/SlideController.class.php 第 65 行.
INFO: [ view_parse ] --START--
INFO: [ template_filter ] --START--
INFO: Run Behavior\ContentReplaceBehavior [ RunTime:0.000275s ]
INFO: [ template_filter ] --END-- [ RunTime:0.000381s ]
NOTIC: [8] Undefined variable: title /home/www/hollandshow.cn/App/Runtime/Cache/Admin/d2065425f578ca6b2ecb69480924e82e.php 第 4 行.
NOTIC: [8] Undefined variable: token /home/www/hollandshow.cn/App/Runtime/Cache/Admin/d2065425f578ca6b2ecb69480924e82e.php 第 81 行.
INFO: Run Behavior\ParseTemplateBehavior [ RunTime:0.024246s ]
INFO: [ view_parse ] --END-- [ RunTime:0.024349s ]
INFO: [ view_filter ] --START--
INFO: Run Behavior\WriteHtmlCacheBehavior [ RunTime:0.000330s ]
INFO: Run Behavior\TokenBuildBehavior [ RunTime:0.000902s ]
INFO: [ view_filter ] --END-- [ RunTime:0.001388s ]
INFO: [ app_end ] --START--
INFO: Run Behavior\ShowPageTraceBehavior [ RunTime:0.000340s ]
INFO: [ app_end ] --END-- [ RunTime:0.000445s ]

[ 2021-06-29T14:14:54+08:00 ] 125.89.50.219 /Admin/News/index.html
INFO: [ app_init ] --START--
INFO: Run Behavior\BuildLiteBehavior [ RunTime:0.000030s ]
INFO: [ app_init ] --END-- [ RunTime:0.000243s ]
INFO: [ app_begin ] --START--
INFO: Run Behavior\ReadHtmlCacheBehavior [ RunTime:0.000318s ]
INFO: Run Behavior\CheckLangBehavior [ RunTime:0.001357s ]
INFO: [ app_begin ] --END-- [ RunTime:0.001881s ]
SQL: SHOW COLUMNS FROM `hls_news` [ RunTime:0.0016s ]
SQL: SELECT COUNT(*) AS tp_count FROM `hls_news` WHERE `deleted` IS NULL ORDER BY created desc LIMIT 1   [ RunTime:0.0004s ]
SQL: SELECT * FROM `hls_news` WHERE `deleted` IS NULL ORDER BY created desc LIMIT 0,10   [ RunTime:0.0013s ]
INFO: [ view_parse ] --START--
INFO: [ template_filter ] --START--
INFO: Run Behavior\ContentReplaceBehavior [ RunTime:0.000311s ]
INFO: [ template_filter ] --END-- [ RunTime:0.000418s ]
NOTIC: [8] Undefined variable: title /home/www/hollandshow.cn/App/Runtime/Cache/Admin/b447d5afee354d4ec2e25fe3ef9e762a.php 第 4 行.
NOTIC: [8] Undefined variable: token /home/www/hollandshow.cn/App/Runtime/Cache/Admin/b447d5afee354d4ec2e25fe3ef9e762a.php 第 81 行.
INFO: Run Behavior\ParseTemplateBehavior [ RunTime:0.025111s ]
INFO: [ view_parse ] --END-- [ RunTime:0.025224s ]
INFO: [ view_filter ] --START--
INFO: Run Behavior\WriteHtmlCacheBehavior [ RunTime:0.000286s ]
INFO: Run Behavior\TokenBuildBehavior [ RunTime:0.000825s ]
INFO: [ view_filter ] --END-- [ RunTime:0.001266s ]
INFO: [ app_end ] --START--
INFO: Run Behavior\ShowPageTraceBehavior [ RunTime:0.000306s ]
INFO: [ app_end ] --END-- [ RunTime:0.000426s ]

[ 2021-06-29T14:14:55+08:00 ] 125.89.50.219 /Admin/Street/index.html
INFO: [ app_init ] --START--
INFO: Run Behavior\BuildLiteBehavior [ RunTime:0.000024s ]
INFO: [ app_init ] --END-- [ RunTime:0.000132s ]
INFO: [ app_begin ] --START--
INFO: Run Behavior\ReadHtmlCacheBehavior [ RunTime:0.000342s ]
INFO: Run Behavior\CheckLangBehavior [ RunTime:0.001408s ]
INFO: [ app_begin ] --END-- [ RunTime:0.001916s ]
SQL: SHOW COLUMNS FROM `hls_street` [ RunTime:0.0011s ]
SQL: SELECT COUNT(*) AS tp_count FROM `hls_street` WHERE `deleted` IS NULL ORDER BY created desc LIMIT 1   [ RunTime:0.0003s ]
SQL: SELECT * FROM `hls_street` WHERE `deleted` IS NULL ORDER BY created desc LIMIT 0,10   [ RunTime:0.0002s ]
INFO: [ view_parse ] --START--
INFO: [ template_filter ] --START--
INFO: Run Behavior\ContentReplaceBehavior [ RunTime:0.000250s ]
INFO: [ template_filter ] --END-- [ RunTime:0.000367s ]
NOTIC: [8] Undefined variable: title /home/www/hollandshow.cn/App/Runtime/Cache/Admin/832fb47471ed2807e26fa1f5e4d8f9ea.php 第 4 行.
NOTIC: [8] Undefined variable: token /home/www/hollandshow.cn/App/Runtime/Cache/Admin/832fb47471ed2807e26fa1f5e4d8f9ea.php 第 81 行.
INFO: Run Behavior\ParseTemplateBehavior [ RunTime:0.018806s ]
INFO: [ view_parse ] --END-- [ RunTime:0.018911s ]
INFO: [ view_filter ] --START--
INFO: Run Behavior\WriteHtmlCacheBehavior [ RunTime:0.000332s ]
INFO: Run Behavior\TokenBuildBehavior [ RunTime:0.000614s ]
INFO: [ view_filter ] --END-- [ RunTime:0.001099s ]
INFO: [ app_end ] --START--
INFO: Run Behavior\ShowPageTraceBehavior [ RunTime:0.000338s ]
INFO: [ app_end ] --END-- [ RunTime:0.000442s ]

[ 2021-06-29T14:15:49+08:00 ] 125.89.50.219 /Admin/StreetHistory/index.html
INFO: [ app_init ] --START--
INFO: Run Behavior\BuildLiteBehavior [ RunTime:0.000024s ]
INFO: [ app_init ] --END-- [ RunTime:0.000135s ]
INFO: [ app_begin ] --START--
INFO: Run Behavior\ReadHtmlCacheBehavior [ RunTime:0.000340s ]
INFO: Run Behavior\CheckLangBehavior [ RunTime:0.001416s ]
INFO: [ app_begin ] --END-- [ RunTime:0.001934s ]
SQL: SHOW COLUMNS FROM `hls_street_history` [ RunTime:0.0016s ]
SQL: SHOW COLUMNS FROM `hls_street` [ RunTime:0.0009s ]
SQL: SHOW COLUMNS FROM `hls_street_history` [ RunTime:0.0014s ]
SQL: SELECT COUNT(*) AS tp_count FROM hls_street_history as a  LEFT JOIN hls_street as b ON a.street_id = b.id  WHERE a.deleted IS NULL LIMIT 1   [ RunTime:0.0003s ]
SQL: SELECT a.*,b.name as street_name FROM hls_street_history as a  LEFT JOIN hls_street as b ON a.street_id = b.id  WHERE a.deleted IS NULL ORDER BY created desc LIMIT 0,10   [ RunTime:0.0006s ]
SQL: SELECT * FROM `hls_street` WHERE `deleted` IS NULL ORDER BY created desc  [ RunTime:0.0003s ]
NOTIC: [8] Undefined variable: type /home/www/hollandshow.cn/App/Admin/Controller/StreetHistoryController.class.php 第 82 行.
INFO: [ view_parse ] --START--
INFO: [ template_filter ] --START--
INFO: Run Behavior\ContentReplaceBehavior [ RunTime:0.000331s ]
INFO: [ template_filter ] --END-- [ RunTime:0.000440s ]
NOTIC: [8] Undefined variable: title /home/www/hollandshow.cn/App/Runtime/Cache/Admin/c2167bff22a722d541037dc5613b1358.php 第 4 行.
NOTIC: [8] Undefined variable: token /home/www/hollandshow.cn/App/Runtime/Cache/Admin/c2167bff22a722d541037dc5613b1358.php 第 81 行.
INFO: Run Behavior\ParseTemplateBehavior [ RunTime:0.027296s ]
INFO: [ view_parse ] --END-- [ RunTime:0.027398s ]
INFO: [ view_filter ] --START--
INFO: Run Behavior\WriteHtmlCacheBehavior [ RunTime:0.000346s ]
INFO: Run Behavior\TokenBuildBehavior [ RunTime:0.000775s ]
INFO: [ view_filter ] --END-- [ RunTime:0.001275s ]
INFO: [ app_end ] --START--
INFO: Run Behavior\ShowPageTraceBehavior [ RunTime:0.000351s ]
INFO: [ app_end ] --END-- [ RunTime:0.000455s ]

[ 2021-06-29T14:15:52+08:00 ] 125.89.50.219 /Admin/StreetHistory/edit/id/20.html
INFO: [ app_init ] --START--
INFO: Run Behavior\BuildLiteBehavior [ RunTime:0.000025s ]
INFO: [ app_init ] --END-- [ RunTime:0.000135s ]
INFO: [ app_begin ] --START--
INFO: Run Behavior\ReadHtmlCacheBehavior [ RunTime:0.000329s ]
INFO: Run Behavior\CheckLangBehavior [ RunTime:0.001410s ]
INFO: [ app_begin ] --END-- [ RunTime:0.001906s ]
SQL: SHOW COLUMNS FROM `hls_street_history` [ RunTime:0.0015s ]
SQL: SHOW COLUMNS FROM `hls_street` [ RunTime:0.0008s ]
SQL: SELECT * FROM `hls_street_history` WHERE `id` = 20 LIMIT 1   [ RunTime:0.0009s ]
SQL: SELECT * FROM `hls_street` WHERE `deleted` IS NULL ORDER BY created desc  [ RunTime:0.0002s ]
NOTIC: [8] Undefined variable: images /home/www/hollandshow.cn/App/Admin/Controller/StreetHistoryController.class.php 第 158 行.
INFO: [ view_parse ] --START--
INFO: [ template_filter ] --START--
INFO: Run Behavior\ContentReplaceBehavior [ RunTime:0.000445s ]
INFO: [ template_filter ] --END-- [ RunTime:0.000554s ]
NOTIC: [8] Undefined variable: title /home/www/hollandshow.cn/App/Runtime/Cache/Admin/78fa330bbfca2a60b62d0811253bb91c.php 第 4 行.
NOTIC: [8] Undefined variable: token /home/www/hollandshow.cn/App/Runtime/Cache/Admin/78fa330bbfca2a60b62d0811253bb91c.php 第 81 行.
INFO: Run Behavior\ParseTemplateBehavior [ RunTime:0.027001s ]
INFO: [ view_parse ] --END-- [ RunTime:0.027167s ]
INFO: [ view_filter ] --START--
INFO: Run Behavior\WriteHtmlCacheBehavior [ RunTime:0.000333s ]
INFO: Run Behavior\TokenBuildBehavior [ RunTime:0.000826s ]
INFO: [ view_filter ] --END-- [ RunTime:0.001314s ]
INFO: [ app_end ] --START--
INFO: Run Behavior\ShowPageTraceBehavior [ RunTime:0.000340s ]
INFO: [ app_end ] --END-- [ RunTime:0.000446s ]

[ 2021-06-29T14:16:00+08:00 ] 125.89.50.219 /Admin/StreetHistory/update.html
INFO: [ app_init ] --START--
INFO: Run Behavior\BuildLiteBehavior [ RunTime:0.000030s ]
INFO: [ app_init ] --END-- [ RunTime:0.000169s ]
INFO: [ app_begin ] --START--
INFO: Run Behavior\ReadHtmlCacheBehavior [ RunTime:0.000333s ]
INFO: Run Behavior\CheckLangBehavior [ RunTime:0.001461s ]
INFO: [ app_begin ] --END-- [ RunTime:0.001962s ]
SQL: SHOW COLUMNS FROM `hls_street_history` [ RunTime:0.0016s ]
SQL: SHOW COLUMNS FROM `hls_street` [ RunTime:0.0010s ]
NOTIC: [2] Illegal string offset 'file_id' /home/www/hollandshow.cn/App/Admin/Model/StreetHistoryModel.class.php 第 80 行.
NOTIC: [8] Uninitialized string offset: 0 /home/www/hollandshow.cn/App/Admin/Model/StreetHistoryModel.class.php 第 80 行.
NOTIC: [2] implode(): Invalid arguments passed /home/www/hollandshow.cn/App/Admin/Model/StreetHistoryModel.class.php 第 80 行.
NOTIC: [8] Undefined index: start_time /home/www/hollandshow.cn/App/Admin/Model/StreetHistoryModel.class.php 第 81 行.
NOTIC: [8] Undefined index: end_time /home/www/hollandshow.cn/App/Admin/Model/StreetHistoryModel.class.php 第 82 行.
NOTIC: [8] Undefined index: validate /home/www/hollandshow.cn/ThinkPHP/Library/Think/Model.class.php 第 1185 行.
NOTIC: [8] Undefined index: auto /home/www/hollandshow.cn/ThinkPHP/Library/Think/Model.class.php 第 1128 行.
SQL: UPDATE `hls_street_history` SET `id`='20',`street_id`='5',`title`='東望洋街1',`description`='',`sort`='1',`cover`='/Public/upload/2018-10-29/5bd671d018d8b.jpg',`status`='published',`recommend`='1',`content`='&lt;p style=&quot;line-height: 3em; text-indent: 0em; text-align: center;&quot;&gt;&lt;img src=&quot;/ueditor/php/upload/image/20201105/1604586021584475.png&quot; title=&quot;&quot; alt=&quot;东望洋街地图-01.png&quot;/&gt;&lt;/p&gt;&lt;p style=&quot;text-indent: 2em; line-height: 3em;&quot;&gt;&lt;span style=&quot;font-family: 微软雅黑, &amp;quot;Microsoft YaHei&amp;quot;; font-size: 18px;&quot;&gt;&lt;br/&gt;&lt;/span&gt;&lt;/p&gt;&lt;p style=&quot;text-indent: 2em; line-height: 3em;&quot;&gt;&lt;span style=&quot;font-family: 微软雅黑, &amp;quot;Microsoft YaHei&amp;quot;; font-size: 18px;&quot;&gt;東望洋街，東起高偉樂街和士多鳥拜斯大馬路，西至荷蘭園大馬路、水坑尾街和水井斜巷。&lt;/span&gt;&lt;/p&gt;&lt;p style=&quot;text-indent: 2em; line-height: 3em;&quot;&gt;&lt;span style=&quot;font-family: 微软雅黑, &amp;quot;Microsoft YaHei&amp;quot;; font-size: 18px;&quot;&gt;&lt;span style=&quot;font-family: 微软雅黑, &amp;quot;Microsoft YaHei&amp;quot;;&quot;&gt;東望洋街築成於&lt;/span&gt;1847&lt;span style=&quot;font-family: 微软雅黑, &amp;quot;Microsoft YaHei&amp;quot;;&quot;&gt;至&lt;/span&gt;1848&lt;span style=&quot;font-family: 微软雅黑, &amp;quot;Microsoft YaHei&amp;quot;;&quot;&gt;年之間，先有葡文名稱，後有中文街名，但中葡文街名的意思完全不相干。葡文街名取自亞馬留總督的姓名，正式公佈於&lt;/span&gt;1869&lt;span style=&quot;font-family: 微软雅黑, &amp;quot;Microsoft YaHei&amp;quot;;&quot;&gt;年&lt;/span&gt;7&lt;span style=&quot;font-family: 微软雅黑, &amp;quot;Microsoft YaHei&amp;quot;;&quot;&gt;月&lt;/span&gt;16&lt;span style=&quot;font-family: 微软雅黑, &amp;quot;Microsoft YaHei&amp;quot;;&quot;&gt;日的澳葡政府憲報，以紀念阿馬留總督築路事蹟。中文街名較早見載於&lt;/span&gt;1905&lt;span style=&quot;font-family: 微软雅黑, &amp;quot;Microsoft YaHei&amp;quot;;&quot;&gt;年的《澳門海外省街道名冊》，因該街位於東望洋山山麓，故以此山命名。&lt;/span&gt;&lt;/span&gt;&lt;/p&gt;&lt;p style=&quot;text-indent: 2em; line-height: 3em;&quot;&gt;&lt;span style=&quot;font-family: 微软雅黑, &amp;quot;Microsoft YaHei&amp;quot;; font-size: 18px;&quot;&gt;阿馬留總督在修築馬路過程中，曾激發民憤，最終被村民沈米等人刺殺。東望洋街，位於北城牆水坑尾閘口之外，城牆外為蕉園，內為雀仔園。東望洋街築成後，加快了周邊地區的城市化發展。水坑尾閘門、炮臺、碉堡和城牆漸次被拆毀，蕉園和雀仔園連成一片，園中修築道路，興建房屋和市場，成為繁榮的街區。&lt;/span&gt;&lt;/p&gt;&lt;p style=&quot;line-height: 3em; text-indent: 0em; text-align: center;&quot;&gt;&lt;span style=&quot;font-family: 微软雅黑, &amp;quot;Microsoft YaHei&amp;quot;; font-size: 18px;&quot;&gt;&lt;img src=&quot;/ueditor/php/upload/image/20201031/1604115823877359.jpg&quot; title=&quot;&quot; alt=&quot;&quot; width=&quot;600&quot; height=&quot;398&quot; border=&quot;0&quot; vspace=&quot;0&quot; style=&quot;width: 600px; height: 398px;&quot;/&gt;&lt;/span&gt;&lt;/p&gt;&lt;p&gt;&lt;br/&gt;&lt;/p&gt;',`images`=NULL,`re_time`='1624947360',`updated`='1624947360',`cover_width_300`='/Public/upload/2018-10-29/5bd671d018d8b_width_300.jpg' WHERE ( id=20 ) [ RunTime:0.0235s ]

[ 2021-06-29T14:16:01+08:00 ] 125.89.50.219 /Admin/streetHistory/index.html
INFO: [ app_init ] --START--
INFO: Run Behavior\BuildLiteBehavior [ RunTime:0.000023s ]
INFO: [ app_init ] --END-- [ RunTime:0.000127s ]
INFO: [ app_begin ] --START--
INFO: Run Behavior\ReadHtmlCacheBehavior [ RunTime:0.000281s ]
INFO: Run Behavior\CheckLangBehavior [ RunTime:0.001545s ]
INFO: [ app_begin ] --END-- [ RunTime:0.001994s ]
SQL: SHOW COLUMNS FROM `hls_street_history` [ RunTime:0.0015s ]
SQL: SHOW COLUMNS FROM `hls_street` [ RunTime:0.0009s ]
SQL: SHOW COLUMNS FROM `hls_street_history` [ RunTime:0.0013s ]
SQL: SELECT COUNT(*) AS tp_count FROM hls_street_history as a  LEFT JOIN hls_street as b ON a.street_id = b.id  WHERE a.deleted IS NULL LIMIT 1   [ RunTime:0.0011s ]
SQL: SELECT a.*,b.name as street_name FROM hls_street_history as a  LEFT JOIN hls_street as b ON a.street_id = b.id  WHERE a.deleted IS NULL ORDER BY created desc LIMIT 0,10   [ RunTime:0.0010s ]
SQL: SELECT * FROM `hls_street` WHERE `deleted` IS NULL ORDER BY created desc  [ RunTime:0.0003s ]
NOTIC: [8] Undefined variable: type /home/www/hollandshow.cn/App/Admin/Controller/StreetHistoryController.class.php 第 82 行.
INFO: [ view_parse ] --START--
INFO: [ template_filter ] --START--
INFO: Run Behavior\ContentReplaceBehavior [ RunTime:0.000341s ]
INFO: [ template_filter ] --END-- [ RunTime:0.000449s ]
NOTIC: [8] Undefined variable: title /home/www/hollandshow.cn/App/Runtime/Cache/Admin/c2167bff22a722d541037dc5613b1358.php 第 4 行.
NOTIC: [8] Undefined variable: token /home/www/hollandshow.cn/App/Runtime/Cache/Admin/c2167bff22a722d541037dc5613b1358.php 第 81 行.
INFO: Run Behavior\ParseTemplateBehavior [ RunTime:0.027407s ]
INFO: [ view_parse ] --END-- [ RunTime:0.027510s ]
INFO: [ view_filter ] --START--
INFO: Run Behavior\WriteHtmlCacheBehavior [ RunTime:0.000347s ]
INFO: Run Behavior\TokenBuildBehavior [ RunTime:0.000798s ]
INFO: [ view_filter ] --END-- [ RunTime:0.001301s ]
INFO: [ app_end ] --START--
INFO: Run Behavior\ShowPageTraceBehavior [ RunTime:0.000349s ]
INFO: [ app_end ] --END-- [ RunTime:0.000454s ]

[ 2021-06-29T14:16:13+08:00 ] 125.89.50.219 /Admin/StreetHistory/edit/id/20.html
INFO: [ app_init ] --START--
INFO: Run Behavior\BuildLiteBehavior [ RunTime:0.000030s ]
INFO: [ app_init ] --END-- [ RunTime:0.000172s ]
INFO: [ app_begin ] --START--
INFO: Run Behavior\ReadHtmlCacheBehavior [ RunTime:0.000345s ]
INFO: Run Behavior\CheckLangBehavior [ RunTime:0.001462s ]
INFO: [ app_begin ] --END-- [ RunTime:0.001980s ]
SQL: SHOW COLUMNS FROM `hls_street_history` [ RunTime:0.0014s ]
SQL: SHOW COLUMNS FROM `hls_street` [ RunTime:0.0010s ]
SQL: SELECT * FROM `hls_street_history` WHERE `id` = 20 LIMIT 1   [ RunTime:0.0004s ]
SQL: SELECT * FROM `hls_street` WHERE `deleted` IS NULL ORDER BY created desc  [ RunTime:0.0003s ]
NOTIC: [8] Undefined variable: images /home/www/hollandshow.cn/App/Admin/Controller/StreetHistoryController.class.php 第 158 行.
INFO: [ view_parse ] --START--
INFO: [ template_filter ] --START--
INFO: Run Behavior\ContentReplaceBehavior [ RunTime:0.000555s ]
INFO: [ template_filter ] --END-- [ RunTime:0.000692s ]
NOTIC: [8] Undefined variable: title /home/www/hollandshow.cn/App/Runtime/Cache/Admin/78fa330bbfca2a60b62d0811253bb91c.php 第 4 行.
NOTIC: [8] Undefined variable: token /home/www/hollandshow.cn/App/Runtime/Cache/Admin/78fa330bbfca2a60b62d0811253bb91c.php 第 81 行.
INFO: Run Behavior\ParseTemplateBehavior [ RunTime:0.028929s ]
INFO: [ view_parse ] --END-- [ RunTime:0.029041s ]
INFO: [ view_filter ] --START--
INFO: Run Behavior\WriteHtmlCacheBehavior [ RunTime:0.000352s ]
INFO: Run Behavior\TokenBuildBehavior [ RunTime:0.000862s ]
INFO: [ view_filter ] --END-- [ RunTime:0.001367s ]
INFO: [ app_end ] --START--
INFO: Run Behavior\ShowPageTraceBehavior [ RunTime:0.000360s ]
INFO: [ app_end ] --END-- [ RunTime:0.000477s ]

[ 2021-06-29T14:16:18+08:00 ] 125.89.50.219 /Admin/StreetHistory/update.html
INFO: [ app_init ] --START--
INFO: Run Behavior\BuildLiteBehavior [ RunTime:0.000023s ]
INFO: [ app_init ] --END-- [ RunTime:0.000128s ]
INFO: [ app_begin ] --START--
INFO: Run Behavior\ReadHtmlCacheBehavior [ RunTime:0.000342s ]
INFO: Run Behavior\CheckLangBehavior [ RunTime:0.001440s ]
INFO: [ app_begin ] --END-- [ RunTime:0.001949s ]
SQL: SHOW COLUMNS FROM `hls_street_history` [ RunTime:0.0015s ]
SQL: SHOW COLUMNS FROM `hls_street` [ RunTime:0.0009s ]
NOTIC: [2] Illegal string offset 'file_id' /home/www/hollandshow.cn/App/Admin/Model/StreetHistoryModel.class.php 第 80 行.
NOTIC: [8] Uninitialized string offset: 0 /home/www/hollandshow.cn/App/Admin/Model/StreetHistoryModel.class.php 第 80 行.
NOTIC: [2] implode(): Invalid arguments passed /home/www/hollandshow.cn/App/Admin/Model/StreetHistoryModel.class.php 第 80 行.
NOTIC: [8] Undefined index: start_time /home/www/hollandshow.cn/App/Admin/Model/StreetHistoryModel.class.php 第 81 行.
NOTIC: [8] Undefined index: end_time /home/www/hollandshow.cn/App/Admin/Model/StreetHistoryModel.class.php 第 82 行.
NOTIC: [8] Undefined index: validate /home/www/hollandshow.cn/ThinkPHP/Library/Think/Model.class.php 第 1185 行.
NOTIC: [8] Undefined index: auto /home/www/hollandshow.cn/ThinkPHP/Library/Think/Model.class.php 第 1128 行.
SQL: UPDATE `hls_street_history` SET `id`='20',`street_id`='5',`title`='東望洋街',`description`='',`sort`='1',`cover`='/Public/upload/2018-10-29/5bd671d018d8b.jpg',`status`='published',`recommend`='1',`content`='&lt;p style=&quot;line-height: 3em; text-indent: 0em; text-align: center;&quot;&gt;&lt;img src=&quot;/ueditor/php/upload/image/20201105/1604586021584475.png&quot; title=&quot;&quot; alt=&quot;东望洋街地图-01.png&quot;/&gt;&lt;/p&gt;&lt;p style=&quot;text-indent: 2em; line-height: 3em;&quot;&gt;&lt;span style=&quot;font-family: 微软雅黑, &amp;quot;Microsoft YaHei&amp;quot;; font-size: 18px;&quot;&gt;&lt;br/&gt;&lt;/span&gt;&lt;/p&gt;&lt;p style=&quot;text-indent: 2em; line-height: 3em;&quot;&gt;&lt;span style=&quot;font-family: 微软雅黑, &amp;quot;Microsoft YaHei&amp;quot;; font-size: 18px;&quot;&gt;東望洋街，東起高偉樂街和士多鳥拜斯大馬路，西至荷蘭園大馬路、水坑尾街和水井斜巷。&lt;/span&gt;&lt;/p&gt;&lt;p style=&quot;text-indent: 2em; line-height: 3em;&quot;&gt;&lt;span style=&quot;font-family: 微软雅黑, &amp;quot;Microsoft YaHei&amp;quot;; font-size: 18px;&quot;&gt;&lt;span style=&quot;font-family: 微软雅黑, &amp;quot;Microsoft YaHei&amp;quot;;&quot;&gt;東望洋街築成於&lt;/span&gt;1847&lt;span style=&quot;font-family: 微软雅黑, &amp;quot;Microsoft YaHei&amp;quot;;&quot;&gt;至&lt;/span&gt;1848&lt;span style=&quot;font-family: 微软雅黑, &amp;quot;Microsoft YaHei&amp;quot;;&quot;&gt;年之間，先有葡文名稱，後有中文街名，但中葡文街名的意思完全不相干。葡文街名取自亞馬留總督的姓名，正式公佈於&lt;/span&gt;1869&lt;span style=&quot;font-family: 微软雅黑, &amp;quot;Microsoft YaHei&amp;quot;;&quot;&gt;年&lt;/span&gt;7&lt;span style=&quot;font-family: 微软雅黑, &amp;quot;Microsoft YaHei&amp;quot;;&quot;&gt;月&lt;/span&gt;16&lt;span style=&quot;font-family: 微软雅黑, &amp;quot;Microsoft YaHei&amp;quot;;&quot;&gt;日的澳葡政府憲報，以紀念阿馬留總督築路事蹟。中文街名較早見載於&lt;/span&gt;1905&lt;span style=&quot;font-family: 微软雅黑, &amp;quot;Microsoft YaHei&amp;quot;;&quot;&gt;年的《澳門海外省街道名冊》，因該街位於東望洋山山麓，故以此山命名。&lt;/span&gt;&lt;/span&gt;&lt;/p&gt;&lt;p style=&quot;text-indent: 2em; line-height: 3em;&quot;&gt;&lt;span style=&quot;font-family: 微软雅黑, &amp;quot;Microsoft YaHei&amp;quot;; font-size: 18px;&quot;&gt;阿馬留總督在修築馬路過程中，曾激發民憤，最終被村民沈米等人刺殺。東望洋街，位於北城牆水坑尾閘口之外，城牆外為蕉園，內為雀仔園。東望洋街築成後，加快了周邊地區的城市化發展。水坑尾閘門、炮臺、碉堡和城牆漸次被拆毀，蕉園和雀仔園連成一片，園中修築道路，興建房屋和市場，成為繁榮的街區。&lt;/span&gt;&lt;/p&gt;&lt;p style=&quot;line-height: 3em; text-indent: 0em; text-align: center;&quot;&gt;&lt;span style=&quot;font-family: 微软雅黑, &amp;quot;Microsoft YaHei&amp;quot;; font-size: 18px;&quot;&gt;&lt;img src=&quot;/ueditor/php/upload/image/20201031/1604115823877359.jpg&quot; title=&quot;&quot; alt=&quot;&quot; width=&quot;600&quot; height=&quot;398&quot; border=&quot;0&quot; vspace=&quot;0&quot; style=&quot;width: 600px; height: 398px;&quot;/&gt;&lt;/span&gt;&lt;/p&gt;&lt;p&gt;&lt;br/&gt;&lt;/p&gt;',`images`=NULL,`re_time`='1624947377',`updated`='1624947377',`cover_width_300`='/Public/upload/2018-10-29/5bd671d018d8b_width_300.jpg' WHERE ( id=20 ) [ RunTime:0.0258s ]

[ 2021-06-29T14:16:18+08:00 ] 125.89.50.219 /Admin/streetHistory/index.html
INFO: [ app_init ] --START--
INFO: Run Behavior\BuildLiteBehavior [ RunTime:0.000023s ]
INFO: [ app_init ] --END-- [ RunTime:0.000138s ]
INFO: [ app_begin ] --START--
INFO: Run Behavior\ReadHtmlCacheBehavior [ RunTime:0.000313s ]
INFO: Run Behavior\CheckLangBehavior [ RunTime:0.001461s ]
INFO: [ app_begin ] --END-- [ RunTime:0.001943s ]
SQL: SHOW COLUMNS FROM `hls_street_history` [ RunTime:0.0014s ]
SQL: SHOW COLUMNS FROM `hls_street` [ RunTime:0.0008s ]
SQL: SHOW COLUMNS FROM `hls_street_history` [ RunTime:0.0012s ]
SQL: SELECT COUNT(*) AS tp_count FROM hls_street_history as a  LEFT JOIN hls_street as b ON a.street_id = b.id  WHERE a.deleted IS NULL LIMIT 1   [ RunTime:0.0005s ]
SQL: SELECT a.*,b.name as street_name FROM hls_street_history as a  LEFT JOIN hls_street as b ON a.street_id = b.id  WHERE a.deleted IS NULL ORDER BY created desc LIMIT 0,10   [ RunTime:0.0011s ]
SQL: SELECT * FROM `hls_street` WHERE `deleted` IS NULL ORDER BY created desc  [ RunTime:0.0002s ]
NOTIC: [8] Undefined variable: type /home/www/hollandshow.cn/App/Admin/Controller/StreetHistoryController.class.php 第 82 行.
INFO: [ view_parse ] --START--
INFO: [ template_filter ] --START--
INFO: Run Behavior\ContentReplaceBehavior [ RunTime:0.000322s ]
INFO: [ template_filter ] --END-- [ RunTime:0.000430s ]
NOTIC: [8] Undefined variable: title /home/www/hollandshow.cn/App/Runtime/Cache/Admin/c2167bff22a722d541037dc5613b1358.php 第 4 行.
NOTIC: [8] Undefined variable: token /home/www/hollandshow.cn/App/Runtime/Cache/Admin/c2167bff22a722d541037dc5613b1358.php 第 81 行.
INFO: Run Behavior\ParseTemplateBehavior [ RunTime:0.026667s ]
INFO: [ view_parse ] --END-- [ RunTime:0.026770s ]
INFO: [ view_filter ] --START--
INFO: Run Behavior\WriteHtmlCacheBehavior [ RunTime:0.000335s ]
INFO: Run Behavior\TokenBuildBehavior [ RunTime:0.000797s ]
INFO: [ view_filter ] --END-- [ RunTime:0.001288s ]
INFO: [ app_end ] --START--
INFO: Run Behavior\ShowPageTraceBehavior [ RunTime:0.000345s ]
INFO: [ app_end ] --END-- [ RunTime:0.000450s ]

[ 2021-06-29T14:16:55+08:00 ] 125.89.50.219 /Admin/News/index.html
INFO: [ app_init ] --START--
INFO: Run Behavior\BuildLiteBehavior [ RunTime:0.000025s ]
INFO: [ app_init ] --END-- [ RunTime:0.000135s ]
INFO: [ app_begin ] --START--
INFO: Run Behavior\ReadHtmlCacheBehavior [ RunTime:0.000340s ]
INFO: Run Behavior\CheckLangBehavior [ RunTime:0.001401s ]
INFO: [ app_begin ] --END-- [ RunTime:0.001922s ]
SQL: SHOW COLUMNS FROM `hls_news` [ RunTime:0.0015s ]
SQL: SELECT COUNT(*) AS tp_count FROM `hls_news` WHERE `deleted` IS NULL ORDER BY created desc LIMIT 1   [ RunTime:0.0002s ]
SQL: SELECT * FROM `hls_news` WHERE `deleted` IS NULL ORDER BY created desc LIMIT 0,10   [ RunTime:0.0010s ]
INFO: [ view_parse ] --START--
INFO: [ template_filter ] --START--
INFO: Run Behavior\ContentReplaceBehavior [ RunTime:0.000308s ]
INFO: [ template_filter ] --END-- [ RunTime:0.000416s ]
NOTIC: [8] Undefined variable: title /home/www/hollandshow.cn/App/Runtime/Cache/Admin/b447d5afee354d4ec2e25fe3ef9e762a.php 第 4 行.
NOTIC: [8] Undefined variable: token /home/www/hollandshow.cn/App/Runtime/Cache/Admin/b447d5afee354d4ec2e25fe3ef9e762a.php 第 81 行.
INFO: Run Behavior\ParseTemplateBehavior [ RunTime:0.025097s ]
INFO: [ view_parse ] --END-- [ RunTime:0.025206s ]
INFO: [ view_filter ] --START--
INFO: Run Behavior\WriteHtmlCacheBehavior [ RunTime:0.000341s ]
INFO: Run Behavior\TokenBuildBehavior [ RunTime:0.000865s ]
INFO: [ view_filter ] --END-- [ RunTime:0.001364s ]
INFO: [ app_end ] --START--
INFO: Run Behavior\ShowPageTraceBehavior [ RunTime:0.000360s ]
INFO: [ app_end ] --END-- [ RunTime:0.000466s ]

[ 2021-06-29T14:16:55+08:00 ] 125.89.50.219 /Admin/Slide/index.html
INFO: [ app_init ] --START--
INFO: Run Behavior\BuildLiteBehavior [ RunTime:0.000023s ]
INFO: [ app_init ] --END-- [ RunTime:0.000130s ]
INFO: [ app_begin ] --START--
INFO: Run Behavior\ReadHtmlCacheBehavior [ RunTime:0.000277s ]
INFO: Run Behavior\CheckLangBehavior [ RunTime:0.001322s ]
INFO: [ app_begin ] --END-- [ RunTime:0.001781s ]
SQL: SHOW COLUMNS FROM `hls_slide` [ RunTime:0.0012s ]
SQL: SELECT COUNT(*) AS tp_count FROM `hls_slide` WHERE `deleted` IS NULL ORDER BY created desc LIMIT 1   [ RunTime:0.0002s ]
SQL: SELECT * FROM `hls_slide` WHERE `deleted` IS NULL ORDER BY created desc LIMIT 0,10   [ RunTime:0.0002s ]
NOTIC: [8] Undefined variable: type /home/www/hollandshow.cn/App/Admin/Controller/SlideController.class.php 第 65 行.
INFO: [ view_parse ] --START--
INFO: [ template_filter ] --START--
INFO: Run Behavior\ContentReplaceBehavior [ RunTime:0.000298s ]
INFO: [ template_filter ] --END-- [ RunTime:0.000406s ]
NOTIC: [8] Undefined variable: title /home/www/hollandshow.cn/App/Runtime/Cache/Admin/d2065425f578ca6b2ecb69480924e82e.php 第 4 行.
NOTIC: [8] Undefined variable: token /home/www/hollandshow.cn/App/Runtime/Cache/Admin/d2065425f578ca6b2ecb69480924e82e.php 第 81 行.
INFO: Run Behavior\ParseTemplateBehavior [ RunTime:0.024905s ]
INFO: [ view_parse ] --END-- [ RunTime:0.025015s ]
INFO: [ view_filter ] --START--
INFO: Run Behavior\WriteHtmlCacheBehavior [ RunTime:0.000283s ]
INFO: Run Behavior\TokenBuildBehavior [ RunTime:0.000845s ]
INFO: [ view_filter ] --END-- [ RunTime:0.001283s ]
INFO: [ app_end ] --START--
INFO: Run Behavior\ShowPageTraceBehavior [ RunTime:0.000293s ]
INFO: [ app_end ] --END-- [ RunTime:0.000396s ]

[ 2021-06-29T14:16:56+08:00 ] 125.89.50.219 /Admin/Shop/index/type/cate.html
INFO: [ app_init ] --START--
INFO: Run Behavior\BuildLiteBehavior [ RunTime:0.000023s ]
INFO: [ app_init ] --END-- [ RunTime:0.000129s ]
INFO: [ app_begin ] --START--
INFO: Run Behavior\ReadHtmlCacheBehavior [ RunTime:0.000286s ]
INFO: Run Behavior\CheckLangBehavior [ RunTime:0.001321s ]
INFO: [ app_begin ] --END-- [ RunTime:0.001789s ]
SQL: SHOW COLUMNS FROM `hls_shop` [ RunTime:0.0018s ]
SQL: SHOW COLUMNS FROM `hls_street` [ RunTime:0.0009s ]
SQL: SHOW COLUMNS FROM `hls_shop` [ RunTime:0.0014s ]
SQL: SELECT COUNT(*) AS tp_count FROM hls_shop as a  LEFT JOIN hls_street as b ON a.street_id = b.id  WHERE a.deleted IS NULL AND a.type = 'cate' LIMIT 1   [ RunTime:0.0017s ]
SQL: SELECT a.*,b.name as street_name FROM hls_shop as a  LEFT JOIN hls_street as b ON a.street_id = b.id  WHERE a.deleted IS NULL AND a.type = 'cate' ORDER BY created desc LIMIT 0,10   [ RunTime:0.0015s ]
SQL: SELECT * FROM `hls_street` WHERE `deleted` IS NULL ORDER BY created desc  [ RunTime:0.0003s ]
INFO: [ view_parse ] --START--
INFO: [ template_filter ] --START--
INFO: Run Behavior\ContentReplaceBehavior [ RunTime:0.000331s ]
INFO: [ template_filter ] --END-- [ RunTime:0.000439s ]
NOTIC: [8] Undefined variable: title /home/www/hollandshow.cn/App/Runtime/Cache/Admin/d68ce727c8ebc1f81462aeabe3e52156.php 第 4 行.
NOTIC: [8] Undefined variable: token /home/www/hollandshow.cn/App/Runtime/Cache/Admin/d68ce727c8ebc1f81462aeabe3e52156.php 第 81 行.
INFO: Run Behavior\ParseTemplateBehavior [ RunTime:0.027862s ]
INFO: [ view_parse ] --END-- [ RunTime:0.027974s ]
INFO: [ view_filter ] --START--
INFO: Run Behavior\WriteHtmlCacheBehavior [ RunTime:0.000307s ]
INFO: Run Behavior\TokenBuildBehavior [ RunTime:0.000869s ]
INFO: [ view_filter ] --END-- [ RunTime:0.001334s ]
INFO: [ app_end ] --START--
INFO: Run Behavior\ShowPageTraceBehavior [ RunTime:0.000316s ]
INFO: [ app_end ] --END-- [ RunTime:0.000423s ]

[ 2021-06-29T15:53:41+08:00 ] 125.89.50.219 /Admin/Login/verify.html
INFO: [ app_init ] --START--
INFO: Run Behavior\BuildLiteBehavior [ RunTime:0.000031s ]
INFO: [ app_init ] --END-- [ RunTime:0.000150s ]
INFO: [ app_begin ] --START--
INFO: Run Behavior\ReadHtmlCacheBehavior [ RunTime:0.000354s ]
INFO: Run Behavior\CheckLangBehavior [ RunTime:0.001575s ]
INFO: [ app_begin ] --END-- [ RunTime:0.002101s ]
INFO: [ app_end ] --START--
INFO: Run Behavior\ShowPageTraceBehavior [ RunTime:0.000365s ]
INFO: [ app_end ] --END-- [ RunTime:0.000486s ]

[ 2021-06-29T20:01:01+08:00 ] 125.89.50.219 /Admin/Login/verify.html
INFO: [ app_init ] --START--
INFO: Run Behavior\BuildLiteBehavior [ RunTime:0.000024s ]
INFO: [ app_init ] --END-- [ RunTime:0.000134s ]
INFO: [ app_begin ] --START--
INFO: Run Behavior\ReadHtmlCacheBehavior [ RunTime:0.000329s ]
INFO: Run Behavior\CheckLangBehavior [ RunTime:0.001488s ]
INFO: [ app_begin ] --END-- [ RunTime:0.001997s ]
INFO: [ app_end ] --START--
INFO: Run Behavior\ShowPageTraceBehavior [ RunTime:0.000348s ]
INFO: [ app_end ] --END-- [ RunTime:0.000457s ]

