[ 2021-09-03T02:33:40+08:00 ] 139.196.74.96 /admin/
INFO: [ app_init ] --START--
INFO: Run Behavior\BuildLiteBehavior [ RunTime:0.000021s ]
INFO: [ app_init ] --END-- [ RunTime:0.000125s ]
INFO: [ app_begin ] --START--
INFO: Run Behavior\ReadHtmlCacheBehavior [ RunTime:0.000287s ]
INFO: Run Behavior\CheckLangBehavior [ RunTime:0.001347s ]
INFO: [ app_begin ] --END-- [ RunTime:0.001810s ]

[ 2021-09-03T02:33:40+08:00 ] 139.196.74.96 /Admin/Login/index.html
INFO: [ app_init ] --START--
INFO: Run Behavior\BuildLiteBehavior [ RunTime:0.000021s ]
INFO: [ app_init ] --END-- [ RunTime:0.000124s ]
INFO: [ app_begin ] --START--
INFO: Run Behavior\ReadHtmlCacheBehavior [ RunTime:0.000302s ]
INFO: Run Behavior\CheckLangBehavior [ RunTime:0.001336s ]
INFO: [ app_begin ] --END-- [ RunTime:0.001801s ]
INFO: [ view_parse ] --START--
INFO: [ template_filter ] --START--
INFO: Run Behavior\ContentReplaceBehavior [ RunTime:0.000158s ]
INFO: [ template_filter ] --END-- [ RunTime:0.000263s ]
INFO: Run Behavior\ParseTemplateBehavior [ RunTime:0.006719s ]
INFO: [ view_parse ] --END-- [ RunTime:0.006837s ]
INFO: [ view_filter ] --START--
INFO: Run Behavior\WriteHtmlCacheBehavior [ RunTime:0.000303s ]
INFO: Run Behavior\TokenBuildBehavior [ RunTime:0.000423s ]
INFO: [ view_filter ] --END-- [ RunTime:0.000873s ]
INFO: [ app_end ] --START--
INFO: Run Behavior\ShowPageTraceBehavior [ RunTime:0.000344s ]
INFO: [ app_end ] --END-- [ RunTime:0.000442s ]

[ 2021-09-03T17:11:52+08:00 ] 219.131.240.78 /Admin/Posts/index.html
INFO: [ app_init ] --START--
INFO: Run Behavior\BuildLiteBehavior [ RunTime:0.000024s ]
INFO: [ app_init ] --END-- [ RunTime:0.000135s ]
INFO: [ app_begin ] --START--
INFO: Run Behavior\ReadHtmlCacheBehavior [ RunTime:0.000339s ]
INFO: Run Behavior\CheckLangBehavior [ RunTime:0.001513s ]
INFO: [ app_begin ] --END-- [ RunTime:0.002019s ]

[ 2021-09-03T17:11:52+08:00 ] 219.131.240.78 /Admin/Login/index.html
INFO: [ app_init ] --START--
INFO: Run Behavior\BuildLiteBehavior [ RunTime:0.000023s ]
INFO: [ app_init ] --END-- [ RunTime:0.000128s ]
INFO: [ app_begin ] --START--
INFO: Run Behavior\ReadHtmlCacheBehavior [ RunTime:0.000276s ]
INFO: Run Behavior\CheckLangBehavior [ RunTime:0.001329s ]
INFO: [ app_begin ] --END-- [ RunTime:0.001768s ]
INFO: [ view_parse ] --START--
INFO: [ template_filter ] --START--
INFO: Run Behavior\ContentReplaceBehavior [ RunTime:0.000158s ]
INFO: [ template_filter ] --END-- [ RunTime:0.000262s ]
INFO: Run Behavior\ParseTemplateBehavior [ RunTime:0.006755s ]
INFO: [ view_parse ] --END-- [ RunTime:0.006862s ]
INFO: [ view_filter ] --START--
INFO: Run Behavior\WriteHtmlCacheBehavior [ RunTime:0.000328s ]
INFO: Run Behavior\TokenBuildBehavior [ RunTime:0.000481s ]
INFO: [ view_filter ] --END-- [ RunTime:0.000955s ]
INFO: [ app_end ] --START--
INFO: Run Behavior\ShowPageTraceBehavior [ RunTime:0.000330s ]
INFO: [ app_end ] --END-- [ RunTime:0.000425s ]

[ 2021-09-03T17:11:52+08:00 ] 219.131.240.78 /Admin/Login/verify.html
INFO: [ app_init ] --START--
INFO: Run Behavior\BuildLiteBehavior [ RunTime:0.000022s ]
INFO: [ app_init ] --END-- [ RunTime:0.000135s ]
INFO: [ app_begin ] --START--
INFO: Run Behavior\ReadHtmlCacheBehavior [ RunTime:0.000276s ]
INFO: Run Behavior\CheckLangBehavior [ RunTime:0.001324s ]
INFO: [ app_begin ] --END-- [ RunTime:0.001763s ]
INFO: [ app_end ] --START--
INFO: Run Behavior\ShowPageTraceBehavior [ RunTime:0.000293s ]
INFO: [ app_end ] --END-- [ RunTime:0.000401s ]

[ 2021-09-03T17:12:00+08:00 ] 219.131.240.78 /Admin/Login/login.html
INFO: [ app_init ] --START--
INFO: Run Behavior\BuildLiteBehavior [ RunTime:0.000025s ]
INFO: [ app_init ] --END-- [ RunTime:0.000135s ]
INFO: [ app_begin ] --START--
INFO: Run Behavior\ReadHtmlCacheBehavior [ RunTime:0.000398s ]
INFO: Run Behavior\CheckLangBehavior [ RunTime:0.001724s ]
INFO: [ app_begin ] --END-- [ RunTime:0.002276s ]
SQL: SHOW COLUMNS FROM `hls_admin` [ RunTime:0.0082s ]
SQL: SELECT * FROM `hls_admin` WHERE `password` = '027b015ad5829f6831006722d14520c7af215f15f5460182f66d877fdb9b15c2' AND `username` = 'admin' LIMIT 1   [ RunTime:0.0007s ]
NOTIC: [8] A session had already been started - ignoring session_start() /home/www/hollandshow.cn/ThinkPHP/Common/functions.php 第 1263 行.

[ 2021-09-03T17:12:00+08:00 ] 219.131.240.78 /Admin/Login/verify/1630660321678
INFO: [ app_init ] --START--
INFO: Run Behavior\BuildLiteBehavior [ RunTime:0.000024s ]
INFO: [ app_init ] --END-- [ RunTime:0.000135s ]
INFO: [ app_begin ] --START--
INFO: Run Behavior\ReadHtmlCacheBehavior [ RunTime:0.000337s ]
INFO: Run Behavior\CheckLangBehavior [ RunTime:0.001654s ]
INFO: [ app_begin ] --END-- [ RunTime:0.002171s ]
INFO: [ app_end ] --START--
INFO: Run Behavior\ShowPageTraceBehavior [ RunTime:0.000343s ]
INFO: [ app_end ] --END-- [ RunTime:0.000453s ]

[ 2021-09-03T17:12:00+08:00 ] 219.131.240.78 /Admin/Login/logining.html
INFO: [ app_init ] --START--
INFO: Run Behavior\BuildLiteBehavior [ RunTime:0.000022s ]
INFO: [ app_init ] --END-- [ RunTime:0.000124s ]
INFO: [ app_begin ] --START--
INFO: Run Behavior\ReadHtmlCacheBehavior [ RunTime:0.000277s ]
INFO: Run Behavior\CheckLangBehavior [ RunTime:0.001327s ]
INFO: [ app_begin ] --END-- [ RunTime:0.001768s ]
INFO: [ view_parse ] --START--
INFO: [ template_filter ] --START--
INFO: Run Behavior\ContentReplaceBehavior [ RunTime:0.000098s ]
INFO: [ template_filter ] --END-- [ RunTime:0.000198s ]
INFO: Run Behavior\ParseTemplateBehavior [ RunTime:0.005485s ]
INFO: [ view_parse ] --END-- [ RunTime:0.005593s ]
INFO: [ view_filter ] --START--
INFO: Run Behavior\WriteHtmlCacheBehavior [ RunTime:0.000329s ]
INFO: Run Behavior\TokenBuildBehavior [ RunTime:0.000405s ]
INFO: [ view_filter ] --END-- [ RunTime:0.000890s ]
INFO: [ app_end ] --START--
INFO: Run Behavior\ShowPageTraceBehavior [ RunTime:0.000285s ]
INFO: [ app_end ] --END-- [ RunTime:0.000378s ]

[ 2021-09-03T17:12:01+08:00 ] 219.131.240.78 /Admin/Index/index.html
INFO: [ app_init ] --START--
INFO: Run Behavior\BuildLiteBehavior [ RunTime:0.000022s ]
INFO: [ app_init ] --END-- [ RunTime:0.000126s ]
INFO: [ app_begin ] --START--
INFO: Run Behavior\ReadHtmlCacheBehavior [ RunTime:0.000278s ]
INFO: Run Behavior\CheckLangBehavior [ RunTime:0.001307s ]
INFO: [ app_begin ] --END-- [ RunTime:0.001749s ]
INFO: [ view_parse ] --START--
INFO: [ template_filter ] --START--
INFO: Run Behavior\ContentReplaceBehavior [ RunTime:0.000301s ]
INFO: [ template_filter ] --END-- [ RunTime:0.000408s ]
NOTIC: [8] Undefined variable: title /home/www/hollandshow.cn/App/Runtime/Cache/Admin/9df924d9a2d217daa77a359c5bee0c33.php 第 4 行.
NOTIC: [8] Undefined variable: token /home/www/hollandshow.cn/App/Runtime/Cache/Admin/9df924d9a2d217daa77a359c5bee0c33.php 第 81 行.
NOTIC: [8] Undefined variable: exhibitor_count /home/www/hollandshow.cn/App/Runtime/Cache/Admin/9df924d9a2d217daa77a359c5bee0c33.php 第 211 行.
NOTIC: [8] Undefined variable: speakers_count /home/www/hollandshow.cn/App/Runtime/Cache/Admin/9df924d9a2d217daa77a359c5bee0c33.php 第 212 行.
NOTIC: [8] Undefined variable: session_count /home/www/hollandshow.cn/App/Runtime/Cache/Admin/9df924d9a2d217daa77a359c5bee0c33.php 第 213 行.
NOTIC: [8] Undefined variable: page_count /home/www/hollandshow.cn/App/Runtime/Cache/Admin/9df924d9a2d217daa77a359c5bee0c33.php 第 214 行.
NOTIC: [8] Undefined variable: user_count /home/www/hollandshow.cn/App/Runtime/Cache/Admin/9df924d9a2d217daa77a359c5bee0c33.php 第 215 行.
NOTIC: [8] Undefined variable: dynamic_count /home/www/hollandshow.cn/App/Runtime/Cache/Admin/9df924d9a2d217daa77a359c5bee0c33.php 第 216 行.
INFO: Run Behavior\ParseTemplateBehavior [ RunTime:0.018583s ]
INFO: [ view_parse ] --END-- [ RunTime:0.018686s ]
INFO: [ view_filter ] --START--
INFO: Run Behavior\WriteHtmlCacheBehavior [ RunTime:0.000284s ]
INFO: Run Behavior\TokenBuildBehavior [ RunTime:0.000682s ]
INFO: [ view_filter ] --END-- [ RunTime:0.001114s ]
INFO: [ app_end ] --START--
INFO: Run Behavior\ShowPageTraceBehavior [ RunTime:0.000290s ]
INFO: [ app_end ] --END-- [ RunTime:0.000392s ]

[ 2021-09-03T17:12:03+08:00 ] 219.131.240.78 /Admin/Media/index.html
INFO: [ app_init ] --START--
INFO: Run Behavior\BuildLiteBehavior [ RunTime:0.000024s ]
INFO: [ app_init ] --END-- [ RunTime:0.000134s ]
INFO: [ app_begin ] --START--
INFO: Run Behavior\ReadHtmlCacheBehavior [ RunTime:0.000337s ]
INFO: Run Behavior\CheckLangBehavior [ RunTime:0.001409s ]
INFO: [ app_begin ] --END-- [ RunTime:0.001911s ]
SQL: SHOW COLUMNS FROM `hls_media` [ RunTime:0.0015s ]
SQL: SHOW COLUMNS FROM `hls_files` [ RunTime:0.0009s ]
NOTIC: [2] Creating default object from empty value /home/www/hollandshow.cn/App/Admin/Controller/MediaController.class.php 第 23 行.
SQL: SELECT COUNT(*) AS tp_count FROM `hls_media` WHERE `deleted` IS NULL ORDER BY created desc LIMIT 1   [ RunTime:0.0013s ]
SQL: SELECT * FROM `hls_media` WHERE `deleted` IS NULL ORDER BY created desc LIMIT 0,10   [ RunTime:0.0014s ]
INFO: [ view_parse ] --START--
INFO: [ template_filter ] --START--
INFO: Run Behavior\ContentReplaceBehavior [ RunTime:0.000296s ]
INFO: [ template_filter ] --END-- [ RunTime:0.000402s ]
NOTIC: [8] Undefined variable: title /home/www/hollandshow.cn/App/Runtime/Cache/Admin/94e70b34e6d68fe22bf2c25c4ecd5352.php 第 4 行.
NOTIC: [8] Undefined variable: token /home/www/hollandshow.cn/App/Runtime/Cache/Admin/94e70b34e6d68fe22bf2c25c4ecd5352.php 第 81 行.
INFO: Run Behavior\ParseTemplateBehavior [ RunTime:0.024451s ]
INFO: [ view_parse ] --END-- [ RunTime:0.024574s ]
INFO: [ view_filter ] --START--
INFO: Run Behavior\WriteHtmlCacheBehavior [ RunTime:0.000332s ]
INFO: Run Behavior\TokenBuildBehavior [ RunTime:0.000828s ]
INFO: [ view_filter ] --END-- [ RunTime:0.001313s ]
INFO: [ app_end ] --START--
INFO: Run Behavior\ShowPageTraceBehavior [ RunTime:0.000355s ]
INFO: [ app_end ] --END-- [ RunTime:0.000460s ]

[ 2021-09-03T17:12:05+08:00 ] 219.131.240.78 /Admin/Media/edit/id/38.html
INFO: [ app_init ] --START--
INFO: Run Behavior\BuildLiteBehavior [ RunTime:0.000025s ]
INFO: [ app_init ] --END-- [ RunTime:0.000133s ]
INFO: [ app_begin ] --START--
INFO: Run Behavior\ReadHtmlCacheBehavior [ RunTime:0.000284s ]
INFO: Run Behavior\CheckLangBehavior [ RunTime:0.001337s ]
INFO: [ app_begin ] --END-- [ RunTime:0.001784s ]
SQL: SHOW COLUMNS FROM `hls_media` [ RunTime:0.0015s ]
SQL: SHOW COLUMNS FROM `hls_files` [ RunTime:0.0010s ]
NOTIC: [2] Creating default object from empty value /home/www/hollandshow.cn/App/Admin/Controller/MediaController.class.php 第 23 行.
SQL: SELECT * FROM `hls_media` WHERE `id` = 38 LIMIT 1   [ RunTime:0.0003s ]
SQL: SELECT `save_path`,`extension` FROM `hls_files` WHERE ( id=1624 ) LIMIT 1   [ RunTime:0.0002s ]
SQL: SELECT `save_path`,`extension` FROM `hls_files` WHERE ( id=1625 ) LIMIT 1   [ RunTime:0.0003s ]
SQL: SELECT `save_path`,`extension` FROM `hls_files` WHERE ( id=1626 ) LIMIT 1   [ RunTime:0.0002s ]
INFO: [ view_parse ] --START--
INFO: [ template_filter ] --START--
INFO: Run Behavior\ContentReplaceBehavior [ RunTime:0.000398s ]
INFO: [ template_filter ] --END-- [ RunTime:0.000507s ]
NOTIC: [8] Undefined variable: title /home/www/hollandshow.cn/App/Runtime/Cache/Admin/46c96c7e45bccc487180954b829226b7.php 第 4 行.
NOTIC: [8] Undefined variable: token /home/www/hollandshow.cn/App/Runtime/Cache/Admin/46c96c7e45bccc487180954b829226b7.php 第 81 行.
INFO: Run Behavior\ParseTemplateBehavior [ RunTime:0.023314s ]
INFO: [ view_parse ] --END-- [ RunTime:0.023416s ]
INFO: [ view_filter ] --START--
INFO: Run Behavior\WriteHtmlCacheBehavior [ RunTime:0.000288s ]
INFO: Run Behavior\TokenBuildBehavior [ RunTime:0.000740s ]
INFO: [ view_filter ] --END-- [ RunTime:0.001234s ]
INFO: [ app_end ] --START--
INFO: Run Behavior\ShowPageTraceBehavior [ RunTime:0.000296s ]
INFO: [ app_end ] --END-- [ RunTime:0.000399s ]

[ 2021-09-03T18:13:48+08:00 ] 219.131.240.78 /Admin/Login/index.html
INFO: [ app_init ] --START--
INFO: Run Behavior\BuildLiteBehavior [ RunTime:0.000025s ]
INFO: [ app_init ] --END-- [ RunTime:0.000135s ]
INFO: [ app_begin ] --START--
INFO: Run Behavior\ReadHtmlCacheBehavior [ RunTime:0.000329s ]
INFO: Run Behavior\CheckLangBehavior [ RunTime:0.001486s ]
INFO: [ app_begin ] --END-- [ RunTime:0.001992s ]
INFO: [ view_parse ] --START--
INFO: [ template_filter ] --START--
INFO: Run Behavior\ContentReplaceBehavior [ RunTime:0.000159s ]
INFO: [ template_filter ] --END-- [ RunTime:0.000262s ]
INFO: Run Behavior\ParseTemplateBehavior [ RunTime:0.006834s ]
INFO: [ view_parse ] --END-- [ RunTime:0.006940s ]
INFO: [ view_filter ] --START--
INFO: Run Behavior\WriteHtmlCacheBehavior [ RunTime:0.000345s ]
INFO: Run Behavior\TokenBuildBehavior [ RunTime:0.000474s ]
INFO: [ view_filter ] --END-- [ RunTime:0.000964s ]
INFO: [ app_end ] --START--
INFO: Run Behavior\ShowPageTraceBehavior [ RunTime:0.000353s ]
INFO: [ app_end ] --END-- [ RunTime:0.000449s ]

[ 2021-09-03T18:13:49+08:00 ] 219.131.240.78 /Admin/Login/verify.html
INFO: [ app_init ] --START--
INFO: Run Behavior\BuildLiteBehavior [ RunTime:0.000016s ]
INFO: [ app_init ] --END-- [ RunTime:0.000091s ]
INFO: [ app_begin ] --START--
INFO: Run Behavior\ReadHtmlCacheBehavior [ RunTime:0.000166s ]
INFO: Run Behavior\CheckLangBehavior [ RunTime:0.000766s ]
INFO: [ app_begin ] --END-- [ RunTime:0.001030s ]
INFO: [ app_end ] --START--
INFO: Run Behavior\ShowPageTraceBehavior [ RunTime:0.000175s ]
INFO: [ app_end ] --END-- [ RunTime:0.000241s ]

[ 2021-09-03T18:21:37+08:00 ] 219.131.240.78 /Admin/Login/login.html
INFO: [ app_init ] --START--
INFO: Run Behavior\BuildLiteBehavior [ RunTime:0.000025s ]
INFO: [ app_init ] --END-- [ RunTime:0.000134s ]
INFO: [ app_begin ] --START--
INFO: Run Behavior\ReadHtmlCacheBehavior [ RunTime:0.000331s ]
INFO: Run Behavior\CheckLangBehavior [ RunTime:0.001543s ]
INFO: [ app_begin ] --END-- [ RunTime:0.002044s ]
SQL: SHOW COLUMNS FROM `hls_admin` [ RunTime:0.0014s ]
SQL: SELECT * FROM `hls_admin` WHERE `password` = '027b015ad5829f6831006722d14520c7af215f15f5460182f66d877fdb9b15c2' AND `username` = 'admin' LIMIT 1   [ RunTime:0.0006s ]
NOTIC: [8] A session had already been started - ignoring session_start() /home/www/hollandshow.cn/ThinkPHP/Common/functions.php 第 1263 行.

[ 2021-09-03T18:21:37+08:00 ] 219.131.240.78 /Admin/Login/verify/1630664499241
INFO: [ app_init ] --START--
INFO: Run Behavior\BuildLiteBehavior [ RunTime:0.000022s ]
INFO: [ app_init ] --END-- [ RunTime:0.000125s ]
INFO: [ app_begin ] --START--
INFO: Run Behavior\ReadHtmlCacheBehavior [ RunTime:0.000301s ]
INFO: Run Behavior\CheckLangBehavior [ RunTime:0.001608s ]
INFO: [ app_begin ] --END-- [ RunTime:0.002142s ]
INFO: [ app_end ] --START--
INFO: Run Behavior\ShowPageTraceBehavior [ RunTime:0.000359s ]
INFO: [ app_end ] --END-- [ RunTime:0.000470s ]

[ 2021-09-03T18:21:37+08:00 ] 219.131.240.78 /Admin/Login/logining.html
INFO: [ app_init ] --START--
INFO: Run Behavior\BuildLiteBehavior [ RunTime:0.000025s ]
INFO: [ app_init ] --END-- [ RunTime:0.000136s ]
INFO: [ app_begin ] --START--
INFO: Run Behavior\ReadHtmlCacheBehavior [ RunTime:0.000295s ]
INFO: Run Behavior\CheckLangBehavior [ RunTime:0.001332s ]
INFO: [ app_begin ] --END-- [ RunTime:0.001794s ]
INFO: [ view_parse ] --START--
INFO: [ template_filter ] --START--
INFO: Run Behavior\ContentReplaceBehavior [ RunTime:0.000101s ]
INFO: [ template_filter ] --END-- [ RunTime:0.000202s ]
INFO: Run Behavior\ParseTemplateBehavior [ RunTime:0.005502s ]
INFO: [ view_parse ] --END-- [ RunTime:0.005610s ]
INFO: [ view_filter ] --START--
INFO: Run Behavior\WriteHtmlCacheBehavior [ RunTime:0.000343s ]
INFO: Run Behavior\TokenBuildBehavior [ RunTime:0.000408s ]
INFO: [ view_filter ] --END-- [ RunTime:0.000896s ]
INFO: [ app_end ] --START--
INFO: Run Behavior\ShowPageTraceBehavior [ RunTime:0.000300s ]
INFO: [ app_end ] --END-- [ RunTime:0.000395s ]

[ 2021-09-03T18:21:38+08:00 ] 219.131.240.78 /Admin/Index/index.html
INFO: [ app_init ] --START--
INFO: Run Behavior\BuildLiteBehavior [ RunTime:0.000024s ]
INFO: [ app_init ] --END-- [ RunTime:0.000132s ]
INFO: [ app_begin ] --START--
INFO: Run Behavior\ReadHtmlCacheBehavior [ RunTime:0.000288s ]
INFO: Run Behavior\CheckLangBehavior [ RunTime:0.001321s ]
INFO: [ app_begin ] --END-- [ RunTime:0.001773s ]
INFO: [ view_parse ] --START--
INFO: [ template_filter ] --START--
INFO: Run Behavior\ContentReplaceBehavior [ RunTime:0.000291s ]
INFO: [ template_filter ] --END-- [ RunTime:0.000398s ]
NOTIC: [8] Undefined variable: title /home/www/hollandshow.cn/App/Runtime/Cache/Admin/9df924d9a2d217daa77a359c5bee0c33.php 第 4 行.
NOTIC: [8] Undefined variable: token /home/www/hollandshow.cn/App/Runtime/Cache/Admin/9df924d9a2d217daa77a359c5bee0c33.php 第 81 行.
NOTIC: [8] Undefined variable: exhibitor_count /home/www/hollandshow.cn/App/Runtime/Cache/Admin/9df924d9a2d217daa77a359c5bee0c33.php 第 211 行.
NOTIC: [8] Undefined variable: speakers_count /home/www/hollandshow.cn/App/Runtime/Cache/Admin/9df924d9a2d217daa77a359c5bee0c33.php 第 212 行.
NOTIC: [8] Undefined variable: session_count /home/www/hollandshow.cn/App/Runtime/Cache/Admin/9df924d9a2d217daa77a359c5bee0c33.php 第 213 行.
NOTIC: [8] Undefined variable: page_count /home/www/hollandshow.cn/App/Runtime/Cache/Admin/9df924d9a2d217daa77a359c5bee0c33.php 第 214 行.
NOTIC: [8] Undefined variable: user_count /home/www/hollandshow.cn/App/Runtime/Cache/Admin/9df924d9a2d217daa77a359c5bee0c33.php 第 215 行.
NOTIC: [8] Undefined variable: dynamic_count /home/www/hollandshow.cn/App/Runtime/Cache/Admin/9df924d9a2d217daa77a359c5bee0c33.php 第 216 行.
INFO: Run Behavior\ParseTemplateBehavior [ RunTime:0.018404s ]
INFO: [ view_parse ] --END-- [ RunTime:0.018506s ]
INFO: [ view_filter ] --START--
INFO: Run Behavior\WriteHtmlCacheBehavior [ RunTime:0.000310s ]
INFO: Run Behavior\TokenBuildBehavior [ RunTime:0.000589s ]
INFO: [ view_filter ] --END-- [ RunTime:0.001045s ]
INFO: [ app_end ] --START--
INFO: Run Behavior\ShowPageTraceBehavior [ RunTime:0.000309s ]
INFO: [ app_end ] --END-- [ RunTime:0.000411s ]

[ 2021-09-03T18:22:27+08:00 ] 219.131.240.78 /Admin/Media/index.html
INFO: [ app_init ] --START--
INFO: Run Behavior\BuildLiteBehavior [ RunTime:0.000024s ]
INFO: [ app_init ] --END-- [ RunTime:0.000134s ]
INFO: [ app_begin ] --START--
INFO: Run Behavior\ReadHtmlCacheBehavior [ RunTime:0.000389s ]
INFO: Run Behavior\CheckLangBehavior [ RunTime:0.001413s ]
INFO: [ app_begin ] --END-- [ RunTime:0.001984s ]
SQL: SHOW COLUMNS FROM `hls_media` [ RunTime:0.0014s ]
SQL: SHOW COLUMNS FROM `hls_files` [ RunTime:0.0009s ]
NOTIC: [2] Creating default object from empty value /home/www/hollandshow.cn/App/Admin/Controller/MediaController.class.php 第 23 行.
SQL: SELECT COUNT(*) AS tp_count FROM `hls_media` WHERE `deleted` IS NULL ORDER BY created desc LIMIT 1   [ RunTime:0.0014s ]
SQL: SELECT * FROM `hls_media` WHERE `deleted` IS NULL ORDER BY created desc LIMIT 0,10   [ RunTime:0.0015s ]
INFO: [ view_parse ] --START--
INFO: [ template_filter ] --START--
INFO: Run Behavior\ContentReplaceBehavior [ RunTime:0.000288s ]
INFO: [ template_filter ] --END-- [ RunTime:0.000405s ]
NOTIC: [8] Undefined variable: title /home/www/hollandshow.cn/App/Runtime/Cache/Admin/94e70b34e6d68fe22bf2c25c4ecd5352.php 第 4 行.
NOTIC: [8] Undefined variable: token /home/www/hollandshow.cn/App/Runtime/Cache/Admin/94e70b34e6d68fe22bf2c25c4ecd5352.php 第 81 行.
INFO: Run Behavior\ParseTemplateBehavior [ RunTime:0.025246s ]
INFO: [ view_parse ] --END-- [ RunTime:0.025361s ]
INFO: [ view_filter ] --START--
INFO: Run Behavior\WriteHtmlCacheBehavior [ RunTime:0.000329s ]
INFO: Run Behavior\TokenBuildBehavior [ RunTime:0.000946s ]
INFO: [ view_filter ] --END-- [ RunTime:0.001431s ]
INFO: [ app_end ] --START--
INFO: Run Behavior\ShowPageTraceBehavior [ RunTime:0.000337s ]
INFO: [ app_end ] --END-- [ RunTime:0.000439s ]

[ 2021-09-03T18:22:37+08:00 ] 219.131.240.78 /Admin/Media2/index.html
INFO: [ app_init ] --START--
INFO: Run Behavior\BuildLiteBehavior [ RunTime:0.000025s ]
INFO: [ app_init ] --END-- [ RunTime:0.000138s ]
INFO: [ app_begin ] --START--
INFO: Run Behavior\ReadHtmlCacheBehavior [ RunTime:0.000326s ]
INFO: Run Behavior\CheckLangBehavior [ RunTime:0.001416s ]
INFO: [ app_begin ] --END-- [ RunTime:0.001907s ]
SQL: SHOW COLUMNS FROM `hls_media2` [ RunTime:0.0015s ]
SQL: SELECT COUNT(*) AS tp_count FROM `hls_media2` WHERE `deleted` IS NULL ORDER BY created desc LIMIT 1   [ RunTime:0.0014s ]
SQL: SELECT * FROM `hls_media2` WHERE `deleted` IS NULL ORDER BY created desc LIMIT 0,10   [ RunTime:0.0016s ]
INFO: [ view_parse ] --START--
INFO: [ template_filter ] --START--
INFO: Run Behavior\ContentReplaceBehavior [ RunTime:0.000276s ]
INFO: [ template_filter ] --END-- [ RunTime:0.000380s ]
NOTIC: [8] Undefined variable: title /home/www/hollandshow.cn/App/Runtime/Cache/Admin/10c67ee05a6ae31bbecad7f73f178549.php 第 4 行.
NOTIC: [8] Undefined variable: token /home/www/hollandshow.cn/App/Runtime/Cache/Admin/10c67ee05a6ae31bbecad7f73f178549.php 第 81 行.
INFO: Run Behavior\ParseTemplateBehavior [ RunTime:0.024362s ]
INFO: [ view_parse ] --END-- [ RunTime:0.024486s ]
INFO: [ view_filter ] --START--
INFO: Run Behavior\WriteHtmlCacheBehavior [ RunTime:0.000330s ]
INFO: Run Behavior\TokenBuildBehavior [ RunTime:0.000826s ]
INFO: [ view_filter ] --END-- [ RunTime:0.001309s ]
INFO: [ app_end ] --START--
INFO: Run Behavior\ShowPageTraceBehavior [ RunTime:0.000339s ]
INFO: [ app_end ] --END-- [ RunTime:0.000452s ]

[ 2021-09-03T18:22:41+08:00 ] 219.131.240.78 /Admin/Media2/edit/id/37.html
INFO: [ app_init ] --START--
INFO: Run Behavior\BuildLiteBehavior [ RunTime:0.000024s ]
INFO: [ app_init ] --END-- [ RunTime:0.000136s ]
INFO: [ app_begin ] --START--
INFO: Run Behavior\ReadHtmlCacheBehavior [ RunTime:0.000339s ]
INFO: Run Behavior\CheckLangBehavior [ RunTime:0.001413s ]
INFO: [ app_begin ] --END-- [ RunTime:0.001919s ]
SQL: SHOW COLUMNS FROM `hls_media2` [ RunTime:0.0015s ]
SQL: SELECT * FROM `hls_media2` WHERE `id` = 37 LIMIT 1   [ RunTime:0.0003s ]
NOTIC: [8] Undefined variable: images /home/www/hollandshow.cn/App/Admin/Controller/Media2Controller.class.php 第 120 行.
INFO: [ view_parse ] --START--
INFO: [ template_filter ] --START--
INFO: Run Behavior\ContentReplaceBehavior [ RunTime:0.000405s ]
INFO: [ template_filter ] --END-- [ RunTime:0.000513s ]
NOTIC: [8] Undefined variable: title /home/www/hollandshow.cn/App/Runtime/Cache/Admin/9518abe8f99be3763d50eb9f21726760.php 第 4 行.
NOTIC: [8] Undefined variable: token /home/www/hollandshow.cn/App/Runtime/Cache/Admin/9518abe8f99be3763d50eb9f21726760.php 第 81 行.
NOTIC: [8] Undefined index: other /home/www/hollandshow.cn/App/Runtime/Cache/Admin/9518abe8f99be3763d50eb9f21726760.php 第 231 行.
INFO: Run Behavior\ParseTemplateBehavior [ RunTime:0.021436s ]
INFO: [ view_parse ] --END-- [ RunTime:0.021554s ]
INFO: [ view_filter ] --START--
INFO: Run Behavior\WriteHtmlCacheBehavior [ RunTime:0.000331s ]
INFO: Run Behavior\TokenBuildBehavior [ RunTime:0.000879s ]
INFO: [ view_filter ] --END-- [ RunTime:0.001363s ]
INFO: [ app_end ] --START--
INFO: Run Behavior\ShowPageTraceBehavior [ RunTime:0.000339s ]
INFO: [ app_end ] --END-- [ RunTime:0.000441s ]

