[ 2021-12-04T09:31:57+08:00 ] 219.131.241.122 /Admin/Login/login.html
INFO: [ app_begin ] --START--
INFO: Run Behavior\ReadHtmlCacheBehavior [ RunTime:0.000373s ]
INFO: Run Behavior\CheckLangBehavior [ RunTime:0.001570s ]
INFO: [ app_begin ] --END-- [ RunTime:0.002193s ]

[ 2021-12-04T09:32:02+08:00 ] 219.131.241.122 /Admin/Login/login.html
INFO: [ app_begin ] --START--
INFO: Run Behavior\ReadHtmlCacheBehavior [ RunTime:0.000344s ]
INFO: Run Behavior\CheckLangBehavior [ RunTime:0.001492s ]
INFO: [ app_begin ] --END-- [ RunTime:0.002081s ]
SQL: SHOW COLUMNS FROM `hls_admin` [ RunTime:0.0089s ]
SQL: SELECT * FROM `hls_admin` WHERE `password` = '027b015ad5829f6831006722d14520c7af215f15f5460182f66d877fdb9b15c2' AND `username` = 'admin' LIMIT 1   [ RunTime:0.0007s ]
NOTIC: [8] A session had already been started - ignoring session_start() /home/www/hollandshow.cn/ThinkPHP/Common/functions.php 第 1263 行.

[ 2021-12-04T09:32:17+08:00 ] 219.131.241.122 /Admin/Upload/upload.html
INFO: [ app_begin ] --START--
INFO: Run Behavior\ReadHtmlCacheBehavior [ RunTime:0.000317s ]
INFO: Run Behavior\CheckLangBehavior [ RunTime:0.001433s ]
INFO: [ app_begin ] --END-- [ RunTime:0.001990s ]
NOTIC: [2] call_user_func() expects parameter 1 to be a valid callback, no array or string given /home/www/hollandshow.cn/ThinkPHP/Library/Think/Upload.class.php 第 170 行.
SQL: SHOW COLUMNS FROM `hls_files` [ RunTime:0.0013s ]
SQL: INSERT INTO `hls_files` (`save_name`,`save_path`,`extension`,`mime`,`size`) VALUES ('61aac5217a794.png','/Public/upload/2021-12-04/61aac5217a794.png','png','image/png','179127') [ RunTime:0.0276s ]

[ 2021-12-04T09:32:55+08:00 ] 219.131.241.122 /Admin/Links/create.html
ERR: 1062:Duplicate entry '0' for key 'PRIMARY'
 [ SQL语句 ] : INSERT INTO `hls_links` (`title`,`url`,`image`,`status`,`recommend`,`created`,`updated`) VALUES ('e','','/Public/upload/2021-12-04/61aac5217a794.png','published','0','1638581575','1638581575')

[ 2021-12-04T09:33:17+08:00 ] 219.131.241.122 /Admin/Login/login.html
INFO: [ app_begin ] --START--
INFO: Run Behavior\ReadHtmlCacheBehavior [ RunTime:0.000320s ]
INFO: Run Behavior\CheckLangBehavior [ RunTime:0.001457s ]
INFO: [ app_begin ] --END-- [ RunTime:0.002030s ]
SQL: SHOW COLUMNS FROM `hls_admin` [ RunTime:0.0013s ]
SQL: SELECT * FROM `hls_admin` WHERE `password` = '027b015ad5829f6831006722d14520c7af215f15f5460182f66d877fdb9b15c2' AND `username` = 'admin' LIMIT 1   [ RunTime:0.0002s ]
NOTIC: [8] A session had already been started - ignoring session_start() /home/www/hollandshow.cn/ThinkPHP/Common/functions.php 第 1263 行.

[ 2021-12-04T09:37:25+08:00 ] 219.131.241.122 /Admin/Upload/upload.html
INFO: [ app_begin ] --START--
INFO: Run Behavior\ReadHtmlCacheBehavior [ RunTime:0.000326s ]
INFO: Run Behavior\CheckLangBehavior [ RunTime:0.001427s ]
INFO: [ app_begin ] --END-- [ RunTime:0.002008s ]
NOTIC: [2] call_user_func() expects parameter 1 to be a valid callback, no array or string given /home/www/hollandshow.cn/ThinkPHP/Library/Think/Upload.class.php 第 170 行.
SQL: SHOW COLUMNS FROM `hls_files` [ RunTime:0.0011s ]
SQL: INSERT INTO `hls_files` (`save_name`,`save_path`,`extension`,`mime`,`size`) VALUES ('61aac6552217b.jpg','/Public/upload/2021-12-04/61aac6552217b.jpg','jpg','image/png','14060') [ RunTime:0.0378s ]

[ 2021-12-04T09:37:27+08:00 ] 219.131.241.122 /Admin/Links/create.html
ERR: 1062:Duplicate entry '0' for key 'PRIMARY'
 [ SQL语句 ] : INSERT INTO `hls_links` (`title`,`url`,`image`,`status`,`recommend`,`created`,`updated`) VALUES ('望德堂','http://www.cipa.org.mo/','/Public/upload/2021-12-04/61aac6552217b.jpg','published','0','1638581847','1638581847')

[ 2021-12-04T09:39:43+08:00 ] 219.131.241.122 /Admin/Upload/upload.html
INFO: [ app_begin ] --START--
INFO: Run Behavior\ReadHtmlCacheBehavior [ RunTime:0.000333s ]
INFO: Run Behavior\CheckLangBehavior [ RunTime:0.001407s ]
INFO: [ app_begin ] --END-- [ RunTime:0.002003s ]
NOTIC: [2] call_user_func() expects parameter 1 to be a valid callback, no array or string given /home/www/hollandshow.cn/ThinkPHP/Library/Think/Upload.class.php 第 170 行.
SQL: SHOW COLUMNS FROM `hls_files` [ RunTime:0.0010s ]
SQL: INSERT INTO `hls_files` (`save_name`,`save_path`,`extension`,`mime`,`size`) VALUES ('61aac6df87131.png','/Public/upload/2021-12-04/61aac6df87131.png','png','image/png','179127') [ RunTime:0.0254s ]

[ 2021-12-04T09:40:00+08:00 ] 219.131.241.122 /Admin/Upload/upload.html
INFO: [ app_begin ] --START--
INFO: Run Behavior\ReadHtmlCacheBehavior [ RunTime:0.000318s ]
INFO: Run Behavior\CheckLangBehavior [ RunTime:0.001420s ]
INFO: [ app_begin ] --END-- [ RunTime:0.001994s ]
NOTIC: [2] call_user_func() expects parameter 1 to be a valid callback, no array or string given /home/www/hollandshow.cn/ThinkPHP/Library/Think/Upload.class.php 第 170 行.
SQL: SHOW COLUMNS FROM `hls_files` [ RunTime:0.0011s ]
SQL: INSERT INTO `hls_files` (`save_name`,`save_path`,`extension`,`mime`,`size`) VALUES ('61aac6f003337.png','/Public/upload/2021-12-04/61aac6f003337.png','png','image/png','179127') [ RunTime:0.0374s ]

[ 2021-12-04T09:40:31+08:00 ] 219.131.241.122 /Admin/Upload/upload.html
INFO: [ app_begin ] --START--
INFO: Run Behavior\ReadHtmlCacheBehavior [ RunTime:0.000325s ]
INFO: Run Behavior\CheckLangBehavior [ RunTime:0.001450s ]
INFO: [ app_begin ] --END-- [ RunTime:0.002018s ]
NOTIC: [2] call_user_func() expects parameter 1 to be a valid callback, no array or string given /home/www/hollandshow.cn/ThinkPHP/Library/Think/Upload.class.php 第 170 行.
SQL: SHOW COLUMNS FROM `hls_files` [ RunTime:0.0010s ]
SQL: INSERT INTO `hls_files` (`save_name`,`save_path`,`extension`,`mime`,`size`) VALUES ('61aac70ef20e9.jpg','/Public/upload/2021-12-04/61aac70ef20e9.jpg','jpg','image/jpeg','48063') [ RunTime:0.0236s ]

[ 2021-12-04T09:40:44+08:00 ] 219.131.241.122 /Admin/Links/destroy.html
INFO: [ app_begin ] --START--
INFO: Run Behavior\ReadHtmlCacheBehavior [ RunTime:0.000329s ]
INFO: Run Behavior\CheckLangBehavior [ RunTime:0.001415s ]
INFO: [ app_begin ] --END-- [ RunTime:0.001987s ]
SQL: SHOW COLUMNS FROM `hls_links` [ RunTime:0.0011s ]
SQL: UPDATE `hls_links` SET `deleted`='1638582044' WHERE ( id=3 ) [ RunTime:0.0253s ]

[ 2021-12-04T09:40:47+08:00 ] 219.131.241.122 /Admin/Links/destroy.html
INFO: [ app_begin ] --START--
INFO: Run Behavior\ReadHtmlCacheBehavior [ RunTime:0.000317s ]
INFO: Run Behavior\CheckLangBehavior [ RunTime:0.001425s ]
INFO: [ app_begin ] --END-- [ RunTime:0.001984s ]
SQL: SHOW COLUMNS FROM `hls_links` [ RunTime:0.0012s ]
SQL: UPDATE `hls_links` SET `deleted`='1638582047' WHERE ( id=2 ) [ RunTime:0.0250s ]

[ 2021-12-04T09:41:30+08:00 ] 219.131.241.122 /Admin/Upload/upload.html
INFO: [ app_begin ] --START--
INFO: Run Behavior\ReadHtmlCacheBehavior [ RunTime:0.000327s ]
INFO: Run Behavior\CheckLangBehavior [ RunTime:0.001434s ]
INFO: [ app_begin ] --END-- [ RunTime:0.002027s ]
NOTIC: [2] call_user_func() expects parameter 1 to be a valid callback, no array or string given /home/www/hollandshow.cn/ThinkPHP/Library/Think/Upload.class.php 第 170 行.
SQL: SHOW COLUMNS FROM `hls_files` [ RunTime:0.0010s ]
SQL: INSERT INTO `hls_files` (`save_name`,`save_path`,`extension`,`mime`,`size`) VALUES ('61aac74a30359.png','/Public/upload/2021-12-04/61aac74a30359.png','png','image/png','179127') [ RunTime:0.0300s ]

[ 2021-12-04T09:46:19+08:00 ] 219.131.241.122 /Admin/Upload/upload.html
INFO: [ app_begin ] --START--
INFO: Run Behavior\ReadHtmlCacheBehavior [ RunTime:0.000321s ]
INFO: Run Behavior\CheckLangBehavior [ RunTime:0.001429s ]
INFO: [ app_begin ] --END-- [ RunTime:0.002008s ]
NOTIC: [2] call_user_func() expects parameter 1 to be a valid callback, no array or string given /home/www/hollandshow.cn/ThinkPHP/Library/Think/Upload.class.php 第 170 行.
SQL: SHOW COLUMNS FROM `hls_files` [ RunTime:0.0012s ]
SQL: INSERT INTO `hls_files` (`save_name`,`save_path`,`extension`,`mime`,`size`) VALUES ('61aac86b7f390.jpg','/Public/upload/2021-12-04/61aac86b7f390.jpg','jpg','image/png','14060') [ RunTime:0.0262s ]

[ 2021-12-04T09:49:19+08:00 ] 219.131.241.122 /Admin/Upload/upload.html
INFO: [ app_begin ] --START--
INFO: Run Behavior\ReadHtmlCacheBehavior [ RunTime:0.000321s ]
INFO: Run Behavior\CheckLangBehavior [ RunTime:0.001436s ]
INFO: [ app_begin ] --END-- [ RunTime:0.002014s ]
NOTIC: [2] call_user_func() expects parameter 1 to be a valid callback, no array or string given /home/www/hollandshow.cn/ThinkPHP/Library/Think/Upload.class.php 第 170 行.
SQL: SHOW COLUMNS FROM `hls_files` [ RunTime:0.0012s ]
SQL: INSERT INTO `hls_files` (`save_name`,`save_path`,`extension`,`mime`,`size`) VALUES ('61aac91f261e7.png','/Public/upload/2021-12-04/61aac91f261e7.png','png','image/png','4799') [ RunTime:0.0235s ]

[ 2021-12-04T09:50:31+08:00 ] 219.131.241.122 /Admin/Upload/upload.html
INFO: [ app_begin ] --START--
INFO: Run Behavior\ReadHtmlCacheBehavior [ RunTime:0.000353s ]
INFO: Run Behavior\CheckLangBehavior [ RunTime:0.001424s ]
INFO: [ app_begin ] --END-- [ RunTime:0.002032s ]
NOTIC: [2] call_user_func() expects parameter 1 to be a valid callback, no array or string given /home/www/hollandshow.cn/ThinkPHP/Library/Think/Upload.class.php 第 170 行.
SQL: SHOW COLUMNS FROM `hls_files` [ RunTime:0.0012s ]
SQL: INSERT INTO `hls_files` (`save_name`,`save_path`,`extension`,`mime`,`size`) VALUES ('61aac96730d9b.png','/Public/upload/2021-12-04/61aac96730d9b.png','png','image/png','7417') [ RunTime:0.0298s ]

[ 2021-12-04T09:55:00+08:00 ] 219.131.241.122 /Admin/Upload/upload.html
INFO: [ app_begin ] --START--
INFO: Run Behavior\ReadHtmlCacheBehavior [ RunTime:0.000322s ]
INFO: Run Behavior\CheckLangBehavior [ RunTime:0.001445s ]
INFO: [ app_begin ] --END-- [ RunTime:0.002019s ]
NOTIC: [2] call_user_func() expects parameter 1 to be a valid callback, no array or string given /home/www/hollandshow.cn/ThinkPHP/Library/Think/Upload.class.php 第 170 行.
SQL: SHOW COLUMNS FROM `hls_files` [ RunTime:0.0011s ]
SQL: INSERT INTO `hls_files` (`save_name`,`save_path`,`extension`,`mime`,`size`) VALUES ('61aaca7453fe3.jpg','/Public/upload/2021-12-04/61aaca7453fe3.jpg','jpg','image/png','21274') [ RunTime:0.0311s ]

[ 2021-12-04T09:55:33+08:00 ] 219.131.241.122 /Admin/Upload/upload.html
INFO: [ app_begin ] --START--
INFO: Run Behavior\ReadHtmlCacheBehavior [ RunTime:0.000329s ]
INFO: Run Behavior\CheckLangBehavior [ RunTime:0.001440s ]
INFO: [ app_begin ] --END-- [ RunTime:0.002023s ]
NOTIC: [2] call_user_func() expects parameter 1 to be a valid callback, no array or string given /home/www/hollandshow.cn/ThinkPHP/Library/Think/Upload.class.php 第 170 行.
SQL: SHOW COLUMNS FROM `hls_files` [ RunTime:0.0011s ]
SQL: INSERT INTO `hls_files` (`save_name`,`save_path`,`extension`,`mime`,`size`) VALUES ('61aaca958e856.png','/Public/upload/2021-12-04/61aaca958e856.png','png','image/png','25027') [ RunTime:0.0288s ]

[ 2021-12-04T09:56:39+08:00 ] 219.131.241.122 /Admin/Upload/upload.html
INFO: [ app_begin ] --START--
INFO: Run Behavior\ReadHtmlCacheBehavior [ RunTime:0.000344s ]
INFO: Run Behavior\CheckLangBehavior [ RunTime:0.001420s ]
INFO: [ app_begin ] --END-- [ RunTime:0.002008s ]
NOTIC: [2] call_user_func() expects parameter 1 to be a valid callback, no array or string given /home/www/hollandshow.cn/ThinkPHP/Library/Think/Upload.class.php 第 170 行.
SQL: SHOW COLUMNS FROM `hls_files` [ RunTime:0.0011s ]
SQL: INSERT INTO `hls_files` (`save_name`,`save_path`,`extension`,`mime`,`size`) VALUES ('61aacad7011e4.png','/Public/upload/2021-12-04/61aacad7011e4.png','png','image/png','26139') [ RunTime:0.0296s ]

[ 2021-12-04T09:58:15+08:00 ] 219.131.241.122 /Admin/Upload/upload.html
INFO: [ app_begin ] --START--
INFO: Run Behavior\ReadHtmlCacheBehavior [ RunTime:0.000321s ]
INFO: Run Behavior\CheckLangBehavior [ RunTime:0.001421s ]
INFO: [ app_begin ] --END-- [ RunTime:0.001998s ]
NOTIC: [2] call_user_func() expects parameter 1 to be a valid callback, no array or string given /home/www/hollandshow.cn/ThinkPHP/Library/Think/Upload.class.php 第 170 行.
SQL: SHOW COLUMNS FROM `hls_files` [ RunTime:0.0011s ]
SQL: INSERT INTO `hls_files` (`save_name`,`save_path`,`extension`,`mime`,`size`) VALUES ('61aacb37383c3.png','/Public/upload/2021-12-04/61aacb37383c3.png','png','image/png','57329') [ RunTime:0.0275s ]

[ 2021-12-04T09:59:41+08:00 ] 219.131.241.122 /Admin/Upload/upload.html
INFO: [ app_begin ] --START--
INFO: Run Behavior\ReadHtmlCacheBehavior [ RunTime:0.000204s ]
INFO: Run Behavior\CheckLangBehavior [ RunTime:0.000868s ]
INFO: [ app_begin ] --END-- [ RunTime:0.001229s ]
NOTIC: [2] call_user_func() expects parameter 1 to be a valid callback, no array or string given /home/www/hollandshow.cn/ThinkPHP/Library/Think/Upload.class.php 第 170 行.
SQL: SHOW COLUMNS FROM `hls_files` [ RunTime:0.0008s ]
SQL: INSERT INTO `hls_files` (`save_name`,`save_path`,`extension`,`mime`,`size`) VALUES ('61aacb8db6364.png','/Public/upload/2021-12-04/61aacb8db6364.png','png','image/png','12121') [ RunTime:0.0203s ]

[ 2021-12-04T10:00:29+08:00 ] 219.131.241.122 /Admin/Upload/upload.html
INFO: [ app_begin ] --START--
INFO: Run Behavior\ReadHtmlCacheBehavior [ RunTime:0.000319s ]
INFO: Run Behavior\CheckLangBehavior [ RunTime:0.001432s ]
INFO: [ app_begin ] --END-- [ RunTime:0.001993s ]
NOTIC: [2] call_user_func() expects parameter 1 to be a valid callback, no array or string given /home/www/hollandshow.cn/ThinkPHP/Library/Think/Upload.class.php 第 170 行.
SQL: SHOW COLUMNS FROM `hls_files` [ RunTime:0.0012s ]
SQL: INSERT INTO `hls_files` (`save_name`,`save_path`,`extension`,`mime`,`size`) VALUES ('61aacbbd43810.png','/Public/upload/2021-12-04/61aacbbd43810.png','png','image/png','7417') [ RunTime:0.0279s ]

[ 2021-12-04T10:01:12+08:00 ] 219.131.241.122 /Admin/Upload/upload.html
INFO: [ app_begin ] --START--
INFO: Run Behavior\ReadHtmlCacheBehavior [ RunTime:0.000320s ]
INFO: Run Behavior\CheckLangBehavior [ RunTime:0.001431s ]
INFO: [ app_begin ] --END-- [ RunTime:0.001993s ]
NOTIC: [2] call_user_func() expects parameter 1 to be a valid callback, no array or string given /home/www/hollandshow.cn/ThinkPHP/Library/Think/Upload.class.php 第 170 行.
SQL: SHOW COLUMNS FROM `hls_files` [ RunTime:0.0012s ]
SQL: INSERT INTO `hls_files` (`save_name`,`save_path`,`extension`,`mime`,`size`) VALUES ('61aacbe88ed25.jpg','/Public/upload/2021-12-04/61aacbe88ed25.jpg','jpg','image/png','14060') [ RunTime:0.0271s ]

[ 2021-12-04T10:13:06+08:00 ] 219.131.241.122 /Admin/Upload/upload.html
INFO: [ app_begin ] --START--
INFO: Run Behavior\ReadHtmlCacheBehavior [ RunTime:0.000319s ]
INFO: Run Behavior\CheckLangBehavior [ RunTime:0.001438s ]
INFO: [ app_begin ] --END-- [ RunTime:0.002000s ]
NOTIC: [2] call_user_func() expects parameter 1 to be a valid callback, no array or string given /home/www/hollandshow.cn/ThinkPHP/Library/Think/Upload.class.php 第 170 行.
SQL: SHOW COLUMNS FROM `hls_files` [ RunTime:0.0011s ]
SQL: INSERT INTO `hls_files` (`save_name`,`save_path`,`extension`,`mime`,`size`) VALUES ('61aaceb2c7a5a.png','/Public/upload/2021-12-04/61aaceb2c7a5a.png','png','image/png','136986') [ RunTime:0.0216s ]

[ 2021-12-04T10:14:43+08:00 ] 219.131.241.122 /Admin/Upload/upload.html
INFO: [ app_begin ] --START--
INFO: Run Behavior\ReadHtmlCacheBehavior [ RunTime:0.000319s ]
INFO: Run Behavior\CheckLangBehavior [ RunTime:0.001416s ]
INFO: [ app_begin ] --END-- [ RunTime:0.001979s ]
NOTIC: [2] call_user_func() expects parameter 1 to be a valid callback, no array or string given /home/www/hollandshow.cn/ThinkPHP/Library/Think/Upload.class.php 第 170 行.
SQL: SHOW COLUMNS FROM `hls_files` [ RunTime:0.0011s ]
SQL: INSERT INTO `hls_files` (`save_name`,`save_path`,`extension`,`mime`,`size`) VALUES ('61aacf139c114.png','/Public/upload/2021-12-04/61aacf139c114.png','png','image/png','136692') [ RunTime:0.0270s ]

[ 2021-12-04T15:08:52+08:00 ] 219.131.241.122 /Admin/Login/login.html
INFO: [ app_begin ] --START--
INFO: Run Behavior\ReadHtmlCacheBehavior [ RunTime:0.000320s ]
INFO: Run Behavior\CheckLangBehavior [ RunTime:0.001415s ]
INFO: [ app_begin ] --END-- [ RunTime:0.001994s ]
SQL: SHOW COLUMNS FROM `hls_admin` [ RunTime:0.0014s ]
SQL: SELECT * FROM `hls_admin` WHERE `password` = '027b015ad5829f6831006722d14520c7af215f15f5460182f66d877fdb9b15c2' AND `username` = 'admin' LIMIT 1   [ RunTime:0.0007s ]
NOTIC: [8] A session had already been started - ignoring session_start() /home/www/hollandshow.cn/ThinkPHP/Common/functions.php 第 1263 行.

[ 2021-12-04T16:22:20+08:00 ] 219.131.241.122 /Admin/Login/login.html
INFO: [ app_begin ] --START--
INFO: Run Behavior\ReadHtmlCacheBehavior [ RunTime:0.000330s ]
INFO: Run Behavior\CheckLangBehavior [ RunTime:0.002200s ]
INFO: [ app_begin ] --END-- [ RunTime:0.002776s ]
SQL: SHOW COLUMNS FROM `hls_admin` [ RunTime:0.0014s ]
SQL: SELECT * FROM `hls_admin` WHERE `password` = '027b015ad5829f6831006722d14520c7af215f15f5460182f66d877fdb9b15c2' AND `username` = 'admin' LIMIT 1   [ RunTime:0.0007s ]
NOTIC: [8] A session had already been started - ignoring session_start() /home/www/hollandshow.cn/ThinkPHP/Common/functions.php 第 1263 行.

[ 2021-12-04T16:39:34+08:00 ] 219.131.241.122 /Admin/Upload/upload.html
INFO: [ app_begin ] --START--
INFO: Run Behavior\ReadHtmlCacheBehavior [ RunTime:0.000353s ]
INFO: Run Behavior\CheckLangBehavior [ RunTime:0.001538s ]
INFO: [ app_begin ] --END-- [ RunTime:0.002193s ]
NOTIC: [2] call_user_func() expects parameter 1 to be a valid callback, no array or string given /home/www/hollandshow.cn/ThinkPHP/Library/Think/Upload.class.php 第 170 行.
SQL: SHOW COLUMNS FROM `hls_files` [ RunTime:0.0024s ]
SQL: INSERT INTO `hls_files` (`save_name`,`save_path`,`extension`,`mime`,`size`) VALUES ('61ab29464c2eb.jpg','/Public/upload/2021-12-04/61ab29464c2eb.jpg','jpg','image/jpeg','176704') [ RunTime:0.0287s ]

[ 2021-12-04T16:41:11+08:00 ] 219.131.241.122 /Admin/Upload/upload.html
INFO: [ app_begin ] --START--
INFO: Run Behavior\ReadHtmlCacheBehavior [ RunTime:0.000318s ]
INFO: Run Behavior\CheckLangBehavior [ RunTime:0.001429s ]
INFO: [ app_begin ] --END-- [ RunTime:0.001991s ]
NOTIC: [2] call_user_func() expects parameter 1 to be a valid callback, no array or string given /home/www/hollandshow.cn/ThinkPHP/Library/Think/Upload.class.php 第 170 行.
SQL: SHOW COLUMNS FROM `hls_files` [ RunTime:0.0012s ]
SQL: INSERT INTO `hls_files` (`save_name`,`save_path`,`extension`,`mime`,`size`) VALUES ('61ab29a79b6e6.png','/Public/upload/2021-12-04/61ab29a79b6e6.png','png','image/png','375121') [ RunTime:0.0247s ]

[ 2021-12-04T16:51:21+08:00 ] 219.131.241.122 /Admin/News/destroy.html
INFO: [ app_begin ] --START--
INFO: Run Behavior\ReadHtmlCacheBehavior [ RunTime:0.000324s ]
INFO: Run Behavior\CheckLangBehavior [ RunTime:0.001423s ]
INFO: [ app_begin ] --END-- [ RunTime:0.002004s ]
SQL: SHOW COLUMNS FROM `hls_news` [ RunTime:0.0120s ]
SQL: UPDATE `hls_news` SET `deleted`='1638607881' WHERE ( id=49 ) [ RunTime:0.0292s ]

[ 2021-12-04T16:58:34+08:00 ] 219.131.241.122 /Admin/Upload/upload.html
INFO: [ app_begin ] --START--
INFO: Run Behavior\ReadHtmlCacheBehavior [ RunTime:0.000187s ]
INFO: Run Behavior\CheckLangBehavior [ RunTime:0.000814s ]
INFO: [ app_begin ] --END-- [ RunTime:0.001148s ]
NOTIC: [2] call_user_func() expects parameter 1 to be a valid callback, no array or string given /home/www/hollandshow.cn/ThinkPHP/Library/Think/Upload.class.php 第 170 行.
SQL: SHOW COLUMNS FROM `hls_files` [ RunTime:0.0008s ]
SQL: INSERT INTO `hls_files` (`save_name`,`save_path`,`extension`,`mime`,`size`) VALUES ('61ab2dba737bc.png','/Public/upload/2021-12-04/61ab2dba737bc.png','png','image/png','375121') [ RunTime:0.0269s ]

[ 2021-12-04T17:08:19+08:00 ] 219.131.241.122 /Admin/Upload/upload.html
INFO: [ app_begin ] --START--
INFO: Run Behavior\ReadHtmlCacheBehavior [ RunTime:0.000293s ]
INFO: Run Behavior\CheckLangBehavior [ RunTime:0.001319s ]
INFO: [ app_begin ] --END-- [ RunTime:0.001805s ]
NOTIC: [2] call_user_func() expects parameter 1 to be a valid callback, no array or string given /home/www/hollandshow.cn/ThinkPHP/Library/Think/Upload.class.php 第 170 行.
SQL: SHOW COLUMNS FROM `hls_files` [ RunTime:0.0012s ]
SQL: INSERT INTO `hls_files` (`save_name`,`save_path`,`extension`,`mime`,`size`) VALUES ('61ab3003d5667.png','/Public/upload/2021-12-04/61ab3003d5667.png','png','image/png','250034') [ RunTime:0.0302s ]

[ 2021-12-04T17:15:20+08:00 ] 219.131.241.122 /Admin/Login/login.html
INFO: [ app_begin ] --START--
INFO: Run Behavior\ReadHtmlCacheBehavior [ RunTime:0.000320s ]
INFO: Run Behavior\CheckLangBehavior [ RunTime:0.001471s ]
INFO: [ app_begin ] --END-- [ RunTime:0.002036s ]
SQL: SHOW COLUMNS FROM `hls_admin` [ RunTime:0.0013s ]
SQL: SELECT * FROM `hls_admin` WHERE `password` = 'b0698a3bfc099a84e2ace232d78d237633fe5117856e642c58fbdf684944b818' AND `username` = 'admin' LIMIT 1   [ RunTime:0.0006s ]

[ 2021-12-04T17:15:26+08:00 ] 219.131.241.122 /Admin/Login/login.html
INFO: [ app_begin ] --START--
INFO: Run Behavior\ReadHtmlCacheBehavior [ RunTime:0.000411s ]
INFO: Run Behavior\CheckLangBehavior [ RunTime:0.001625s ]
INFO: [ app_begin ] --END-- [ RunTime:0.002294s ]
SQL: SHOW COLUMNS FROM `hls_admin` [ RunTime:0.0011s ]
SQL: SELECT * FROM `hls_admin` WHERE `password` = 'b0698a3bfc099a84e2ace232d78d237633fe5117856e642c58fbdf684944b818' AND `username` = 'admin' LIMIT 1   [ RunTime:0.0004s ]

[ 2021-12-04T17:15:40+08:00 ] 219.131.241.122 /Admin/Login/login.html
INFO: [ app_begin ] --START--
INFO: Run Behavior\ReadHtmlCacheBehavior [ RunTime:0.000346s ]
INFO: Run Behavior\CheckLangBehavior [ RunTime:0.001489s ]
INFO: [ app_begin ] --END-- [ RunTime:0.002131s ]

[ 2021-12-04T17:15:45+08:00 ] 219.131.241.122 /Admin/Login/login.html
INFO: [ app_begin ] --START--
INFO: Run Behavior\ReadHtmlCacheBehavior [ RunTime:0.000305s ]
INFO: Run Behavior\CheckLangBehavior [ RunTime:0.001406s ]
INFO: [ app_begin ] --END-- [ RunTime:0.001903s ]
SQL: SHOW COLUMNS FROM `hls_admin` [ RunTime:0.0014s ]
SQL: SELECT * FROM `hls_admin` WHERE `password` = '027b015ad5829f6831006722d14520c7af215f15f5460182f66d877fdb9b15c2' AND `username` = 'admin' LIMIT 1   [ RunTime:0.0003s ]
NOTIC: [8] A session had already been started - ignoring session_start() /home/www/hollandshow.cn/ThinkPHP/Common/functions.php 第 1263 行.

[ 2021-12-04T17:16:46+08:00 ] 219.131.241.122 /Admin/Upload/upload.html
INFO: [ app_begin ] --START--
INFO: Run Behavior\ReadHtmlCacheBehavior [ RunTime:0.000356s ]
INFO: Run Behavior\CheckLangBehavior [ RunTime:0.001478s ]
INFO: [ app_begin ] --END-- [ RunTime:0.002132s ]
NOTIC: [2] call_user_func() expects parameter 1 to be a valid callback, no array or string given /home/www/hollandshow.cn/ThinkPHP/Library/Think/Upload.class.php 第 170 行.
SQL: SHOW COLUMNS FROM `hls_files` [ RunTime:0.0012s ]
SQL: INSERT INTO `hls_files` (`save_name`,`save_path`,`extension`,`mime`,`size`) VALUES ('61ab31fec2352.jpg','/Public/upload/2021-12-04/61ab31fec2352.jpg','jpg','image/png','17557') [ RunTime:0.0290s ]

[ 2021-12-04T17:16:57+08:00 ] 219.131.241.122 /Admin/Links/destroy.html
INFO: [ app_begin ] --START--
INFO: Run Behavior\ReadHtmlCacheBehavior [ RunTime:0.000195s ]
INFO: Run Behavior\CheckLangBehavior [ RunTime:0.000846s ]
INFO: [ app_begin ] --END-- [ RunTime:0.001168s ]
SQL: SHOW COLUMNS FROM `hls_links` [ RunTime:0.0008s ]
SQL: UPDATE `hls_links` SET `deleted`='1638609417' WHERE ( id=9 ) [ RunTime:0.0222s ]

[ 2021-12-04T17:22:34+08:00 ] 219.131.241.122 /Admin/Upload/upload.html
INFO: [ app_begin ] --START--
INFO: Run Behavior\ReadHtmlCacheBehavior [ RunTime:0.000183s ]
INFO: Run Behavior\CheckLangBehavior [ RunTime:0.000873s ]
INFO: [ app_begin ] --END-- [ RunTime:0.001205s ]
NOTIC: [2] call_user_func() expects parameter 1 to be a valid callback, no array or string given /home/www/hollandshow.cn/ThinkPHP/Library/Think/Upload.class.php 第 170 行.
SQL: SHOW COLUMNS FROM `hls_files` [ RunTime:0.0007s ]
SQL: INSERT INTO `hls_files` (`save_name`,`save_path`,`extension`,`mime`,`size`) VALUES ('61ab335a3a3c6.jpg','/Public/upload/2021-12-04/61ab335a3a3c6.jpg','jpg','image/jpeg','89124') [ RunTime:0.0644s ]

[ 2021-12-04T17:28:39+08:00 ] 219.131.241.122 /Admin/Upload/upload.html
INFO: [ app_begin ] --START--
INFO: Run Behavior\ReadHtmlCacheBehavior [ RunTime:0.000323s ]
INFO: Run Behavior\CheckLangBehavior [ RunTime:0.001420s ]
INFO: [ app_begin ] --END-- [ RunTime:0.002001s ]
NOTIC: [2] call_user_func() expects parameter 1 to be a valid callback, no array or string given /home/www/hollandshow.cn/ThinkPHP/Library/Think/Upload.class.php 第 170 行.
SQL: SHOW COLUMNS FROM `hls_files` [ RunTime:0.0011s ]
SQL: INSERT INTO `hls_files` (`save_name`,`save_path`,`extension`,`mime`,`size`) VALUES ('61ab34c744df9.png','/Public/upload/2021-12-04/61ab34c744df9.png','png','image/png','179127') [ RunTime:0.0224s ]

[ 2021-12-04T17:29:20+08:00 ] 219.131.241.122 /Admin/Links/destroy.html
INFO: [ app_begin ] --START--
INFO: Run Behavior\ReadHtmlCacheBehavior [ RunTime:0.000323s ]
INFO: Run Behavior\CheckLangBehavior [ RunTime:0.001440s ]
INFO: [ app_begin ] --END-- [ RunTime:0.002006s ]
SQL: SHOW COLUMNS FROM `hls_links` [ RunTime:0.0012s ]
SQL: UPDATE `hls_links` SET `deleted`='1638610160' WHERE ( id=10 ) [ RunTime:0.0290s ]

