[ 2021-11-23T11:28:21+08:00 ] 219.131.243.194 /Admin/Login/login.html
INFO: [ app_begin ] --START--
INFO: Run Behavior\ReadHtmlCacheBehavior [ RunTime:0.000344s ]
INFO: Run Behavior\CheckLangBehavior [ RunTime:0.001441s ]
INFO: [ app_begin ] --END-- [ RunTime:0.002048s ]
SQL: SHOW COLUMNS FROM `hls_admin` [ RunTime:0.0015s ]
SQL: SELECT * FROM `hls_admin` WHERE `password` = '027b015ad5829f6831006722d14520c7af215f15f5460182f66d877fdb9b15c2' AND `username` = 'admin' LIMIT 1   [ RunTime:0.0006s ]
NOTIC: [8] A session had already been started - ignoring session_start() /home/www/hollandshow.cn/ThinkPHP/Common/functions.php 第 1263 行.

[ 2021-11-23T11:28:50+08:00 ] 219.131.243.194 /Admin/Upload/upload.html
INFO: [ app_begin ] --START--
INFO: Run Behavior\ReadHtmlCacheBehavior [ RunTime:0.000320s ]
INFO: Run Behavior\CheckLangBehavior [ RunTime:0.001439s ]
INFO: [ app_begin ] --END-- [ RunTime:0.002029s ]
NOTIC: [2] call_user_func() expects parameter 1 to be a valid callback, no array or string given /home/www/hollandshow.cn/ThinkPHP/Library/Think/Upload.class.php 第 170 行.
SQL: SHOW COLUMNS FROM `hls_files` [ RunTime:0.0010s ]
SQL: INSERT INTO `hls_files` (`save_name`,`save_path`,`extension`,`mime`,`size`) VALUES ('619c5ff2a1ac3.jpg','/Public/upload/2021-11-23/619c5ff2a1ac3.jpg','jpg','image/jpeg','122085') [ RunTime:0.0252s ]

[ 2021-11-23T11:37:12+08:00 ] 219.131.243.194 /Admin/Login/login.html
INFO: [ app_begin ] --START--
INFO: Run Behavior\ReadHtmlCacheBehavior [ RunTime:0.000322s ]
INFO: Run Behavior\CheckLangBehavior [ RunTime:0.001422s ]
INFO: [ app_begin ] --END-- [ RunTime:0.002002s ]
SQL: SHOW COLUMNS FROM `hls_admin` [ RunTime:0.0012s ]
SQL: SELECT * FROM `hls_admin` WHERE `password` = '027b015ad5829f6831006722d14520c7af215f15f5460182f66d877fdb9b15c2' AND `username` = 'admin' LIMIT 1   [ RunTime:0.0002s ]
NOTIC: [8] A session had already been started - ignoring session_start() /home/www/hollandshow.cn/ThinkPHP/Common/functions.php 第 1263 行.

[ 2021-11-23T11:38:25+08:00 ] 219.131.243.194 /Admin/Upload/upload.html
INFO: [ app_begin ] --START--
INFO: Run Behavior\ReadHtmlCacheBehavior [ RunTime:0.000204s ]
INFO: Run Behavior\CheckLangBehavior [ RunTime:0.000851s ]
INFO: [ app_begin ] --END-- [ RunTime:0.001248s ]
NOTIC: [2] call_user_func() expects parameter 1 to be a valid callback, no array or string given /home/www/hollandshow.cn/ThinkPHP/Library/Think/Upload.class.php 第 170 行.
SQL: SHOW COLUMNS FROM `hls_files` [ RunTime:0.0009s ]
SQL: INSERT INTO `hls_files` (`save_name`,`save_path`,`extension`,`mime`,`size`) VALUES ('619c623194ab9.png','/Public/upload/2021-11-23/619c623194ab9.png','png','image/png','179127') [ RunTime:0.0294s ]

[ 2021-11-23T11:57:06+08:00 ] 219.131.243.194 /Admin/Upload/upload.html
INFO: [ app_begin ] --START--
INFO: Run Behavior\ReadHtmlCacheBehavior [ RunTime:0.000325s ]
INFO: Run Behavior\CheckLangBehavior [ RunTime:0.001450s ]
INFO: [ app_begin ] --END-- [ RunTime:0.002030s ]
NOTIC: [2] call_user_func() expects parameter 1 to be a valid callback, no array or string given /home/www/hollandshow.cn/ThinkPHP/Library/Think/Upload.class.php 第 170 行.
SQL: SHOW COLUMNS FROM `hls_files` [ RunTime:0.0010s ]
SQL: INSERT INTO `hls_files` (`save_name`,`save_path`,`extension`,`mime`,`size`) VALUES ('619c6692bcc18.jpg','/Public/upload/2021-11-23/619c6692bcc18.jpg','jpg','image/jpeg','18742') [ RunTime:0.0280s ]

[ 2021-11-23T14:30:33+08:00 ] 219.131.242.34 /Admin/Login/login.html
INFO: [ app_begin ] --START--
INFO: Run Behavior\ReadHtmlCacheBehavior [ RunTime:0.000320s ]
INFO: Run Behavior\CheckLangBehavior [ RunTime:0.001419s ]
INFO: [ app_begin ] --END-- [ RunTime:0.002002s ]
SQL: SHOW COLUMNS FROM `hls_admin` [ RunTime:0.0012s ]
SQL: SELECT * FROM `hls_admin` WHERE `password` = '027b015ad5829f6831006722d14520c7af215f15f5460182f66d877fdb9b15c2' AND `username` = 'admin' LIMIT 1   [ RunTime:0.0007s ]
NOTIC: [8] A session had already been started - ignoring session_start() /home/www/hollandshow.cn/ThinkPHP/Common/functions.php 第 1263 行.

[ 2021-11-23T14:54:40+08:00 ] 219.131.242.34 /Admin/Upload/upload.html
INFO: [ app_begin ] --START--
INFO: Run Behavior\ReadHtmlCacheBehavior [ RunTime:0.000334s ]
INFO: Run Behavior\CheckLangBehavior [ RunTime:0.001411s ]
INFO: [ app_begin ] --END-- [ RunTime:0.001987s ]
NOTIC: [2] call_user_func() expects parameter 1 to be a valid callback, no array or string given /home/www/hollandshow.cn/ThinkPHP/Library/Think/Upload.class.php 第 170 行.
SQL: SHOW COLUMNS FROM `hls_files` [ RunTime:0.0012s ]
SQL: INSERT INTO `hls_files` (`save_name`,`save_path`,`extension`,`mime`,`size`) VALUES ('619c90307b2f5.png','/Public/upload/2021-11-23/619c90307b2f5.png','png','image/png','179127') [ RunTime:0.0259s ]

[ 2021-11-23T15:01:44+08:00 ] 219.131.242.34 /Admin/Upload/upload.html
INFO: [ app_begin ] --START--
INFO: Run Behavior\ReadHtmlCacheBehavior [ RunTime:0.000333s ]
INFO: Run Behavior\CheckLangBehavior [ RunTime:0.001414s ]
INFO: [ app_begin ] --END-- [ RunTime:0.002007s ]
NOTIC: [2] call_user_func() expects parameter 1 to be a valid callback, no array or string given /home/www/hollandshow.cn/ThinkPHP/Library/Think/Upload.class.php 第 170 行.
SQL: SHOW COLUMNS FROM `hls_files` [ RunTime:0.0011s ]
SQL: INSERT INTO `hls_files` (`save_name`,`save_path`,`extension`,`mime`,`size`) VALUES ('619c91d80653f.jpg','/Public/upload/2021-11-23/619c91d80653f.jpg','jpg','image/jpeg','48063') [ RunTime:0.0297s ]

[ 2021-11-23T16:02:32+08:00 ] 219.131.242.34 /Admin/Login/login.html
INFO: [ app_begin ] --START--
INFO: Run Behavior\ReadHtmlCacheBehavior [ RunTime:0.000348s ]
INFO: Run Behavior\CheckLangBehavior [ RunTime:0.001536s ]
INFO: [ app_begin ] --END-- [ RunTime:0.002178s ]
SQL: SHOW COLUMNS FROM `hls_admin` [ RunTime:0.0015s ]
SQL: SELECT * FROM `hls_admin` WHERE `password` = '027b015ad5829f6831006722d14520c7af215f15f5460182f66d877fdb9b15c2' AND `username` = 'admin' LIMIT 1   [ RunTime:0.0003s ]
NOTIC: [8] A session had already been started - ignoring session_start() /home/www/hollandshow.cn/ThinkPHP/Common/functions.php 第 1263 行.

[ 2021-11-23T16:03:32+08:00 ] 219.131.242.34 /Admin/Upload/upload.html
INFO: [ app_begin ] --START--
INFO: Run Behavior\ReadHtmlCacheBehavior [ RunTime:0.000320s ]
INFO: Run Behavior\CheckLangBehavior [ RunTime:0.001411s ]
INFO: [ app_begin ] --END-- [ RunTime:0.001977s ]
NOTIC: [2] call_user_func() expects parameter 1 to be a valid callback, no array or string given /home/www/hollandshow.cn/ThinkPHP/Library/Think/Upload.class.php 第 170 行.
SQL: SHOW COLUMNS FROM `hls_files` [ RunTime:0.0011s ]
SQL: INSERT INTO `hls_files` (`save_name`,`save_path`,`extension`,`mime`,`size`) VALUES ('619ca05454c66.png','/Public/upload/2021-11-23/619ca05454c66.png','png','image/png','179127') [ RunTime:0.0353s ]

[ 2021-11-23T16:03:51+08:00 ] 219.131.242.34 /Admin/Upload/upload.html
INFO: [ app_begin ] --START--
INFO: Run Behavior\ReadHtmlCacheBehavior [ RunTime:0.000325s ]
INFO: Run Behavior\CheckLangBehavior [ RunTime:0.001428s ]
INFO: [ app_begin ] --END-- [ RunTime:0.002011s ]
NOTIC: [2] call_user_func() expects parameter 1 to be a valid callback, no array or string given /home/www/hollandshow.cn/ThinkPHP/Library/Think/Upload.class.php 第 170 行.
SQL: SHOW COLUMNS FROM `hls_files` [ RunTime:0.0011s ]
SQL: INSERT INTO `hls_files` (`save_name`,`save_path`,`extension`,`mime`,`size`) VALUES ('619ca0679978b.jpg','/Public/upload/2021-11-23/619ca0679978b.jpg','jpg','image/jpeg','264718') [ RunTime:0.0281s ]

[ 2021-11-23T17:58:50+08:00 ] 219.131.242.34 /Admin/Login/login.html
INFO: [ app_begin ] --START--
INFO: Run Behavior\ReadHtmlCacheBehavior [ RunTime:0.000350s ]
INFO: Run Behavior\CheckLangBehavior [ RunTime:0.001603s ]
INFO: [ app_begin ] --END-- [ RunTime:0.002200s ]

[ 2021-11-23T17:58:55+08:00 ] 219.131.242.34 /Admin/Login/login.html
INFO: [ app_begin ] --START--
INFO: Run Behavior\ReadHtmlCacheBehavior [ RunTime:0.000407s ]
INFO: Run Behavior\CheckLangBehavior [ RunTime:0.001584s ]
INFO: [ app_begin ] --END-- [ RunTime:0.002255s ]
SQL: SHOW COLUMNS FROM `hls_admin` [ RunTime:0.0014s ]
SQL: SELECT * FROM `hls_admin` WHERE `password` = '027b015ad5829f6831006722d14520c7af215f15f5460182f66d877fdb9b15c2' AND `username` = 'admin' LIMIT 1   [ RunTime:0.0002s ]
NOTIC: [8] A session had already been started - ignoring session_start() /home/www/hollandshow.cn/ThinkPHP/Common/functions.php 第 1263 行.

