[ 2021-11-09T14:56:37+08:00 ] 219.131.243.19 /Admin/Login/login.html
INFO: [ app_begin ] --START--
INFO: Run Behavior\ReadHtmlCacheBehavior [ RunTime:0.000332s ]
INFO: Run Behavior\CheckLangBehavior [ RunTime:0.001633s ]
INFO: [ app_begin ] --END-- [ RunTime:0.002248s ]

[ 2021-11-09T14:56:46+08:00 ] 219.131.243.19 /Admin/Login/login.html
INFO: [ app_begin ] --START--
INFO: Run Behavior\ReadHtmlCacheBehavior [ RunTime:0.000356s ]
INFO: Run Behavior\CheckLangBehavior [ RunTime:0.001522s ]
INFO: [ app_begin ] --END-- [ RunTime:0.002130s ]
SQL: SHOW COLUMNS FROM `hls_admin` [ RunTime:0.0077s ]
SQL: SELECT * FROM `hls_admin` WHERE `password` = '027b015ad5829f6831006722d14520c7af215f15f5460182f66d877fdb9b15c2' AND `username` = 'admin' LIMIT 1   [ RunTime:0.0007s ]
NOTIC: [8] A session had already been started - ignoring session_start() /home/www/hollandshow.cn/ThinkPHP/Common/functions.php 第 1263 行.

[ 2021-11-09T15:01:52+08:00 ] 219.131.243.19 /Admin/Upload/upload.html
INFO: [ app_begin ] --START--
INFO: Run Behavior\ReadHtmlCacheBehavior [ RunTime:0.000319s ]
INFO: Run Behavior\CheckLangBehavior [ RunTime:0.001402s ]
INFO: [ app_begin ] --END-- [ RunTime:0.001990s ]
NOTIC: [2] call_user_func() expects parameter 1 to be a valid callback, no array or string given /home/www/hollandshow.cn/ThinkPHP/Library/Think/Upload.class.php 第 170 行.
SQL: SHOW COLUMNS FROM `hls_files` [ RunTime:0.0011s ]
SQL: INSERT INTO `hls_files` (`save_name`,`save_path`,`extension`,`mime`,`size`) VALUES ('618a1ce0da911.jpg','/Public/upload/2021-11-09/618a1ce0da911.jpg','jpg','image/jpeg','598966') [ RunTime:0.0363s ]

[ 2021-11-09T15:01:58+08:00 ] 219.131.243.19 /Admin/Upload/upload.html
INFO: [ app_begin ] --START--
INFO: Run Behavior\ReadHtmlCacheBehavior [ RunTime:0.000319s ]
INFO: Run Behavior\CheckLangBehavior [ RunTime:0.001424s ]
INFO: [ app_begin ] --END-- [ RunTime:0.002004s ]
NOTIC: [2] call_user_func() expects parameter 1 to be a valid callback, no array or string given /home/www/hollandshow.cn/ThinkPHP/Library/Think/Upload.class.php 第 170 行.
SQL: SHOW COLUMNS FROM `hls_files` [ RunTime:0.0010s ]
SQL: INSERT INTO `hls_files` (`save_name`,`save_path`,`extension`,`mime`,`size`) VALUES ('618a1ce69a171.jpg','/Public/upload/2021-11-09/618a1ce69a171.jpg','jpg','image/jpeg','598966') [ RunTime:0.0316s ]

[ 2021-11-09T15:18:09+08:00 ] 219.131.243.19 /Admin/Upload/upload.html
INFO: [ app_begin ] --START--
INFO: Run Behavior\ReadHtmlCacheBehavior [ RunTime:0.000350s ]
INFO: Run Behavior\CheckLangBehavior [ RunTime:0.001464s ]
INFO: [ app_begin ] --END-- [ RunTime:0.002070s ]
NOTIC: [2] call_user_func() expects parameter 1 to be a valid callback, no array or string given /home/www/hollandshow.cn/ThinkPHP/Library/Think/Upload.class.php 第 170 行.
SQL: SHOW COLUMNS FROM `hls_files` [ RunTime:0.0011s ]
SQL: INSERT INTO `hls_files` (`save_name`,`save_path`,`extension`,`mime`,`size`) VALUES ('618a20b12ca01.jpg','/Public/upload/2021-11-09/618a20b12ca01.jpg','jpg','image/jpeg','502632') [ RunTime:0.0251s ]

[ 2021-11-09T15:18:13+08:00 ] 219.131.243.19 /Admin/Upload/upload.html
INFO: [ app_begin ] --START--
INFO: Run Behavior\ReadHtmlCacheBehavior [ RunTime:0.000390s ]
INFO: Run Behavior\CheckLangBehavior [ RunTime:0.001417s ]
INFO: [ app_begin ] --END-- [ RunTime:0.002049s ]
NOTIC: [2] call_user_func() expects parameter 1 to be a valid callback, no array or string given /home/www/hollandshow.cn/ThinkPHP/Library/Think/Upload.class.php 第 170 行.
SQL: SHOW COLUMNS FROM `hls_files` [ RunTime:0.0011s ]
SQL: INSERT INTO `hls_files` (`save_name`,`save_path`,`extension`,`mime`,`size`) VALUES ('618a20b5e0222.jpg','/Public/upload/2021-11-09/618a20b5e0222.jpg','jpg','image/jpeg','502632') [ RunTime:0.0254s ]

[ 2021-11-09T15:20:42+08:00 ] 219.131.243.19 /Admin/Upload/upload.html
INFO: [ app_begin ] --START--
INFO: Run Behavior\ReadHtmlCacheBehavior [ RunTime:0.002197s ]
INFO: Run Behavior\CheckLangBehavior [ RunTime:0.003414s ]
INFO: [ app_begin ] --END-- [ RunTime:0.007036s ]
NOTIC: [2] call_user_func() expects parameter 1 to be a valid callback, no array or string given /home/www/hollandshow.cn/ThinkPHP/Library/Think/Upload.class.php 第 170 行.
SQL: SHOW COLUMNS FROM `hls_files` [ RunTime:0.0013s ]
SQL: INSERT INTO `hls_files` (`save_name`,`save_path`,`extension`,`mime`,`size`) VALUES ('618a214a3d17a.jpg','/Public/upload/2021-11-09/618a214a3d17a.jpg','jpg','image/jpeg','474872') [ RunTime:0.0357s ]

[ 2021-11-09T15:20:47+08:00 ] 219.131.243.19 /Admin/Upload/upload.html
INFO: [ app_begin ] --START--
INFO: Run Behavior\ReadHtmlCacheBehavior [ RunTime:0.000319s ]
INFO: Run Behavior\CheckLangBehavior [ RunTime:0.001437s ]
INFO: [ app_begin ] --END-- [ RunTime:0.001998s ]
NOTIC: [2] call_user_func() expects parameter 1 to be a valid callback, no array or string given /home/www/hollandshow.cn/ThinkPHP/Library/Think/Upload.class.php 第 170 行.
SQL: SHOW COLUMNS FROM `hls_files` [ RunTime:0.0012s ]
SQL: INSERT INTO `hls_files` (`save_name`,`save_path`,`extension`,`mime`,`size`) VALUES ('618a214fc055b.jpg','/Public/upload/2021-11-09/618a214fc055b.jpg','jpg','image/jpeg','474872') [ RunTime:0.0300s ]

[ 2021-11-09T18:02:01+08:00 ] 219.131.243.19 /Admin/Login/login.html
INFO: [ app_begin ] --START--
INFO: Run Behavior\ReadHtmlCacheBehavior [ RunTime:0.000326s ]
INFO: Run Behavior\CheckLangBehavior [ RunTime:0.001502s ]
INFO: [ app_begin ] --END-- [ RunTime:0.002084s ]
SQL: SHOW COLUMNS FROM `hls_admin` [ RunTime:0.0014s ]
SQL: SELECT * FROM `hls_admin` WHERE `password` = '027b015ad5829f6831006722d14520c7af215f15f5460182f66d877fdb9b15c2' AND `username` = 'admin' LIMIT 1   [ RunTime:0.0006s ]
NOTIC: [8] A session had already been started - ignoring session_start() /home/www/hollandshow.cn/ThinkPHP/Common/functions.php 第 1263 行.

[ 2021-11-09T18:03:32+08:00 ] 219.131.243.19 /Admin/Upload/upload.html
INFO: [ app_begin ] --START--
INFO: Run Behavior\ReadHtmlCacheBehavior [ RunTime:0.000408s ]
INFO: Run Behavior\CheckLangBehavior [ RunTime:0.001820s ]
INFO: [ app_begin ] --END-- [ RunTime:0.002499s ]
NOTIC: [2] call_user_func() expects parameter 1 to be a valid callback, no array or string given /home/www/hollandshow.cn/ThinkPHP/Library/Think/Upload.class.php 第 170 行.
SQL: SHOW COLUMNS FROM `hls_files` [ RunTime:0.0011s ]
SQL: INSERT INTO `hls_files` (`save_name`,`save_path`,`extension`,`mime`,`size`) VALUES ('618a47747696e.jpg','/Public/upload/2021-11-09/618a47747696e.jpg','jpg','image/jpeg','520813') [ RunTime:0.0284s ]

[ 2021-11-09T18:03:32+08:00 ] 219.131.243.19 /Admin/Upload/upload.html
INFO: [ app_begin ] --START--
INFO: Run Behavior\ReadHtmlCacheBehavior [ RunTime:0.000283s ]
INFO: Run Behavior\CheckLangBehavior [ RunTime:0.001463s ]
INFO: [ app_begin ] --END-- [ RunTime:0.001964s ]
NOTIC: [2] call_user_func() expects parameter 1 to be a valid callback, no array or string given /home/www/hollandshow.cn/ThinkPHP/Library/Think/Upload.class.php 第 170 行.
SQL: SHOW COLUMNS FROM `hls_files` [ RunTime:0.0011s ]
SQL: INSERT INTO `hls_files` (`save_name`,`save_path`,`extension`,`mime`,`size`) VALUES ('618a477489743.jpg','/Public/upload/2021-11-09/618a477489743.jpg','jpg','image/jpeg','729070') [ RunTime:0.0240s ]

[ 2021-11-09T18:03:33+08:00 ] 219.131.243.19 /Admin/Upload/upload.html
INFO: [ app_begin ] --START--
INFO: Run Behavior\ReadHtmlCacheBehavior [ RunTime:0.000278s ]
INFO: Run Behavior\CheckLangBehavior [ RunTime:0.001364s ]
INFO: [ app_begin ] --END-- [ RunTime:0.001839s ]
NOTIC: [2] call_user_func() expects parameter 1 to be a valid callback, no array or string given /home/www/hollandshow.cn/ThinkPHP/Library/Think/Upload.class.php 第 170 行.
SQL: SHOW COLUMNS FROM `hls_files` [ RunTime:0.0010s ]
SQL: INSERT INTO `hls_files` (`save_name`,`save_path`,`extension`,`mime`,`size`) VALUES ('618a4775cecd5.jpg','/Public/upload/2021-11-09/618a4775cecd5.jpg','jpg','image/jpeg','519420') [ RunTime:0.0217s ]

