[ 2022-06-06T09:38:59+08:00 ] 219.131.242.218 /2021/index.php/Admin/Login/login.html
INFO: [ app_begin ] --START--
INFO: Run Behavior\ReadHtmlCacheBehavior [ RunTime:0.000219s ]
INFO: Run Behavior\CheckLangBehavior [ RunTime:0.000901s ]
INFO: [ app_begin ] --END-- [ RunTime:0.001339s ]

[ 2022-06-06T09:39:05+08:00 ] 219.131.242.218 /2021/index.php/Admin/Login/login.html
INFO: [ app_begin ] --START--
INFO: Run Behavior\ReadHtmlCacheBehavior [ RunTime:0.000213s ]
INFO: Run Behavior\CheckLangBehavior [ RunTime:0.000912s ]
INFO: [ app_begin ] --END-- [ RunTime:0.001287s ]
SQL: SHOW COLUMNS FROM `hls_admin` [ RunTime:0.0106s ]
SQL: SELECT * FROM `hls_admin` WHERE `password` = '027b015ad5829f6831006722d14520c7af215f15f5460182f66d877fdb9b15c2' AND `username` = 'admin' LIMIT 1   [ RunTime:0.0008s ]
NOTIC: [8] A session had already been started - ignoring session_start() /home/www/hollandshow.cn/2021/ThinkPHP/Common/functions.php 第 1263 行.

[ 2022-06-06T09:49:34+08:00 ] 219.131.242.218 /2021/index.php/Admin/Upload/upload.html
INFO: [ app_begin ] --START--
INFO: Run Behavior\ReadHtmlCacheBehavior [ RunTime:0.000356s ]
INFO: Run Behavior\CheckLangBehavior [ RunTime:0.001546s ]
INFO: [ app_begin ] --END-- [ RunTime:0.002151s ]
NOTIC: [2] call_user_func() expects parameter 1 to be a valid callback, no array or string given /home/www/hollandshow.cn/2021/ThinkPHP/Library/Think/Upload.class.php 第 170 行.
SQL: SHOW COLUMNS FROM `hls_files` [ RunTime:0.0010s ]
SQL: INSERT INTO `hls_files` (`save_name`,`save_path`,`extension`,`mime`,`size`) VALUES ('629d5d2e1bbe2.jpg','/2021/Public/upload/2022-06-06/629d5d2e1bbe2.jpg','jpg','image/jpeg','4615505') [ RunTime:0.0288s ]

[ 2022-06-06T09:51:07+08:00 ] 219.131.242.218 /2021/index.php/Admin/Upload/upload.html
INFO: [ app_begin ] --START--
INFO: Run Behavior\ReadHtmlCacheBehavior [ RunTime:0.000380s ]
INFO: Run Behavior\CheckLangBehavior [ RunTime:0.001566s ]
INFO: [ app_begin ] --END-- [ RunTime:0.002198s ]
NOTIC: [2] call_user_func() expects parameter 1 to be a valid callback, no array or string given /home/www/hollandshow.cn/2021/ThinkPHP/Library/Think/Upload.class.php 第 170 行.
SQL: SHOW COLUMNS FROM `hls_files` [ RunTime:0.0012s ]
SQL: INSERT INTO `hls_files` (`save_name`,`save_path`,`extension`,`mime`,`size`) VALUES ('629d5d8b22565.jpg','/2021/Public/upload/2022-06-06/629d5d8b22565.jpg','jpg','image/jpeg','4615505') [ RunTime:0.0329s ]

[ 2022-06-06T09:53:22+08:00 ] 219.131.242.218 /2021/index.php/Admin/Upload/upload.html
INFO: [ app_begin ] --START--
INFO: Run Behavior\ReadHtmlCacheBehavior [ RunTime:0.000372s ]
INFO: Run Behavior\CheckLangBehavior [ RunTime:0.001563s ]
INFO: [ app_begin ] --END-- [ RunTime:0.002185s ]
NOTIC: [2] call_user_func() expects parameter 1 to be a valid callback, no array or string given /home/www/hollandshow.cn/2021/ThinkPHP/Library/Think/Upload.class.php 第 170 行.
SQL: SHOW COLUMNS FROM `hls_files` [ RunTime:0.0011s ]
SQL: INSERT INTO `hls_files` (`save_name`,`save_path`,`extension`,`mime`,`size`) VALUES ('629d5e1229e97.jpg','/2021/Public/upload/2022-06-06/629d5e1229e97.jpg','jpg','image/jpeg','4615505') [ RunTime:0.0291s ]

[ 2022-06-06T09:54:02+08:00 ] 219.131.242.218 /2021/index.php/Admin/Upload/upload.html
INFO: [ app_begin ] --START--
INFO: Run Behavior\ReadHtmlCacheBehavior [ RunTime:0.000377s ]
INFO: Run Behavior\CheckLangBehavior [ RunTime:0.001572s ]
INFO: [ app_begin ] --END-- [ RunTime:0.002199s ]
NOTIC: [2] call_user_func() expects parameter 1 to be a valid callback, no array or string given /home/www/hollandshow.cn/2021/ThinkPHP/Library/Think/Upload.class.php 第 170 行.
SQL: SHOW COLUMNS FROM `hls_files` [ RunTime:0.0011s ]
SQL: INSERT INTO `hls_files` (`save_name`,`save_path`,`extension`,`mime`,`size`) VALUES ('629d5e3a43e00.jpg','/2021/Public/upload/2022-06-06/629d5e3a43e00.jpg','jpg','image/jpeg','4615505') [ RunTime:0.0270s ]

[ 2022-06-06T10:11:43+08:00 ] 219.131.242.218 /2021/index.php/Admin/Upload/upload.html
INFO: [ app_begin ] --START--
INFO: Run Behavior\ReadHtmlCacheBehavior [ RunTime:0.000379s ]
INFO: Run Behavior\CheckLangBehavior [ RunTime:0.001574s ]
INFO: [ app_begin ] --END-- [ RunTime:0.002204s ]
NOTIC: [2] call_user_func() expects parameter 1 to be a valid callback, no array or string given /home/www/hollandshow.cn/2021/ThinkPHP/Library/Think/Upload.class.php 第 170 行.
SQL: SHOW COLUMNS FROM `hls_files` [ RunTime:0.0010s ]
SQL: INSERT INTO `hls_files` (`save_name`,`save_path`,`extension`,`mime`,`size`) VALUES ('629d625fd5bcc.jpg','/2021/Public/upload/2022-06-06/629d625fd5bcc.jpg','jpg','image/jpeg','4615505') [ RunTime:0.0251s ]

[ 2022-06-06T10:12:11+08:00 ] 219.131.242.218 /2021/index.php/Admin/Upload/upload.html
INFO: [ app_begin ] --START--
INFO: Run Behavior\ReadHtmlCacheBehavior [ RunTime:0.000373s ]
INFO: Run Behavior\CheckLangBehavior [ RunTime:0.001561s ]
INFO: [ app_begin ] --END-- [ RunTime:0.002192s ]
NOTIC: [2] call_user_func() expects parameter 1 to be a valid callback, no array or string given /home/www/hollandshow.cn/2021/ThinkPHP/Library/Think/Upload.class.php 第 170 行.
SQL: SHOW COLUMNS FROM `hls_files` [ RunTime:0.0011s ]
SQL: INSERT INTO `hls_files` (`save_name`,`save_path`,`extension`,`mime`,`size`) VALUES ('629d627bc314f.jpg','/2021/Public/upload/2022-06-06/629d627bc314f.jpg','jpg','image/jpeg','4615505') [ RunTime:0.0298s ]

[ 2022-06-06T10:12:24+08:00 ] 219.131.242.218 /2021/index.php/Admin/Upload/upload.html
INFO: [ app_begin ] --START--
INFO: Run Behavior\ReadHtmlCacheBehavior [ RunTime:0.000308s ]
INFO: Run Behavior\CheckLangBehavior [ RunTime:0.001451s ]
INFO: [ app_begin ] --END-- [ RunTime:0.001966s ]
NOTIC: [2] finfo_file(): Empty filename or path /home/www/hollandshow.cn/2021/ThinkPHP/Library/Think/Upload.class.php 第 152 行.

[ 2022-06-06T10:13:06+08:00 ] 219.131.242.218 /2021/index.php/Admin/Upload/upload.html
INFO: [ app_begin ] --START--
INFO: Run Behavior\ReadHtmlCacheBehavior [ RunTime:0.000380s ]
INFO: Run Behavior\CheckLangBehavior [ RunTime:0.001572s ]
INFO: [ app_begin ] --END-- [ RunTime:0.002204s ]
NOTIC: [2] call_user_func() expects parameter 1 to be a valid callback, no array or string given /home/www/hollandshow.cn/2021/ThinkPHP/Library/Think/Upload.class.php 第 170 行.
SQL: SHOW COLUMNS FROM `hls_files` [ RunTime:0.0011s ]
SQL: INSERT INTO `hls_files` (`save_name`,`save_path`,`extension`,`mime`,`size`) VALUES ('629d62b23639b.jpg','/2021/Public/upload/2022-06-06/629d62b23639b.jpg','jpg','image/jpeg','4615505') [ RunTime:0.0266s ]

[ 2022-06-06T10:13:33+08:00 ] 219.131.242.218 /2021/index.php/Admin/Upload/upload.html
INFO: [ app_begin ] --START--
INFO: Run Behavior\ReadHtmlCacheBehavior [ RunTime:0.000222s ]
INFO: Run Behavior\CheckLangBehavior [ RunTime:0.000953s ]
INFO: [ app_begin ] --END-- [ RunTime:0.001335s ]
NOTIC: [2] call_user_func() expects parameter 1 to be a valid callback, no array or string given /home/www/hollandshow.cn/2021/ThinkPHP/Library/Think/Upload.class.php 第 170 行.
SQL: SHOW COLUMNS FROM `hls_files` [ RunTime:0.0010s ]
SQL: INSERT INTO `hls_files` (`save_name`,`save_path`,`extension`,`mime`,`size`) VALUES ('629d62cd66236.jpg','/2021/Public/upload/2022-06-06/629d62cd66236.jpg','jpg','image/jpeg','4615505') [ RunTime:0.0248s ]

[ 2022-06-06T10:14:42+08:00 ] 219.131.242.218 /2021/index.php/Admin/Upload/upload.html
INFO: [ app_begin ] --START--
INFO: Run Behavior\ReadHtmlCacheBehavior [ RunTime:0.000381s ]
INFO: Run Behavior\CheckLangBehavior [ RunTime:0.001608s ]
INFO: [ app_begin ] --END-- [ RunTime:0.002346s ]
NOTIC: [2] call_user_func() expects parameter 1 to be a valid callback, no array or string given /home/www/hollandshow.cn/2021/ThinkPHP/Library/Think/Upload.class.php 第 170 行.
SQL: SHOW COLUMNS FROM `hls_files` [ RunTime:0.0011s ]
SQL: INSERT INTO `hls_files` (`save_name`,`save_path`,`extension`,`mime`,`size`) VALUES ('629d63125d055.jpg','/2021/Public/upload/2022-06-06/629d63125d055.jpg','jpg','image/jpeg','4615505') [ RunTime:0.0251s ]

[ 2022-06-06T10:20:50+08:00 ] 219.131.242.218 /2021/index.php/Admin/Upload/upload.html
INFO: [ app_begin ] --START--
INFO: Run Behavior\ReadHtmlCacheBehavior [ RunTime:0.000364s ]
INFO: Run Behavior\CheckLangBehavior [ RunTime:0.001623s ]
INFO: [ app_begin ] --END-- [ RunTime:0.002250s ]
NOTIC: [2] call_user_func() expects parameter 1 to be a valid callback, no array or string given /home/www/hollandshow.cn/2021/ThinkPHP/Library/Think/Upload.class.php 第 170 行.
SQL: SHOW COLUMNS FROM `hls_files` [ RunTime:0.0010s ]
SQL: INSERT INTO `hls_files` (`save_name`,`save_path`,`extension`,`mime`,`size`) VALUES ('629d648202405.jpg','/2021/Public/upload/2022-06-06/629d648202405.jpg','jpg','image/jpeg','50421') [ RunTime:0.0251s ]

[ 2022-06-06T10:21:25+08:00 ] 219.131.242.218 /2021/index.php/Admin/Upload/upload.html
INFO: [ app_begin ] --START--
INFO: Run Behavior\ReadHtmlCacheBehavior [ RunTime:0.000370s ]
INFO: Run Behavior\CheckLangBehavior [ RunTime:0.001559s ]
INFO: [ app_begin ] --END-- [ RunTime:0.002178s ]
NOTIC: [2] call_user_func() expects parameter 1 to be a valid callback, no array or string given /home/www/hollandshow.cn/2021/ThinkPHP/Library/Think/Upload.class.php 第 170 行.
SQL: SHOW COLUMNS FROM `hls_files` [ RunTime:0.0011s ]
SQL: INSERT INTO `hls_files` (`save_name`,`save_path`,`extension`,`mime`,`size`) VALUES ('629d64a58376d.jpg','/2021/Public/upload/2022-06-06/629d64a58376d.jpg','jpg','image/jpeg','50421') [ RunTime:0.0265s ]

[ 2022-06-06T10:31:08+08:00 ] 219.131.242.218 /2021/index.php/Admin/Upload/upload.html
INFO: [ app_begin ] --START--
INFO: Run Behavior\ReadHtmlCacheBehavior [ RunTime:0.000375s ]
INFO: Run Behavior\CheckLangBehavior [ RunTime:0.001561s ]
INFO: [ app_begin ] --END-- [ RunTime:0.002196s ]
NOTIC: [2] call_user_func() expects parameter 1 to be a valid callback, no array or string given /home/www/hollandshow.cn/2021/ThinkPHP/Library/Think/Upload.class.php 第 170 行.
SQL: SHOW COLUMNS FROM `hls_files` [ RunTime:0.0010s ]
SQL: INSERT INTO `hls_files` (`save_name`,`save_path`,`extension`,`mime`,`size`) VALUES ('629d66ec67fd3.jpg','/2021/Public/upload/2022-06-06/629d66ec67fd3.jpg','jpg','image/jpeg','4615505') [ RunTime:0.0280s ]

[ 2022-06-06T10:33:19+08:00 ] 219.131.242.218 /2021/index.php/Admin/Upload/upload.html
INFO: [ app_begin ] --START--
INFO: Run Behavior\ReadHtmlCacheBehavior [ RunTime:0.000366s ]
INFO: Run Behavior\CheckLangBehavior [ RunTime:0.001588s ]
INFO: [ app_begin ] --END-- [ RunTime:0.002204s ]
NOTIC: [2] call_user_func() expects parameter 1 to be a valid callback, no array or string given /home/www/hollandshow.cn/2021/ThinkPHP/Library/Think/Upload.class.php 第 170 行.
SQL: SHOW COLUMNS FROM `hls_files` [ RunTime:0.0012s ]
SQL: INSERT INTO `hls_files` (`save_name`,`save_path`,`extension`,`mime`,`size`) VALUES ('629d676fa21a3.jpg','/2021/Public/upload/2022-06-06/629d676fa21a3.jpg','jpg','image/jpeg','4615505') [ RunTime:0.0261s ]

[ 2022-06-06T10:40:25+08:00 ] 219.131.242.218 /2021/index.php/Admin/Upload/upload.html
INFO: [ app_begin ] --START--
INFO: Run Behavior\ReadHtmlCacheBehavior [ RunTime:0.000399s ]
INFO: Run Behavior\CheckLangBehavior [ RunTime:0.001583s ]
INFO: [ app_begin ] --END-- [ RunTime:0.002244s ]
NOTIC: [2] call_user_func() expects parameter 1 to be a valid callback, no array or string given /home/www/hollandshow.cn/2021/ThinkPHP/Library/Think/Upload.class.php 第 170 行.
SQL: SHOW COLUMNS FROM `hls_files` [ RunTime:0.0011s ]
SQL: INSERT INTO `hls_files` (`save_name`,`save_path`,`extension`,`mime`,`size`) VALUES ('629d6919e6146.jpg','/2021/Public/upload/2022-06-06/629d6919e6146.jpg','jpg','image/jpeg','96276') [ RunTime:0.0290s ]

[ 2022-06-06T10:41:40+08:00 ] 219.131.242.218 /2021/index.php/Admin/Upload/upload.html
INFO: [ app_begin ] --START--
INFO: Run Behavior\ReadHtmlCacheBehavior [ RunTime:0.000386s ]
INFO: Run Behavior\CheckLangBehavior [ RunTime:0.001607s ]
INFO: [ app_begin ] --END-- [ RunTime:0.002310s ]
NOTIC: [2] call_user_func() expects parameter 1 to be a valid callback, no array or string given /home/www/hollandshow.cn/2021/ThinkPHP/Library/Think/Upload.class.php 第 170 行.
SQL: SHOW COLUMNS FROM `hls_files` [ RunTime:0.0012s ]
SQL: INSERT INTO `hls_files` (`save_name`,`save_path`,`extension`,`mime`,`size`) VALUES ('629d69646c398.jpg','/2021/Public/upload/2022-06-06/629d69646c398.jpg','jpg','image/jpeg','50421') [ RunTime:0.0272s ]

[ 2022-06-06T10:42:40+08:00 ] 219.131.242.218 /2021/index.php/Admin/Upload/upload.html
INFO: [ app_begin ] --START--
INFO: Run Behavior\ReadHtmlCacheBehavior [ RunTime:0.000375s ]
INFO: Run Behavior\CheckLangBehavior [ RunTime:0.001559s ]
INFO: [ app_begin ] --END-- [ RunTime:0.002185s ]
NOTIC: [2] call_user_func() expects parameter 1 to be a valid callback, no array or string given /home/www/hollandshow.cn/2021/ThinkPHP/Library/Think/Upload.class.php 第 170 行.
SQL: SHOW COLUMNS FROM `hls_files` [ RunTime:0.0012s ]
SQL: INSERT INTO `hls_files` (`save_name`,`save_path`,`extension`,`mime`,`size`) VALUES ('629d69a0672c8.jpg','/2021/Public/upload/2022-06-06/629d69a0672c8.jpg','jpg','image/jpeg','50421') [ RunTime:0.0235s ]

[ 2022-06-06T10:43:10+08:00 ] 219.131.242.218 /2021/index.php/Admin/Upload/upload.html
INFO: [ app_begin ] --START--
INFO: Run Behavior\ReadHtmlCacheBehavior [ RunTime:0.000361s ]
INFO: Run Behavior\CheckLangBehavior [ RunTime:0.001574s ]
INFO: [ app_begin ] --END-- [ RunTime:0.002195s ]
NOTIC: [2] call_user_func() expects parameter 1 to be a valid callback, no array or string given /home/www/hollandshow.cn/2021/ThinkPHP/Library/Think/Upload.class.php 第 170 行.
SQL: SHOW COLUMNS FROM `hls_files` [ RunTime:0.0011s ]
SQL: INSERT INTO `hls_files` (`save_name`,`save_path`,`extension`,`mime`,`size`) VALUES ('629d69be2c1a2.jpg','/2021/Public/upload/2022-06-06/629d69be2c1a2.jpg','jpg','image/jpeg','96276') [ RunTime:0.0240s ]

[ 2022-06-06T10:43:25+08:00 ] 219.131.242.218 /2021/index.php/Admin/Active/update.html
ERR: 參數錯誤或者未定義:id

[ 2022-06-06T10:45:53+08:00 ] 219.131.242.218 /2021/index.php/Admin/Upload/upload.html
INFO: [ app_begin ] --START--
INFO: Run Behavior\ReadHtmlCacheBehavior [ RunTime:0.000381s ]
INFO: Run Behavior\CheckLangBehavior [ RunTime:0.001578s ]
INFO: [ app_begin ] --END-- [ RunTime:0.002210s ]
NOTIC: [2] call_user_func() expects parameter 1 to be a valid callback, no array or string given /home/www/hollandshow.cn/2021/ThinkPHP/Library/Think/Upload.class.php 第 170 行.
SQL: SHOW COLUMNS FROM `hls_files` [ RunTime:0.0011s ]
SQL: INSERT INTO `hls_files` (`save_name`,`save_path`,`extension`,`mime`,`size`) VALUES ('629d6a61207f7.jpg','/2021/Public/upload/2022-06-06/629d6a61207f7.jpg','jpg','image/jpeg','74764') [ RunTime:0.0286s ]

[ 2022-06-06T10:47:53+08:00 ] 219.131.242.218 /2021/index.php/Admin/Upload/upload.html
INFO: [ app_begin ] --START--
INFO: Run Behavior\ReadHtmlCacheBehavior [ RunTime:0.000403s ]
INFO: Run Behavior\CheckLangBehavior [ RunTime:0.001596s ]
INFO: [ app_begin ] --END-- [ RunTime:0.002272s ]
NOTIC: [2] call_user_func() expects parameter 1 to be a valid callback, no array or string given /home/www/hollandshow.cn/2021/ThinkPHP/Library/Think/Upload.class.php 第 170 行.
SQL: SHOW COLUMNS FROM `hls_files` [ RunTime:0.0011s ]
SQL: INSERT INTO `hls_files` (`save_name`,`save_path`,`extension`,`mime`,`size`) VALUES ('629d6ad9c9999.jpg','/2021/Public/upload/2022-06-06/629d6ad9c9999.jpg','jpg','image/jpeg','96276') [ RunTime:0.0277s ]

[ 2022-06-06T10:48:52+08:00 ] 219.131.242.218 /2021/index.php/Admin/Upload/upload.html
INFO: [ app_begin ] --START--
INFO: Run Behavior\ReadHtmlCacheBehavior [ RunTime:0.000387s ]
INFO: Run Behavior\CheckLangBehavior [ RunTime:0.001601s ]
INFO: [ app_begin ] --END-- [ RunTime:0.002251s ]
NOTIC: [2] call_user_func() expects parameter 1 to be a valid callback, no array or string given /home/www/hollandshow.cn/2021/ThinkPHP/Library/Think/Upload.class.php 第 170 行.
SQL: SHOW COLUMNS FROM `hls_files` [ RunTime:0.0012s ]
SQL: INSERT INTO `hls_files` (`save_name`,`save_path`,`extension`,`mime`,`size`) VALUES ('629d6b14c514e.jpg','/2021/Public/upload/2022-06-06/629d6b14c514e.jpg','jpg','image/jpeg','96276') [ RunTime:0.0266s ]

[ 2022-06-06T11:28:33+08:00 ] 219.131.242.218 /2021/index.php/Admin/Active/update.html
ERR: 參數錯誤或者未定義:id

[ 2022-06-06T11:28:39+08:00 ] 219.131.242.218 /2021/index.php/Admin/Active/update.html
ERR: 參數錯誤或者未定義:id

[ 2022-06-06T11:29:16+08:00 ] 219.131.242.218 /2021/index.php/Admin/Upload/upload.html
INFO: [ app_begin ] --START--
INFO: Run Behavior\ReadHtmlCacheBehavior [ RunTime:0.000357s ]
INFO: Run Behavior\CheckLangBehavior [ RunTime:0.001558s ]
INFO: [ app_begin ] --END-- [ RunTime:0.002164s ]
NOTIC: [2] call_user_func() expects parameter 1 to be a valid callback, no array or string given /home/www/hollandshow.cn/2021/ThinkPHP/Library/Think/Upload.class.php 第 170 行.
SQL: SHOW COLUMNS FROM `hls_files` [ RunTime:0.0012s ]
SQL: INSERT INTO `hls_files` (`save_name`,`save_path`,`extension`,`mime`,`size`) VALUES ('629d748cbeb68.jpg','/2021/Public/upload/2022-06-06/629d748cbeb68.jpg','jpg','image/jpeg','96276') [ RunTime:0.0268s ]

[ 2022-06-06T11:43:28+08:00 ] 219.131.242.218 /2021/index.php/Admin/Upload/upload.html
INFO: [ app_begin ] --START--
INFO: Run Behavior\ReadHtmlCacheBehavior [ RunTime:0.000386s ]
INFO: Run Behavior\CheckLangBehavior [ RunTime:0.001583s ]
INFO: [ app_begin ] --END-- [ RunTime:0.002231s ]
NOTIC: [2] call_user_func() expects parameter 1 to be a valid callback, no array or string given /home/www/hollandshow.cn/2021/ThinkPHP/Library/Think/Upload.class.php 第 170 行.
SQL: SHOW COLUMNS FROM `hls_files` [ RunTime:0.0012s ]
SQL: INSERT INTO `hls_files` (`save_name`,`save_path`,`extension`,`mime`,`size`) VALUES ('629d77e026baf.jpg','/2021/Public/upload/2022-06-06/629d77e026baf.jpg','jpg','image/jpeg','96276') [ RunTime:0.0273s ]

[ 2022-06-06T11:49:38+08:00 ] 219.131.242.218 /2021/index.php/Admin/Upload/upload.html
INFO: [ app_begin ] --START--
INFO: Run Behavior\ReadHtmlCacheBehavior [ RunTime:0.000388s ]
INFO: Run Behavior\CheckLangBehavior [ RunTime:0.001610s ]
INFO: [ app_begin ] --END-- [ RunTime:0.002252s ]
NOTIC: [2] call_user_func() expects parameter 1 to be a valid callback, no array or string given /home/www/hollandshow.cn/2021/ThinkPHP/Library/Think/Upload.class.php 第 170 行.
SQL: SHOW COLUMNS FROM `hls_files` [ RunTime:0.0011s ]
SQL: INSERT INTO `hls_files` (`save_name`,`save_path`,`extension`,`mime`,`size`) VALUES ('629d7952cb76b.jpg','/2021/Public/upload/2022-06-06/629d7952cb76b.jpg','jpg','image/jpeg','74764') [ RunTime:0.0199s ]

[ 2022-06-06T11:51:49+08:00 ] 219.131.242.218 /2021/index.php/Admin/Upload/upload.html
INFO: [ app_begin ] --START--
INFO: Run Behavior\ReadHtmlCacheBehavior [ RunTime:0.000338s ]
INFO: Run Behavior\CheckLangBehavior [ RunTime:0.001415s ]
INFO: [ app_begin ] --END-- [ RunTime:0.001981s ]
NOTIC: [2] call_user_func() expects parameter 1 to be a valid callback, no array or string given /home/www/hollandshow.cn/2021/ThinkPHP/Library/Think/Upload.class.php 第 170 行.
SQL: SHOW COLUMNS FROM `hls_files` [ RunTime:0.0011s ]
SQL: INSERT INTO `hls_files` (`save_name`,`save_path`,`extension`,`mime`,`size`) VALUES ('629d79d5d4616.jpg','/2021/Public/upload/2022-06-06/629d79d5d4616.jpg','jpg','image/jpeg','96276') [ RunTime:0.0312s ]

[ 2022-06-06T11:53:00+08:00 ] 219.131.242.218 /2021/index.php/Admin/Upload/upload.html
INFO: [ app_begin ] --START--
INFO: Run Behavior\ReadHtmlCacheBehavior [ RunTime:0.000359s ]
INFO: Run Behavior\CheckLangBehavior [ RunTime:0.001582s ]
INFO: [ app_begin ] --END-- [ RunTime:0.002190s ]
NOTIC: [2] call_user_func() expects parameter 1 to be a valid callback, no array or string given /home/www/hollandshow.cn/2021/ThinkPHP/Library/Think/Upload.class.php 第 170 行.
SQL: SHOW COLUMNS FROM `hls_files` [ RunTime:0.0012s ]
SQL: INSERT INTO `hls_files` (`save_name`,`save_path`,`extension`,`mime`,`size`) VALUES ('629d7a1c62ddb.jpg','/2021/Public/upload/2022-06-06/629d7a1c62ddb.jpg','jpg','image/jpeg','96276') [ RunTime:0.0246s ]

[ 2022-06-06T11:56:02+08:00 ] 219.131.242.218 /2021/index.php/Admin/Upload/upload.html
INFO: [ app_begin ] --START--
INFO: Run Behavior\ReadHtmlCacheBehavior [ RunTime:0.000363s ]
INFO: Run Behavior\CheckLangBehavior [ RunTime:0.001590s ]
INFO: [ app_begin ] --END-- [ RunTime:0.002205s ]
NOTIC: [2] call_user_func() expects parameter 1 to be a valid callback, no array or string given /home/www/hollandshow.cn/2021/ThinkPHP/Library/Think/Upload.class.php 第 170 行.
SQL: SHOW COLUMNS FROM `hls_files` [ RunTime:0.0011s ]
SQL: INSERT INTO `hls_files` (`save_name`,`save_path`,`extension`,`mime`,`size`) VALUES ('629d7ad2d8205.jpg','/2021/Public/upload/2022-06-06/629d7ad2d8205.jpg','jpg','image/jpeg','96276') [ RunTime:0.0231s ]

[ 2022-06-06T11:56:58+08:00 ] 219.131.242.218 /2021/index.php/Admin/Upload/upload.html
INFO: [ app_begin ] --START--
INFO: Run Behavior\ReadHtmlCacheBehavior [ RunTime:0.000368s ]
INFO: Run Behavior\CheckLangBehavior [ RunTime:0.001605s ]
INFO: [ app_begin ] --END-- [ RunTime:0.002225s ]
NOTIC: [2] call_user_func() expects parameter 1 to be a valid callback, no array or string given /home/www/hollandshow.cn/2021/ThinkPHP/Library/Think/Upload.class.php 第 170 行.
SQL: SHOW COLUMNS FROM `hls_files` [ RunTime:0.0010s ]
SQL: INSERT INTO `hls_files` (`save_name`,`save_path`,`extension`,`mime`,`size`) VALUES ('629d7b0a5afd0.jpg','/2021/Public/upload/2022-06-06/629d7b0a5afd0.jpg','jpg','image/jpeg','4615505') [ RunTime:0.0228s ]

[ 2022-06-06T11:58:17+08:00 ] 219.131.242.218 /2021/index.php/Admin/Upload/upload.html
INFO: [ app_begin ] --START--
INFO: Run Behavior\ReadHtmlCacheBehavior [ RunTime:0.000361s ]
INFO: Run Behavior\CheckLangBehavior [ RunTime:0.001570s ]
INFO: [ app_begin ] --END-- [ RunTime:0.002180s ]
NOTIC: [2] call_user_func() expects parameter 1 to be a valid callback, no array or string given /home/www/hollandshow.cn/2021/ThinkPHP/Library/Think/Upload.class.php 第 170 行.
SQL: SHOW COLUMNS FROM `hls_files` [ RunTime:0.0010s ]
SQL: INSERT INTO `hls_files` (`save_name`,`save_path`,`extension`,`mime`,`size`) VALUES ('629d7b590f89c.jpg','/2021/Public/upload/2022-06-06/629d7b590f89c.jpg','jpg','image/jpeg','96276') [ RunTime:0.0246s ]

[ 2022-06-06T14:20:43+08:00 ] 219.131.242.218 /2021/index.php/Admin/Login/login.html
INFO: [ app_begin ] --START--
INFO: Run Behavior\ReadHtmlCacheBehavior [ RunTime:0.000371s ]
INFO: Run Behavior\CheckLangBehavior [ RunTime:0.001650s ]
INFO: [ app_begin ] --END-- [ RunTime:0.002269s ]
SQL: SHOW COLUMNS FROM `hls_admin` [ RunTime:0.0014s ]
SQL: SELECT * FROM `hls_admin` WHERE `password` = '027b015ad5829f6831006722d14520c7af215f15f5460182f66d877fdb9b15c2' AND `username` = 'admin' LIMIT 1   [ RunTime:0.0009s ]
NOTIC: [8] A session had already been started - ignoring session_start() /home/www/hollandshow.cn/2021/ThinkPHP/Common/functions.php 第 1263 行.

[ 2022-06-06T14:21:12+08:00 ] 219.131.242.218 /2021/index.php/Admin/Upload/upload.html
INFO: [ app_begin ] --START--
INFO: Run Behavior\ReadHtmlCacheBehavior [ RunTime:0.000371s ]
INFO: Run Behavior\CheckLangBehavior [ RunTime:0.001588s ]
INFO: [ app_begin ] --END-- [ RunTime:0.002233s ]
NOTIC: [2] call_user_func() expects parameter 1 to be a valid callback, no array or string given /home/www/hollandshow.cn/2021/ThinkPHP/Library/Think/Upload.class.php 第 170 行.
SQL: SHOW COLUMNS FROM `hls_files` [ RunTime:0.0012s ]
SQL: INSERT INTO `hls_files` (`save_name`,`save_path`,`extension`,`mime`,`size`) VALUES ('629d9cd8561fc.jpg','/2021/Public/upload/2022-06-06/629d9cd8561fc.jpg','jpg','image/jpeg','4615505') [ RunTime:0.0280s ]

[ 2022-06-06T14:21:53+08:00 ] 219.131.242.218 /2021/index.php/Admin/Upload/upload.html
INFO: [ app_begin ] --START--
INFO: Run Behavior\ReadHtmlCacheBehavior [ RunTime:0.000208s ]
INFO: Run Behavior\CheckLangBehavior [ RunTime:0.000900s ]
INFO: [ app_begin ] --END-- [ RunTime:0.001260s ]
NOTIC: [2] call_user_func() expects parameter 1 to be a valid callback, no array or string given /home/www/hollandshow.cn/2021/ThinkPHP/Library/Think/Upload.class.php 第 170 行.
SQL: SHOW COLUMNS FROM `hls_files` [ RunTime:0.0007s ]
SQL: INSERT INTO `hls_files` (`save_name`,`save_path`,`extension`,`mime`,`size`) VALUES ('629d9d01ba02d.jpg','/2021/Public/upload/2022-06-06/629d9d01ba02d.jpg','jpg','image/jpeg','96276') [ RunTime:0.0236s ]

[ 2022-06-06T14:22:47+08:00 ] 219.131.242.218 /2021/index.php/Admin/Upload/upload.html
INFO: [ app_begin ] --START--
INFO: Run Behavior\ReadHtmlCacheBehavior [ RunTime:0.000358s ]
INFO: Run Behavior\CheckLangBehavior [ RunTime:0.001453s ]
INFO: [ app_begin ] --END-- [ RunTime:0.002115s ]
NOTIC: [2] call_user_func() expects parameter 1 to be a valid callback, no array or string given /home/www/hollandshow.cn/2021/ThinkPHP/Library/Think/Upload.class.php 第 170 行.
SQL: SHOW COLUMNS FROM `hls_files` [ RunTime:0.0011s ]
SQL: INSERT INTO `hls_files` (`save_name`,`save_path`,`extension`,`mime`,`size`) VALUES ('629d9d3715384.jpg','/2021/Public/upload/2022-06-06/629d9d3715384.jpg','jpg','image/jpeg','96276') [ RunTime:0.0294s ]

[ 2022-06-06T14:25:08+08:00 ] 219.131.242.218 /2021/index.php/Admin/Upload/upload.html
INFO: [ app_begin ] --START--
INFO: Run Behavior\ReadHtmlCacheBehavior [ RunTime:0.000362s ]
INFO: Run Behavior\CheckLangBehavior [ RunTime:0.001796s ]
INFO: [ app_begin ] --END-- [ RunTime:0.002411s ]
NOTIC: [2] call_user_func() expects parameter 1 to be a valid callback, no array or string given /home/www/hollandshow.cn/2021/ThinkPHP/Library/Think/Upload.class.php 第 170 行.
SQL: SHOW COLUMNS FROM `hls_files` [ RunTime:0.0011s ]
SQL: INSERT INTO `hls_files` (`save_name`,`save_path`,`extension`,`mime`,`size`) VALUES ('629d9dc47b387.jpg','/2021/Public/upload/2022-06-06/629d9dc47b387.jpg','jpg','image/jpeg','96276') [ RunTime:0.0223s ]

[ 2022-06-06T14:29:55+08:00 ] 219.131.242.218 /2021/index.php/Admin/Upload/upload.html
INFO: [ app_begin ] --START--
INFO: Run Behavior\ReadHtmlCacheBehavior [ RunTime:0.000360s ]
INFO: Run Behavior\CheckLangBehavior [ RunTime:0.001575s ]
INFO: [ app_begin ] --END-- [ RunTime:0.002187s ]
NOTIC: [2] call_user_func() expects parameter 1 to be a valid callback, no array or string given /home/www/hollandshow.cn/2021/ThinkPHP/Library/Think/Upload.class.php 第 170 行.
SQL: SHOW COLUMNS FROM `hls_files` [ RunTime:0.0011s ]
SQL: INSERT INTO `hls_files` (`save_name`,`save_path`,`extension`,`mime`,`size`) VALUES ('629d9ee3899e0.jpg','/2021/Public/upload/2022-06-06/629d9ee3899e0.jpg','jpg','image/jpeg','4615505') [ RunTime:0.0301s ]

[ 2022-06-06T14:30:54+08:00 ] 219.131.242.218 /2021/index.php/Admin/Upload/upload.html
INFO: [ app_begin ] --START--
INFO: Run Behavior\ReadHtmlCacheBehavior [ RunTime:0.000368s ]
INFO: Run Behavior\CheckLangBehavior [ RunTime:0.001535s ]
INFO: [ app_begin ] --END-- [ RunTime:0.002150s ]
NOTIC: [2] call_user_func() expects parameter 1 to be a valid callback, no array or string given /home/www/hollandshow.cn/2021/ThinkPHP/Library/Think/Upload.class.php 第 170 行.
SQL: SHOW COLUMNS FROM `hls_files` [ RunTime:0.0124s ]
SQL: INSERT INTO `hls_files` (`save_name`,`save_path`,`extension`,`mime`,`size`) VALUES ('629d9f1e3f9be.jpg','/2021/Public/upload/2022-06-06/629d9f1e3f9be.jpg','jpg','image/jpeg','96276') [ RunTime:0.0291s ]

[ 2022-06-06T14:32:30+08:00 ] 219.131.242.218 /2021/index.php/Admin/Upload/upload.html
INFO: [ app_begin ] --START--
INFO: Run Behavior\ReadHtmlCacheBehavior [ RunTime:0.000389s ]
INFO: Run Behavior\CheckLangBehavior [ RunTime:0.001633s ]
INFO: [ app_begin ] --END-- [ RunTime:0.002360s ]
NOTIC: [2] call_user_func() expects parameter 1 to be a valid callback, no array or string given /home/www/hollandshow.cn/2021/ThinkPHP/Library/Think/Upload.class.php 第 170 行.
SQL: SHOW COLUMNS FROM `hls_files` [ RunTime:0.0012s ]
SQL: INSERT INTO `hls_files` (`save_name`,`save_path`,`extension`,`mime`,`size`) VALUES ('629d9f7e41a38.jpg','/2021/Public/upload/2022-06-06/629d9f7e41a38.jpg','jpg','image/jpeg','4615505') [ RunTime:0.0274s ]

[ 2022-06-06T14:44:31+08:00 ] 219.131.242.218 /2021/index.php/Admin/Upload/upload.html
INFO: [ app_begin ] --START--
INFO: Run Behavior\ReadHtmlCacheBehavior [ RunTime:0.000378s ]
INFO: Run Behavior\CheckLangBehavior [ RunTime:0.001587s ]
INFO: [ app_begin ] --END-- [ RunTime:0.002227s ]
NOTIC: [2] call_user_func() expects parameter 1 to be a valid callback, no array or string given /home/www/hollandshow.cn/2021/ThinkPHP/Library/Think/Upload.class.php 第 170 行.
SQL: SHOW COLUMNS FROM `hls_files` [ RunTime:0.0012s ]
SQL: INSERT INTO `hls_files` (`save_name`,`save_path`,`extension`,`mime`,`size`) VALUES ('629da24fd12ee.jpg','/2021/Public/upload/2022-06-06/629da24fd12ee.jpg','jpg','image/jpeg','4615505') [ RunTime:0.0294s ]

[ 2022-06-06T14:45:02+08:00 ] 219.131.242.218 /2021/index.php/Admin/Upload/upload.html
INFO: [ app_begin ] --START--
INFO: Run Behavior\ReadHtmlCacheBehavior [ RunTime:0.000388s ]
INFO: Run Behavior\CheckLangBehavior [ RunTime:0.001582s ]
INFO: [ app_begin ] --END-- [ RunTime:0.002246s ]
NOTIC: [2] call_user_func() expects parameter 1 to be a valid callback, no array or string given /home/www/hollandshow.cn/2021/ThinkPHP/Library/Think/Upload.class.php 第 170 行.
SQL: SHOW COLUMNS FROM `hls_files` [ RunTime:0.0011s ]
SQL: INSERT INTO `hls_files` (`save_name`,`save_path`,`extension`,`mime`,`size`) VALUES ('629da26ea7038.jpg','/2021/Public/upload/2022-06-06/629da26ea7038.jpg','jpg','image/jpeg','74764') [ RunTime:0.0282s ]

[ 2022-06-06T14:46:38+08:00 ] 219.131.242.218 /2021/index.php/Admin/Upload/upload.html
INFO: [ app_begin ] --START--
INFO: Run Behavior\ReadHtmlCacheBehavior [ RunTime:0.000374s ]
INFO: Run Behavior\CheckLangBehavior [ RunTime:0.001568s ]
INFO: [ app_begin ] --END-- [ RunTime:0.002194s ]
NOTIC: [2] call_user_func() expects parameter 1 to be a valid callback, no array or string given /home/www/hollandshow.cn/2021/ThinkPHP/Library/Think/Upload.class.php 第 170 行.
SQL: SHOW COLUMNS FROM `hls_files` [ RunTime:0.0011s ]
SQL: INSERT INTO `hls_files` (`save_name`,`save_path`,`extension`,`mime`,`size`) VALUES ('629da2ce7484b.jpg','/2021/Public/upload/2022-06-06/629da2ce7484b.jpg','jpg','image/jpeg','4615505') [ RunTime:0.0293s ]

[ 2022-06-06T14:47:22+08:00 ] 219.131.242.218 /2021/index.php/Admin/Upload/upload.html
INFO: [ app_begin ] --START--
INFO: Run Behavior\ReadHtmlCacheBehavior [ RunTime:0.000386s ]
INFO: Run Behavior\CheckLangBehavior [ RunTime:0.001589s ]
INFO: [ app_begin ] --END-- [ RunTime:0.002225s ]
NOTIC: [2] call_user_func() expects parameter 1 to be a valid callback, no array or string given /home/www/hollandshow.cn/2021/ThinkPHP/Library/Think/Upload.class.php 第 170 行.
SQL: SHOW COLUMNS FROM `hls_files` [ RunTime:0.0012s ]
SQL: INSERT INTO `hls_files` (`save_name`,`save_path`,`extension`,`mime`,`size`) VALUES ('629da2fa11775.jpg','/2021/Public/upload/2022-06-06/629da2fa11775.jpg','jpg','image/jpeg','50421') [ RunTime:0.0262s ]

[ 2022-06-06T14:52:06+08:00 ] 219.131.242.218 /2021/index.php/Admin/Upload/upload.html
INFO: [ app_begin ] --START--
INFO: Run Behavior\ReadHtmlCacheBehavior [ RunTime:0.000359s ]
INFO: Run Behavior\CheckLangBehavior [ RunTime:0.001565s ]
INFO: [ app_begin ] --END-- [ RunTime:0.002172s ]
NOTIC: [2] call_user_func() expects parameter 1 to be a valid callback, no array or string given /home/www/hollandshow.cn/2021/ThinkPHP/Library/Think/Upload.class.php 第 170 行.
SQL: SHOW COLUMNS FROM `hls_files` [ RunTime:0.0012s ]
SQL: INSERT INTO `hls_files` (`save_name`,`save_path`,`extension`,`mime`,`size`) VALUES ('629da416466e8.jpg','/2021/Public/upload/2022-06-06/629da416466e8.jpg','jpg','image/jpeg','4615505') [ RunTime:0.0278s ]

[ 2022-06-06T14:57:12+08:00 ] 219.131.242.218 /2021/index.php/Admin/Upload/upload.html
INFO: [ app_begin ] --START--
INFO: Run Behavior\ReadHtmlCacheBehavior [ RunTime:0.000386s ]
INFO: Run Behavior\CheckLangBehavior [ RunTime:0.001618s ]
INFO: [ app_begin ] --END-- [ RunTime:0.002267s ]
NOTIC: [2] call_user_func() expects parameter 1 to be a valid callback, no array or string given /home/www/hollandshow.cn/2021/ThinkPHP/Library/Think/Upload.class.php 第 170 行.
SQL: SHOW COLUMNS FROM `hls_files` [ RunTime:0.0012s ]
SQL: INSERT INTO `hls_files` (`save_name`,`save_path`,`extension`,`mime`,`size`) VALUES ('629da54807f6f.jpg','/2021/Public/upload/2022-06-06/629da54807f6f.jpg','jpg','image/jpeg','74764') [ RunTime:0.0256s ]

[ 2022-06-06T15:07:19+08:00 ] 219.131.242.218 /2021/index.php/Admin/Upload/upload.html
INFO: [ app_begin ] --START--
INFO: Run Behavior\ReadHtmlCacheBehavior [ RunTime:0.000385s ]
INFO: Run Behavior\CheckLangBehavior [ RunTime:0.001690s ]
INFO: [ app_begin ] --END-- [ RunTime:0.002418s ]
NOTIC: [2] call_user_func() expects parameter 1 to be a valid callback, no array or string given /home/www/hollandshow.cn/2021/ThinkPHP/Library/Think/Upload.class.php 第 170 行.
SQL: SHOW COLUMNS FROM `hls_files` [ RunTime:0.3887s ]
SQL: INSERT INTO `hls_files` (`save_name`,`save_path`,`extension`,`mime`,`size`) VALUES ('629da7a6da132.jpg','/2021/Public/upload/2022-06-06/629da7a6da132.jpg','jpg','image/jpeg','4615505') [ RunTime:0.0312s ]

