[ 2022-06-22T17:38:22+08:00 ] 120.84.12.85 /2021/index.php/Admin/Login/login.html
INFO: [ app_begin ] --START--
INFO: Run Behavior\ReadHtmlCacheBehavior [ RunTime:0.000388s ]
INFO: Run Behavior\CheckLangBehavior [ RunTime:0.001652s ]
INFO: [ app_begin ] --END-- [ RunTime:0.002312s ]
SQL: SHOW COLUMNS FROM `hls_admin` [ RunTime:0.0014s ]
SQL: SELECT * FROM `hls_admin` WHERE `password` = '9834876dcfb05cb167a5c24953eba58c4ac89b1adf57f28f2f9d09af107ee8f0' AND `username` = 'aaa' LIMIT 1   [ RunTime:0.0007s ]

[ 2022-06-22T17:40:46+08:00 ] 120.84.12.85 /2021/index.php/Admin/Login/login.html
INFO: [ app_begin ] --START--
INFO: Run Behavior\ReadHtmlCacheBehavior [ RunTime:0.000315s ]
INFO: Run Behavior\CheckLangBehavior [ RunTime:0.001751s ]
INFO: [ app_begin ] --END-- [ RunTime:0.002445s ]

[ 2022-06-22T17:40:57+08:00 ] 120.84.12.85 /2021/index.php/Admin/Login/login.html
INFO: [ app_begin ] --START--
INFO: Run Behavior\ReadHtmlCacheBehavior [ RunTime:0.000469s ]
INFO: Run Behavior\CheckLangBehavior [ RunTime:0.001566s ]
INFO: [ app_begin ] --END-- [ RunTime:0.002293s ]

[ 2022-06-22T17:41:07+08:00 ] 120.84.12.85 /2021/index.php/Admin/Login/login.html
INFO: [ app_begin ] --START--
INFO: Run Behavior\ReadHtmlCacheBehavior [ RunTime:0.000337s ]
INFO: Run Behavior\CheckLangBehavior [ RunTime:0.001475s ]
INFO: [ app_begin ] --END-- [ RunTime:0.002086s ]

[ 2022-06-22T17:41:09+08:00 ] 120.84.12.85 /2021/index.php/Admin/Login/login.html
INFO: [ app_begin ] --START--
INFO: Run Behavior\ReadHtmlCacheBehavior [ RunTime:0.000374s ]
INFO: Run Behavior\CheckLangBehavior [ RunTime:0.001464s ]
INFO: [ app_begin ] --END-- [ RunTime:0.002040s ]

[ 2022-06-22T17:41:48+08:00 ] 120.84.12.85 /2021/index.php/Admin/Login/login.html
INFO: [ app_begin ] --START--
INFO: Run Behavior\ReadHtmlCacheBehavior [ RunTime:0.000216s ]
INFO: Run Behavior\CheckLangBehavior [ RunTime:0.000896s ]
INFO: [ app_begin ] --END-- [ RunTime:0.001266s ]
SQL: SHOW COLUMNS FROM `hls_admin` [ RunTime:0.0009s ]
SQL: SELECT * FROM `hls_admin` WHERE `password` = '027b015ad5829f6831006722d14520c7af215f15f5460182f66d877fdb9b15c2' AND `username` = 'admin' LIMIT 1   [ RunTime:0.0006s ]
NOTIC: [8] A session had already been started - ignoring session_start() /home/www/hollandshow.cn/2021/ThinkPHP/Common/functions.php 第 1263 行.

