[ 2022-06-18T16:51:29+08:00 ] 219.131.240.194 /2021/index.php/Admin/Login/login.html
INFO: [ app_begin ] --START--
INFO: Run Behavior\ReadHtmlCacheBehavior [ RunTime:0.000392s ]
INFO: Run Behavior\CheckLangBehavior [ RunTime:0.001674s ]
INFO: [ app_begin ] --END-- [ RunTime:0.002317s ]
SQL: SHOW COLUMNS FROM `hls_admin` [ RunTime:0.0110s ]
SQL: SELECT * FROM `hls_admin` WHERE `password` = '027b015ad5829f6831006722d14520c7af215f15f5460182f66d877fdb9b15c2' AND `username` = 'admin' LIMIT 1   [ RunTime:0.0007s ]
NOTIC: [8] A session had already been started - ignoring session_start() /home/www/hollandshow.cn/2021/ThinkPHP/Common/functions.php 第 1263 行.

[ 2022-06-18T16:52:01+08:00 ] 219.131.240.194 /2021/index.php/Admin/Upload/upload.html
INFO: [ app_begin ] --START--
INFO: Run Behavior\ReadHtmlCacheBehavior [ RunTime:0.000400s ]
INFO: Run Behavior\CheckLangBehavior [ RunTime:0.001636s ]
INFO: [ app_begin ] --END-- [ RunTime:0.002376s ]
NOTIC: [2] call_user_func() expects parameter 1 to be a valid callback, no array or string given /home/www/hollandshow.cn/2021/ThinkPHP/Library/Think/Upload.class.php 第 170 行.
SQL: SHOW COLUMNS FROM `hls_files` [ RunTime:0.0014s ]
SQL: INSERT INTO `hls_files` (`save_name`,`save_path`,`extension`,`mime`,`size`) VALUES ('62ad923104d1c.jpg','/2021/Public/upload/2022-06-18/62ad923104d1c.jpg','jpg','image/jpeg','50421') [ RunTime:0.0251s ]

[ 2022-06-18T16:52:18+08:00 ] 219.131.240.194 /2021/index.php/Admin/Upload/upload.html
INFO: [ app_begin ] --START--
INFO: Run Behavior\ReadHtmlCacheBehavior [ RunTime:0.000371s ]
INFO: Run Behavior\CheckLangBehavior [ RunTime:0.001598s ]
INFO: [ app_begin ] --END-- [ RunTime:0.002222s ]
NOTIC: [2] call_user_func() expects parameter 1 to be a valid callback, no array or string given /home/www/hollandshow.cn/2021/ThinkPHP/Library/Think/Upload.class.php 第 170 行.
SQL: SHOW COLUMNS FROM `hls_files` [ RunTime:0.0012s ]
SQL: INSERT INTO `hls_files` (`save_name`,`save_path`,`extension`,`mime`,`size`) VALUES ('62ad924250cbb.jpg','/2021/Public/upload/2022-06-18/62ad924250cbb.jpg','jpg','image/jpeg','87138') [ RunTime:0.0226s ]

[ 2022-06-18T16:52:33+08:00 ] 219.131.240.194 /2021/index.php/Admin/Upload/upload.html
INFO: [ app_begin ] --START--
INFO: Run Behavior\ReadHtmlCacheBehavior [ RunTime:0.000271s ]
INFO: Run Behavior\CheckLangBehavior [ RunTime:0.001112s ]
INFO: [ app_begin ] --END-- [ RunTime:0.001565s ]
NOTIC: [2] call_user_func() expects parameter 1 to be a valid callback, no array or string given /home/www/hollandshow.cn/2021/ThinkPHP/Library/Think/Upload.class.php 第 170 行.
SQL: SHOW COLUMNS FROM `hls_files` [ RunTime:0.0009s ]
SQL: INSERT INTO `hls_files` (`save_name`,`save_path`,`extension`,`mime`,`size`) VALUES ('62ad925109623.png','/2021/Public/upload/2022-06-18/62ad925109623.png','png','image/jpeg','53642') [ RunTime:0.0305s ]

