[ 2020-07-20T01:13:28+08:00 ] 35.164.167.67 /
INFO: [ app_init ] --START--
INFO: Run Behavior\BuildLiteBehavior [ RunTime:0.000029s ]
INFO: [ app_init ] --END-- [ RunTime:0.000146s ]
INFO: [ app_begin ] --START--
INFO: Run Behavior\ReadHtmlCacheBehavior [ RunTime:0.000347s ]
INFO: Run Behavior\CheckLangBehavior [ RunTime:0.001417s ]
INFO: [ app_begin ] --END-- [ RunTime:0.001945s ]
SQL: SHOW COLUMNS FROM `hls_active` [ RunTime:0.0019s ]
SQL: SELECT * FROM `hls_active` WHERE `deleted` IS NULL ORDER BY created desc LIMIT 3   [ RunTime:0.0012s ]
SQL: SHOW COLUMNS FROM `hls_street_history` [ RunTime:0.0014s ]
SQL: SELECT * FROM `hls_street_history` WHERE `deleted` IS NULL ORDER BY rand() LIMIT 1   [ RunTime:0.0018s ]
SQL: SHOW COLUMNS FROM `hls_shop` [ RunTime:0.0016s ]
SQL: SELECT * FROM `hls_shop` WHERE `deleted` IS NULL ORDER BY rand() LIMIT 1   [ RunTime:0.0056s ]
SQL: SHOW COLUMNS FROM `hls_posts` [ RunTime:0.0016s ]
SQL: SELECT * FROM `hls_posts` WHERE `deleted` IS NULL ORDER BY rand() LIMIT 1   [ RunTime:0.0024s ]
SQL: SHOW COLUMNS FROM `hls_active` [ RunTime:0.0014s ]
SQL: SHOW COLUMNS FROM `hls_slide` [ RunTime:0.0011s ]
SQL: SHOW COLUMNS FROM `hls_introduce` [ RunTime:0.0015s ]
SQL: SHOW COLUMNS FROM `hls_community_image` [ RunTime:0.0012s ]
SQL: SHOW COLUMNS FROM `hls_street_history` [ RunTime:0.0012s ]
SQL: SHOW COLUMNS FROM `hls_shop` [ RunTime:0.0015s ]
SQL: SHOW COLUMNS FROM `hls_posts` [ RunTime:0.0014s ]
SQL: SHOW COLUMNS FROM `hls_news` [ RunTime:0.0013s ]
SQL: SELECT * FROM `hls_slide` WHERE `deleted` IS NULL AND `recommend` = 1 ORDER BY re_time desc LIMIT 4   [ RunTime:0.0007s ]
SQL: SELECT * FROM `hls_active` WHERE `deleted` IS NULL AND `recommend` = 1 ORDER BY re_time desc LIMIT 4   [ RunTime:0.0008s ]
SQL: SELECT * FROM `hls_community_image` WHERE `deleted` IS NULL AND `recommend` = 1 ORDER BY re_time desc LIMIT 4   [ RunTime:0.0005s ]
SQL: SELECT * FROM `hls_street_history` WHERE `deleted` IS NULL AND `recommend` = 1 ORDER BY re_time desc LIMIT 4   [ RunTime:0.0009s ]
SQL: SELECT * FROM `hls_shop` WHERE `deleted` IS NULL AND `recommend` = 1 ORDER BY re_time desc LIMIT 4   [ RunTime:0.0010s ]
SQL: SELECT * FROM `hls_posts` WHERE `deleted` IS NULL AND `recommend` = 1 ORDER BY re_time desc LIMIT 4   [ RunTime:0.0008s ]
SQL: SELECT * FROM `hls_news` WHERE `deleted` IS NULL AND `recommend` = 1 ORDER BY re_time desc LIMIT 4   [ RunTime:0.0014s ]
INFO: [ view_parse ] --START--
INFO: [ template_filter ] --START--
INFO: Run Behavior\ContentReplaceBehavior [ RunTime:0.000488s ]
INFO: [ template_filter ] --END-- [ RunTime:0.000600s ]
INFO: Run Behavior\ParseTemplateBehavior [ RunTime:0.043420s ]
INFO: [ view_parse ] --END-- [ RunTime:0.043527s ]
INFO: [ view_filter ] --START--
INFO: Run Behavior\WriteHtmlCacheBehavior [ RunTime:0.000346s ]
INFO: Run Behavior\TokenBuildBehavior [ RunTime:0.000900s ]
INFO: [ view_filter ] --END-- [ RunTime:0.001400s ]
INFO: [ app_end ] --START--
INFO: Run Behavior\ShowPageTraceBehavior [ RunTime:0.000360s ]
INFO: [ app_end ] --END-- [ RunTime:0.000465s ]

[ 2020-07-20T03:39:52+08:00 ] 157.55.39.15 /robots.txt
INFO: [ app_init ] --START--
INFO: Run Behavior\BuildLiteBehavior [ RunTime:0.000029s ]
INFO: [ app_init ] --END-- [ RunTime:0.000168s ]
INFO: [ app_begin ] --START--
INFO: Run Behavior\ReadHtmlCacheBehavior [ RunTime:0.000345s ]
INFO: Run Behavior\CheckLangBehavior [ RunTime:0.001430s ]
INFO: [ app_begin ] --END-- [ RunTime:0.001940s ]
ERR: 無法載入控制器:Robots.txt

[ 2020-07-20T03:39:52+08:00 ] 157.55.39.15 /robots.txt
INFO: [ app_init ] --START--
INFO: Run Behavior\BuildLiteBehavior [ RunTime:0.000026s ]
INFO: [ app_init ] --END-- [ RunTime:0.000133s ]
INFO: [ app_begin ] --START--
INFO: Run Behavior\ReadHtmlCacheBehavior [ RunTime:0.000297s ]
INFO: Run Behavior\CheckLangBehavior [ RunTime:0.001336s ]
INFO: [ app_begin ] --END-- [ RunTime:0.001798s ]
ERR: 無法載入控制器:Robots.txt

[ 2020-07-20T04:30:50+08:00 ] 66.249.68.59 /News/detail/id/10.html
INFO: [ app_init ] --START--
INFO: Run Behavior\BuildLiteBehavior [ RunTime:0.000029s ]
INFO: [ app_init ] --END-- [ RunTime:0.000141s ]
INFO: [ app_begin ] --START--
INFO: Run Behavior\ReadHtmlCacheBehavior [ RunTime:0.000350s ]
INFO: Run Behavior\CheckLangBehavior [ RunTime:0.001521s ]
INFO: [ app_begin ] --END-- [ RunTime:0.002035s ]
SQL: SHOW COLUMNS FROM `hls_active` [ RunTime:0.0018s ]
SQL: SELECT * FROM `hls_active` WHERE `deleted` IS NULL ORDER BY created desc LIMIT 3   [ RunTime:0.0012s ]
SQL: SHOW COLUMNS FROM `hls_street_history` [ RunTime:0.0017s ]
SQL: SELECT * FROM `hls_street_history` WHERE `deleted` IS NULL ORDER BY rand() LIMIT 1   [ RunTime:0.0019s ]
SQL: SHOW COLUMNS FROM `hls_shop` [ RunTime:0.0017s ]
SQL: SELECT * FROM `hls_shop` WHERE `deleted` IS NULL ORDER BY rand() LIMIT 1   [ RunTime:0.0057s ]
SQL: SHOW COLUMNS FROM `hls_posts` [ RunTime:0.0017s ]
SQL: SELECT * FROM `hls_posts` WHERE `deleted` IS NULL ORDER BY rand() LIMIT 1   [ RunTime:0.0024s ]
SQL: SHOW COLUMNS FROM `hls_news` [ RunTime:0.0014s ]
SQL: SELECT * FROM `hls_news` WHERE `id` = 10 LIMIT 1   [ RunTime:0.0008s ]
NOTIC: [8] Undefined variable: images /home/www/hollandshow.cn/App/Home/Controller/NewsController.class.php 第 73 行.
INFO: [ view_parse ] --START--
INFO: [ template_filter ] --START--
INFO: Run Behavior\ContentReplaceBehavior [ RunTime:0.000443s ]
INFO: [ template_filter ] --END-- [ RunTime:0.000551s ]
INFO: Run Behavior\ParseTemplateBehavior [ RunTime:0.031623s ]
INFO: [ view_parse ] --END-- [ RunTime:0.031727s ]
INFO: [ view_filter ] --START--
INFO: Run Behavior\WriteHtmlCacheBehavior [ RunTime:0.000342s ]
INFO: Run Behavior\TokenBuildBehavior [ RunTime:0.000806s ]
INFO: [ view_filter ] --END-- [ RunTime:0.001310s ]
INFO: [ app_end ] --START--
INFO: Run Behavior\ShowPageTraceBehavior [ RunTime:0.000357s ]
INFO: [ app_end ] --END-- [ RunTime:0.000461s ]

[ 2020-07-20T04:47:39+08:00 ] 209.17.97.66 /
INFO: [ app_init ] --START--
INFO: Run Behavior\BuildLiteBehavior [ RunTime:0.000030s ]
INFO: [ app_init ] --END-- [ RunTime:0.000218s ]
INFO: [ app_begin ] --START--
INFO: Run Behavior\ReadHtmlCacheBehavior [ RunTime:0.000345s ]
INFO: Run Behavior\CheckLangBehavior [ RunTime:0.001524s ]
INFO: [ app_begin ] --END-- [ RunTime:0.002037s ]
SQL: SHOW COLUMNS FROM `hls_active` [ RunTime:0.0018s ]
SQL: SELECT * FROM `hls_active` WHERE `deleted` IS NULL ORDER BY created desc LIMIT 3   [ RunTime:0.0004s ]
SQL: SHOW COLUMNS FROM `hls_street_history` [ RunTime:0.0014s ]
SQL: SELECT * FROM `hls_street_history` WHERE `deleted` IS NULL ORDER BY rand() LIMIT 1   [ RunTime:0.0019s ]
SQL: SHOW COLUMNS FROM `hls_shop` [ RunTime:0.0016s ]
SQL: SELECT * FROM `hls_shop` WHERE `deleted` IS NULL ORDER BY rand() LIMIT 1   [ RunTime:0.0057s ]
SQL: SHOW COLUMNS FROM `hls_posts` [ RunTime:0.0019s ]
SQL: SELECT * FROM `hls_posts` WHERE `deleted` IS NULL ORDER BY rand() LIMIT 1   [ RunTime:0.0025s ]
SQL: SHOW COLUMNS FROM `hls_active` [ RunTime:0.0018s ]
SQL: SHOW COLUMNS FROM `hls_slide` [ RunTime:0.0012s ]
SQL: SHOW COLUMNS FROM `hls_introduce` [ RunTime:0.0016s ]
SQL: SHOW COLUMNS FROM `hls_community_image` [ RunTime:0.0012s ]
SQL: SHOW COLUMNS FROM `hls_street_history` [ RunTime:0.0013s ]
SQL: SHOW COLUMNS FROM `hls_shop` [ RunTime:0.0015s ]
SQL: SHOW COLUMNS FROM `hls_posts` [ RunTime:0.0015s ]
SQL: SHOW COLUMNS FROM `hls_news` [ RunTime:0.0013s ]
SQL: SELECT * FROM `hls_slide` WHERE `deleted` IS NULL AND `recommend` = 1 ORDER BY re_time desc LIMIT 4   [ RunTime:0.0008s ]
SQL: SELECT * FROM `hls_active` WHERE `deleted` IS NULL AND `recommend` = 1 ORDER BY re_time desc LIMIT 4   [ RunTime:0.0012s ]
SQL: SELECT * FROM `hls_community_image` WHERE `deleted` IS NULL AND `recommend` = 1 ORDER BY re_time desc LIMIT 4   [ RunTime:0.0005s ]
SQL: SELECT * FROM `hls_street_history` WHERE `deleted` IS NULL AND `recommend` = 1 ORDER BY re_time desc LIMIT 4   [ RunTime:0.0010s ]
SQL: SELECT * FROM `hls_shop` WHERE `deleted` IS NULL AND `recommend` = 1 ORDER BY re_time desc LIMIT 4   [ RunTime:0.0011s ]
SQL: SELECT * FROM `hls_posts` WHERE `deleted` IS NULL AND `recommend` = 1 ORDER BY re_time desc LIMIT 4   [ RunTime:0.0008s ]
SQL: SELECT * FROM `hls_news` WHERE `deleted` IS NULL AND `recommend` = 1 ORDER BY re_time desc LIMIT 4   [ RunTime:0.0020s ]
INFO: [ view_parse ] --START--
INFO: [ template_filter ] --START--
INFO: Run Behavior\ContentReplaceBehavior [ RunTime:0.000485s ]
INFO: [ template_filter ] --END-- [ RunTime:0.000595s ]
INFO: Run Behavior\ParseTemplateBehavior [ RunTime:0.044336s ]
INFO: [ view_parse ] --END-- [ RunTime:0.044442s ]
INFO: [ view_filter ] --START--
INFO: Run Behavior\WriteHtmlCacheBehavior [ RunTime:0.000449s ]
INFO: Run Behavior\TokenBuildBehavior [ RunTime:0.000983s ]
INFO: [ view_filter ] --END-- [ RunTime:0.001588s ]
INFO: [ app_end ] --START--
INFO: Run Behavior\ShowPageTraceBehavior [ RunTime:0.000521s ]
INFO: [ app_end ] --END-- [ RunTime:0.000643s ]

[ 2020-07-20T06:37:00+08:00 ] 157.55.39.163 /Shop/detail/id/65.html
INFO: [ app_init ] --START--
INFO: Run Behavior\BuildLiteBehavior [ RunTime:0.000020s ]
INFO: [ app_init ] --END-- [ RunTime:0.000264s ]
INFO: [ app_begin ] --START--
INFO: Run Behavior\ReadHtmlCacheBehavior [ RunTime:0.000217s ]
INFO: Run Behavior\CheckLangBehavior [ RunTime:0.000829s ]
INFO: [ app_begin ] --END-- [ RunTime:0.001157s ]
SQL: SHOW COLUMNS FROM `hls_active` [ RunTime:0.0024s ]
SQL: SELECT * FROM `hls_active` WHERE `deleted` IS NULL ORDER BY created desc LIMIT 3   [ RunTime:0.0013s ]
SQL: SHOW COLUMNS FROM `hls_street_history` [ RunTime:0.0016s ]
SQL: SELECT * FROM `hls_street_history` WHERE `deleted` IS NULL ORDER BY rand() LIMIT 1   [ RunTime:0.0020s ]
SQL: SHOW COLUMNS FROM `hls_shop` [ RunTime:0.0078s ]
SQL: SELECT * FROM `hls_shop` WHERE `deleted` IS NULL ORDER BY rand() LIMIT 1   [ RunTime:0.0056s ]
SQL: SHOW COLUMNS FROM `hls_posts` [ RunTime:0.0021s ]
SQL: SELECT * FROM `hls_posts` WHERE `deleted` IS NULL ORDER BY rand() LIMIT 1   [ RunTime:0.0025s ]
SQL: SHOW COLUMNS FROM `hls_shop` [ RunTime:0.0017s ]
SQL: SHOW COLUMNS FROM `hls_street` [ RunTime:0.0075s ]
SQL: SELECT * FROM `hls_shop` WHERE `id` = 65 LIMIT 1   [ RunTime:0.0006s ]
NOTIC: [8] Undefined variable: images /home/www/hollandshow.cn/App/Home/Controller/ShopController.class.php 第 118 行.
INFO: [ view_parse ] --START--
INFO: [ template_filter ] --START--
INFO: Run Behavior\ContentReplaceBehavior [ RunTime:0.000460s ]
INFO: [ template_filter ] --END-- [ RunTime:0.000569s ]
INFO: Run Behavior\ParseTemplateBehavior [ RunTime:0.032305s ]
INFO: [ view_parse ] --END-- [ RunTime:0.032427s ]
INFO: [ view_filter ] --START--
INFO: Run Behavior\WriteHtmlCacheBehavior [ RunTime:0.000346s ]
INFO: Run Behavior\TokenBuildBehavior [ RunTime:0.000784s ]
INFO: [ view_filter ] --END-- [ RunTime:0.001284s ]
INFO: [ app_end ] --START--
INFO: Run Behavior\ShowPageTraceBehavior [ RunTime:0.000384s ]
INFO: [ app_end ] --END-- [ RunTime:0.000489s ]

[ 2020-07-20T07:01:07+08:00 ] 54.36.148.98 /
INFO: [ app_init ] --START--
INFO: Run Behavior\BuildLiteBehavior [ RunTime:0.000029s ]
INFO: [ app_init ] --END-- [ RunTime:0.000144s ]
INFO: [ app_begin ] --START--
INFO: Run Behavior\ReadHtmlCacheBehavior [ RunTime:0.000343s ]
INFO: Run Behavior\CheckLangBehavior [ RunTime:0.001435s ]
INFO: [ app_begin ] --END-- [ RunTime:0.001941s ]
SQL: SHOW COLUMNS FROM `hls_active` [ RunTime:0.0019s ]
SQL: SELECT * FROM `hls_active` WHERE `deleted` IS NULL ORDER BY created desc LIMIT 3   [ RunTime:0.0003s ]
SQL: SHOW COLUMNS FROM `hls_street_history` [ RunTime:0.0014s ]
SQL: SELECT * FROM `hls_street_history` WHERE `deleted` IS NULL ORDER BY rand() LIMIT 1   [ RunTime:0.0022s ]
SQL: SHOW COLUMNS FROM `hls_shop` [ RunTime:0.0017s ]
SQL: SELECT * FROM `hls_shop` WHERE `deleted` IS NULL ORDER BY rand() LIMIT 1   [ RunTime:0.0056s ]
SQL: SHOW COLUMNS FROM `hls_posts` [ RunTime:0.0017s ]
SQL: SELECT * FROM `hls_posts` WHERE `deleted` IS NULL ORDER BY rand() LIMIT 1   [ RunTime:0.0024s ]
SQL: SHOW COLUMNS FROM `hls_active` [ RunTime:0.0014s ]
SQL: SHOW COLUMNS FROM `hls_slide` [ RunTime:0.0105s ]
SQL: SHOW COLUMNS FROM `hls_introduce` [ RunTime:0.0044s ]
SQL: SHOW COLUMNS FROM `hls_community_image` [ RunTime:0.0015s ]
SQL: SHOW COLUMNS FROM `hls_street_history` [ RunTime:0.0014s ]
SQL: SHOW COLUMNS FROM `hls_shop` [ RunTime:0.0014s ]
SQL: SHOW COLUMNS FROM `hls_posts` [ RunTime:0.0015s ]
SQL: SHOW COLUMNS FROM `hls_news` [ RunTime:0.0076s ]
SQL: SELECT * FROM `hls_slide` WHERE `deleted` IS NULL AND `recommend` = 1 ORDER BY re_time desc LIMIT 4   [ RunTime:0.0007s ]
SQL: SELECT * FROM `hls_active` WHERE `deleted` IS NULL AND `recommend` = 1 ORDER BY re_time desc LIMIT 4   [ RunTime:0.0013s ]
SQL: SELECT * FROM `hls_community_image` WHERE `deleted` IS NULL AND `recommend` = 1 ORDER BY re_time desc LIMIT 4   [ RunTime:0.0006s ]
SQL: SELECT * FROM `hls_street_history` WHERE `deleted` IS NULL AND `recommend` = 1 ORDER BY re_time desc LIMIT 4   [ RunTime:0.0011s ]
SQL: SELECT * FROM `hls_shop` WHERE `deleted` IS NULL AND `recommend` = 1 ORDER BY re_time desc LIMIT 4   [ RunTime:0.0010s ]
SQL: SELECT * FROM `hls_posts` WHERE `deleted` IS NULL AND `recommend` = 1 ORDER BY re_time desc LIMIT 4   [ RunTime:0.0008s ]
SQL: SELECT * FROM `hls_news` WHERE `deleted` IS NULL AND `recommend` = 1 ORDER BY re_time desc LIMIT 4   [ RunTime:0.0014s ]
INFO: [ view_parse ] --START--
INFO: [ template_filter ] --START--
INFO: Run Behavior\ContentReplaceBehavior [ RunTime:0.000494s ]
INFO: [ template_filter ] --END-- [ RunTime:0.000610s ]
INFO: Run Behavior\ParseTemplateBehavior [ RunTime:0.043882s ]
INFO: [ view_parse ] --END-- [ RunTime:0.043992s ]
INFO: [ view_filter ] --START--
INFO: Run Behavior\WriteHtmlCacheBehavior [ RunTime:0.000342s ]
INFO: Run Behavior\TokenBuildBehavior [ RunTime:0.000895s ]
INFO: [ view_filter ] --END-- [ RunTime:0.001391s ]
INFO: [ app_end ] --START--
INFO: Run Behavior\ShowPageTraceBehavior [ RunTime:0.000358s ]
INFO: [ app_end ] --END-- [ RunTime:0.000464s ]

[ 2020-07-20T07:19:26+08:00 ] 66.249.68.61 /Shop/detail/id/106.html
INFO: [ app_init ] --START--
INFO: Run Behavior\BuildLiteBehavior [ RunTime:0.000030s ]
INFO: [ app_init ] --END-- [ RunTime:0.000155s ]
INFO: [ app_begin ] --START--
INFO: Run Behavior\ReadHtmlCacheBehavior [ RunTime:0.000354s ]
INFO: Run Behavior\CheckLangBehavior [ RunTime:0.001419s ]
INFO: [ app_begin ] --END-- [ RunTime:0.001937s ]
SQL: SHOW COLUMNS FROM `hls_active` [ RunTime:0.0019s ]
SQL: SELECT * FROM `hls_active` WHERE `deleted` IS NULL ORDER BY created desc LIMIT 3   [ RunTime:0.0003s ]
SQL: SHOW COLUMNS FROM `hls_street_history` [ RunTime:0.0015s ]
SQL: SELECT * FROM `hls_street_history` WHERE `deleted` IS NULL ORDER BY rand() LIMIT 1   [ RunTime:0.0021s ]
SQL: SHOW COLUMNS FROM `hls_shop` [ RunTime:0.0017s ]
SQL: SELECT * FROM `hls_shop` WHERE `deleted` IS NULL ORDER BY rand() LIMIT 1   [ RunTime:0.0058s ]
SQL: SHOW COLUMNS FROM `hls_posts` [ RunTime:0.0017s ]
SQL: SELECT * FROM `hls_posts` WHERE `deleted` IS NULL ORDER BY rand() LIMIT 1   [ RunTime:0.0025s ]
SQL: SHOW COLUMNS FROM `hls_shop` [ RunTime:0.0015s ]
SQL: SHOW COLUMNS FROM `hls_street` [ RunTime:0.0011s ]
SQL: SELECT * FROM `hls_shop` WHERE `id` = 106 LIMIT 1   [ RunTime:0.0005s ]
NOTIC: [8] Undefined variable: images /home/www/hollandshow.cn/App/Home/Controller/ShopController.class.php 第 118 行.
INFO: [ view_parse ] --START--
INFO: [ template_filter ] --START--
INFO: Run Behavior\ContentReplaceBehavior [ RunTime:0.000455s ]
INFO: [ template_filter ] --END-- [ RunTime:0.000564s ]
INFO: Run Behavior\ParseTemplateBehavior [ RunTime:0.032174s ]
INFO: [ view_parse ] --END-- [ RunTime:0.032281s ]
INFO: [ view_filter ] --START--
INFO: Run Behavior\WriteHtmlCacheBehavior [ RunTime:0.000342s ]
INFO: Run Behavior\TokenBuildBehavior [ RunTime:0.000762s ]
INFO: [ view_filter ] --END-- [ RunTime:0.001266s ]
INFO: [ app_end ] --START--
INFO: Run Behavior\ShowPageTraceBehavior [ RunTime:0.000356s ]
INFO: [ app_end ] --END-- [ RunTime:0.000461s ]

[ 2020-07-20T09:16:34+08:00 ] 66.249.68.61 /robots.txt
INFO: [ app_init ] --START--
INFO: Run Behavior\BuildLiteBehavior [ RunTime:0.000037s ]
INFO: [ app_init ] --END-- [ RunTime:0.000210s ]
INFO: [ app_begin ] --START--
INFO: Run Behavior\ReadHtmlCacheBehavior [ RunTime:0.000358s ]
INFO: Run Behavior\CheckLangBehavior [ RunTime:0.001413s ]
INFO: [ app_begin ] --END-- [ RunTime:0.001935s ]
ERR: 無法載入控制器:Robots.txt

[ 2020-07-20T09:16:35+08:00 ] 66.249.68.59 /Posts/detail/id/25.html
INFO: [ app_init ] --START--
INFO: Run Behavior\BuildLiteBehavior [ RunTime:0.000029s ]
INFO: [ app_init ] --END-- [ RunTime:0.000144s ]
INFO: [ app_begin ] --START--
INFO: Run Behavior\ReadHtmlCacheBehavior [ RunTime:0.000294s ]
INFO: Run Behavior\CheckLangBehavior [ RunTime:0.001422s ]
INFO: [ app_begin ] --END-- [ RunTime:0.001881s ]
SQL: SHOW COLUMNS FROM `hls_active` [ RunTime:0.0021s ]
SQL: SELECT * FROM `hls_active` WHERE `deleted` IS NULL ORDER BY created desc LIMIT 3   [ RunTime:0.0013s ]
SQL: SHOW COLUMNS FROM `hls_street_history` [ RunTime:0.0014s ]
SQL: SELECT * FROM `hls_street_history` WHERE `deleted` IS NULL ORDER BY rand() LIMIT 1   [ RunTime:0.0019s ]
SQL: SHOW COLUMNS FROM `hls_shop` [ RunTime:0.0016s ]
SQL: SELECT * FROM `hls_shop` WHERE `deleted` IS NULL ORDER BY rand() LIMIT 1   [ RunTime:0.0056s ]
SQL: SHOW COLUMNS FROM `hls_posts` [ RunTime:0.0016s ]
SQL: SELECT * FROM `hls_posts` WHERE `deleted` IS NULL ORDER BY rand() LIMIT 1   [ RunTime:0.0025s ]
SQL: SELECT * FROM `hls_posts` WHERE `id` = 25 LIMIT 1   [ RunTime:0.0006s ]
NOTIC: [8] Undefined variable: images /home/www/hollandshow.cn/App/Home/Controller/PostsController.class.php 第 83 行.
INFO: [ view_parse ] --START--
INFO: [ template_filter ] --START--
INFO: Run Behavior\ContentReplaceBehavior [ RunTime:0.000446s ]
INFO: [ template_filter ] --END-- [ RunTime:0.000554s ]
INFO: Run Behavior\ParseTemplateBehavior [ RunTime:0.036535s ]
INFO: [ view_parse ] --END-- [ RunTime:0.036645s ]
INFO: [ view_filter ] --START--
INFO: Run Behavior\WriteHtmlCacheBehavior [ RunTime:0.000372s ]
INFO: Run Behavior\TokenBuildBehavior [ RunTime:0.000830s ]
INFO: [ view_filter ] --END-- [ RunTime:0.001356s ]
INFO: [ app_end ] --START--
INFO: Run Behavior\ShowPageTraceBehavior [ RunTime:0.000355s ]
INFO: [ app_end ] --END-- [ RunTime:0.000460s ]

[ 2020-07-20T09:40:00+08:00 ] 134.119.207.105 /
INFO: [ app_init ] --START--
INFO: Run Behavior\BuildLiteBehavior [ RunTime:0.000031s ]
INFO: [ app_init ] --END-- [ RunTime:0.000148s ]
INFO: [ app_begin ] --START--
INFO: Run Behavior\ReadHtmlCacheBehavior [ RunTime:0.000344s ]
INFO: Run Behavior\CheckLangBehavior [ RunTime:0.001952s ]
INFO: [ app_begin ] --END-- [ RunTime:0.002484s ]
SQL: SHOW COLUMNS FROM `hls_active` [ RunTime:0.0020s ]
SQL: SELECT * FROM `hls_active` WHERE `deleted` IS NULL ORDER BY created desc LIMIT 3   [ RunTime:0.0012s ]
SQL: SHOW COLUMNS FROM `hls_street_history` [ RunTime:0.0015s ]
SQL: SELECT * FROM `hls_street_history` WHERE `deleted` IS NULL ORDER BY rand() LIMIT 1   [ RunTime:0.0020s ]
SQL: SHOW COLUMNS FROM `hls_shop` [ RunTime:0.0017s ]
SQL: SELECT * FROM `hls_shop` WHERE `deleted` IS NULL ORDER BY rand() LIMIT 1   [ RunTime:0.0058s ]
SQL: SHOW COLUMNS FROM `hls_posts` [ RunTime:0.0018s ]
SQL: SELECT * FROM `hls_posts` WHERE `deleted` IS NULL ORDER BY rand() LIMIT 1   [ RunTime:0.0025s ]
SQL: SHOW COLUMNS FROM `hls_active` [ RunTime:0.0015s ]
SQL: SHOW COLUMNS FROM `hls_slide` [ RunTime:0.0011s ]
SQL: SHOW COLUMNS FROM `hls_introduce` [ RunTime:0.0014s ]
SQL: SHOW COLUMNS FROM `hls_community_image` [ RunTime:0.0013s ]
SQL: SHOW COLUMNS FROM `hls_street_history` [ RunTime:0.0013s ]
SQL: SHOW COLUMNS FROM `hls_shop` [ RunTime:0.0015s ]
SQL: SHOW COLUMNS FROM `hls_posts` [ RunTime:0.0015s ]
SQL: SHOW COLUMNS FROM `hls_news` [ RunTime:0.0014s ]
SQL: SELECT * FROM `hls_slide` WHERE `deleted` IS NULL AND `recommend` = 1 ORDER BY re_time desc LIMIT 4   [ RunTime:0.0007s ]
SQL: SELECT * FROM `hls_active` WHERE `deleted` IS NULL AND `recommend` = 1 ORDER BY re_time desc LIMIT 4   [ RunTime:0.0009s ]
SQL: SELECT * FROM `hls_community_image` WHERE `deleted` IS NULL AND `recommend` = 1 ORDER BY re_time desc LIMIT 4   [ RunTime:0.0006s ]
SQL: SELECT * FROM `hls_street_history` WHERE `deleted` IS NULL AND `recommend` = 1 ORDER BY re_time desc LIMIT 4   [ RunTime:0.0008s ]
SQL: SELECT * FROM `hls_shop` WHERE `deleted` IS NULL AND `recommend` = 1 ORDER BY re_time desc LIMIT 4   [ RunTime:0.0010s ]
SQL: SELECT * FROM `hls_posts` WHERE `deleted` IS NULL AND `recommend` = 1 ORDER BY re_time desc LIMIT 4   [ RunTime:0.0008s ]
SQL: SELECT * FROM `hls_news` WHERE `deleted` IS NULL AND `recommend` = 1 ORDER BY re_time desc LIMIT 4   [ RunTime:0.0014s ]
INFO: [ view_parse ] --START--
INFO: [ template_filter ] --START--
INFO: Run Behavior\ContentReplaceBehavior [ RunTime:0.000495s ]
INFO: [ template_filter ] --END-- [ RunTime:0.000608s ]
INFO: Run Behavior\ParseTemplateBehavior [ RunTime:0.043700s ]
INFO: [ view_parse ] --END-- [ RunTime:0.043808s ]
INFO: [ view_filter ] --START--
INFO: Run Behavior\WriteHtmlCacheBehavior [ RunTime:0.000343s ]
INFO: Run Behavior\TokenBuildBehavior [ RunTime:0.000899s ]
INFO: [ view_filter ] --END-- [ RunTime:0.001397s ]
INFO: [ app_end ] --START--
INFO: Run Behavior\ShowPageTraceBehavior [ RunTime:0.000360s ]
INFO: [ app_end ] --END-- [ RunTime:0.000464s ]

[ 2020-07-20T11:39:49+08:00 ] 114.119.167.181 /robots.txt
INFO: [ app_init ] --START--
INFO: Run Behavior\BuildLiteBehavior [ RunTime:0.000033s ]
INFO: [ app_init ] --END-- [ RunTime:0.000155s ]
INFO: [ app_begin ] --START--
INFO: Run Behavior\ReadHtmlCacheBehavior [ RunTime:0.000346s ]
INFO: Run Behavior\CheckLangBehavior [ RunTime:0.001391s ]
INFO: [ app_begin ] --END-- [ RunTime:0.001901s ]
ERR: 無法載入控制器:Robots.txt

[ 2020-07-20T13:08:03+08:00 ] 66.249.68.59 /Shop/index/p/1.html
INFO: [ app_init ] --START--
INFO: Run Behavior\BuildLiteBehavior [ RunTime:0.000029s ]
INFO: [ app_init ] --END-- [ RunTime:0.000146s ]
INFO: [ app_begin ] --START--
INFO: Run Behavior\ReadHtmlCacheBehavior [ RunTime:0.000357s ]
INFO: Run Behavior\CheckLangBehavior [ RunTime:0.001434s ]
INFO: [ app_begin ] --END-- [ RunTime:0.001967s ]
SQL: SHOW COLUMNS FROM `hls_active` [ RunTime:0.0022s ]
SQL: SELECT * FROM `hls_active` WHERE `deleted` IS NULL ORDER BY created desc LIMIT 3   [ RunTime:0.0012s ]
SQL: SHOW COLUMNS FROM `hls_street_history` [ RunTime:0.0014s ]
SQL: SELECT * FROM `hls_street_history` WHERE `deleted` IS NULL ORDER BY rand() LIMIT 1   [ RunTime:0.0019s ]
SQL: SHOW COLUMNS FROM `hls_shop` [ RunTime:0.0018s ]
SQL: SELECT * FROM `hls_shop` WHERE `deleted` IS NULL ORDER BY rand() LIMIT 1   [ RunTime:0.0057s ]
SQL: SHOW COLUMNS FROM `hls_posts` [ RunTime:0.0016s ]
SQL: SELECT * FROM `hls_posts` WHERE `deleted` IS NULL ORDER BY rand() LIMIT 1   [ RunTime:0.0024s ]
SQL: SHOW COLUMNS FROM `hls_shop` [ RunTime:0.0015s ]
SQL: SHOW COLUMNS FROM `hls_street` [ RunTime:0.0010s ]
SQL: SELECT COUNT(*) AS tp_count FROM `hls_shop` WHERE `deleted` IS NULL LIMIT 1   [ RunTime:0.0006s ]
SQL: SELECT * FROM `hls_shop` WHERE `deleted` IS NULL ORDER BY created desc LIMIT 0,12   [ RunTime:0.0013s ]
SQL: SELECT * FROM `hls_street` WHERE `deleted` IS NULL ORDER BY created desc  [ RunTime:0.0007s ]
INFO: [ view_parse ] --START--
INFO: [ template_filter ] --START--
INFO: Run Behavior\ContentReplaceBehavior [ RunTime:0.000359s ]
INFO: [ template_filter ] --END-- [ RunTime:0.000479s ]
INFO: Run Behavior\ParseTemplateBehavior [ RunTime:0.026640s ]
INFO: [ view_parse ] --END-- [ RunTime:0.026753s ]
INFO: [ view_filter ] --START--
INFO: Run Behavior\WriteHtmlCacheBehavior [ RunTime:0.000362s ]
INFO: Run Behavior\TokenBuildBehavior [ RunTime:0.000765s ]
INFO: [ view_filter ] --END-- [ RunTime:0.001292s ]
INFO: [ app_end ] --START--
INFO: Run Behavior\ShowPageTraceBehavior [ RunTime:0.000356s ]
INFO: [ app_end ] --END-- [ RunTime:0.000460s ]

[ 2020-07-20T13:32:25+08:00 ] 216.244.66.244 /
INFO: [ app_init ] --START--
INFO: Run Behavior\BuildLiteBehavior [ RunTime:0.000030s ]
INFO: [ app_init ] --END-- [ RunTime:0.000148s ]
INFO: [ app_begin ] --START--
INFO: Run Behavior\ReadHtmlCacheBehavior [ RunTime:0.000349s ]
INFO: Run Behavior\CheckLangBehavior [ RunTime:0.001446s ]
INFO: [ app_begin ] --END-- [ RunTime:0.001957s ]
SQL: SHOW COLUMNS FROM `hls_active` [ RunTime:0.0020s ]
SQL: SELECT * FROM `hls_active` WHERE `deleted` IS NULL ORDER BY created desc LIMIT 3   [ RunTime:0.0013s ]
SQL: SHOW COLUMNS FROM `hls_street_history` [ RunTime:0.0014s ]
SQL: SELECT * FROM `hls_street_history` WHERE `deleted` IS NULL ORDER BY rand() LIMIT 1   [ RunTime:0.0019s ]
SQL: SHOW COLUMNS FROM `hls_shop` [ RunTime:0.0017s ]
SQL: SELECT * FROM `hls_shop` WHERE `deleted` IS NULL ORDER BY rand() LIMIT 1   [ RunTime:0.0056s ]
SQL: SHOW COLUMNS FROM `hls_posts` [ RunTime:0.0017s ]
SQL: SELECT * FROM `hls_posts` WHERE `deleted` IS NULL ORDER BY rand() LIMIT 1   [ RunTime:0.0025s ]
SQL: SHOW COLUMNS FROM `hls_active` [ RunTime:0.0016s ]
SQL: SHOW COLUMNS FROM `hls_slide` [ RunTime:0.0011s ]
SQL: SHOW COLUMNS FROM `hls_introduce` [ RunTime:0.0015s ]
SQL: SHOW COLUMNS FROM `hls_community_image` [ RunTime:0.0012s ]
SQL: SHOW COLUMNS FROM `hls_street_history` [ RunTime:0.0013s ]
SQL: SHOW COLUMNS FROM `hls_shop` [ RunTime:0.0015s ]
SQL: SHOW COLUMNS FROM `hls_posts` [ RunTime:0.0015s ]
SQL: SHOW COLUMNS FROM `hls_news` [ RunTime:0.0014s ]
SQL: SELECT * FROM `hls_slide` WHERE `deleted` IS NULL AND `recommend` = 1 ORDER BY re_time desc LIMIT 4   [ RunTime:0.0007s ]
SQL: SELECT * FROM `hls_active` WHERE `deleted` IS NULL AND `recommend` = 1 ORDER BY re_time desc LIMIT 4   [ RunTime:0.0008s ]
SQL: SELECT * FROM `hls_community_image` WHERE `deleted` IS NULL AND `recommend` = 1 ORDER BY re_time desc LIMIT 4   [ RunTime:0.0006s ]
SQL: SELECT * FROM `hls_street_history` WHERE `deleted` IS NULL AND `recommend` = 1 ORDER BY re_time desc LIMIT 4   [ RunTime:0.0008s ]
SQL: SELECT * FROM `hls_shop` WHERE `deleted` IS NULL AND `recommend` = 1 ORDER BY re_time desc LIMIT 4   [ RunTime:0.0010s ]
SQL: SELECT * FROM `hls_posts` WHERE `deleted` IS NULL AND `recommend` = 1 ORDER BY re_time desc LIMIT 4   [ RunTime:0.0009s ]
SQL: SELECT * FROM `hls_news` WHERE `deleted` IS NULL AND `recommend` = 1 ORDER BY re_time desc LIMIT 4   [ RunTime:0.0014s ]
INFO: [ view_parse ] --START--
INFO: [ template_filter ] --START--
INFO: Run Behavior\ContentReplaceBehavior [ RunTime:0.000495s ]
INFO: [ template_filter ] --END-- [ RunTime:0.000611s ]
INFO: Run Behavior\ParseTemplateBehavior [ RunTime:0.043270s ]
INFO: [ view_parse ] --END-- [ RunTime:0.043387s ]
INFO: [ view_filter ] --START--
INFO: Run Behavior\WriteHtmlCacheBehavior [ RunTime:0.000342s ]
INFO: Run Behavior\TokenBuildBehavior [ RunTime:0.000905s ]
INFO: [ view_filter ] --END-- [ RunTime:0.001401s ]
INFO: [ app_end ] --START--
INFO: Run Behavior\ShowPageTraceBehavior [ RunTime:0.000559s ]
INFO: [ app_end ] --END-- [ RunTime:0.000723s ]

[ 2020-07-20T13:43:49+08:00 ] 216.244.66.244 /Shop/detail/id/113.html
INFO: [ app_init ] --START--
INFO: Run Behavior\BuildLiteBehavior [ RunTime:0.000029s ]
INFO: [ app_init ] --END-- [ RunTime:0.000156s ]
INFO: [ app_begin ] --START--
INFO: Run Behavior\ReadHtmlCacheBehavior [ RunTime:0.000359s ]
INFO: Run Behavior\CheckLangBehavior [ RunTime:0.001415s ]
INFO: [ app_begin ] --END-- [ RunTime:0.001939s ]
SQL: SHOW COLUMNS FROM `hls_active` [ RunTime:0.0019s ]
SQL: SELECT * FROM `hls_active` WHERE `deleted` IS NULL ORDER BY created desc LIMIT 3   [ RunTime:0.0004s ]
SQL: SHOW COLUMNS FROM `hls_street_history` [ RunTime:0.0014s ]
SQL: SELECT * FROM `hls_street_history` WHERE `deleted` IS NULL ORDER BY rand() LIMIT 1   [ RunTime:0.0019s ]
SQL: SHOW COLUMNS FROM `hls_shop` [ RunTime:0.0016s ]
SQL: SELECT * FROM `hls_shop` WHERE `deleted` IS NULL ORDER BY rand() LIMIT 1   [ RunTime:0.0055s ]
SQL: SHOW COLUMNS FROM `hls_posts` [ RunTime:0.0016s ]
SQL: SELECT * FROM `hls_posts` WHERE `deleted` IS NULL ORDER BY rand() LIMIT 1   [ RunTime:0.0023s ]
SQL: SHOW COLUMNS FROM `hls_shop` [ RunTime:0.0014s ]
SQL: SHOW COLUMNS FROM `hls_street` [ RunTime:0.0010s ]
SQL: SELECT * FROM `hls_shop` WHERE `id` = 113 LIMIT 1   [ RunTime:0.0006s ]
NOTIC: [8] Undefined variable: images /home/www/hollandshow.cn/App/Home/Controller/ShopController.class.php 第 118 行.
INFO: [ view_parse ] --START--
INFO: [ template_filter ] --START--
INFO: Run Behavior\ContentReplaceBehavior [ RunTime:0.000457s ]
INFO: [ template_filter ] --END-- [ RunTime:0.000566s ]
INFO: Run Behavior\ParseTemplateBehavior [ RunTime:0.031587s ]
INFO: [ view_parse ] --END-- [ RunTime:0.031691s ]
INFO: [ view_filter ] --START--
INFO: Run Behavior\WriteHtmlCacheBehavior [ RunTime:0.000341s ]
INFO: Run Behavior\TokenBuildBehavior [ RunTime:0.000822s ]
INFO: [ view_filter ] --END-- [ RunTime:0.001318s ]
INFO: [ app_end ] --START--
INFO: Run Behavior\ShowPageTraceBehavior [ RunTime:0.000408s ]
INFO: [ app_end ] --END-- [ RunTime:0.000541s ]

[ 2020-07-20T13:45:05+08:00 ] 114.119.162.145 /
INFO: [ app_init ] --START--
INFO: Run Behavior\BuildLiteBehavior [ RunTime:0.000029s ]
INFO: [ app_init ] --END-- [ RunTime:0.000143s ]
INFO: [ app_begin ] --START--
INFO: Run Behavior\ReadHtmlCacheBehavior [ RunTime:0.000356s ]
INFO: Run Behavior\CheckLangBehavior [ RunTime:0.001388s ]
INFO: [ app_begin ] --END-- [ RunTime:0.001906s ]
SQL: SHOW COLUMNS FROM `hls_active` [ RunTime:0.0016s ]
SQL: SELECT * FROM `hls_active` WHERE `deleted` IS NULL ORDER BY created desc LIMIT 3   [ RunTime:0.0004s ]
SQL: SHOW COLUMNS FROM `hls_street_history` [ RunTime:0.0013s ]
SQL: SELECT * FROM `hls_street_history` WHERE `deleted` IS NULL ORDER BY rand() LIMIT 1   [ RunTime:0.0019s ]
SQL: SHOW COLUMNS FROM `hls_shop` [ RunTime:0.0016s ]
SQL: SELECT * FROM `hls_shop` WHERE `deleted` IS NULL ORDER BY rand() LIMIT 1   [ RunTime:0.0061s ]
SQL: SHOW COLUMNS FROM `hls_posts` [ RunTime:0.0015s ]
SQL: SELECT * FROM `hls_posts` WHERE `deleted` IS NULL ORDER BY rand() LIMIT 1   [ RunTime:0.0024s ]
SQL: SHOW COLUMNS FROM `hls_active` [ RunTime:0.0015s ]
SQL: SHOW COLUMNS FROM `hls_slide` [ RunTime:0.0013s ]
SQL: SHOW COLUMNS FROM `hls_introduce` [ RunTime:0.0015s ]
SQL: SHOW COLUMNS FROM `hls_community_image` [ RunTime:0.0011s ]
SQL: SHOW COLUMNS FROM `hls_street_history` [ RunTime:0.0014s ]
SQL: SHOW COLUMNS FROM `hls_shop` [ RunTime:0.0016s ]
SQL: SHOW COLUMNS FROM `hls_posts` [ RunTime:0.0015s ]
SQL: SHOW COLUMNS FROM `hls_news` [ RunTime:0.0015s ]
SQL: SELECT * FROM `hls_slide` WHERE `deleted` IS NULL AND `recommend` = 1 ORDER BY re_time desc LIMIT 4   [ RunTime:0.0003s ]
SQL: SELECT * FROM `hls_active` WHERE `deleted` IS NULL AND `recommend` = 1 ORDER BY re_time desc LIMIT 4   [ RunTime:0.0004s ]
SQL: SELECT * FROM `hls_community_image` WHERE `deleted` IS NULL AND `recommend` = 1 ORDER BY re_time desc LIMIT 4   [ RunTime:0.0003s ]
SQL: SELECT * FROM `hls_street_history` WHERE `deleted` IS NULL AND `recommend` = 1 ORDER BY re_time desc LIMIT 4   [ RunTime:0.0004s ]
SQL: SELECT * FROM `hls_shop` WHERE `deleted` IS NULL AND `recommend` = 1 ORDER BY re_time desc LIMIT 4   [ RunTime:0.0002s ]
SQL: SELECT * FROM `hls_posts` WHERE `deleted` IS NULL AND `recommend` = 1 ORDER BY re_time desc LIMIT 4   [ RunTime:0.0004s ]
SQL: SELECT * FROM `hls_news` WHERE `deleted` IS NULL AND `recommend` = 1 ORDER BY re_time desc LIMIT 4   [ RunTime:0.0004s ]
INFO: [ view_parse ] --START--
INFO: [ template_filter ] --START--
INFO: Run Behavior\ContentReplaceBehavior [ RunTime:0.000493s ]
INFO: [ template_filter ] --END-- [ RunTime:0.000604s ]
INFO: Run Behavior\ParseTemplateBehavior [ RunTime:0.044332s ]
INFO: [ view_parse ] --END-- [ RunTime:0.044440s ]
INFO: [ view_filter ] --START--
INFO: Run Behavior\WriteHtmlCacheBehavior [ RunTime:0.000340s ]
INFO: Run Behavior\TokenBuildBehavior [ RunTime:0.001080s ]
INFO: [ view_filter ] --END-- [ RunTime:0.001593s ]
INFO: [ app_end ] --START--
INFO: Run Behavior\ShowPageTraceBehavior [ RunTime:0.000429s ]
INFO: [ app_end ] --END-- [ RunTime:0.000534s ]

[ 2020-07-20T14:56:29+08:00 ] 216.244.66.244 /
INFO: [ app_init ] --START--
INFO: Run Behavior\BuildLiteBehavior [ RunTime:0.000029s ]
INFO: [ app_init ] --END-- [ RunTime:0.000191s ]
INFO: [ app_begin ] --START--
INFO: Run Behavior\ReadHtmlCacheBehavior [ RunTime:0.000363s ]
INFO: Run Behavior\CheckLangBehavior [ RunTime:0.001507s ]
INFO: [ app_begin ] --END-- [ RunTime:0.002057s ]
SQL: SHOW COLUMNS FROM `hls_active` [ RunTime:0.0018s ]
SQL: SELECT * FROM `hls_active` WHERE `deleted` IS NULL ORDER BY created desc LIMIT 3   [ RunTime:0.0012s ]
SQL: SHOW COLUMNS FROM `hls_street_history` [ RunTime:0.0014s ]
SQL: SELECT * FROM `hls_street_history` WHERE `deleted` IS NULL ORDER BY rand() LIMIT 1   [ RunTime:0.0022s ]
SQL: SHOW COLUMNS FROM `hls_shop` [ RunTime:0.0016s ]
SQL: SELECT * FROM `hls_shop` WHERE `deleted` IS NULL ORDER BY rand() LIMIT 1   [ RunTime:0.0060s ]
SQL: SHOW COLUMNS FROM `hls_posts` [ RunTime:0.0016s ]
SQL: SELECT * FROM `hls_posts` WHERE `deleted` IS NULL ORDER BY rand() LIMIT 1   [ RunTime:0.0024s ]
SQL: SHOW COLUMNS FROM `hls_active` [ RunTime:0.0014s ]
SQL: SHOW COLUMNS FROM `hls_slide` [ RunTime:0.0012s ]
SQL: SHOW COLUMNS FROM `hls_introduce` [ RunTime:0.0014s ]
SQL: SHOW COLUMNS FROM `hls_community_image` [ RunTime:0.0010s ]
SQL: SHOW COLUMNS FROM `hls_street_history` [ RunTime:0.0013s ]
SQL: SHOW COLUMNS FROM `hls_shop` [ RunTime:0.0016s ]
SQL: SHOW COLUMNS FROM `hls_posts` [ RunTime:0.0015s ]
SQL: SHOW COLUMNS FROM `hls_news` [ RunTime:0.0013s ]
SQL: SELECT * FROM `hls_slide` WHERE `deleted` IS NULL AND `recommend` = 1 ORDER BY re_time desc LIMIT 4   [ RunTime:0.0008s ]
SQL: SELECT * FROM `hls_active` WHERE `deleted` IS NULL AND `recommend` = 1 ORDER BY re_time desc LIMIT 4   [ RunTime:0.0008s ]
SQL: SELECT * FROM `hls_community_image` WHERE `deleted` IS NULL AND `recommend` = 1 ORDER BY re_time desc LIMIT 4   [ RunTime:0.0006s ]
SQL: SELECT * FROM `hls_street_history` WHERE `deleted` IS NULL AND `recommend` = 1 ORDER BY re_time desc LIMIT 4   [ RunTime:0.0010s ]
SQL: SELECT * FROM `hls_shop` WHERE `deleted` IS NULL AND `recommend` = 1 ORDER BY re_time desc LIMIT 4   [ RunTime:0.0011s ]
SQL: SELECT * FROM `hls_posts` WHERE `deleted` IS NULL AND `recommend` = 1 ORDER BY re_time desc LIMIT 4   [ RunTime:0.0009s ]
SQL: SELECT * FROM `hls_news` WHERE `deleted` IS NULL AND `recommend` = 1 ORDER BY re_time desc LIMIT 4   [ RunTime:0.0017s ]
INFO: [ view_parse ] --START--
INFO: [ template_filter ] --START--
INFO: Run Behavior\ContentReplaceBehavior [ RunTime:0.000556s ]
INFO: [ template_filter ] --END-- [ RunTime:0.000688s ]
INFO: Run Behavior\ParseTemplateBehavior [ RunTime:0.044624s ]
INFO: [ view_parse ] --END-- [ RunTime:0.044740s ]
INFO: [ view_filter ] --START--
INFO: Run Behavior\WriteHtmlCacheBehavior [ RunTime:0.000348s ]
INFO: Run Behavior\TokenBuildBehavior [ RunTime:0.000947s ]
INFO: [ view_filter ] --END-- [ RunTime:0.001449s ]
INFO: [ app_end ] --START--
INFO: Run Behavior\ShowPageTraceBehavior [ RunTime:0.000548s ]
INFO: [ app_end ] --END-- [ RunTime:0.000746s ]

[ 2020-07-20T15:07:16+08:00 ] 216.244.66.244 /Shop/detail/id/111.html
INFO: [ app_init ] --START--
INFO: Run Behavior\BuildLiteBehavior [ RunTime:0.000030s ]
INFO: [ app_init ] --END-- [ RunTime:0.000148s ]
INFO: [ app_begin ] --START--
INFO: Run Behavior\ReadHtmlCacheBehavior [ RunTime:0.000381s ]
INFO: Run Behavior\CheckLangBehavior [ RunTime:0.001448s ]
INFO: [ app_begin ] --END-- [ RunTime:0.001995s ]
SQL: SHOW COLUMNS FROM `hls_active` [ RunTime:0.0019s ]
SQL: SELECT * FROM `hls_active` WHERE `deleted` IS NULL ORDER BY created desc LIMIT 3   [ RunTime:0.0004s ]
SQL: SHOW COLUMNS FROM `hls_street_history` [ RunTime:0.0017s ]
SQL: SELECT * FROM `hls_street_history` WHERE `deleted` IS NULL ORDER BY rand() LIMIT 1   [ RunTime:0.0021s ]
SQL: SHOW COLUMNS FROM `hls_shop` [ RunTime:0.0017s ]
SQL: SELECT * FROM `hls_shop` WHERE `deleted` IS NULL ORDER BY rand() LIMIT 1   [ RunTime:0.0058s ]
SQL: SHOW COLUMNS FROM `hls_posts` [ RunTime:0.0017s ]
SQL: SELECT * FROM `hls_posts` WHERE `deleted` IS NULL ORDER BY rand() LIMIT 1   [ RunTime:0.0024s ]
SQL: SHOW COLUMNS FROM `hls_shop` [ RunTime:0.0015s ]
SQL: SHOW COLUMNS FROM `hls_street` [ RunTime:0.0012s ]
SQL: SELECT * FROM `hls_shop` WHERE `id` = 111 LIMIT 1   [ RunTime:0.0006s ]
NOTIC: [8] Undefined variable: images /home/www/hollandshow.cn/App/Home/Controller/ShopController.class.php 第 118 行.
INFO: [ view_parse ] --START--
INFO: [ template_filter ] --START--
INFO: Run Behavior\ContentReplaceBehavior [ RunTime:0.000452s ]
INFO: [ template_filter ] --END-- [ RunTime:0.000560s ]
INFO: Run Behavior\ParseTemplateBehavior [ RunTime:0.032059s ]
INFO: [ view_parse ] --END-- [ RunTime:0.032172s ]
INFO: [ view_filter ] --START--
INFO: Run Behavior\WriteHtmlCacheBehavior [ RunTime:0.000339s ]
INFO: Run Behavior\TokenBuildBehavior [ RunTime:0.000774s ]
INFO: [ view_filter ] --END-- [ RunTime:0.001277s ]
INFO: [ app_end ] --START--
INFO: Run Behavior\ShowPageTraceBehavior [ RunTime:0.000360s ]
INFO: [ app_end ] --END-- [ RunTime:0.000470s ]

[ 2020-07-20T15:07:33+08:00 ] 216.244.66.244 /Shop/detail/id/84.html
INFO: [ app_init ] --START--
INFO: Run Behavior\BuildLiteBehavior [ RunTime:0.000028s ]
INFO: [ app_init ] --END-- [ RunTime:0.000145s ]
INFO: [ app_begin ] --START--
INFO: Run Behavior\ReadHtmlCacheBehavior [ RunTime:0.000404s ]
INFO: Run Behavior\CheckLangBehavior [ RunTime:0.001569s ]
INFO: [ app_begin ] --END-- [ RunTime:0.002139s ]
SQL: SHOW COLUMNS FROM `hls_active` [ RunTime:0.0017s ]
SQL: SELECT * FROM `hls_active` WHERE `deleted` IS NULL ORDER BY created desc LIMIT 3   [ RunTime:0.0008s ]
SQL: SHOW COLUMNS FROM `hls_street_history` [ RunTime:0.0013s ]
SQL: SELECT * FROM `hls_street_history` WHERE `deleted` IS NULL ORDER BY rand() LIMIT 1   [ RunTime:0.0023s ]
SQL: SHOW COLUMNS FROM `hls_shop` [ RunTime:0.0015s ]
SQL: SELECT * FROM `hls_shop` WHERE `deleted` IS NULL ORDER BY rand() LIMIT 1   [ RunTime:0.0059s ]
SQL: SHOW COLUMNS FROM `hls_posts` [ RunTime:0.0016s ]
SQL: SELECT * FROM `hls_posts` WHERE `deleted` IS NULL ORDER BY rand() LIMIT 1   [ RunTime:0.0024s ]
SQL: SHOW COLUMNS FROM `hls_shop` [ RunTime:0.0017s ]
SQL: SHOW COLUMNS FROM `hls_street` [ RunTime:0.0009s ]
SQL: SELECT * FROM `hls_shop` WHERE `id` = 84 LIMIT 1   [ RunTime:0.0005s ]
NOTIC: [8] Undefined variable: images /home/www/hollandshow.cn/App/Home/Controller/ShopController.class.php 第 118 行.
INFO: [ view_parse ] --START--
INFO: [ template_filter ] --START--
INFO: Run Behavior\ContentReplaceBehavior [ RunTime:0.000447s ]
INFO: [ template_filter ] --END-- [ RunTime:0.000569s ]
INFO: Run Behavior\ParseTemplateBehavior [ RunTime:0.058865s ]
INFO: [ view_parse ] --END-- [ RunTime:0.058971s ]
INFO: [ view_filter ] --START--
INFO: Run Behavior\WriteHtmlCacheBehavior [ RunTime:0.000349s ]
INFO: Run Behavior\TokenBuildBehavior [ RunTime:0.000866s ]
INFO: [ view_filter ] --END-- [ RunTime:0.001371s ]
INFO: [ app_end ] --START--
INFO: Run Behavior\ShowPageTraceBehavior [ RunTime:0.000436s ]
INFO: [ app_end ] --END-- [ RunTime:0.000589s ]

[ 2020-07-20T15:09:34+08:00 ] 207.46.13.181 /Posts/detail/id/10.html
INFO: [ app_init ] --START--
INFO: Run Behavior\BuildLiteBehavior [ RunTime:0.000028s ]
INFO: [ app_init ] --END-- [ RunTime:0.000142s ]
INFO: [ app_begin ] --START--
INFO: Run Behavior\ReadHtmlCacheBehavior [ RunTime:0.000359s ]
INFO: Run Behavior\CheckLangBehavior [ RunTime:0.001417s ]
INFO: [ app_begin ] --END-- [ RunTime:0.001939s ]
SQL: SHOW COLUMNS FROM `hls_active` [ RunTime:0.0017s ]
SQL: SELECT * FROM `hls_active` WHERE `deleted` IS NULL ORDER BY created desc LIMIT 3   [ RunTime:0.0004s ]
SQL: SHOW COLUMNS FROM `hls_street_history` [ RunTime:0.0012s ]
SQL: SELECT * FROM `hls_street_history` WHERE `deleted` IS NULL ORDER BY rand() LIMIT 1   [ RunTime:0.0019s ]
SQL: SHOW COLUMNS FROM `hls_shop` [ RunTime:0.0016s ]
SQL: SELECT * FROM `hls_shop` WHERE `deleted` IS NULL ORDER BY rand() LIMIT 1   [ RunTime:0.0060s ]
SQL: SHOW COLUMNS FROM `hls_posts` [ RunTime:0.0016s ]
SQL: SELECT * FROM `hls_posts` WHERE `deleted` IS NULL ORDER BY rand() LIMIT 1   [ RunTime:0.0025s ]
SQL: SELECT * FROM `hls_posts` WHERE `id` = 10 LIMIT 1   [ RunTime:0.0006s ]
NOTIC: [8] Undefined variable: images /home/www/hollandshow.cn/App/Home/Controller/PostsController.class.php 第 83 行.
INFO: [ view_parse ] --START--
INFO: [ template_filter ] --START--
INFO: Run Behavior\ContentReplaceBehavior [ RunTime:0.000452s ]
INFO: [ template_filter ] --END-- [ RunTime:0.000581s ]
INFO: Run Behavior\ParseTemplateBehavior [ RunTime:0.051691s ]
INFO: [ view_parse ] --END-- [ RunTime:0.051804s ]
INFO: [ view_filter ] --START--
INFO: Run Behavior\WriteHtmlCacheBehavior [ RunTime:0.000354s ]
INFO: Run Behavior\TokenBuildBehavior [ RunTime:0.000786s ]
INFO: [ view_filter ] --END-- [ RunTime:0.001292s ]
INFO: [ app_end ] --START--
INFO: Run Behavior\ShowPageTraceBehavior [ RunTime:0.000368s ]
INFO: [ app_end ] --END-- [ RunTime:0.000473s ]

[ 2020-07-20T16:53:36+08:00 ] 157.55.39.15 /robots.txt
INFO: [ app_init ] --START--
INFO: Run Behavior\BuildLiteBehavior [ RunTime:0.000030s ]
INFO: [ app_init ] --END-- [ RunTime:0.000147s ]
INFO: [ app_begin ] --START--
INFO: Run Behavior\ReadHtmlCacheBehavior [ RunTime:0.000352s ]
INFO: Run Behavior\CheckLangBehavior [ RunTime:0.001448s ]
INFO: [ app_begin ] --END-- [ RunTime:0.001964s ]
ERR: 無法載入控制器:Robots.txt

[ 2020-07-20T16:53:37+08:00 ] 157.55.39.15 /robots.txt
INFO: [ app_init ] --START--
INFO: Run Behavior\BuildLiteBehavior [ RunTime:0.000029s ]
INFO: [ app_init ] --END-- [ RunTime:0.000145s ]
INFO: [ app_begin ] --START--
INFO: Run Behavior\ReadHtmlCacheBehavior [ RunTime:0.000298s ]
INFO: Run Behavior\CheckLangBehavior [ RunTime:0.001338s ]
INFO: [ app_begin ] --END-- [ RunTime:0.001799s ]
ERR: 無法載入控制器:Robots.txt

[ 2020-07-20T17:36:53+08:00 ] 207.46.13.181 /Shop/detail/id/44.html
INFO: [ app_init ] --START--
INFO: Run Behavior\BuildLiteBehavior [ RunTime:0.000030s ]
INFO: [ app_init ] --END-- [ RunTime:0.000146s ]
INFO: [ app_begin ] --START--
INFO: Run Behavior\ReadHtmlCacheBehavior [ RunTime:0.000346s ]
INFO: Run Behavior\CheckLangBehavior [ RunTime:0.001507s ]
INFO: [ app_begin ] --END-- [ RunTime:0.002016s ]
SQL: SHOW COLUMNS FROM `hls_active` [ RunTime:0.0020s ]
SQL: SELECT * FROM `hls_active` WHERE `deleted` IS NULL ORDER BY created desc LIMIT 3   [ RunTime:0.0013s ]
SQL: SHOW COLUMNS FROM `hls_street_history` [ RunTime:0.0014s ]
SQL: SELECT * FROM `hls_street_history` WHERE `deleted` IS NULL ORDER BY rand() LIMIT 1   [ RunTime:0.0019s ]
SQL: SHOW COLUMNS FROM `hls_shop` [ RunTime:0.0017s ]
SQL: SELECT * FROM `hls_shop` WHERE `deleted` IS NULL ORDER BY rand() LIMIT 1   [ RunTime:0.0059s ]
SQL: SHOW COLUMNS FROM `hls_posts` [ RunTime:0.0017s ]
SQL: SELECT * FROM `hls_posts` WHERE `deleted` IS NULL ORDER BY rand() LIMIT 1   [ RunTime:0.0025s ]
SQL: SHOW COLUMNS FROM `hls_shop` [ RunTime:0.0015s ]
SQL: SHOW COLUMNS FROM `hls_street` [ RunTime:0.0011s ]
SQL: SELECT * FROM `hls_shop` WHERE `id` = 44 LIMIT 1   [ RunTime:0.0007s ]
NOTIC: [8] Undefined variable: images /home/www/hollandshow.cn/App/Home/Controller/ShopController.class.php 第 118 行.
INFO: [ view_parse ] --START--
INFO: [ template_filter ] --START--
INFO: Run Behavior\ContentReplaceBehavior [ RunTime:0.000447s ]
INFO: [ template_filter ] --END-- [ RunTime:0.000567s ]
INFO: Run Behavior\ParseTemplateBehavior [ RunTime:0.033785s ]
INFO: [ view_parse ] --END-- [ RunTime:0.033890s ]
INFO: [ view_filter ] --START--
INFO: Run Behavior\WriteHtmlCacheBehavior [ RunTime:0.000354s ]
INFO: Run Behavior\TokenBuildBehavior [ RunTime:0.000765s ]
INFO: [ view_filter ] --END-- [ RunTime:0.001271s ]
INFO: [ app_end ] --START--
INFO: Run Behavior\ShowPageTraceBehavior [ RunTime:0.000358s ]
INFO: [ app_end ] --END-- [ RunTime:0.000463s ]

[ 2020-07-20T18:20:22+08:00 ] 216.244.66.244 /
INFO: [ app_init ] --START--
INFO: Run Behavior\BuildLiteBehavior [ RunTime:0.000028s ]
INFO: [ app_init ] --END-- [ RunTime:0.000140s ]
INFO: [ app_begin ] --START--
INFO: Run Behavior\ReadHtmlCacheBehavior [ RunTime:0.000346s ]
INFO: Run Behavior\CheckLangBehavior [ RunTime:0.001494s ]
INFO: [ app_begin ] --END-- [ RunTime:0.002004s ]
SQL: SHOW COLUMNS FROM `hls_active` [ RunTime:0.0019s ]
SQL: SELECT * FROM `hls_active` WHERE `deleted` IS NULL ORDER BY created desc LIMIT 3   [ RunTime:0.0012s ]
SQL: SHOW COLUMNS FROM `hls_street_history` [ RunTime:0.0014s ]
SQL: SELECT * FROM `hls_street_history` WHERE `deleted` IS NULL ORDER BY rand() LIMIT 1   [ RunTime:0.0019s ]
SQL: SHOW COLUMNS FROM `hls_shop` [ RunTime:0.0017s ]
SQL: SELECT * FROM `hls_shop` WHERE `deleted` IS NULL ORDER BY rand() LIMIT 1   [ RunTime:0.0057s ]
SQL: SHOW COLUMNS FROM `hls_posts` [ RunTime:0.0017s ]
SQL: SELECT * FROM `hls_posts` WHERE `deleted` IS NULL ORDER BY rand() LIMIT 1   [ RunTime:0.0025s ]
SQL: SHOW COLUMNS FROM `hls_active` [ RunTime:0.0015s ]
SQL: SHOW COLUMNS FROM `hls_slide` [ RunTime:0.0012s ]
SQL: SHOW COLUMNS FROM `hls_introduce` [ RunTime:0.0014s ]
SQL: SHOW COLUMNS FROM `hls_community_image` [ RunTime:0.0011s ]
SQL: SHOW COLUMNS FROM `hls_street_history` [ RunTime:0.0014s ]
SQL: SHOW COLUMNS FROM `hls_shop` [ RunTime:0.0014s ]
SQL: SHOW COLUMNS FROM `hls_posts` [ RunTime:0.0014s ]
SQL: SHOW COLUMNS FROM `hls_news` [ RunTime:0.0014s ]
SQL: SELECT * FROM `hls_slide` WHERE `deleted` IS NULL AND `recommend` = 1 ORDER BY re_time desc LIMIT 4   [ RunTime:0.0007s ]
SQL: SELECT * FROM `hls_active` WHERE `deleted` IS NULL AND `recommend` = 1 ORDER BY re_time desc LIMIT 4   [ RunTime:0.0008s ]
SQL: SELECT * FROM `hls_community_image` WHERE `deleted` IS NULL AND `recommend` = 1 ORDER BY re_time desc LIMIT 4   [ RunTime:0.0005s ]
SQL: SELECT * FROM `hls_street_history` WHERE `deleted` IS NULL AND `recommend` = 1 ORDER BY re_time desc LIMIT 4   [ RunTime:0.0008s ]
SQL: SELECT * FROM `hls_shop` WHERE `deleted` IS NULL AND `recommend` = 1 ORDER BY re_time desc LIMIT 4   [ RunTime:0.0010s ]
SQL: SELECT * FROM `hls_posts` WHERE `deleted` IS NULL AND `recommend` = 1 ORDER BY re_time desc LIMIT 4   [ RunTime:0.0008s ]
SQL: SELECT * FROM `hls_news` WHERE `deleted` IS NULL AND `recommend` = 1 ORDER BY re_time desc LIMIT 4   [ RunTime:0.0015s ]
INFO: [ view_parse ] --START--
INFO: [ template_filter ] --START--
INFO: Run Behavior\ContentReplaceBehavior [ RunTime:0.000485s ]
INFO: [ template_filter ] --END-- [ RunTime:0.000597s ]
INFO: Run Behavior\ParseTemplateBehavior [ RunTime:0.043710s ]
INFO: [ view_parse ] --END-- [ RunTime:0.043818s ]
INFO: [ view_filter ] --START--
INFO: Run Behavior\WriteHtmlCacheBehavior [ RunTime:0.000341s ]
INFO: Run Behavior\TokenBuildBehavior [ RunTime:0.000898s ]
INFO: [ view_filter ] --END-- [ RunTime:0.001392s ]
INFO: [ app_end ] --START--
INFO: Run Behavior\ShowPageTraceBehavior [ RunTime:0.000483s ]
INFO: [ app_end ] --END-- [ RunTime:0.000633s ]

[ 2020-07-20T18:25:33+08:00 ] 216.244.66.244 /Shop/detail/id/8.html
INFO: [ app_init ] --START--
INFO: Run Behavior\BuildLiteBehavior [ RunTime:0.000030s ]
INFO: [ app_init ] --END-- [ RunTime:0.000142s ]
INFO: [ app_begin ] --START--
INFO: Run Behavior\ReadHtmlCacheBehavior [ RunTime:0.000348s ]
INFO: Run Behavior\CheckLangBehavior [ RunTime:0.001498s ]
INFO: [ app_begin ] --END-- [ RunTime:0.002011s ]
SQL: SHOW COLUMNS FROM `hls_active` [ RunTime:0.0019s ]
SQL: SELECT * FROM `hls_active` WHERE `deleted` IS NULL ORDER BY created desc LIMIT 3   [ RunTime:0.0003s ]
SQL: SHOW COLUMNS FROM `hls_street_history` [ RunTime:0.0014s ]
SQL: SELECT * FROM `hls_street_history` WHERE `deleted` IS NULL ORDER BY rand() LIMIT 1   [ RunTime:0.0021s ]
SQL: SHOW COLUMNS FROM `hls_shop` [ RunTime:0.0017s ]
SQL: SELECT * FROM `hls_shop` WHERE `deleted` IS NULL ORDER BY rand() LIMIT 1   [ RunTime:0.0060s ]
SQL: SHOW COLUMNS FROM `hls_posts` [ RunTime:0.0016s ]
SQL: SELECT * FROM `hls_posts` WHERE `deleted` IS NULL ORDER BY rand() LIMIT 1   [ RunTime:0.0026s ]
SQL: SHOW COLUMNS FROM `hls_shop` [ RunTime:0.0016s ]
SQL: SHOW COLUMNS FROM `hls_street` [ RunTime:0.0011s ]
SQL: SELECT * FROM `hls_shop` WHERE `id` = 8 LIMIT 1   [ RunTime:0.0006s ]
NOTIC: [8] Undefined variable: images /home/www/hollandshow.cn/App/Home/Controller/ShopController.class.php 第 118 行.
INFO: [ view_parse ] --START--
INFO: [ template_filter ] --START--
INFO: Run Behavior\ContentReplaceBehavior [ RunTime:0.000457s ]
INFO: [ template_filter ] --END-- [ RunTime:0.000565s ]
INFO: Run Behavior\ParseTemplateBehavior [ RunTime:0.031585s ]
INFO: [ view_parse ] --END-- [ RunTime:0.031690s ]
INFO: [ view_filter ] --START--
INFO: Run Behavior\WriteHtmlCacheBehavior [ RunTime:0.000343s ]
INFO: Run Behavior\TokenBuildBehavior [ RunTime:0.000771s ]
INFO: [ view_filter ] --END-- [ RunTime:0.001266s ]
INFO: [ app_end ] --START--
INFO: Run Behavior\ShowPageTraceBehavior [ RunTime:0.000368s ]
INFO: [ app_end ] --END-- [ RunTime:0.000488s ]

[ 2020-07-20T21:57:08+08:00 ] 101.21.145.121 /
INFO: [ app_init ] --START--
INFO: Run Behavior\BuildLiteBehavior [ RunTime:0.000030s ]
INFO: [ app_init ] --END-- [ RunTime:0.000143s ]
INFO: [ app_begin ] --START--
INFO: Run Behavior\ReadHtmlCacheBehavior [ RunTime:0.000355s ]
INFO: Run Behavior\CheckLangBehavior [ RunTime:0.001407s ]
INFO: [ app_begin ] --END-- [ RunTime:0.001925s ]
SQL: SHOW COLUMNS FROM `hls_active` [ RunTime:0.0020s ]
SQL: SELECT * FROM `hls_active` WHERE `deleted` IS NULL ORDER BY created desc LIMIT 3   [ RunTime:0.0013s ]
SQL: SHOW COLUMNS FROM `hls_street_history` [ RunTime:0.0014s ]
SQL: SELECT * FROM `hls_street_history` WHERE `deleted` IS NULL ORDER BY rand() LIMIT 1   [ RunTime:0.0020s ]
SQL: SHOW COLUMNS FROM `hls_shop` [ RunTime:0.0017s ]
SQL: SELECT * FROM `hls_shop` WHERE `deleted` IS NULL ORDER BY rand() LIMIT 1   [ RunTime:0.0059s ]
SQL: SHOW COLUMNS FROM `hls_posts` [ RunTime:0.0017s ]
SQL: SELECT * FROM `hls_posts` WHERE `deleted` IS NULL ORDER BY rand() LIMIT 1   [ RunTime:0.0025s ]
SQL: SHOW COLUMNS FROM `hls_active` [ RunTime:0.0015s ]
SQL: SHOW COLUMNS FROM `hls_slide` [ RunTime:0.0011s ]
SQL: SHOW COLUMNS FROM `hls_introduce` [ RunTime:0.0014s ]
SQL: SHOW COLUMNS FROM `hls_community_image` [ RunTime:0.0011s ]
SQL: SHOW COLUMNS FROM `hls_street_history` [ RunTime:0.0012s ]
SQL: SHOW COLUMNS FROM `hls_shop` [ RunTime:0.0015s ]
SQL: SHOW COLUMNS FROM `hls_posts` [ RunTime:0.0014s ]
SQL: SHOW COLUMNS FROM `hls_news` [ RunTime:0.0013s ]
SQL: SELECT * FROM `hls_slide` WHERE `deleted` IS NULL AND `recommend` = 1 ORDER BY re_time desc LIMIT 4   [ RunTime:0.0008s ]
SQL: SELECT * FROM `hls_active` WHERE `deleted` IS NULL AND `recommend` = 1 ORDER BY re_time desc LIMIT 4   [ RunTime:0.0009s ]
SQL: SELECT * FROM `hls_community_image` WHERE `deleted` IS NULL AND `recommend` = 1 ORDER BY re_time desc LIMIT 4   [ RunTime:0.0006s ]
SQL: SELECT * FROM `hls_street_history` WHERE `deleted` IS NULL AND `recommend` = 1 ORDER BY re_time desc LIMIT 4   [ RunTime:0.0008s ]
SQL: SELECT * FROM `hls_shop` WHERE `deleted` IS NULL AND `recommend` = 1 ORDER BY re_time desc LIMIT 4   [ RunTime:0.0010s ]
SQL: SELECT * FROM `hls_posts` WHERE `deleted` IS NULL AND `recommend` = 1 ORDER BY re_time desc LIMIT 4   [ RunTime:0.0008s ]
SQL: SELECT * FROM `hls_news` WHERE `deleted` IS NULL AND `recommend` = 1 ORDER BY re_time desc LIMIT 4   [ RunTime:0.0014s ]
INFO: [ view_parse ] --START--
INFO: [ template_filter ] --START--
INFO: Run Behavior\ContentReplaceBehavior [ RunTime:0.000546s ]
INFO: [ template_filter ] --END-- [ RunTime:0.000658s ]
INFO: Run Behavior\ParseTemplateBehavior [ RunTime:0.043382s ]
INFO: [ view_parse ] --END-- [ RunTime:0.043489s ]
INFO: [ view_filter ] --START--
INFO: Run Behavior\WriteHtmlCacheBehavior [ RunTime:0.000411s ]
INFO: Run Behavior\TokenBuildBehavior [ RunTime:0.000897s ]
INFO: [ view_filter ] --END-- [ RunTime:0.001465s ]
INFO: [ app_end ] --START--
INFO: Run Behavior\ShowPageTraceBehavior [ RunTime:0.000368s ]
INFO: [ app_end ] --END-- [ RunTime:0.000472s ]

[ 2020-07-20T21:57:12+08:00 ] 101.21.145.121 /
INFO: [ app_init ] --START--
INFO: Run Behavior\BuildLiteBehavior [ RunTime:0.000028s ]
INFO: [ app_init ] --END-- [ RunTime:0.000144s ]
INFO: [ app_begin ] --START--
INFO: Run Behavior\ReadHtmlCacheBehavior [ RunTime:0.000342s ]
INFO: Run Behavior\CheckLangBehavior [ RunTime:0.001427s ]
INFO: [ app_begin ] --END-- [ RunTime:0.001932s ]
SQL: SHOW COLUMNS FROM `hls_active` [ RunTime:0.0016s ]
SQL: SELECT * FROM `hls_active` WHERE `deleted` IS NULL ORDER BY created desc LIMIT 3   [ RunTime:0.0004s ]
SQL: SHOW COLUMNS FROM `hls_street_history` [ RunTime:0.0013s ]
SQL: SELECT * FROM `hls_street_history` WHERE `deleted` IS NULL ORDER BY rand() LIMIT 1   [ RunTime:0.0014s ]
SQL: SHOW COLUMNS FROM `hls_shop` [ RunTime:0.0015s ]
SQL: SELECT * FROM `hls_shop` WHERE `deleted` IS NULL ORDER BY rand() LIMIT 1   [ RunTime:0.0051s ]
SQL: SHOW COLUMNS FROM `hls_posts` [ RunTime:0.0015s ]
SQL: SELECT * FROM `hls_posts` WHERE `deleted` IS NULL ORDER BY rand() LIMIT 1   [ RunTime:0.0020s ]
SQL: SHOW COLUMNS FROM `hls_active` [ RunTime:0.0014s ]
SQL: SHOW COLUMNS FROM `hls_slide` [ RunTime:0.0010s ]
SQL: SHOW COLUMNS FROM `hls_introduce` [ RunTime:0.0013s ]
SQL: SHOW COLUMNS FROM `hls_community_image` [ RunTime:0.0010s ]
SQL: SHOW COLUMNS FROM `hls_street_history` [ RunTime:0.0012s ]
SQL: SHOW COLUMNS FROM `hls_shop` [ RunTime:0.0015s ]
SQL: SHOW COLUMNS FROM `hls_posts` [ RunTime:0.0015s ]
SQL: SHOW COLUMNS FROM `hls_news` [ RunTime:0.0013s ]
SQL: SELECT * FROM `hls_slide` WHERE `deleted` IS NULL AND `recommend` = 1 ORDER BY re_time desc LIMIT 4   [ RunTime:0.0003s ]
SQL: SELECT * FROM `hls_active` WHERE `deleted` IS NULL AND `recommend` = 1 ORDER BY re_time desc LIMIT 4   [ RunTime:0.0003s ]
SQL: SELECT * FROM `hls_community_image` WHERE `deleted` IS NULL AND `recommend` = 1 ORDER BY re_time desc LIMIT 4   [ RunTime:0.0002s ]
SQL: SELECT * FROM `hls_street_history` WHERE `deleted` IS NULL AND `recommend` = 1 ORDER BY re_time desc LIMIT 4   [ RunTime:0.0004s ]
SQL: SELECT * FROM `hls_shop` WHERE `deleted` IS NULL AND `recommend` = 1 ORDER BY re_time desc LIMIT 4   [ RunTime:0.0003s ]
SQL: SELECT * FROM `hls_posts` WHERE `deleted` IS NULL AND `recommend` = 1 ORDER BY re_time desc LIMIT 4   [ RunTime:0.0003s ]
SQL: SELECT * FROM `hls_news` WHERE `deleted` IS NULL AND `recommend` = 1 ORDER BY re_time desc LIMIT 4   [ RunTime:0.0004s ]
INFO: [ view_parse ] --START--
INFO: [ template_filter ] --START--
INFO: Run Behavior\ContentReplaceBehavior [ RunTime:0.000481s ]
INFO: [ template_filter ] --END-- [ RunTime:0.000592s ]
INFO: Run Behavior\ParseTemplateBehavior [ RunTime:0.044308s ]
INFO: [ view_parse ] --END-- [ RunTime:0.044414s ]
INFO: [ view_filter ] --START--
INFO: Run Behavior\WriteHtmlCacheBehavior [ RunTime:0.000339s ]
INFO: Run Behavior\TokenBuildBehavior [ RunTime:0.000955s ]
INFO: [ view_filter ] --END-- [ RunTime:0.001460s ]
INFO: [ app_end ] --START--
INFO: Run Behavior\ShowPageTraceBehavior [ RunTime:0.000421s ]
INFO: [ app_end ] --END-- [ RunTime:0.000527s ]

[ 2020-07-20T23:46:14+08:00 ] 207.46.13.181 /Shop/detail/id/63.html
INFO: [ app_init ] --START--
INFO: Run Behavior\BuildLiteBehavior [ RunTime:0.000031s ]
INFO: [ app_init ] --END-- [ RunTime:0.000161s ]
INFO: [ app_begin ] --START--
INFO: Run Behavior\ReadHtmlCacheBehavior [ RunTime:0.000366s ]
INFO: Run Behavior\CheckLangBehavior [ RunTime:0.001436s ]
INFO: [ app_begin ] --END-- [ RunTime:0.001968s ]
SQL: SHOW COLUMNS FROM `hls_active` [ RunTime:0.0018s ]
SQL: SELECT * FROM `hls_active` WHERE `deleted` IS NULL ORDER BY created desc LIMIT 3   [ RunTime:0.0013s ]
SQL: SHOW COLUMNS FROM `hls_street_history` [ RunTime:0.0014s ]
SQL: SELECT * FROM `hls_street_history` WHERE `deleted` IS NULL ORDER BY rand() LIMIT 1   [ RunTime:0.0020s ]
SQL: SHOW COLUMNS FROM `hls_shop` [ RunTime:0.0016s ]
SQL: SELECT * FROM `hls_shop` WHERE `deleted` IS NULL ORDER BY rand() LIMIT 1   [ RunTime:0.0056s ]
SQL: SHOW COLUMNS FROM `hls_posts` [ RunTime:0.0017s ]
SQL: SELECT * FROM `hls_posts` WHERE `deleted` IS NULL ORDER BY rand() LIMIT 1   [ RunTime:0.0024s ]
SQL: SHOW COLUMNS FROM `hls_shop` [ RunTime:0.0015s ]
SQL: SHOW COLUMNS FROM `hls_street` [ RunTime:0.0009s ]
SQL: SELECT * FROM `hls_shop` WHERE `id` = 63 LIMIT 1   [ RunTime:0.0006s ]
NOTIC: [8] Undefined variable: images /home/www/hollandshow.cn/App/Home/Controller/ShopController.class.php 第 118 行.
INFO: [ view_parse ] --START--
INFO: [ template_filter ] --START--
INFO: Run Behavior\ContentReplaceBehavior [ RunTime:0.000443s ]
INFO: [ template_filter ] --END-- [ RunTime:0.000551s ]
INFO: Run Behavior\ParseTemplateBehavior [ RunTime:0.031723s ]
INFO: [ view_parse ] --END-- [ RunTime:0.031827s ]
INFO: [ view_filter ] --START--
INFO: Run Behavior\WriteHtmlCacheBehavior [ RunTime:0.000355s ]
INFO: Run Behavior\TokenBuildBehavior [ RunTime:0.000756s ]
INFO: [ view_filter ] --END-- [ RunTime:0.001277s ]
INFO: [ app_end ] --START--
INFO: Run Behavior\ShowPageTraceBehavior [ RunTime:0.000353s ]
INFO: [ app_end ] --END-- [ RunTime:0.000456s ]

[ 2020-07-20T23:46:18+08:00 ] 157.55.39.171 /
INFO: [ app_init ] --START--
INFO: Run Behavior\BuildLiteBehavior [ RunTime:0.000029s ]
INFO: [ app_init ] --END-- [ RunTime:0.000146s ]
INFO: [ app_begin ] --START--
INFO: Run Behavior\ReadHtmlCacheBehavior [ RunTime:0.000348s ]
INFO: Run Behavior\CheckLangBehavior [ RunTime:0.001448s ]
INFO: [ app_begin ] --END-- [ RunTime:0.001958s ]
SQL: SHOW COLUMNS FROM `hls_active` [ RunTime:0.0018s ]
SQL: SELECT * FROM `hls_active` WHERE `deleted` IS NULL ORDER BY created desc LIMIT 3   [ RunTime:0.0004s ]
SQL: SHOW COLUMNS FROM `hls_street_history` [ RunTime:0.0012s ]
SQL: SELECT * FROM `hls_street_history` WHERE `deleted` IS NULL ORDER BY rand() LIMIT 1   [ RunTime:0.0015s ]
SQL: SHOW COLUMNS FROM `hls_shop` [ RunTime:0.0015s ]
SQL: SELECT * FROM `hls_shop` WHERE `deleted` IS NULL ORDER BY rand() LIMIT 1   [ RunTime:0.0051s ]
SQL: SHOW COLUMNS FROM `hls_posts` [ RunTime:0.0015s ]
SQL: SELECT * FROM `hls_posts` WHERE `deleted` IS NULL ORDER BY rand() LIMIT 1   [ RunTime:0.0019s ]
SQL: SHOW COLUMNS FROM `hls_active` [ RunTime:0.0014s ]
SQL: SHOW COLUMNS FROM `hls_slide` [ RunTime:0.0011s ]
SQL: SHOW COLUMNS FROM `hls_introduce` [ RunTime:0.0014s ]
SQL: SHOW COLUMNS FROM `hls_community_image` [ RunTime:0.0011s ]
SQL: SHOW COLUMNS FROM `hls_street_history` [ RunTime:0.0012s ]
SQL: SHOW COLUMNS FROM `hls_shop` [ RunTime:0.0014s ]
SQL: SHOW COLUMNS FROM `hls_posts` [ RunTime:0.0014s ]
SQL: SHOW COLUMNS FROM `hls_news` [ RunTime:0.0013s ]
SQL: SELECT * FROM `hls_slide` WHERE `deleted` IS NULL AND `recommend` = 1 ORDER BY re_time desc LIMIT 4   [ RunTime:0.0008s ]
SQL: SELECT * FROM `hls_active` WHERE `deleted` IS NULL AND `recommend` = 1 ORDER BY re_time desc LIMIT 4   [ RunTime:0.0009s ]
SQL: SELECT * FROM `hls_community_image` WHERE `deleted` IS NULL AND `recommend` = 1 ORDER BY re_time desc LIMIT 4   [ RunTime:0.0006s ]
SQL: SELECT * FROM `hls_street_history` WHERE `deleted` IS NULL AND `recommend` = 1 ORDER BY re_time desc LIMIT 4   [ RunTime:0.0008s ]
SQL: SELECT * FROM `hls_shop` WHERE `deleted` IS NULL AND `recommend` = 1 ORDER BY re_time desc LIMIT 4   [ RunTime:0.0010s ]
SQL: SELECT * FROM `hls_posts` WHERE `deleted` IS NULL AND `recommend` = 1 ORDER BY re_time desc LIMIT 4   [ RunTime:0.0008s ]
SQL: SELECT * FROM `hls_news` WHERE `deleted` IS NULL AND `recommend` = 1 ORDER BY re_time desc LIMIT 4   [ RunTime:0.0015s ]
INFO: [ view_parse ] --START--
INFO: [ template_filter ] --START--
INFO: Run Behavior\ContentReplaceBehavior [ RunTime:0.000497s ]
INFO: [ template_filter ] --END-- [ RunTime:0.000613s ]
INFO: Run Behavior\ParseTemplateBehavior [ RunTime:0.043151s ]
INFO: [ view_parse ] --END-- [ RunTime:0.043270s ]
INFO: [ view_filter ] --START--
INFO: Run Behavior\WriteHtmlCacheBehavior [ RunTime:0.000346s ]
INFO: Run Behavior\TokenBuildBehavior [ RunTime:0.000897s ]
INFO: [ view_filter ] --END-- [ RunTime:0.001397s ]
INFO: [ app_end ] --START--
INFO: Run Behavior\ShowPageTraceBehavior [ RunTime:0.000362s ]
INFO: [ app_end ] --END-- [ RunTime:0.000464s ]

[ 2020-07-20T23:52:23+08:00 ] 40.77.167.95 /
INFO: [ app_init ] --START--
INFO: Run Behavior\BuildLiteBehavior [ RunTime:0.000025s ]
INFO: [ app_init ] --END-- [ RunTime:0.000138s ]
INFO: [ app_begin ] --START--
INFO: Run Behavior\ReadHtmlCacheBehavior [ RunTime:0.000331s ]
INFO: Run Behavior\CheckLangBehavior [ RunTime:0.001412s ]
INFO: [ app_begin ] --END-- [ RunTime:0.001921s ]
SQL: SHOW COLUMNS FROM `hls_active` [ RunTime:0.0018s ]
SQL: SELECT * FROM `hls_active` WHERE `deleted` IS NULL ORDER BY created desc LIMIT 3   [ RunTime:0.0003s ]
SQL: SHOW COLUMNS FROM `hls_street_history` [ RunTime:0.0015s ]
SQL: SELECT * FROM `hls_street_history` WHERE `deleted` IS NULL ORDER BY rand() LIMIT 1   [ RunTime:0.0021s ]
SQL: SHOW COLUMNS FROM `hls_shop` [ RunTime:0.0018s ]
SQL: SELECT * FROM `hls_shop` WHERE `deleted` IS NULL ORDER BY rand() LIMIT 1   [ RunTime:0.0069s ]
SQL: SHOW COLUMNS FROM `hls_posts` [ RunTime:0.0018s ]
SQL: SELECT * FROM `hls_posts` WHERE `deleted` IS NULL ORDER BY rand() LIMIT 1   [ RunTime:0.0025s ]
SQL: SHOW COLUMNS FROM `hls_active` [ RunTime:0.0014s ]
SQL: SHOW COLUMNS FROM `hls_slide` [ RunTime:0.0011s ]
SQL: SHOW COLUMNS FROM `hls_introduce` [ RunTime:0.0014s ]
SQL: SHOW COLUMNS FROM `hls_community_image` [ RunTime:0.0011s ]
SQL: SHOW COLUMNS FROM `hls_street_history` [ RunTime:0.0012s ]
SQL: SHOW COLUMNS FROM `hls_shop` [ RunTime:0.0015s ]
SQL: SHOW COLUMNS FROM `hls_posts` [ RunTime:0.0015s ]
SQL: SHOW COLUMNS FROM `hls_news` [ RunTime:0.0015s ]
SQL: SELECT * FROM `hls_slide` WHERE `deleted` IS NULL AND `recommend` = 1 ORDER BY re_time desc LIMIT 4   [ RunTime:0.0003s ]
SQL: SELECT * FROM `hls_active` WHERE `deleted` IS NULL AND `recommend` = 1 ORDER BY re_time desc LIMIT 4   [ RunTime:0.0004s ]
SQL: SELECT * FROM `hls_community_image` WHERE `deleted` IS NULL AND `recommend` = 1 ORDER BY re_time desc LIMIT 4   [ RunTime:0.0003s ]
SQL: SELECT * FROM `hls_street_history` WHERE `deleted` IS NULL AND `recommend` = 1 ORDER BY re_time desc LIMIT 4   [ RunTime:0.0006s ]
SQL: SELECT * FROM `hls_shop` WHERE `deleted` IS NULL AND `recommend` = 1 ORDER BY re_time desc LIMIT 4   [ RunTime:0.0003s ]
SQL: SELECT * FROM `hls_posts` WHERE `deleted` IS NULL AND `recommend` = 1 ORDER BY re_time desc LIMIT 4   [ RunTime:0.0004s ]
SQL: SELECT * FROM `hls_news` WHERE `deleted` IS NULL AND `recommend` = 1 ORDER BY re_time desc LIMIT 4   [ RunTime:0.0006s ]
INFO: [ view_parse ] --START--
INFO: [ template_filter ] --START--
INFO: Run Behavior\ContentReplaceBehavior [ RunTime:0.000494s ]
INFO: [ template_filter ] --END-- [ RunTime:0.000606s ]
INFO: Run Behavior\ParseTemplateBehavior [ RunTime:0.043343s ]
INFO: [ view_parse ] --END-- [ RunTime:0.043451s ]
INFO: [ view_filter ] --START--
INFO: Run Behavior\WriteHtmlCacheBehavior [ RunTime:0.000344s ]
INFO: Run Behavior\TokenBuildBehavior [ RunTime:0.000874s ]
INFO: [ view_filter ] --END-- [ RunTime:0.001372s ]
INFO: [ app_end ] --START--
INFO: Run Behavior\ShowPageTraceBehavior [ RunTime:0.000352s ]
INFO: [ app_end ] --END-- [ RunTime:0.000465s ]

[ 2020-07-20T23:53:10+08:00 ] 54.36.148.167 /robots.txt
INFO: [ app_init ] --START--
INFO: Run Behavior\BuildLiteBehavior [ RunTime:0.000029s ]
INFO: [ app_init ] --END-- [ RunTime:0.000202s ]
INFO: [ app_begin ] --START--
INFO: Run Behavior\ReadHtmlCacheBehavior [ RunTime:0.000386s ]
INFO: Run Behavior\CheckLangBehavior [ RunTime:0.001539s ]
INFO: [ app_begin ] --END-- [ RunTime:0.002105s ]
ERR: 無法載入控制器:Robots.txt

[ 2020-07-20T23:53:13+08:00 ] 54.36.148.184 /
INFO: [ app_init ] --START--
INFO: Run Behavior\BuildLiteBehavior [ RunTime:0.000026s ]
INFO: [ app_init ] --END-- [ RunTime:0.000187s ]
INFO: [ app_begin ] --START--
INFO: Run Behavior\ReadHtmlCacheBehavior [ RunTime:0.000356s ]
INFO: Run Behavior\CheckLangBehavior [ RunTime:0.001577s ]
INFO: [ app_begin ] --END-- [ RunTime:0.002111s ]
SQL: SHOW COLUMNS FROM `hls_active` [ RunTime:0.0017s ]
SQL: SELECT * FROM `hls_active` WHERE `deleted` IS NULL ORDER BY created desc LIMIT 3   [ RunTime:0.0003s ]
SQL: SHOW COLUMNS FROM `hls_street_history` [ RunTime:0.0013s ]
SQL: SELECT * FROM `hls_street_history` WHERE `deleted` IS NULL ORDER BY rand() LIMIT 1   [ RunTime:0.0019s ]
SQL: SHOW COLUMNS FROM `hls_shop` [ RunTime:0.0015s ]
SQL: SELECT * FROM `hls_shop` WHERE `deleted` IS NULL ORDER BY rand() LIMIT 1   [ RunTime:0.0058s ]
SQL: SHOW COLUMNS FROM `hls_posts` [ RunTime:0.0015s ]
SQL: SELECT * FROM `hls_posts` WHERE `deleted` IS NULL ORDER BY rand() LIMIT 1   [ RunTime:0.0026s ]
SQL: SHOW COLUMNS FROM `hls_active` [ RunTime:0.0015s ]
SQL: SHOW COLUMNS FROM `hls_slide` [ RunTime:0.0010s ]
SQL: SHOW COLUMNS FROM `hls_introduce` [ RunTime:0.0021s ]
SQL: SHOW COLUMNS FROM `hls_community_image` [ RunTime:0.0010s ]
SQL: SHOW COLUMNS FROM `hls_street_history` [ RunTime:0.0014s ]
SQL: SHOW COLUMNS FROM `hls_shop` [ RunTime:0.0021s ]
SQL: SHOW COLUMNS FROM `hls_posts` [ RunTime:0.0025s ]
SQL: SHOW COLUMNS FROM `hls_news` [ RunTime:0.0012s ]
SQL: SELECT * FROM `hls_slide` WHERE `deleted` IS NULL AND `recommend` = 1 ORDER BY re_time desc LIMIT 4   [ RunTime:0.0002s ]
SQL: SELECT * FROM `hls_active` WHERE `deleted` IS NULL AND `recommend` = 1 ORDER BY re_time desc LIMIT 4   [ RunTime:0.0003s ]
SQL: SELECT * FROM `hls_community_image` WHERE `deleted` IS NULL AND `recommend` = 1 ORDER BY re_time desc LIMIT 4   [ RunTime:0.0002s ]
SQL: SELECT * FROM `hls_street_history` WHERE `deleted` IS NULL AND `recommend` = 1 ORDER BY re_time desc LIMIT 4   [ RunTime:0.0005s ]
SQL: SELECT * FROM `hls_shop` WHERE `deleted` IS NULL AND `recommend` = 1 ORDER BY re_time desc LIMIT 4   [ RunTime:0.0002s ]
SQL: SELECT * FROM `hls_posts` WHERE `deleted` IS NULL AND `recommend` = 1 ORDER BY re_time desc LIMIT 4   [ RunTime:0.0006s ]
SQL: SELECT * FROM `hls_news` WHERE `deleted` IS NULL AND `recommend` = 1 ORDER BY re_time desc LIMIT 4   [ RunTime:0.0017s ]
INFO: [ view_parse ] --START--
INFO: [ template_filter ] --START--
INFO: Run Behavior\ContentReplaceBehavior [ RunTime:0.000520s ]
INFO: [ template_filter ] --END-- [ RunTime:0.000648s ]
INFO: Run Behavior\ParseTemplateBehavior [ RunTime:0.046092s ]
INFO: [ view_parse ] --END-- [ RunTime:0.046240s ]
INFO: [ view_filter ] --START--
INFO: Run Behavior\WriteHtmlCacheBehavior [ RunTime:0.000353s ]
INFO: Run Behavior\TokenBuildBehavior [ RunTime:0.000949s ]
INFO: [ view_filter ] --END-- [ RunTime:0.001458s ]
INFO: [ app_end ] --START--
INFO: Run Behavior\ShowPageTraceBehavior [ RunTime:0.000361s ]
INFO: [ app_end ] --END-- [ RunTime:0.000466s ]

