[ 2021-10-06T23:04:57+08:00 ] 157.55.39.40 /News/detail/id/19.html
INFO: [ app_init ] --START--
INFO: Run Behavior\BuildLiteBehavior [ RunTime:0.000026s ]
INFO: [ app_init ] --END-- [ RunTime:0.000155s ]
INFO: [ app_begin ] --START--
INFO: Run Behavior\ReadHtmlCacheBehavior [ RunTime:0.000338s ]
INFO: Run Behavior\CheckLangBehavior [ RunTime:0.001371s ]
INFO: [ app_begin ] --END-- [ RunTime:0.001876s ]
SQL: SHOW COLUMNS FROM `hls_active` [ RunTime:0.0017s ]
SQL: SELECT * FROM `hls_active` WHERE `deleted` IS NULL AND `status` = 'published' ORDER BY created desc LIMIT 3   [ RunTime:0.0003s ]
SQL: SHOW COLUMNS FROM `hls_news` [ RunTime:0.0012s ]
SQL: SELECT * FROM `hls_news` WHERE `deleted` IS NULL AND `status` = 'published' ORDER BY created desc LIMIT 3   [ RunTime:0.0004s ]
SQL: SHOW COLUMNS FROM `hls_media` [ RunTime:0.0013s ]
SQL: SELECT * FROM `hls_media` WHERE `deleted` IS NULL AND `status` = 'published' ORDER BY created desc LIMIT 3   [ RunTime:0.0004s ]
SQL: SHOW COLUMNS FROM `hls_media2` [ RunTime:0.0013s ]
SQL: SELECT * FROM `hls_media2` WHERE `deleted` IS NULL AND `status` = 'published' ORDER BY created desc LIMIT 3   [ RunTime:0.0003s ]
SQL: SHOW COLUMNS FROM `hls_street_history` [ RunTime:0.0013s ]
SQL: SELECT * FROM `hls_street_history` WHERE `deleted` IS NULL AND `status` = 'published' ORDER BY rand() LIMIT 1   [ RunTime:0.0021s ]
SQL: SHOW COLUMNS FROM `hls_shop` [ RunTime:0.0016s ]
SQL: SELECT * FROM `hls_shop` WHERE `deleted` IS NULL AND `status` = 'published' ORDER BY rand() LIMIT 1   [ RunTime:0.0040s ]
SQL: SHOW COLUMNS FROM `hls_posts` [ RunTime:0.0015s ]
SQL: SELECT * FROM `hls_posts` WHERE `deleted` IS NULL AND `status` = 'published' ORDER BY rand() LIMIT 1   [ RunTime:0.0027s ]
SQL: SELECT * FROM `hls_news` WHERE `id` = 19 LIMIT 1   [ RunTime:0.0008s ]
SQL: SELECT `id`,`title` FROM `hls_news` WHERE `deleted` IS NULL AND `status` = 'published' AND `id` > '19' ORDER BY id LIMIT 1   [ RunTime:0.0007s ]
SQL: SELECT `id`,`title` FROM `hls_news` WHERE `deleted` IS NULL AND `status` = 'published' AND `id` < '19' ORDER BY id desc LIMIT 1   [ RunTime:0.0007s ]
NOTIC: [8] Undefined variable: images /home/www/hollandshow.cn/App/Home/Controller/NewsController.class.php 第 96 行.
INFO: [ view_parse ] --START--
INFO: [ template_filter ] --START--
INFO: Run Behavior\ContentReplaceBehavior [ RunTime:0.000686s ]
INFO: [ template_filter ] --END-- [ RunTime:0.000798s ]
NOTIC: [8] Use of undefined constant News - assumed 'News' /home/www/hollandshow.cn/App/Runtime/Cache/Home/38f892f41c881145e695b1d1ec86bee9.php 第 284 行.
NOTIC: [8] Use of undefined constant detail - assumed 'detail' /home/www/hollandshow.cn/App/Runtime/Cache/Home/38f892f41c881145e695b1d1ec86bee9.php 第 284 行.
NOTIC: [2] Division by zero /home/www/hollandshow.cn/App/Runtime/Cache/Home/38f892f41c881145e695b1d1ec86bee9.php 第 284 行.
NOTIC: [8] Use of undefined constant News - assumed 'News' /home/www/hollandshow.cn/App/Runtime/Cache/Home/38f892f41c881145e695b1d1ec86bee9.php 第 289 行.
NOTIC: [8] Use of undefined constant detail - assumed 'detail' /home/www/hollandshow.cn/App/Runtime/Cache/Home/38f892f41c881145e695b1d1ec86bee9.php 第 289 行.
NOTIC: [2] Division by zero /home/www/hollandshow.cn/App/Runtime/Cache/Home/38f892f41c881145e695b1d1ec86bee9.php 第 289 行.
INFO: Run Behavior\ParseTemplateBehavior [ RunTime:0.046950s ]
INFO: [ view_parse ] --END-- [ RunTime:0.047056s ]
INFO: [ view_filter ] --START--
INFO: Run Behavior\WriteHtmlCacheBehavior [ RunTime:0.000352s ]
INFO: Run Behavior\TokenBuildBehavior [ RunTime:0.001013s ]
INFO: [ view_filter ] --END-- [ RunTime:0.001521s ]
INFO: [ app_end ] --START--
INFO: Run Behavior\ShowPageTraceBehavior [ RunTime:0.000339s ]
INFO: [ app_end ] --END-- [ RunTime:0.000444s ]

[ 2021-10-06T23:17:01+08:00 ] 51.222.253.13 /Media2/detail/id/26.html
INFO: [ app_init ] --START--
INFO: Run Behavior\BuildLiteBehavior [ RunTime:0.000027s ]
INFO: [ app_init ] --END-- [ RunTime:0.000143s ]
INFO: [ app_begin ] --START--
INFO: Run Behavior\ReadHtmlCacheBehavior [ RunTime:0.000335s ]
INFO: Run Behavior\CheckLangBehavior [ RunTime:0.001398s ]
INFO: [ app_begin ] --END-- [ RunTime:0.001895s ]
SQL: SHOW COLUMNS FROM `hls_active` [ RunTime:0.0018s ]
SQL: SELECT * FROM `hls_active` WHERE `deleted` IS NULL AND `status` = 'published' ORDER BY created desc LIMIT 3   [ RunTime:0.0003s ]
SQL: SHOW COLUMNS FROM `hls_news` [ RunTime:0.0014s ]
SQL: SELECT * FROM `hls_news` WHERE `deleted` IS NULL AND `status` = 'published' ORDER BY created desc LIMIT 3   [ RunTime:0.0005s ]
SQL: SHOW COLUMNS FROM `hls_media` [ RunTime:0.0013s ]
SQL: SELECT * FROM `hls_media` WHERE `deleted` IS NULL AND `status` = 'published' ORDER BY created desc LIMIT 3   [ RunTime:0.0002s ]
SQL: SHOW COLUMNS FROM `hls_media2` [ RunTime:0.0014s ]
SQL: SELECT * FROM `hls_media2` WHERE `deleted` IS NULL AND `status` = 'published' ORDER BY created desc LIMIT 3   [ RunTime:0.0004s ]
SQL: SHOW COLUMNS FROM `hls_street_history` [ RunTime:0.0014s ]
SQL: SELECT * FROM `hls_street_history` WHERE `deleted` IS NULL AND `status` = 'published' ORDER BY rand() LIMIT 1   [ RunTime:0.0021s ]
SQL: SHOW COLUMNS FROM `hls_shop` [ RunTime:0.0016s ]
SQL: SELECT * FROM `hls_shop` WHERE `deleted` IS NULL AND `status` = 'published' ORDER BY rand() LIMIT 1   [ RunTime:0.0117s ]
SQL: SHOW COLUMNS FROM `hls_posts` [ RunTime:0.0015s ]
SQL: SELECT * FROM `hls_posts` WHERE `deleted` IS NULL AND `status` = 'published' ORDER BY rand() LIMIT 1   [ RunTime:0.0026s ]
SQL: SELECT * FROM `hls_media2` WHERE `id` = 26 LIMIT 1   [ RunTime:0.0008s ]
SQL: SELECT `id`,`title` FROM `hls_media2` WHERE `deleted` IS NULL AND `status` = 'published' AND `id` > '26' ORDER BY id LIMIT 1   [ RunTime:0.0008s ]
SQL: SELECT `id`,`title` FROM `hls_media2` WHERE `deleted` IS NULL AND `status` = 'published' AND `id` < '26' ORDER BY id desc LIMIT 1   [ RunTime:0.0010s ]
NOTIC: [8] Undefined variable: images /home/www/hollandshow.cn/App/Home/Controller/Media2Controller.class.php 第 96 行.
INFO: [ view_parse ] --START--
INFO: [ template_filter ] --START--
INFO: Run Behavior\ContentReplaceBehavior [ RunTime:0.000699s ]
INFO: [ template_filter ] --END-- [ RunTime:0.000825s ]
NOTIC: [8] Use of undefined constant Media2 - assumed 'Media2' /home/www/hollandshow.cn/App/Runtime/Cache/Home/864d246ff380ef3e12a193d2cb2c2f70.php 第 282 行.
NOTIC: [8] Use of undefined constant detail - assumed 'detail' /home/www/hollandshow.cn/App/Runtime/Cache/Home/864d246ff380ef3e12a193d2cb2c2f70.php 第 282 行.
NOTIC: [2] Division by zero /home/www/hollandshow.cn/App/Runtime/Cache/Home/864d246ff380ef3e12a193d2cb2c2f70.php 第 282 行.
NOTIC: [8] Use of undefined constant Media2 - assumed 'Media2' /home/www/hollandshow.cn/App/Runtime/Cache/Home/864d246ff380ef3e12a193d2cb2c2f70.php 第 287 行.
NOTIC: [8] Use of undefined constant detail - assumed 'detail' /home/www/hollandshow.cn/App/Runtime/Cache/Home/864d246ff380ef3e12a193d2cb2c2f70.php 第 287 行.
NOTIC: [2] Division by zero /home/www/hollandshow.cn/App/Runtime/Cache/Home/864d246ff380ef3e12a193d2cb2c2f70.php 第 287 行.
INFO: Run Behavior\ParseTemplateBehavior [ RunTime:0.048426s ]
INFO: [ view_parse ] --END-- [ RunTime:0.048532s ]
INFO: [ view_filter ] --START--
INFO: Run Behavior\WriteHtmlCacheBehavior [ RunTime:0.000337s ]
INFO: Run Behavior\TokenBuildBehavior [ RunTime:0.001006s ]
INFO: [ view_filter ] --END-- [ RunTime:0.001500s ]
INFO: [ app_end ] --START--
INFO: Run Behavior\ShowPageTraceBehavior [ RunTime:0.000355s ]
INFO: [ app_end ] --END-- [ RunTime:0.000490s ]

[ 2021-10-06T23:48:00+08:00 ] 51.222.253.14 /Shop/detail/id/122.html
INFO: [ app_init ] --START--
INFO: Run Behavior\BuildLiteBehavior [ RunTime:0.000025s ]
INFO: [ app_init ] --END-- [ RunTime:0.000136s ]
INFO: [ app_begin ] --START--
INFO: Run Behavior\ReadHtmlCacheBehavior [ RunTime:0.000331s ]
INFO: Run Behavior\CheckLangBehavior [ RunTime:0.001381s ]
INFO: [ app_begin ] --END-- [ RunTime:0.001875s ]
SQL: SHOW COLUMNS FROM `hls_active` [ RunTime:0.0017s ]
SQL: SELECT * FROM `hls_active` WHERE `deleted` IS NULL AND `status` = 'published' ORDER BY created desc LIMIT 3   [ RunTime:0.0004s ]
SQL: SHOW COLUMNS FROM `hls_news` [ RunTime:0.0014s ]
SQL: SELECT * FROM `hls_news` WHERE `deleted` IS NULL AND `status` = 'published' ORDER BY created desc LIMIT 3   [ RunTime:0.0005s ]
SQL: SHOW COLUMNS FROM `hls_media` [ RunTime:0.0014s ]
SQL: SELECT * FROM `hls_media` WHERE `deleted` IS NULL AND `status` = 'published' ORDER BY created desc LIMIT 3   [ RunTime:0.0003s ]
SQL: SHOW COLUMNS FROM `hls_media2` [ RunTime:0.0015s ]
SQL: SELECT * FROM `hls_media2` WHERE `deleted` IS NULL AND `status` = 'published' ORDER BY created desc LIMIT 3   [ RunTime:0.0004s ]
SQL: SHOW COLUMNS FROM `hls_street_history` [ RunTime:0.0015s ]
SQL: SELECT * FROM `hls_street_history` WHERE `deleted` IS NULL AND `status` = 'published' ORDER BY rand() LIMIT 1   [ RunTime:0.0022s ]
SQL: SHOW COLUMNS FROM `hls_shop` [ RunTime:0.0018s ]
SQL: SELECT * FROM `hls_shop` WHERE `deleted` IS NULL AND `status` = 'published' ORDER BY rand() LIMIT 1   [ RunTime:0.0041s ]
SQL: SHOW COLUMNS FROM `hls_posts` [ RunTime:0.0016s ]
SQL: SELECT * FROM `hls_posts` WHERE `deleted` IS NULL AND `status` = 'published' ORDER BY rand() LIMIT 1   [ RunTime:0.0026s ]
SQL: SHOW COLUMNS FROM `hls_shop` [ RunTime:0.0016s ]
SQL: SHOW COLUMNS FROM `hls_street` [ RunTime:0.0011s ]
SQL: SELECT * FROM `hls_shop` WHERE `id` = 122 LIMIT 1   [ RunTime:0.0006s ]
SQL: SHOW COLUMNS FROM `hls_files` [ RunTime:0.0010s ]
SQL: SELECT `save_path`,`extension` FROM `hls_files` WHERE ( id=414 ) LIMIT 1   [ RunTime:0.0006s ]
SQL: SELECT `save_path`,`extension` FROM `hls_files` WHERE ( id=415 ) LIMIT 1   [ RunTime:0.0004s ]
SQL: SELECT `save_path`,`extension` FROM `hls_files` WHERE ( id=416 ) LIMIT 1   [ RunTime:0.0004s ]
SQL: SELECT `save_path`,`extension` FROM `hls_files` WHERE ( id=417 ) LIMIT 1   [ RunTime:0.0003s ]
SQL: SELECT `id`,`title` FROM `hls_shop` WHERE `deleted` IS NULL AND `status` = 'published' AND `id` > '122' ORDER BY id LIMIT 1   [ RunTime:0.0006s ]
SQL: SELECT `id`,`title` FROM `hls_shop` WHERE `deleted` IS NULL AND `status` = 'published' AND `id` < '122' ORDER BY id desc LIMIT 1   [ RunTime:0.0005s ]
SQL: SELECT * FROM `hls_shop` WHERE `deleted` IS NULL AND `status` = 'published' AND `recommend` = 1 ORDER BY rand() LIMIT 6   [ RunTime:0.0027s ]
INFO: [ view_parse ] --START--
INFO: [ template_filter ] --START--
INFO: Run Behavior\ContentReplaceBehavior [ RunTime:0.000823s ]
INFO: [ template_filter ] --END-- [ RunTime:0.000966s ]
NOTIC: [8] Undefined variable: post /home/www/hollandshow.cn/App/Runtime/Cache/Home/8fb202fbf98965ec9534ee7b37c036b3.php 第 254 行.
NOTIC: [8] Undefined variable: post /home/www/hollandshow.cn/App/Runtime/Cache/Home/8fb202fbf98965ec9534ee7b37c036b3.php 第 255 行.
NOTIC: [8] Use of undefined constant Shop - assumed 'Shop' /home/www/hollandshow.cn/App/Runtime/Cache/Home/8fb202fbf98965ec9534ee7b37c036b3.php 第 322 行.
NOTIC: [8] Use of undefined constant detail - assumed 'detail' /home/www/hollandshow.cn/App/Runtime/Cache/Home/8fb202fbf98965ec9534ee7b37c036b3.php 第 322 行.
NOTIC: [2] Division by zero /home/www/hollandshow.cn/App/Runtime/Cache/Home/8fb202fbf98965ec9534ee7b37c036b3.php 第 322 行.
NOTIC: [8] Use of undefined constant Shop - assumed 'Shop' /home/www/hollandshow.cn/App/Runtime/Cache/Home/8fb202fbf98965ec9534ee7b37c036b3.php 第 327 行.
NOTIC: [8] Use of undefined constant detail - assumed 'detail' /home/www/hollandshow.cn/App/Runtime/Cache/Home/8fb202fbf98965ec9534ee7b37c036b3.php 第 327 行.
NOTIC: [2] Division by zero /home/www/hollandshow.cn/App/Runtime/Cache/Home/8fb202fbf98965ec9534ee7b37c036b3.php 第 327 行.
NOTIC: [8] Use of undefined constant Shop - assumed 'Shop' /home/www/hollandshow.cn/App/Runtime/Cache/Home/8fb202fbf98965ec9534ee7b37c036b3.php 第 342 行.
NOTIC: [8] Use of undefined constant detail - assumed 'detail' /home/www/hollandshow.cn/App/Runtime/Cache/Home/8fb202fbf98965ec9534ee7b37c036b3.php 第 342 行.
NOTIC: [2] Division by zero /home/www/hollandshow.cn/App/Runtime/Cache/Home/8fb202fbf98965ec9534ee7b37c036b3.php 第 342 行.
NOTIC: [8] Use of undefined constant Shop - assumed 'Shop' /home/www/hollandshow.cn/App/Runtime/Cache/Home/8fb202fbf98965ec9534ee7b37c036b3.php 第 342 行.
NOTIC: [8] Use of undefined constant detail - assumed 'detail' /home/www/hollandshow.cn/App/Runtime/Cache/Home/8fb202fbf98965ec9534ee7b37c036b3.php 第 342 行.
NOTIC: [2] Division by zero /home/www/hollandshow.cn/App/Runtime/Cache/Home/8fb202fbf98965ec9534ee7b37c036b3.php 第 342 行.
NOTIC: [8] Use of undefined constant Shop - assumed 'Shop' /home/www/hollandshow.cn/App/Runtime/Cache/Home/8fb202fbf98965ec9534ee7b37c036b3.php 第 342 行.
NOTIC: [8] Use of undefined constant detail - assumed 'detail' /home/www/hollandshow.cn/App/Runtime/Cache/Home/8fb202fbf98965ec9534ee7b37c036b3.php 第 342 行.
NOTIC: [2] Division by zero /home/www/hollandshow.cn/App/Runtime/Cache/Home/8fb202fbf98965ec9534ee7b37c036b3.php 第 342 行.
NOTIC: [8] Use of undefined constant Shop - assumed 'Shop' /home/www/hollandshow.cn/App/Runtime/Cache/Home/8fb202fbf98965ec9534ee7b37c036b3.php 第 342 行.
NOTIC: [8] Use of undefined constant detail - assumed 'detail' /home/www/hollandshow.cn/App/Runtime/Cache/Home/8fb202fbf98965ec9534ee7b37c036b3.php 第 342 行.
NOTIC: [2] Division by zero /home/www/hollandshow.cn/App/Runtime/Cache/Home/8fb202fbf98965ec9534ee7b37c036b3.php 第 342 行.
NOTIC: [8] Use of undefined constant Shop - assumed 'Shop' /home/www/hollandshow.cn/App/Runtime/Cache/Home/8fb202fbf98965ec9534ee7b37c036b3.php 第 342 行.
NOTIC: [8] Use of undefined constant detail - assumed 'detail' /home/www/hollandshow.cn/App/Runtime/Cache/Home/8fb202fbf98965ec9534ee7b37c036b3.php 第 342 行.
NOTIC: [2] Division by zero /home/www/hollandshow.cn/App/Runtime/Cache/Home/8fb202fbf98965ec9534ee7b37c036b3.php 第 342 行.
NOTIC: [8] Use of undefined constant Shop - assumed 'Shop' /home/www/hollandshow.cn/App/Runtime/Cache/Home/8fb202fbf98965ec9534ee7b37c036b3.php 第 342 行.
NOTIC: [8] Use of undefined constant detail - assumed 'detail' /home/www/hollandshow.cn/App/Runtime/Cache/Home/8fb202fbf98965ec9534ee7b37c036b3.php 第 342 行.
NOTIC: [2] Division by zero /home/www/hollandshow.cn/App/Runtime/Cache/Home/8fb202fbf98965ec9534ee7b37c036b3.php 第 342 行.
NOTIC: [8] Use of undefined constant Shop - assumed 'Shop' /home/www/hollandshow.cn/App/Runtime/Cache/Home/8fb202fbf98965ec9534ee7b37c036b3.php 第 456 行.
NOTIC: [8] Use of undefined constant detail - assumed 'detail' /home/www/hollandshow.cn/App/Runtime/Cache/Home/8fb202fbf98965ec9534ee7b37c036b3.php 第 456 行.
NOTIC: [2] Division by zero /home/www/hollandshow.cn/App/Runtime/Cache/Home/8fb202fbf98965ec9534ee7b37c036b3.php 第 456 行.
NOTIC: [8] Use of undefined constant Shop - assumed 'Shop' /home/www/hollandshow.cn/App/Runtime/Cache/Home/8fb202fbf98965ec9534ee7b37c036b3.php 第 456 行.
NOTIC: [8] Use of undefined constant detail - assumed 'detail' /home/www/hollandshow.cn/App/Runtime/Cache/Home/8fb202fbf98965ec9534ee7b37c036b3.php 第 456 行.
NOTIC: [2] Division by zero /home/www/hollandshow.cn/App/Runtime/Cache/Home/8fb202fbf98965ec9534ee7b37c036b3.php 第 456 行.
NOTIC: [8] Use of undefined constant Shop - assumed 'Shop' /home/www/hollandshow.cn/App/Runtime/Cache/Home/8fb202fbf98965ec9534ee7b37c036b3.php 第 456 行.
NOTIC: [8] Use of undefined constant detail - assumed 'detail' /home/www/hollandshow.cn/App/Runtime/Cache/Home/8fb202fbf98965ec9534ee7b37c036b3.php 第 456 行.
NOTIC: [2] Division by zero /home/www/hollandshow.cn/App/Runtime/Cache/Home/8fb202fbf98965ec9534ee7b37c036b3.php 第 456 行.
NOTIC: [8] Use of undefined constant Shop - assumed 'Shop' /home/www/hollandshow.cn/App/Runtime/Cache/Home/8fb202fbf98965ec9534ee7b37c036b3.php 第 456 行.
NOTIC: [8] Use of undefined constant detail - assumed 'detail' /home/www/hollandshow.cn/App/Runtime/Cache/Home/8fb202fbf98965ec9534ee7b37c036b3.php 第 456 行.
NOTIC: [2] Division by zero /home/www/hollandshow.cn/App/Runtime/Cache/Home/8fb202fbf98965ec9534ee7b37c036b3.php 第 456 行.
NOTIC: [8] Use of undefined constant Shop - assumed 'Shop' /home/www/hollandshow.cn/App/Runtime/Cache/Home/8fb202fbf98965ec9534ee7b37c036b3.php 第 456 行.
NOTIC: [8] Use of undefined constant detail - assumed 'detail' /home/www/hollandshow.cn/App/Runtime/Cache/Home/8fb202fbf98965ec9534ee7b37c036b3.php 第 456 行.
NOTIC: [2] Division by zero /home/www/hollandshow.cn/App/Runtime/Cache/Home/8fb202fbf98965ec9534ee7b37c036b3.php 第 456 行.
NOTIC: [8] Use of undefined constant Shop - assumed 'Shop' /home/www/hollandshow.cn/App/Runtime/Cache/Home/8fb202fbf98965ec9534ee7b37c036b3.php 第 456 行.
NOTIC: [8] Use of undefined constant detail - assumed 'detail' /home/www/hollandshow.cn/App/Runtime/Cache/Home/8fb202fbf98965ec9534ee7b37c036b3.php 第 456 行.
NOTIC: [2] Division by zero /home/www/hollandshow.cn/App/Runtime/Cache/Home/8fb202fbf98965ec9534ee7b37c036b3.php 第 456 行.
INFO: Run Behavior\ParseTemplateBehavior [ RunTime:0.063658s ]
INFO: [ view_parse ] --END-- [ RunTime:0.063766s ]
INFO: [ view_filter ] --START--
INFO: Run Behavior\WriteHtmlCacheBehavior [ RunTime:0.000347s ]
INFO: Run Behavior\TokenBuildBehavior [ RunTime:0.001131s ]
INFO: [ view_filter ] --END-- [ RunTime:0.001648s ]
INFO: [ app_end ] --START--
INFO: Run Behavior\ShowPageTraceBehavior [ RunTime:0.000343s ]
INFO: [ app_end ] --END-- [ RunTime:0.000449s ]

[ 2021-10-06T23:51:05+08:00 ] 114.119.145.194 /robots.txt
INFO: [ app_init ] --START--
INFO: Run Behavior\BuildLiteBehavior [ RunTime:0.000028s ]
INFO: [ app_init ] --END-- [ RunTime:0.000138s ]
INFO: [ app_begin ] --START--
INFO: Run Behavior\ReadHtmlCacheBehavior [ RunTime:0.000348s ]
INFO: Run Behavior\CheckLangBehavior [ RunTime:0.001382s ]
INFO: [ app_begin ] --END-- [ RunTime:0.001897s ]
ERR: 無法載入控制器:Robots.txt

