[ 2019-11-23T11:14:01+08:00 ] 202.175.81.199 /api/index
INFO: [ app_init ] --START--
INFO: Run Behavior\BuildLiteBehavior [ RunTime:0.000031s ]
INFO: [ app_init ] --END-- [ RunTime:0.000146s ]
INFO: [ app_begin ] --START--
INFO: Run Behavior\ReadHtmlCacheBehavior [ RunTime:0.000351s ]
INFO: Run Behavior\CheckLangBehavior [ RunTime:0.001458s ]
INFO: [ app_begin ] --END-- [ RunTime:0.001974s ]
SQL: SHOW COLUMNS FROM `hls_active` [ RunTime:0.0020s ]
SQL: SHOW COLUMNS FROM `hls_shop` [ RunTime:0.0021s ]
SQL: SHOW COLUMNS FROM `hls_posts` [ RunTime:0.0016s ]
SQL: SHOW COLUMNS FROM `hls_news` [ RunTime:0.0014s ]
SQL: SHOW COLUMNS FROM `hls_street_history` [ RunTime:0.0014s ]
SQL: SHOW COLUMNS FROM `hls_slide` [ RunTime:0.0011s ]
SQL: SELECT `id`,`title`,`cover`,`cover_width_300`,`latitude`,`longitude`,`created` FROM `hls_active` WHERE `recommend` = 1 AND `latitude` <> 0 AND `deleted` IS NULL ORDER BY created desc LIMIT 10   [ RunTime:0.0012s ]
SQL: SELECT `id`,`title`,`cover`,`cover_width_300`,`latitude`,`longitude`,`created` FROM `hls_shop` WHERE `recommend` = 1 AND `latitude` <> 0 AND `deleted` IS NULL AND `type` = 'cate' ORDER BY created asc LIMIT 10   [ RunTime:0.0016s ]
SQL: SELECT `id`,`title`,`cover`,`cover_width_300`,`latitude`,`longitude`,`created` FROM `hls_posts` WHERE `recommend` = 1 AND `latitude` <> 0 AND `deleted` IS NULL ORDER BY created asc LIMIT 10   [ RunTime:0.0012s ]

[ 2019-11-23T11:14:06+08:00 ] 202.175.81.199 /api/detail/type/activity/id/24
INFO: [ app_init ] --START--
INFO: Run Behavior\BuildLiteBehavior [ RunTime:0.000043s ]
INFO: [ app_init ] --END-- [ RunTime:0.000160s ]
INFO: [ app_begin ] --START--
INFO: Run Behavior\ReadHtmlCacheBehavior [ RunTime:0.000353s ]
INFO: Run Behavior\CheckLangBehavior [ RunTime:0.001455s ]
INFO: [ app_begin ] --END-- [ RunTime:0.001971s ]
SQL: SHOW COLUMNS FROM `hls_active` [ RunTime:0.0019s ]
SQL: SHOW COLUMNS FROM `hls_shop` [ RunTime:0.0016s ]
SQL: SHOW COLUMNS FROM `hls_posts` [ RunTime:0.0015s ]
SQL: SHOW COLUMNS FROM `hls_news` [ RunTime:0.0013s ]
SQL: SHOW COLUMNS FROM `hls_street_history` [ RunTime:0.0013s ]
SQL: SHOW COLUMNS FROM `hls_slide` [ RunTime:0.0010s ]
SQL: SELECT * FROM `hls_active` WHERE `id` = 24 LIMIT 1   [ RunTime:0.0006s ]

[ 2019-11-23T11:14:14+08:00 ] 202.175.81.199 /api/detail/type/activity/id/23
INFO: [ app_init ] --START--
INFO: Run Behavior\BuildLiteBehavior [ RunTime:0.000018s ]
INFO: [ app_init ] --END-- [ RunTime:0.000089s ]
INFO: [ app_begin ] --START--
INFO: Run Behavior\ReadHtmlCacheBehavior [ RunTime:0.000200s ]
INFO: Run Behavior\CheckLangBehavior [ RunTime:0.000816s ]
INFO: [ app_begin ] --END-- [ RunTime:0.001114s ]
SQL: SHOW COLUMNS FROM `hls_active` [ RunTime:0.0010s ]
SQL: SHOW COLUMNS FROM `hls_shop` [ RunTime:0.0010s ]
SQL: SHOW COLUMNS FROM `hls_posts` [ RunTime:0.0009s ]
SQL: SHOW COLUMNS FROM `hls_news` [ RunTime:0.0008s ]
SQL: SHOW COLUMNS FROM `hls_street_history` [ RunTime:0.0008s ]
SQL: SHOW COLUMNS FROM `hls_slide` [ RunTime:0.0007s ]
SQL: SELECT * FROM `hls_active` WHERE `id` = 23 LIMIT 1   [ RunTime:0.0005s ]

[ 2019-11-23T11:14:28+08:00 ] 202.175.81.199 /api/detail/type/activity/id/19
INFO: [ app_init ] --START--
INFO: Run Behavior\BuildLiteBehavior [ RunTime:0.000024s ]
INFO: [ app_init ] --END-- [ RunTime:0.000137s ]
INFO: [ app_begin ] --START--
INFO: Run Behavior\ReadHtmlCacheBehavior [ RunTime:0.000337s ]
INFO: Run Behavior\CheckLangBehavior [ RunTime:0.001404s ]
INFO: [ app_begin ] --END-- [ RunTime:0.001914s ]
SQL: SHOW COLUMNS FROM `hls_active` [ RunTime:0.0017s ]
SQL: SHOW COLUMNS FROM `hls_shop` [ RunTime:0.0015s ]
SQL: SHOW COLUMNS FROM `hls_posts` [ RunTime:0.0014s ]
SQL: SHOW COLUMNS FROM `hls_news` [ RunTime:0.0012s ]
SQL: SHOW COLUMNS FROM `hls_street_history` [ RunTime:0.0012s ]
SQL: SHOW COLUMNS FROM `hls_slide` [ RunTime:0.0009s ]
SQL: SELECT * FROM `hls_active` WHERE `id` = 19 LIMIT 1   [ RunTime:0.0010s ]

[ 2019-11-23T11:14:35+08:00 ] 202.175.81.199 /api/detail/type/activity/id/18
INFO: [ app_init ] --START--
INFO: Run Behavior\BuildLiteBehavior [ RunTime:0.000029s ]
INFO: [ app_init ] --END-- [ RunTime:0.000144s ]
INFO: [ app_begin ] --START--
INFO: Run Behavior\ReadHtmlCacheBehavior [ RunTime:0.000378s ]
INFO: Run Behavior\CheckLangBehavior [ RunTime:0.001474s ]
INFO: [ app_begin ] --END-- [ RunTime:0.002017s ]
SQL: SHOW COLUMNS FROM `hls_active` [ RunTime:0.0018s ]
SQL: SHOW COLUMNS FROM `hls_shop` [ RunTime:0.0016s ]
SQL: SHOW COLUMNS FROM `hls_posts` [ RunTime:0.0016s ]
SQL: SHOW COLUMNS FROM `hls_news` [ RunTime:0.0013s ]
SQL: SHOW COLUMNS FROM `hls_street_history` [ RunTime:0.0016s ]
SQL: SHOW COLUMNS FROM `hls_slide` [ RunTime:0.0010s ]
SQL: SELECT * FROM `hls_active` WHERE `id` = 18 LIMIT 1   [ RunTime:0.0009s ]

[ 2019-11-23T11:14:40+08:00 ] 202.175.81.199 /api/detail/type/activity/id/14
INFO: [ app_init ] --START--
INFO: Run Behavior\BuildLiteBehavior [ RunTime:0.000031s ]
INFO: [ app_init ] --END-- [ RunTime:0.000147s ]
INFO: [ app_begin ] --START--
INFO: Run Behavior\ReadHtmlCacheBehavior [ RunTime:0.000348s ]
INFO: Run Behavior\CheckLangBehavior [ RunTime:0.001431s ]
INFO: [ app_begin ] --END-- [ RunTime:0.001944s ]
SQL: SHOW COLUMNS FROM `hls_active` [ RunTime:0.0017s ]
SQL: SHOW COLUMNS FROM `hls_shop` [ RunTime:0.0015s ]
SQL: SHOW COLUMNS FROM `hls_posts` [ RunTime:0.0017s ]
SQL: SHOW COLUMNS FROM `hls_news` [ RunTime:0.0013s ]
SQL: SHOW COLUMNS FROM `hls_street_history` [ RunTime:0.0013s ]
SQL: SHOW COLUMNS FROM `hls_slide` [ RunTime:0.0010s ]
SQL: SELECT * FROM `hls_active` WHERE `id` = 14 LIMIT 1   [ RunTime:0.0009s ]

[ 2019-11-23T11:14:52+08:00 ] 202.175.81.199 /api/banner/id/3
INFO: [ app_init ] --START--
INFO: Run Behavior\BuildLiteBehavior [ RunTime:0.000024s ]
INFO: [ app_init ] --END-- [ RunTime:0.000144s ]
INFO: [ app_begin ] --START--
INFO: Run Behavior\ReadHtmlCacheBehavior [ RunTime:0.000365s ]
INFO: Run Behavior\CheckLangBehavior [ RunTime:0.001513s ]
INFO: [ app_begin ] --END-- [ RunTime:0.002046s ]
SQL: SHOW COLUMNS FROM `hls_active` [ RunTime:0.0019s ]
SQL: SHOW COLUMNS FROM `hls_shop` [ RunTime:0.0102s ]
SQL: SHOW COLUMNS FROM `hls_posts` [ RunTime:0.0016s ]
SQL: SHOW COLUMNS FROM `hls_news` [ RunTime:0.0012s ]
SQL: SHOW COLUMNS FROM `hls_street_history` [ RunTime:0.0012s ]
SQL: SHOW COLUMNS FROM `hls_slide` [ RunTime:0.0009s ]
SQL: SELECT * FROM `hls_slide` WHERE `id` = 3 LIMIT 1   [ RunTime:0.0010s ]

[ 2019-11-23T11:14:52+08:00 ] 202.175.81.199 /api/lists/type/activity/p/
INFO: [ app_init ] --START--
INFO: Run Behavior\BuildLiteBehavior [ RunTime:0.000028s ]
INFO: [ app_init ] --END-- [ RunTime:0.000135s ]
INFO: [ app_begin ] --START--
INFO: Run Behavior\ReadHtmlCacheBehavior [ RunTime:0.001232s ]
INFO: Run Behavior\CheckLangBehavior [ RunTime:0.002169s ]
INFO: [ app_begin ] --END-- [ RunTime:0.003587s ]
SQL: SHOW COLUMNS FROM `hls_active` [ RunTime:0.0016s ]
SQL: SHOW COLUMNS FROM `hls_shop` [ RunTime:0.0015s ]
SQL: SHOW COLUMNS FROM `hls_posts` [ RunTime:0.0014s ]
SQL: SHOW COLUMNS FROM `hls_news` [ RunTime:0.0012s ]
SQL: SHOW COLUMNS FROM `hls_street_history` [ RunTime:0.0014s ]
SQL: SHOW COLUMNS FROM `hls_slide` [ RunTime:0.0009s ]
SQL: SELECT * FROM `hls_active` WHERE `deleted` IS NULL ORDER BY created desc  [ RunTime:0.0016s ]
SQL: SELECT * FROM `hls_news` WHERE `deleted` IS NULL ORDER BY created desc  [ RunTime:0.0034s ]

[ 2019-11-23T11:14:59+08:00 ] 202.175.81.199 /api/detail/type/news/id/13
INFO: [ app_init ] --START--
INFO: Run Behavior\BuildLiteBehavior [ RunTime:0.000024s ]
INFO: [ app_init ] --END-- [ RunTime:0.000137s ]
INFO: [ app_begin ] --START--
INFO: Run Behavior\ReadHtmlCacheBehavior [ RunTime:0.000340s ]
INFO: Run Behavior\CheckLangBehavior [ RunTime:0.001427s ]
INFO: [ app_begin ] --END-- [ RunTime:0.001931s ]
SQL: SHOW COLUMNS FROM `hls_active` [ RunTime:0.0017s ]
SQL: SHOW COLUMNS FROM `hls_shop` [ RunTime:0.0016s ]
SQL: SHOW COLUMNS FROM `hls_posts` [ RunTime:0.0015s ]
SQL: SHOW COLUMNS FROM `hls_news` [ RunTime:0.0013s ]
SQL: SHOW COLUMNS FROM `hls_street_history` [ RunTime:0.0013s ]
SQL: SHOW COLUMNS FROM `hls_slide` [ RunTime:0.0011s ]
SQL: SELECT * FROM `hls_news` WHERE `id` = 13 LIMIT 1   [ RunTime:0.0010s ]

[ 2019-11-23T11:15:08+08:00 ] 202.175.81.199 /api/detail/type/news/id/8
INFO: [ app_init ] --START--
INFO: Run Behavior\BuildLiteBehavior [ RunTime:0.000029s ]
INFO: [ app_init ] --END-- [ RunTime:0.000153s ]
INFO: [ app_begin ] --START--
INFO: Run Behavior\ReadHtmlCacheBehavior [ RunTime:0.000350s ]
INFO: Run Behavior\CheckLangBehavior [ RunTime:0.001450s ]
INFO: [ app_begin ] --END-- [ RunTime:0.001963s ]
SQL: SHOW COLUMNS FROM `hls_active` [ RunTime:0.0017s ]
SQL: SHOW COLUMNS FROM `hls_shop` [ RunTime:0.0016s ]
SQL: SHOW COLUMNS FROM `hls_posts` [ RunTime:0.0016s ]
SQL: SHOW COLUMNS FROM `hls_news` [ RunTime:0.0012s ]
SQL: SHOW COLUMNS FROM `hls_street_history` [ RunTime:0.0013s ]
SQL: SHOW COLUMNS FROM `hls_slide` [ RunTime:0.0010s ]
SQL: SELECT * FROM `hls_news` WHERE `id` = 8 LIMIT 1   [ RunTime:0.0008s ]

[ 2019-11-23T11:15:11+08:00 ] 202.175.81.199 /api/detail/type/news/id/6
INFO: [ app_init ] --START--
INFO: Run Behavior\BuildLiteBehavior [ RunTime:0.000039s ]
INFO: [ app_init ] --END-- [ RunTime:0.000203s ]
INFO: [ app_begin ] --START--
INFO: Run Behavior\ReadHtmlCacheBehavior [ RunTime:0.000384s ]
INFO: Run Behavior\CheckLangBehavior [ RunTime:0.001475s ]
INFO: [ app_begin ] --END-- [ RunTime:0.002025s ]
SQL: SHOW COLUMNS FROM `hls_active` [ RunTime:0.0018s ]
SQL: SHOW COLUMNS FROM `hls_shop` [ RunTime:0.0015s ]
SQL: SHOW COLUMNS FROM `hls_posts` [ RunTime:0.0015s ]
SQL: SHOW COLUMNS FROM `hls_news` [ RunTime:0.0012s ]
SQL: SHOW COLUMNS FROM `hls_street_history` [ RunTime:0.0015s ]
SQL: SHOW COLUMNS FROM `hls_slide` [ RunTime:0.0011s ]
SQL: SELECT * FROM `hls_news` WHERE `id` = 6 LIMIT 1   [ RunTime:0.0014s ]

