[ 2020-07-12T03:45:53+08:00 ] 202.175.81.199 /api/index
INFO: [ app_init ] --START--
INFO: Run Behavior\BuildLiteBehavior [ RunTime:0.000027s ]
INFO: [ app_init ] --END-- [ RunTime:0.000138s ]
INFO: [ app_begin ] --START--
INFO: Run Behavior\ReadHtmlCacheBehavior [ RunTime:0.000375s ]
INFO: Run Behavior\CheckLangBehavior [ RunTime:0.001459s ]
INFO: [ app_begin ] --END-- [ RunTime:0.002000s ]
SQL: SHOW COLUMNS FROM `hls_active` [ RunTime:0.0017s ]
SQL: SHOW COLUMNS FROM `hls_shop` [ RunTime:0.0016s ]
SQL: SHOW COLUMNS FROM `hls_posts` [ RunTime:0.0015s ]
SQL: SHOW COLUMNS FROM `hls_news` [ RunTime:0.0013s ]
SQL: SHOW COLUMNS FROM `hls_street_history` [ RunTime:0.0012s ]
SQL: SHOW COLUMNS FROM `hls_slide` [ RunTime:0.0009s ]
SQL: SELECT `id`,`title`,`cover`,`cover_width_300`,`latitude`,`longitude`,`created` FROM `hls_active` WHERE `recommend` = 1 AND `latitude` <> 0 AND `deleted` IS NULL ORDER BY created desc LIMIT 10   [ RunTime:0.0013s ]
SQL: SELECT `id`,`title`,`cover`,`cover_width_300`,`latitude`,`longitude`,`created` FROM `hls_shop` WHERE `recommend` = 1 AND `latitude` <> 0 AND `deleted` IS NULL AND `type` = 'cate' ORDER BY created asc LIMIT 10   [ RunTime:0.0016s ]
SQL: SELECT `id`,`title`,`cover`,`cover_width_300`,`latitude`,`longitude`,`created` FROM `hls_posts` WHERE `recommend` = 1 AND `latitude` <> 0 AND `deleted` IS NULL ORDER BY created asc LIMIT 10   [ RunTime:0.0011s ]

[ 2020-07-12T03:45:53+08:00 ] 202.175.81.199 /api/lists/type/activity/p/
INFO: [ app_init ] --START--
INFO: Run Behavior\BuildLiteBehavior [ RunTime:0.000023s ]
INFO: [ app_init ] --END-- [ RunTime:0.000130s ]
INFO: [ app_begin ] --START--
INFO: Run Behavior\ReadHtmlCacheBehavior [ RunTime:0.000290s ]
INFO: Run Behavior\CheckLangBehavior [ RunTime:0.001371s ]
INFO: [ app_begin ] --END-- [ RunTime:0.001824s ]
SQL: SHOW COLUMNS FROM `hls_active` [ RunTime:0.0015s ]
SQL: SHOW COLUMNS FROM `hls_shop` [ RunTime:0.0015s ]
SQL: SHOW COLUMNS FROM `hls_posts` [ RunTime:0.0017s ]
SQL: SHOW COLUMNS FROM `hls_news` [ RunTime:0.0013s ]
SQL: SHOW COLUMNS FROM `hls_street_history` [ RunTime:0.0012s ]
SQL: SHOW COLUMNS FROM `hls_slide` [ RunTime:0.0010s ]
SQL: SELECT * FROM `hls_active` WHERE `deleted` IS NULL ORDER BY created desc  [ RunTime:0.0013s ]
SQL: SELECT * FROM `hls_news` WHERE `deleted` IS NULL ORDER BY created desc  [ RunTime:0.0102s ]

[ 2020-07-12T03:45:55+08:00 ] 202.175.81.199 /api/banner/id/3
INFO: [ app_init ] --START--
INFO: Run Behavior\BuildLiteBehavior [ RunTime:0.000032s ]
INFO: [ app_init ] --END-- [ RunTime:0.000143s ]
INFO: [ app_begin ] --START--
INFO: Run Behavior\ReadHtmlCacheBehavior [ RunTime:0.000289s ]
INFO: Run Behavior\CheckLangBehavior [ RunTime:0.001380s ]
INFO: [ app_begin ] --END-- [ RunTime:0.001832s ]
SQL: SHOW COLUMNS FROM `hls_active` [ RunTime:0.0018s ]
SQL: SHOW COLUMNS FROM `hls_shop` [ RunTime:0.0015s ]
SQL: SHOW COLUMNS FROM `hls_posts` [ RunTime:0.0014s ]
SQL: SHOW COLUMNS FROM `hls_news` [ RunTime:0.0013s ]
SQL: SHOW COLUMNS FROM `hls_street_history` [ RunTime:0.0013s ]
SQL: SHOW COLUMNS FROM `hls_slide` [ RunTime:0.0010s ]
SQL: SELECT * FROM `hls_slide` WHERE `id` = 3 LIMIT 1   [ RunTime:0.0007s ]

[ 2020-07-12T03:45:58+08:00 ] 202.175.81.199 /api/banner/id/4
INFO: [ app_init ] --START--
INFO: Run Behavior\BuildLiteBehavior [ RunTime:0.000016s ]
INFO: [ app_init ] --END-- [ RunTime:0.000115s ]
INFO: [ app_begin ] --START--
INFO: Run Behavior\ReadHtmlCacheBehavior [ RunTime:0.000211s ]
INFO: Run Behavior\CheckLangBehavior [ RunTime:0.000859s ]
INFO: [ app_begin ] --END-- [ RunTime:0.001173s ]
SQL: SHOW COLUMNS FROM `hls_active` [ RunTime:0.0135s ]
SQL: SHOW COLUMNS FROM `hls_shop` [ RunTime:0.0009s ]
SQL: SHOW COLUMNS FROM `hls_posts` [ RunTime:0.0009s ]
SQL: SHOW COLUMNS FROM `hls_news` [ RunTime:0.0008s ]
SQL: SHOW COLUMNS FROM `hls_street_history` [ RunTime:0.0008s ]
SQL: SHOW COLUMNS FROM `hls_slide` [ RunTime:0.0007s ]
SQL: SELECT * FROM `hls_slide` WHERE `id` = 4 LIMIT 1   [ RunTime:0.0008s ]

[ 2020-07-12T03:45:58+08:00 ] 202.175.81.199 /api/lists/type/shop/p/1
INFO: [ app_init ] --START--
INFO: Run Behavior\BuildLiteBehavior [ RunTime:0.000016s ]
INFO: [ app_init ] --END-- [ RunTime:0.000103s ]
INFO: [ app_begin ] --START--
INFO: Run Behavior\ReadHtmlCacheBehavior [ RunTime:0.000179s ]
INFO: Run Behavior\CheckLangBehavior [ RunTime:0.000817s ]
INFO: [ app_begin ] --END-- [ RunTime:0.001100s ]
SQL: SHOW COLUMNS FROM `hls_active` [ RunTime:0.0012s ]
SQL: SHOW COLUMNS FROM `hls_shop` [ RunTime:0.0125s ]
SQL: SHOW COLUMNS FROM `hls_posts` [ RunTime:0.0009s ]
SQL: SHOW COLUMNS FROM `hls_news` [ RunTime:0.0009s ]
SQL: SHOW COLUMNS FROM `hls_street_history` [ RunTime:0.0008s ]
SQL: SHOW COLUMNS FROM `hls_slide` [ RunTime:0.0008s ]
SQL: SELECT COUNT(*) AS tp_count FROM `hls_shop` WHERE `deleted` IS NULL LIMIT 1   [ RunTime:0.0006s ]
SQL: SELECT * FROM `hls_shop` WHERE `deleted` IS NULL ORDER BY created desc LIMIT 0,7   [ RunTime:0.0020s ]

[ 2020-07-12T03:46:02+08:00 ] 202.175.81.199 /api/banner/id/5
INFO: [ app_init ] --START--
INFO: Run Behavior\BuildLiteBehavior [ RunTime:0.000023s ]
INFO: [ app_init ] --END-- [ RunTime:0.000129s ]
INFO: [ app_begin ] --START--
INFO: Run Behavior\ReadHtmlCacheBehavior [ RunTime:0.000288s ]
INFO: Run Behavior\CheckLangBehavior [ RunTime:0.001640s ]
INFO: [ app_begin ] --END-- [ RunTime:0.002097s ]
SQL: SHOW COLUMNS FROM `hls_active` [ RunTime:0.0015s ]
SQL: SHOW COLUMNS FROM `hls_shop` [ RunTime:0.0017s ]
SQL: SHOW COLUMNS FROM `hls_posts` [ RunTime:0.0015s ]
SQL: SHOW COLUMNS FROM `hls_news` [ RunTime:0.0012s ]
SQL: SHOW COLUMNS FROM `hls_street_history` [ RunTime:0.0014s ]
SQL: SHOW COLUMNS FROM `hls_slide` [ RunTime:0.0010s ]
SQL: SELECT * FROM `hls_slide` WHERE `id` = 5 LIMIT 1   [ RunTime:0.0005s ]

[ 2020-07-12T03:46:02+08:00 ] 202.175.81.199 /api/lists/type/post/p/1
INFO: [ app_init ] --START--
INFO: Run Behavior\BuildLiteBehavior [ RunTime:0.000023s ]
INFO: [ app_init ] --END-- [ RunTime:0.000135s ]
INFO: [ app_begin ] --START--
INFO: Run Behavior\ReadHtmlCacheBehavior [ RunTime:0.000372s ]
INFO: Run Behavior\CheckLangBehavior [ RunTime:0.001427s ]
INFO: [ app_begin ] --END-- [ RunTime:0.001962s ]
SQL: SHOW COLUMNS FROM `hls_active` [ RunTime:0.0017s ]
SQL: SHOW COLUMNS FROM `hls_shop` [ RunTime:0.0016s ]
SQL: SHOW COLUMNS FROM `hls_posts` [ RunTime:0.0016s ]
SQL: SHOW COLUMNS FROM `hls_news` [ RunTime:0.0012s ]
SQL: SHOW COLUMNS FROM `hls_street_history` [ RunTime:0.0013s ]
SQL: SHOW COLUMNS FROM `hls_slide` [ RunTime:0.0011s ]
SQL: SELECT COUNT(*) AS tp_count FROM `hls_posts` WHERE `deleted` IS NULL LIMIT 1   [ RunTime:0.0006s ]
SQL: SELECT * FROM `hls_posts` WHERE `deleted` IS NULL ORDER BY created desc LIMIT 0,7   [ RunTime:0.0011s ]

[ 2020-07-12T03:46:07+08:00 ] 202.175.81.199 /api/banner/id/7
INFO: [ app_init ] --START--
INFO: Run Behavior\BuildLiteBehavior [ RunTime:0.000023s ]
INFO: [ app_init ] --END-- [ RunTime:0.000133s ]
INFO: [ app_begin ] --START--
INFO: Run Behavior\ReadHtmlCacheBehavior [ RunTime:0.000341s ]
INFO: Run Behavior\CheckLangBehavior [ RunTime:0.001475s ]
INFO: [ app_begin ] --END-- [ RunTime:0.001980s ]
SQL: SHOW COLUMNS FROM `hls_active` [ RunTime:0.0017s ]
SQL: SHOW COLUMNS FROM `hls_shop` [ RunTime:0.0015s ]
SQL: SHOW COLUMNS FROM `hls_posts` [ RunTime:0.0015s ]
SQL: SHOW COLUMNS FROM `hls_news` [ RunTime:0.0013s ]
SQL: SHOW COLUMNS FROM `hls_street_history` [ RunTime:0.0013s ]
SQL: SHOW COLUMNS FROM `hls_slide` [ RunTime:0.0010s ]
SQL: SELECT * FROM `hls_slide` WHERE `id` = 7 LIMIT 1   [ RunTime:0.0007s ]

[ 2020-07-12T03:46:07+08:00 ] 202.175.81.199 /api/lists/type/street/p/1
INFO: [ app_init ] --START--
INFO: Run Behavior\BuildLiteBehavior [ RunTime:0.000026s ]
INFO: [ app_init ] --END-- [ RunTime:0.000159s ]
INFO: [ app_begin ] --START--
INFO: Run Behavior\ReadHtmlCacheBehavior [ RunTime:0.000309s ]
INFO: Run Behavior\CheckLangBehavior [ RunTime:0.001310s ]
INFO: [ app_begin ] --END-- [ RunTime:0.001782s ]
SQL: SHOW COLUMNS FROM `hls_active` [ RunTime:0.0017s ]
SQL: SHOW COLUMNS FROM `hls_shop` [ RunTime:0.0017s ]
SQL: SHOW COLUMNS FROM `hls_posts` [ RunTime:0.0014s ]
SQL: SHOW COLUMNS FROM `hls_news` [ RunTime:0.0012s ]
SQL: SHOW COLUMNS FROM `hls_street_history` [ RunTime:0.0012s ]
SQL: SHOW COLUMNS FROM `hls_slide` [ RunTime:0.0011s ]
SQL: SELECT COUNT(*) AS tp_count FROM `hls_street_history` WHERE `deleted` IS NULL LIMIT 1   [ RunTime:0.0010s ]
SQL: SELECT * FROM `hls_street_history` WHERE `deleted` IS NULL ORDER BY created desc LIMIT 0,7   [ RunTime:0.0010s ]

