[ 2020-11-14T05:41:23+08:00 ] 202.175.81.199 /api/index
INFO: [ app_init ] --START--
INFO: Run Behavior\BuildLiteBehavior [ RunTime:0.000029s ]
INFO: [ app_init ] --END-- [ RunTime:0.000144s ]
INFO: [ app_begin ] --START--
INFO: Run Behavior\ReadHtmlCacheBehavior [ RunTime:0.000342s ]
INFO: Run Behavior\CheckLangBehavior [ RunTime:0.001410s ]
INFO: [ app_begin ] --END-- [ RunTime:0.001913s ]
SQL: SHOW COLUMNS FROM `hls_active` [ RunTime:0.0020s ]
SQL: SHOW COLUMNS FROM `hls_shop` [ RunTime:0.0017s ]
SQL: SHOW COLUMNS FROM `hls_posts` [ RunTime:0.0016s ]
SQL: SHOW COLUMNS FROM `hls_news` [ RunTime:0.0014s ]
SQL: SHOW COLUMNS FROM `hls_street_history` [ RunTime:0.0015s ]
SQL: SHOW COLUMNS FROM `hls_slide` [ RunTime:0.0011s ]
SQL: SELECT `id`,`title`,`cover`,`cover_width_300`,`latitude`,`longitude`,`created` FROM `hls_active` WHERE `recommend` = 1 AND `latitude` <> 0 AND `deleted` IS NULL AND `status` = 'published' ORDER BY created desc LIMIT 10   [ RunTime:0.0015s ]
SQL: SELECT `id`,`title`,`cover`,`cover_width_300`,`latitude`,`longitude`,`created` FROM `hls_shop` WHERE `recommend` = 1 AND `latitude` <> 0 AND `deleted` IS NULL AND `status` = 'published' AND `type` = 'cate' ORDER BY created desc LIMIT 10   [ RunTime:0.0017s ]
SQL: SELECT `id`,`title`,`cover`,`cover_width_300`,`latitude`,`longitude`,`created` FROM `hls_posts` WHERE `recommend` = 1 AND `latitude` <> 0 AND `deleted` IS NULL AND `status` = 'published' ORDER BY created desc LIMIT 10   [ RunTime:0.0016s ]

[ 2020-11-14T05:42:48+08:00 ] 202.175.81.199 /api/search/keyword/十→荷蘭園
INFO: [ app_init ] --START--
INFO: Run Behavior\BuildLiteBehavior [ RunTime:0.000026s ]
INFO: [ app_init ] --END-- [ RunTime:0.000139s ]
INFO: [ app_begin ] --START--
INFO: Run Behavior\ReadHtmlCacheBehavior [ RunTime:0.000340s ]
INFO: Run Behavior\CheckLangBehavior [ RunTime:0.001436s ]
INFO: [ app_begin ] --END-- [ RunTime:0.001947s ]
SQL: SHOW COLUMNS FROM `hls_active` [ RunTime:0.0016s ]
SQL: SHOW COLUMNS FROM `hls_shop` [ RunTime:0.0015s ]
SQL: SHOW COLUMNS FROM `hls_posts` [ RunTime:0.0014s ]
SQL: SHOW COLUMNS FROM `hls_news` [ RunTime:0.0012s ]
SQL: SHOW COLUMNS FROM `hls_street_history` [ RunTime:0.0014s ]
SQL: SHOW COLUMNS FROM `hls_slide` [ RunTime:0.0010s ]
SQL: SELECT * FROM `hls_news` WHERE ( `title` LIKE '%十→荷蘭園%' OR `content` LIKE '%十→荷蘭園%' ) AND `deleted` IS NULL AND `status` = 'published' ORDER BY created desc  [ RunTime:0.0041s ]
SQL: SELECT * FROM `hls_shop` WHERE ( `title` LIKE '%十→荷蘭園%' OR `content` LIKE '%十→荷蘭園%' ) AND `deleted` IS NULL AND `status` = 'published' ORDER BY created desc  [ RunTime:0.0021s ]
SQL: SELECT * FROM `hls_active` WHERE ( `title` LIKE '%十→荷蘭園%' OR `content` LIKE '%十→荷蘭園%' ) AND `deleted` IS NULL AND `status` = 'published' ORDER BY created desc  [ RunTime:0.0016s ]
SQL: SELECT * FROM `hls_posts` WHERE ( `title` LIKE '%十→荷蘭園%' OR `content` LIKE '%十→荷蘭園%' ) AND `deleted` IS NULL AND `status` = 'published' ORDER BY created desc  [ RunTime:0.0023s ]
SQL: SELECT * FROM `hls_street_history` WHERE ( `title` LIKE '%十→荷蘭園%' OR `content` LIKE '%十→荷蘭園%' ) AND `deleted` IS NULL AND `status` = 'published' ORDER BY created desc  [ RunTime:0.0020s ]

[ 2020-11-14T05:43:20+08:00 ] 202.175.81.199 /api/banner/id/5
INFO: [ app_init ] --START--
INFO: Run Behavior\BuildLiteBehavior [ RunTime:0.000022s ]
INFO: [ app_init ] --END-- [ RunTime:0.000131s ]
INFO: [ app_begin ] --START--
INFO: Run Behavior\ReadHtmlCacheBehavior [ RunTime:0.000336s ]
INFO: Run Behavior\CheckLangBehavior [ RunTime:0.001419s ]
INFO: [ app_begin ] --END-- [ RunTime:0.001917s ]
SQL: SHOW COLUMNS FROM `hls_active` [ RunTime:0.0017s ]
SQL: SHOW COLUMNS FROM `hls_shop` [ RunTime:0.0015s ]
SQL: SHOW COLUMNS FROM `hls_posts` [ RunTime:0.0017s ]
SQL: SHOW COLUMNS FROM `hls_news` [ RunTime:0.0012s ]
SQL: SHOW COLUMNS FROM `hls_street_history` [ RunTime:0.0013s ]
SQL: SHOW COLUMNS FROM `hls_slide` [ RunTime:0.0010s ]
SQL: SELECT * FROM `hls_slide` WHERE `id` = 5 LIMIT 1   [ RunTime:0.0007s ]

[ 2020-11-14T05:43:21+08:00 ] 202.175.81.199 /api/lists/type/post/p/1
INFO: [ app_init ] --START--
INFO: Run Behavior\BuildLiteBehavior [ RunTime:0.000025s ]
INFO: [ app_init ] --END-- [ RunTime:0.000153s ]
INFO: [ app_begin ] --START--
INFO: Run Behavior\ReadHtmlCacheBehavior [ RunTime:0.000288s ]
INFO: Run Behavior\CheckLangBehavior [ RunTime:0.001400s ]
INFO: [ app_begin ] --END-- [ RunTime:0.001851s ]
SQL: SHOW COLUMNS FROM `hls_active` [ RunTime:0.0016s ]
SQL: SHOW COLUMNS FROM `hls_shop` [ RunTime:0.0015s ]
SQL: SHOW COLUMNS FROM `hls_posts` [ RunTime:0.0016s ]
SQL: SHOW COLUMNS FROM `hls_news` [ RunTime:0.0012s ]
SQL: SHOW COLUMNS FROM `hls_street_history` [ RunTime:0.0013s ]
SQL: SHOW COLUMNS FROM `hls_slide` [ RunTime:0.0011s ]
SQL: SELECT COUNT(*) AS tp_count FROM `hls_posts` WHERE `deleted` IS NULL AND `status` = 'published' LIMIT 1   [ RunTime:0.0006s ]
SQL: SELECT * FROM `hls_posts` WHERE `deleted` IS NULL AND `status` = 'published' ORDER BY created desc LIMIT 0,7   [ RunTime:0.0011s ]

[ 2020-11-14T05:43:40+08:00 ] 202.175.81.199 /api/lists/type/post/p/2
INFO: [ app_init ] --START--
INFO: Run Behavior\BuildLiteBehavior [ RunTime:0.000022s ]
INFO: [ app_init ] --END-- [ RunTime:0.000131s ]
INFO: [ app_begin ] --START--
INFO: Run Behavior\ReadHtmlCacheBehavior [ RunTime:0.000334s ]
INFO: Run Behavior\CheckLangBehavior [ RunTime:0.001387s ]
INFO: [ app_begin ] --END-- [ RunTime:0.001887s ]
SQL: SHOW COLUMNS FROM `hls_active` [ RunTime:0.0018s ]
SQL: SHOW COLUMNS FROM `hls_shop` [ RunTime:0.0016s ]
SQL: SHOW COLUMNS FROM `hls_posts` [ RunTime:0.0016s ]
SQL: SHOW COLUMNS FROM `hls_news` [ RunTime:0.0013s ]
SQL: SHOW COLUMNS FROM `hls_street_history` [ RunTime:0.0303s ]
SQL: SHOW COLUMNS FROM `hls_slide` [ RunTime:0.0011s ]
SQL: SELECT COUNT(*) AS tp_count FROM `hls_posts` WHERE `deleted` IS NULL AND `status` = 'published' LIMIT 1   [ RunTime:0.0003s ]
SQL: SELECT * FROM `hls_posts` WHERE `deleted` IS NULL AND `status` = 'published' ORDER BY created desc LIMIT 7,7   [ RunTime:0.0014s ]

[ 2020-11-14T05:43:49+08:00 ] 202.175.81.199 /api/lists/type/post/p/3
INFO: [ app_init ] --START--
INFO: Run Behavior\BuildLiteBehavior [ RunTime:0.000029s ]
INFO: [ app_init ] --END-- [ RunTime:0.000143s ]
INFO: [ app_begin ] --START--
INFO: Run Behavior\ReadHtmlCacheBehavior [ RunTime:0.000424s ]
INFO: Run Behavior\CheckLangBehavior [ RunTime:0.001440s ]
INFO: [ app_begin ] --END-- [ RunTime:0.002029s ]
SQL: SHOW COLUMNS FROM `hls_active` [ RunTime:0.0020s ]
SQL: SHOW COLUMNS FROM `hls_shop` [ RunTime:0.0016s ]
SQL: SHOW COLUMNS FROM `hls_posts` [ RunTime:0.0015s ]
SQL: SHOW COLUMNS FROM `hls_news` [ RunTime:0.0013s ]
SQL: SHOW COLUMNS FROM `hls_street_history` [ RunTime:0.0013s ]
SQL: SHOW COLUMNS FROM `hls_slide` [ RunTime:0.0010s ]
SQL: SELECT COUNT(*) AS tp_count FROM `hls_posts` WHERE `deleted` IS NULL AND `status` = 'published' LIMIT 1   [ RunTime:0.0003s ]
SQL: SELECT * FROM `hls_posts` WHERE `deleted` IS NULL AND `status` = 'published' ORDER BY created desc LIMIT 14,7   [ RunTime:0.0020s ]

[ 2020-11-14T05:43:52+08:00 ] 202.175.81.199 /api/lists/type/post/p/4
INFO: [ app_init ] --START--
INFO: Run Behavior\BuildLiteBehavior [ RunTime:0.000024s ]
INFO: [ app_init ] --END-- [ RunTime:0.000136s ]
INFO: [ app_begin ] --START--
INFO: Run Behavior\ReadHtmlCacheBehavior [ RunTime:0.000349s ]
INFO: Run Behavior\CheckLangBehavior [ RunTime:0.001404s ]
INFO: [ app_begin ] --END-- [ RunTime:0.001917s ]
SQL: SHOW COLUMNS FROM `hls_active` [ RunTime:0.0017s ]
SQL: SHOW COLUMNS FROM `hls_shop` [ RunTime:0.0016s ]
SQL: SHOW COLUMNS FROM `hls_posts` [ RunTime:0.0016s ]
SQL: SHOW COLUMNS FROM `hls_news` [ RunTime:0.0015s ]
SQL: SHOW COLUMNS FROM `hls_street_history` [ RunTime:0.0013s ]
SQL: SHOW COLUMNS FROM `hls_slide` [ RunTime:0.0010s ]
SQL: SELECT COUNT(*) AS tp_count FROM `hls_posts` WHERE `deleted` IS NULL AND `status` = 'published' LIMIT 1   [ RunTime:0.0003s ]
SQL: SELECT * FROM `hls_posts` WHERE `deleted` IS NULL AND `status` = 'published' ORDER BY created desc LIMIT 21,7   [ RunTime:0.0012s ]

[ 2020-11-14T05:43:58+08:00 ] 202.175.81.199 /api/detail/type/post/id/4
INFO: [ app_init ] --START--
INFO: Run Behavior\BuildLiteBehavior [ RunTime:0.000023s ]
INFO: [ app_init ] --END-- [ RunTime:0.000133s ]
INFO: [ app_begin ] --START--
INFO: Run Behavior\ReadHtmlCacheBehavior [ RunTime:0.000403s ]
INFO: Run Behavior\CheckLangBehavior [ RunTime:0.001386s ]
INFO: [ app_begin ] --END-- [ RunTime:0.001952s ]
SQL: SHOW COLUMNS FROM `hls_active` [ RunTime:0.0017s ]
SQL: SHOW COLUMNS FROM `hls_shop` [ RunTime:0.0016s ]
SQL: SHOW COLUMNS FROM `hls_posts` [ RunTime:0.0015s ]
SQL: SHOW COLUMNS FROM `hls_news` [ RunTime:0.0012s ]
SQL: SHOW COLUMNS FROM `hls_street_history` [ RunTime:0.0013s ]
SQL: SHOW COLUMNS FROM `hls_slide` [ RunTime:0.0010s ]
SQL: SELECT * FROM `hls_posts` WHERE `id` = 4 LIMIT 1   [ RunTime:0.0006s ]

[ 2020-11-14T05:44:08+08:00 ] 202.175.81.199 /api/detail/type/post/id/5
INFO: [ app_init ] --START--
INFO: Run Behavior\BuildLiteBehavior [ RunTime:0.000028s ]
INFO: [ app_init ] --END-- [ RunTime:0.000144s ]
INFO: [ app_begin ] --START--
INFO: Run Behavior\ReadHtmlCacheBehavior [ RunTime:0.000344s ]
INFO: Run Behavior\CheckLangBehavior [ RunTime:0.001493s ]
INFO: [ app_begin ] --END-- [ RunTime:0.001999s ]
SQL: SHOW COLUMNS FROM `hls_active` [ RunTime:0.0017s ]
SQL: SHOW COLUMNS FROM `hls_shop` [ RunTime:0.0015s ]
SQL: SHOW COLUMNS FROM `hls_posts` [ RunTime:0.0014s ]
SQL: SHOW COLUMNS FROM `hls_news` [ RunTime:0.0012s ]
SQL: SHOW COLUMNS FROM `hls_street_history` [ RunTime:0.0013s ]
SQL: SHOW COLUMNS FROM `hls_slide` [ RunTime:0.0010s ]
SQL: SELECT * FROM `hls_posts` WHERE `id` = 5 LIMIT 1   [ RunTime:0.0008s ]

[ 2020-11-14T05:44:29+08:00 ] 202.175.81.199 /api/detail/type/post/id/6
INFO: [ app_init ] --START--
INFO: Run Behavior\BuildLiteBehavior [ RunTime:0.000023s ]
INFO: [ app_init ] --END-- [ RunTime:0.000133s ]
INFO: [ app_begin ] --START--
INFO: Run Behavior\ReadHtmlCacheBehavior [ RunTime:0.000352s ]
INFO: Run Behavior\CheckLangBehavior [ RunTime:0.001409s ]
INFO: [ app_begin ] --END-- [ RunTime:0.001923s ]
SQL: SHOW COLUMNS FROM `hls_active` [ RunTime:0.0016s ]
SQL: SHOW COLUMNS FROM `hls_shop` [ RunTime:0.0016s ]
SQL: SHOW COLUMNS FROM `hls_posts` [ RunTime:0.0015s ]
SQL: SHOW COLUMNS FROM `hls_news` [ RunTime:0.0013s ]
SQL: SHOW COLUMNS FROM `hls_street_history` [ RunTime:0.0013s ]
SQL: SHOW COLUMNS FROM `hls_slide` [ RunTime:0.0010s ]
SQL: SELECT * FROM `hls_posts` WHERE `id` = 6 LIMIT 1   [ RunTime:0.0006s ]

[ 2020-11-14T05:44:43+08:00 ] 202.175.81.199 /api/detail/type/post/id/7
INFO: [ app_init ] --START--
INFO: Run Behavior\BuildLiteBehavior [ RunTime:0.000030s ]
INFO: [ app_init ] --END-- [ RunTime:0.000149s ]
INFO: [ app_begin ] --START--
INFO: Run Behavior\ReadHtmlCacheBehavior [ RunTime:0.000346s ]
INFO: Run Behavior\CheckLangBehavior [ RunTime:0.001616s ]
INFO: [ app_begin ] --END-- [ RunTime:0.002138s ]
SQL: SHOW COLUMNS FROM `hls_active` [ RunTime:0.0018s ]
SQL: SHOW COLUMNS FROM `hls_shop` [ RunTime:0.0016s ]
SQL: SHOW COLUMNS FROM `hls_posts` [ RunTime:0.0015s ]
SQL: SHOW COLUMNS FROM `hls_news` [ RunTime:0.0014s ]
SQL: SHOW COLUMNS FROM `hls_street_history` [ RunTime:0.0015s ]
SQL: SHOW COLUMNS FROM `hls_slide` [ RunTime:0.0010s ]
SQL: SELECT * FROM `hls_posts` WHERE `id` = 7 LIMIT 1   [ RunTime:0.0009s ]

[ 2020-11-14T05:44:50+08:00 ] 202.175.81.199 /api/detail/type/post/id/8
INFO: [ app_init ] --START--
INFO: Run Behavior\BuildLiteBehavior [ RunTime:0.000028s ]
INFO: [ app_init ] --END-- [ RunTime:0.000139s ]
INFO: [ app_begin ] --START--
INFO: Run Behavior\ReadHtmlCacheBehavior [ RunTime:0.000347s ]
INFO: Run Behavior\CheckLangBehavior [ RunTime:0.001427s ]
INFO: [ app_begin ] --END-- [ RunTime:0.001941s ]
SQL: SHOW COLUMNS FROM `hls_active` [ RunTime:0.0017s ]
SQL: SHOW COLUMNS FROM `hls_shop` [ RunTime:0.0015s ]
SQL: SHOW COLUMNS FROM `hls_posts` [ RunTime:0.0014s ]
SQL: SHOW COLUMNS FROM `hls_news` [ RunTime:0.0012s ]
SQL: SHOW COLUMNS FROM `hls_street_history` [ RunTime:0.0012s ]
SQL: SHOW COLUMNS FROM `hls_slide` [ RunTime:0.0009s ]
SQL: SELECT * FROM `hls_posts` WHERE `id` = 8 LIMIT 1   [ RunTime:0.0006s ]

[ 2020-11-14T05:45:02+08:00 ] 202.175.81.199 /api/detail/type/post/id/10
INFO: [ app_init ] --START--
INFO: Run Behavior\BuildLiteBehavior [ RunTime:0.000023s ]
INFO: [ app_init ] --END-- [ RunTime:0.000136s ]
INFO: [ app_begin ] --START--
INFO: Run Behavior\ReadHtmlCacheBehavior [ RunTime:0.000333s ]
INFO: Run Behavior\CheckLangBehavior [ RunTime:0.001390s ]
INFO: [ app_begin ] --END-- [ RunTime:0.001885s ]
SQL: SHOW COLUMNS FROM `hls_active` [ RunTime:0.0016s ]
SQL: SHOW COLUMNS FROM `hls_shop` [ RunTime:0.0016s ]
SQL: SHOW COLUMNS FROM `hls_posts` [ RunTime:0.0015s ]
SQL: SHOW COLUMNS FROM `hls_news` [ RunTime:0.0012s ]
SQL: SHOW COLUMNS FROM `hls_street_history` [ RunTime:0.0013s ]
SQL: SHOW COLUMNS FROM `hls_slide` [ RunTime:0.0011s ]
SQL: SELECT * FROM `hls_posts` WHERE `id` = 10 LIMIT 1   [ RunTime:0.0009s ]

[ 2020-11-14T05:45:21+08:00 ] 202.175.81.199 /api/detail/type/post/id/14
INFO: [ app_init ] --START--
INFO: Run Behavior\BuildLiteBehavior [ RunTime:0.000022s ]
INFO: [ app_init ] --END-- [ RunTime:0.000133s ]
INFO: [ app_begin ] --START--
INFO: Run Behavior\ReadHtmlCacheBehavior [ RunTime:0.000350s ]
INFO: Run Behavior\CheckLangBehavior [ RunTime:0.001392s ]
INFO: [ app_begin ] --END-- [ RunTime:0.001907s ]
SQL: SHOW COLUMNS FROM `hls_active` [ RunTime:0.0017s ]
SQL: SHOW COLUMNS FROM `hls_shop` [ RunTime:0.0016s ]
SQL: SHOW COLUMNS FROM `hls_posts` [ RunTime:0.0017s ]
SQL: SHOW COLUMNS FROM `hls_news` [ RunTime:0.0012s ]
SQL: SHOW COLUMNS FROM `hls_street_history` [ RunTime:0.0013s ]
SQL: SHOW COLUMNS FROM `hls_slide` [ RunTime:0.0010s ]
SQL: SELECT * FROM `hls_posts` WHERE `id` = 14 LIMIT 1   [ RunTime:0.0008s ]

[ 2020-11-14T05:45:33+08:00 ] 202.175.81.199 /api/detail/type/post/id/15
INFO: [ app_init ] --START--
INFO: Run Behavior\BuildLiteBehavior [ RunTime:0.000023s ]
INFO: [ app_init ] --END-- [ RunTime:0.000133s ]
INFO: [ app_begin ] --START--
INFO: Run Behavior\ReadHtmlCacheBehavior [ RunTime:0.000407s ]
INFO: Run Behavior\CheckLangBehavior [ RunTime:0.001393s ]
INFO: [ app_begin ] --END-- [ RunTime:0.001962s ]
SQL: SHOW COLUMNS FROM `hls_active` [ RunTime:0.0016s ]
SQL: SHOW COLUMNS FROM `hls_shop` [ RunTime:0.0016s ]
SQL: SHOW COLUMNS FROM `hls_posts` [ RunTime:0.0015s ]
SQL: SHOW COLUMNS FROM `hls_news` [ RunTime:0.0012s ]
SQL: SHOW COLUMNS FROM `hls_street_history` [ RunTime:0.0013s ]
SQL: SHOW COLUMNS FROM `hls_slide` [ RunTime:0.0010s ]
SQL: SELECT * FROM `hls_posts` WHERE `id` = 15 LIMIT 1   [ RunTime:0.0007s ]

[ 2020-11-14T05:45:38+08:00 ] 202.175.81.199 /api/detail/type/post/id/16
INFO: [ app_init ] --START--
INFO: Run Behavior\BuildLiteBehavior [ RunTime:0.000030s ]
INFO: [ app_init ] --END-- [ RunTime:0.000146s ]
INFO: [ app_begin ] --START--
INFO: Run Behavior\ReadHtmlCacheBehavior [ RunTime:0.000345s ]
INFO: Run Behavior\CheckLangBehavior [ RunTime:0.001657s ]
INFO: [ app_begin ] --END-- [ RunTime:0.002178s ]
SQL: SHOW COLUMNS FROM `hls_active` [ RunTime:0.0115s ]
SQL: SHOW COLUMNS FROM `hls_shop` [ RunTime:0.0016s ]
SQL: SHOW COLUMNS FROM `hls_posts` [ RunTime:0.0015s ]
SQL: SHOW COLUMNS FROM `hls_news` [ RunTime:0.0012s ]
SQL: SHOW COLUMNS FROM `hls_street_history` [ RunTime:0.0013s ]
SQL: SHOW COLUMNS FROM `hls_slide` [ RunTime:0.0010s ]
SQL: SELECT * FROM `hls_posts` WHERE `id` = 16 LIMIT 1   [ RunTime:0.0006s ]

[ 2020-11-14T05:45:46+08:00 ] 202.175.81.199 /api/detail/type/post/id/17
INFO: [ app_init ] --START--
INFO: Run Behavior\BuildLiteBehavior [ RunTime:0.000015s ]
INFO: [ app_init ] --END-- [ RunTime:0.000085s ]
INFO: [ app_begin ] --START--
INFO: Run Behavior\ReadHtmlCacheBehavior [ RunTime:0.000200s ]
INFO: Run Behavior\CheckLangBehavior [ RunTime:0.000811s ]
INFO: [ app_begin ] --END-- [ RunTime:0.001113s ]
SQL: SHOW COLUMNS FROM `hls_active` [ RunTime:0.0011s ]
SQL: SHOW COLUMNS FROM `hls_shop` [ RunTime:0.0010s ]
SQL: SHOW COLUMNS FROM `hls_posts` [ RunTime:0.0009s ]
SQL: SHOW COLUMNS FROM `hls_news` [ RunTime:0.0008s ]
SQL: SHOW COLUMNS FROM `hls_street_history` [ RunTime:0.0008s ]
SQL: SHOW COLUMNS FROM `hls_slide` [ RunTime:0.0007s ]
SQL: SELECT * FROM `hls_posts` WHERE `id` = 17 LIMIT 1   [ RunTime:0.0005s ]

[ 2020-11-14T05:46:17+08:00 ] 202.175.81.199 /api/detail/type/post/id/34
INFO: [ app_init ] --START--
INFO: Run Behavior\BuildLiteBehavior [ RunTime:0.000023s ]
INFO: [ app_init ] --END-- [ RunTime:0.000135s ]
INFO: [ app_begin ] --START--
INFO: Run Behavior\ReadHtmlCacheBehavior [ RunTime:0.000345s ]
INFO: Run Behavior\CheckLangBehavior [ RunTime:0.001519s ]
INFO: [ app_begin ] --END-- [ RunTime:0.002028s ]
SQL: SHOW COLUMNS FROM `hls_active` [ RunTime:0.0017s ]
SQL: SHOW COLUMNS FROM `hls_shop` [ RunTime:0.0016s ]
SQL: SHOW COLUMNS FROM `hls_posts` [ RunTime:0.0015s ]
SQL: SHOW COLUMNS FROM `hls_news` [ RunTime:0.0013s ]
SQL: SHOW COLUMNS FROM `hls_street_history` [ RunTime:0.0013s ]
SQL: SHOW COLUMNS FROM `hls_slide` [ RunTime:0.0010s ]
SQL: SELECT * FROM `hls_posts` WHERE `id` = 34 LIMIT 1   [ RunTime:0.0009s ]

[ 2020-11-14T05:46:29+08:00 ] 202.175.81.199 /api/detail/type/post/id/35
INFO: [ app_init ] --START--
INFO: Run Behavior\BuildLiteBehavior [ RunTime:0.000022s ]
INFO: [ app_init ] --END-- [ RunTime:0.000132s ]
INFO: [ app_begin ] --START--
INFO: Run Behavior\ReadHtmlCacheBehavior [ RunTime:0.000384s ]
INFO: Run Behavior\CheckLangBehavior [ RunTime:0.001399s ]
INFO: [ app_begin ] --END-- [ RunTime:0.001947s ]
SQL: SHOW COLUMNS FROM `hls_active` [ RunTime:0.0017s ]
SQL: SHOW COLUMNS FROM `hls_shop` [ RunTime:0.0015s ]
SQL: SHOW COLUMNS FROM `hls_posts` [ RunTime:0.0015s ]
SQL: SHOW COLUMNS FROM `hls_news` [ RunTime:0.0013s ]
SQL: SHOW COLUMNS FROM `hls_street_history` [ RunTime:0.0013s ]
SQL: SHOW COLUMNS FROM `hls_slide` [ RunTime:0.0010s ]
SQL: SELECT * FROM `hls_posts` WHERE `id` = 35 LIMIT 1   [ RunTime:0.0006s ]

[ 2020-11-14T05:47:39+08:00 ] 202.175.81.199 /api/detail/type/post/id/25
INFO: [ app_init ] --START--
INFO: Run Behavior\BuildLiteBehavior [ RunTime:0.000023s ]
INFO: [ app_init ] --END-- [ RunTime:0.000133s ]
INFO: [ app_begin ] --START--
INFO: Run Behavior\ReadHtmlCacheBehavior [ RunTime:0.000339s ]
INFO: Run Behavior\CheckLangBehavior [ RunTime:0.001596s ]
INFO: [ app_begin ] --END-- [ RunTime:0.002102s ]
SQL: SHOW COLUMNS FROM `hls_active` [ RunTime:0.0018s ]
SQL: SHOW COLUMNS FROM `hls_shop` [ RunTime:0.0015s ]
SQL: SHOW COLUMNS FROM `hls_posts` [ RunTime:0.0014s ]
SQL: SHOW COLUMNS FROM `hls_news` [ RunTime:0.0012s ]
SQL: SHOW COLUMNS FROM `hls_street_history` [ RunTime:0.0013s ]
SQL: SHOW COLUMNS FROM `hls_slide` [ RunTime:0.0009s ]
SQL: SELECT * FROM `hls_posts` WHERE `id` = 25 LIMIT 1   [ RunTime:0.0010s ]

[ 2020-11-14T05:47:53+08:00 ] 202.175.81.199 /api/detail/type/post/id/23
INFO: [ app_init ] --START--
INFO: Run Behavior\BuildLiteBehavior [ RunTime:0.000024s ]
INFO: [ app_init ] --END-- [ RunTime:0.000150s ]
INFO: [ app_begin ] --START--
INFO: Run Behavior\ReadHtmlCacheBehavior [ RunTime:0.000335s ]
INFO: Run Behavior\CheckLangBehavior [ RunTime:0.001410s ]
INFO: [ app_begin ] --END-- [ RunTime:0.001908s ]
SQL: SHOW COLUMNS FROM `hls_active` [ RunTime:0.0018s ]
SQL: SHOW COLUMNS FROM `hls_shop` [ RunTime:0.0015s ]
SQL: SHOW COLUMNS FROM `hls_posts` [ RunTime:0.0015s ]
SQL: SHOW COLUMNS FROM `hls_news` [ RunTime:0.0014s ]
SQL: SHOW COLUMNS FROM `hls_street_history` [ RunTime:0.0013s ]
SQL: SHOW COLUMNS FROM `hls_slide` [ RunTime:0.0009s ]
SQL: SELECT * FROM `hls_posts` WHERE `id` = 23 LIMIT 1   [ RunTime:0.0008s ]

[ 2020-11-14T05:48:03+08:00 ] 202.175.81.199 /api/detail/type/post/id/22
INFO: [ app_init ] --START--
INFO: Run Behavior\BuildLiteBehavior [ RunTime:0.000023s ]
INFO: [ app_init ] --END-- [ RunTime:0.000150s ]
INFO: [ app_begin ] --START--
INFO: Run Behavior\ReadHtmlCacheBehavior [ RunTime:0.000335s ]
INFO: Run Behavior\CheckLangBehavior [ RunTime:0.001404s ]
INFO: [ app_begin ] --END-- [ RunTime:0.001903s ]
SQL: SHOW COLUMNS FROM `hls_active` [ RunTime:0.0017s ]
SQL: SHOW COLUMNS FROM `hls_shop` [ RunTime:0.0015s ]
SQL: SHOW COLUMNS FROM `hls_posts` [ RunTime:0.0015s ]
SQL: SHOW COLUMNS FROM `hls_news` [ RunTime:0.0013s ]
SQL: SHOW COLUMNS FROM `hls_street_history` [ RunTime:0.0013s ]
SQL: SHOW COLUMNS FROM `hls_slide` [ RunTime:0.0010s ]
SQL: SELECT * FROM `hls_posts` WHERE `id` = 22 LIMIT 1   [ RunTime:0.0007s ]

[ 2020-11-14T05:48:16+08:00 ] 202.175.81.199 /api/detail/type/post/id/20
INFO: [ app_init ] --START--
INFO: Run Behavior\BuildLiteBehavior [ RunTime:0.000023s ]
INFO: [ app_init ] --END-- [ RunTime:0.000133s ]
INFO: [ app_begin ] --START--
INFO: Run Behavior\ReadHtmlCacheBehavior [ RunTime:0.000352s ]
INFO: Run Behavior\CheckLangBehavior [ RunTime:0.001405s ]
INFO: [ app_begin ] --END-- [ RunTime:0.001921s ]
SQL: SHOW COLUMNS FROM `hls_active` [ RunTime:0.0017s ]
SQL: SHOW COLUMNS FROM `hls_shop` [ RunTime:0.0015s ]
SQL: SHOW COLUMNS FROM `hls_posts` [ RunTime:0.0016s ]
SQL: SHOW COLUMNS FROM `hls_news` [ RunTime:0.0012s ]
SQL: SHOW COLUMNS FROM `hls_street_history` [ RunTime:0.0013s ]
SQL: SHOW COLUMNS FROM `hls_slide` [ RunTime:0.0010s ]
SQL: SELECT * FROM `hls_posts` WHERE `id` = 20 LIMIT 1   [ RunTime:0.0006s ]

[ 2020-11-14T05:48:42+08:00 ] 202.175.81.199 /api/lists/type/shop/p/1
INFO: [ app_init ] --START--
INFO: Run Behavior\BuildLiteBehavior [ RunTime:0.000024s ]
INFO: [ app_init ] --END-- [ RunTime:0.000145s ]
INFO: [ app_begin ] --START--
INFO: Run Behavior\ReadHtmlCacheBehavior [ RunTime:0.000366s ]
INFO: Run Behavior\CheckLangBehavior [ RunTime:0.001439s ]
INFO: [ app_begin ] --END-- [ RunTime:0.001967s ]
SQL: SHOW COLUMNS FROM `hls_active` [ RunTime:0.0016s ]
SQL: SHOW COLUMNS FROM `hls_shop` [ RunTime:0.0017s ]
SQL: SHOW COLUMNS FROM `hls_posts` [ RunTime:0.0014s ]
SQL: SHOW COLUMNS FROM `hls_news` [ RunTime:0.0016s ]
SQL: SHOW COLUMNS FROM `hls_street_history` [ RunTime:0.0017s ]
SQL: SHOW COLUMNS FROM `hls_slide` [ RunTime:0.0010s ]
SQL: SELECT COUNT(*) AS tp_count FROM `hls_shop` WHERE `deleted` IS NULL AND `status` = 'published' LIMIT 1   [ RunTime:0.0014s ]
SQL: SELECT * FROM `hls_shop` WHERE `deleted` IS NULL AND `status` = 'published' ORDER BY created desc LIMIT 0,7   [ RunTime:0.0012s ]

[ 2020-11-14T05:48:42+08:00 ] 202.175.81.199 /api/banner/id/4
INFO: [ app_init ] --START--
INFO: Run Behavior\BuildLiteBehavior [ RunTime:0.000023s ]
INFO: [ app_init ] --END-- [ RunTime:0.000126s ]
INFO: [ app_begin ] --START--
INFO: Run Behavior\ReadHtmlCacheBehavior [ RunTime:0.000297s ]
INFO: Run Behavior\CheckLangBehavior [ RunTime:0.001294s ]
INFO: [ app_begin ] --END-- [ RunTime:0.001755s ]
SQL: SHOW COLUMNS FROM `hls_active` [ RunTime:0.0015s ]
SQL: SHOW COLUMNS FROM `hls_shop` [ RunTime:0.0017s ]
SQL: SHOW COLUMNS FROM `hls_posts` [ RunTime:0.0016s ]
SQL: SHOW COLUMNS FROM `hls_news` [ RunTime:0.0015s ]
SQL: SHOW COLUMNS FROM `hls_street_history` [ RunTime:0.0014s ]
SQL: SHOW COLUMNS FROM `hls_slide` [ RunTime:0.0012s ]
SQL: SELECT * FROM `hls_slide` WHERE `id` = 4 LIMIT 1   [ RunTime:0.0005s ]

[ 2020-11-14T05:48:55+08:00 ] 202.175.81.199 /api/detail/type/shop/id/125
INFO: [ app_init ] --START--
INFO: Run Behavior\BuildLiteBehavior [ RunTime:0.000024s ]
INFO: [ app_init ] --END-- [ RunTime:0.000133s ]
INFO: [ app_begin ] --START--
INFO: Run Behavior\ReadHtmlCacheBehavior [ RunTime:0.000342s ]
INFO: Run Behavior\CheckLangBehavior [ RunTime:0.001388s ]
INFO: [ app_begin ] --END-- [ RunTime:0.001893s ]
SQL: SHOW COLUMNS FROM `hls_active` [ RunTime:0.0016s ]
SQL: SHOW COLUMNS FROM `hls_shop` [ RunTime:0.0016s ]
SQL: SHOW COLUMNS FROM `hls_posts` [ RunTime:0.0017s ]
SQL: SHOW COLUMNS FROM `hls_news` [ RunTime:0.0012s ]
SQL: SHOW COLUMNS FROM `hls_street_history` [ RunTime:0.0013s ]
SQL: SHOW COLUMNS FROM `hls_slide` [ RunTime:0.0010s ]
SQL: SELECT * FROM `hls_shop` WHERE `id` = 125 LIMIT 1   [ RunTime:0.0010s ]
SQL: SHOW COLUMNS FROM `hls_files` [ RunTime:0.0011s ]
SQL: SELECT `save_path`,`extension` FROM `hls_files` WHERE ( id=407 ) LIMIT 1   [ RunTime:0.0006s ]
SQL: SELECT `save_path`,`extension` FROM `hls_files` WHERE ( id=408 ) LIMIT 1   [ RunTime:0.0003s ]
SQL: SELECT `save_path`,`extension` FROM `hls_files` WHERE ( id=409 ) LIMIT 1   [ RunTime:0.0004s ]
SQL: SELECT `save_path`,`extension` FROM `hls_files` WHERE ( id=410 ) LIMIT 1   [ RunTime:0.0003s ]

[ 2020-11-14T05:49:03+08:00 ] 202.175.81.199 /api/detail/type/shop/id/122
INFO: [ app_init ] --START--
INFO: Run Behavior\BuildLiteBehavior [ RunTime:0.000023s ]
INFO: [ app_init ] --END-- [ RunTime:0.000134s ]
INFO: [ app_begin ] --START--
INFO: Run Behavior\ReadHtmlCacheBehavior [ RunTime:0.000406s ]
INFO: Run Behavior\CheckLangBehavior [ RunTime:0.001391s ]
INFO: [ app_begin ] --END-- [ RunTime:0.001961s ]
SQL: SHOW COLUMNS FROM `hls_active` [ RunTime:0.0016s ]
SQL: SHOW COLUMNS FROM `hls_shop` [ RunTime:0.0015s ]
SQL: SHOW COLUMNS FROM `hls_posts` [ RunTime:0.0015s ]
SQL: SHOW COLUMNS FROM `hls_news` [ RunTime:0.0013s ]
SQL: SHOW COLUMNS FROM `hls_street_history` [ RunTime:0.0014s ]
SQL: SHOW COLUMNS FROM `hls_slide` [ RunTime:0.0010s ]
SQL: SELECT * FROM `hls_shop` WHERE `id` = 122 LIMIT 1   [ RunTime:0.0008s ]
SQL: SHOW COLUMNS FROM `hls_files` [ RunTime:0.0009s ]
SQL: SELECT `save_path`,`extension` FROM `hls_files` WHERE ( id=414 ) LIMIT 1   [ RunTime:0.0004s ]
SQL: SELECT `save_path`,`extension` FROM `hls_files` WHERE ( id=415 ) LIMIT 1   [ RunTime:0.0003s ]
SQL: SELECT `save_path`,`extension` FROM `hls_files` WHERE ( id=416 ) LIMIT 1   [ RunTime:0.0003s ]
SQL: SELECT `save_path`,`extension` FROM `hls_files` WHERE ( id=417 ) LIMIT 1   [ RunTime:0.0004s ]

[ 2020-11-14T05:49:08+08:00 ] 202.175.81.199 /api/detail/type/shop/id/129
INFO: [ app_init ] --START--
INFO: Run Behavior\BuildLiteBehavior [ RunTime:0.000023s ]
INFO: [ app_init ] --END-- [ RunTime:0.000132s ]
INFO: [ app_begin ] --START--
INFO: Run Behavior\ReadHtmlCacheBehavior [ RunTime:0.000334s ]
INFO: Run Behavior\CheckLangBehavior [ RunTime:0.001484s ]
INFO: [ app_begin ] --END-- [ RunTime:0.001980s ]
SQL: SHOW COLUMNS FROM `hls_active` [ RunTime:0.0017s ]
SQL: SHOW COLUMNS FROM `hls_shop` [ RunTime:0.0015s ]
SQL: SHOW COLUMNS FROM `hls_posts` [ RunTime:0.0015s ]
SQL: SHOW COLUMNS FROM `hls_news` [ RunTime:0.0012s ]
SQL: SHOW COLUMNS FROM `hls_street_history` [ RunTime:0.0014s ]
SQL: SHOW COLUMNS FROM `hls_slide` [ RunTime:0.0012s ]
SQL: SELECT * FROM `hls_shop` WHERE `id` = 129 LIMIT 1   [ RunTime:0.0008s ]
SQL: SHOW COLUMNS FROM `hls_files` [ RunTime:0.0010s ]
SQL: SELECT `save_path`,`extension` FROM `hls_files` WHERE ( id=412 ) LIMIT 1   [ RunTime:0.0004s ]
SQL: SELECT `save_path`,`extension` FROM `hls_files` WHERE ( id=413 ) LIMIT 1   [ RunTime:0.0004s ]

[ 2020-11-14T05:49:13+08:00 ] 202.175.81.199 /api/detail/type/shop/id/128
INFO: [ app_init ] --START--
INFO: Run Behavior\BuildLiteBehavior [ RunTime:0.000023s ]
INFO: [ app_init ] --END-- [ RunTime:0.000132s ]
INFO: [ app_begin ] --START--
INFO: Run Behavior\ReadHtmlCacheBehavior [ RunTime:0.000336s ]
INFO: Run Behavior\CheckLangBehavior [ RunTime:0.001413s ]
INFO: [ app_begin ] --END-- [ RunTime:0.001912s ]
SQL: SHOW COLUMNS FROM `hls_active` [ RunTime:0.0016s ]
SQL: SHOW COLUMNS FROM `hls_shop` [ RunTime:0.0015s ]
SQL: SHOW COLUMNS FROM `hls_posts` [ RunTime:0.0015s ]
SQL: SHOW COLUMNS FROM `hls_news` [ RunTime:0.0012s ]
SQL: SHOW COLUMNS FROM `hls_street_history` [ RunTime:0.0013s ]
SQL: SHOW COLUMNS FROM `hls_slide` [ RunTime:0.0010s ]
SQL: SELECT * FROM `hls_shop` WHERE `id` = 128 LIMIT 1   [ RunTime:0.0007s ]
SQL: SHOW COLUMNS FROM `hls_files` [ RunTime:0.0009s ]
SQL: SELECT `save_path`,`extension` FROM `hls_files` WHERE ( id=400 ) LIMIT 1   [ RunTime:0.0004s ]
SQL: SELECT `save_path`,`extension` FROM `hls_files` WHERE ( id=401 ) LIMIT 1   [ RunTime:0.0003s ]
SQL: SELECT `save_path`,`extension` FROM `hls_files` WHERE ( id=402 ) LIMIT 1   [ RunTime:0.0004s ]

[ 2020-11-14T05:49:17+08:00 ] 202.175.81.199 /api/lists/type/shop/p/2
INFO: [ app_init ] --START--
INFO: Run Behavior\BuildLiteBehavior [ RunTime:0.000022s ]
INFO: [ app_init ] --END-- [ RunTime:0.000133s ]
INFO: [ app_begin ] --START--
INFO: Run Behavior\ReadHtmlCacheBehavior [ RunTime:0.000337s ]
INFO: Run Behavior\CheckLangBehavior [ RunTime:0.001478s ]
INFO: [ app_begin ] --END-- [ RunTime:0.001976s ]
SQL: SHOW COLUMNS FROM `hls_active` [ RunTime:0.0017s ]
SQL: SHOW COLUMNS FROM `hls_shop` [ RunTime:0.0017s ]
SQL: SHOW COLUMNS FROM `hls_posts` [ RunTime:0.0015s ]
SQL: SHOW COLUMNS FROM `hls_news` [ RunTime:0.0013s ]
SQL: SHOW COLUMNS FROM `hls_street_history` [ RunTime:0.0012s ]
SQL: SHOW COLUMNS FROM `hls_slide` [ RunTime:0.0009s ]
SQL: SELECT COUNT(*) AS tp_count FROM `hls_shop` WHERE `deleted` IS NULL AND `status` = 'published' LIMIT 1   [ RunTime:0.0002s ]
SQL: SELECT * FROM `hls_shop` WHERE `deleted` IS NULL AND `status` = 'published' ORDER BY created desc LIMIT 7,7   [ RunTime:0.0018s ]

[ 2020-11-14T05:49:22+08:00 ] 202.175.81.199 /api/detail/type/shop/id/121
INFO: [ app_init ] --START--
INFO: Run Behavior\BuildLiteBehavior [ RunTime:0.000022s ]
INFO: [ app_init ] --END-- [ RunTime:0.000132s ]
INFO: [ app_begin ] --START--
INFO: Run Behavior\ReadHtmlCacheBehavior [ RunTime:0.000344s ]
INFO: Run Behavior\CheckLangBehavior [ RunTime:0.001389s ]
INFO: [ app_begin ] --END-- [ RunTime:0.001897s ]
SQL: SHOW COLUMNS FROM `hls_active` [ RunTime:0.0018s ]
SQL: SHOW COLUMNS FROM `hls_shop` [ RunTime:0.0018s ]
SQL: SHOW COLUMNS FROM `hls_posts` [ RunTime:0.0017s ]
SQL: SHOW COLUMNS FROM `hls_news` [ RunTime:0.0013s ]
SQL: SHOW COLUMNS FROM `hls_street_history` [ RunTime:0.0014s ]
SQL: SHOW COLUMNS FROM `hls_slide` [ RunTime:0.0010s ]
SQL: SELECT * FROM `hls_shop` WHERE `id` = 121 LIMIT 1   [ RunTime:0.0007s ]
SQL: SHOW COLUMNS FROM `hls_files` [ RunTime:0.0009s ]
SQL: SELECT `save_path`,`extension` FROM `hls_files` WHERE ( id=431 ) LIMIT 1   [ RunTime:0.0004s ]
SQL: SELECT `save_path`,`extension` FROM `hls_files` WHERE ( id=432 ) LIMIT 1   [ RunTime:0.0005s ]
SQL: SELECT `save_path`,`extension` FROM `hls_files` WHERE ( id=433 ) LIMIT 1   [ RunTime:0.0004s ]
SQL: SELECT `save_path`,`extension` FROM `hls_files` WHERE ( id=434 ) LIMIT 1   [ RunTime:0.0004s ]
SQL: SELECT `save_path`,`extension` FROM `hls_files` WHERE ( id=435 ) LIMIT 1   [ RunTime:0.0004s ]

[ 2020-11-14T05:49:26+08:00 ] 202.175.81.199 /api/detail/type/shop/id/115
INFO: [ app_init ] --START--
INFO: Run Behavior\BuildLiteBehavior [ RunTime:0.000023s ]
INFO: [ app_init ] --END-- [ RunTime:0.000134s ]
INFO: [ app_begin ] --START--
INFO: Run Behavior\ReadHtmlCacheBehavior [ RunTime:0.000336s ]
INFO: Run Behavior\CheckLangBehavior [ RunTime:0.001409s ]
INFO: [ app_begin ] --END-- [ RunTime:0.001907s ]
SQL: SHOW COLUMNS FROM `hls_active` [ RunTime:0.0017s ]
SQL: SHOW COLUMNS FROM `hls_shop` [ RunTime:0.0015s ]
SQL: SHOW COLUMNS FROM `hls_posts` [ RunTime:0.0014s ]
SQL: SHOW COLUMNS FROM `hls_news` [ RunTime:0.0012s ]
SQL: SHOW COLUMNS FROM `hls_street_history` [ RunTime:0.0013s ]
SQL: SHOW COLUMNS FROM `hls_slide` [ RunTime:0.0010s ]
SQL: SELECT * FROM `hls_shop` WHERE `id` = 115 LIMIT 1   [ RunTime:0.0006s ]
SQL: SHOW COLUMNS FROM `hls_files` [ RunTime:0.0009s ]
SQL: SELECT `save_path`,`extension` FROM `hls_files` WHERE ( id=449 ) LIMIT 1   [ RunTime:0.0004s ]
SQL: SELECT `save_path`,`extension` FROM `hls_files` WHERE ( id=450 ) LIMIT 1   [ RunTime:0.0003s ]
SQL: SELECT `save_path`,`extension` FROM `hls_files` WHERE ( id=451 ) LIMIT 1   [ RunTime:0.0003s ]
SQL: SELECT `save_path`,`extension` FROM `hls_files` WHERE ( id=452 ) LIMIT 1   [ RunTime:0.0003s ]

[ 2020-11-14T05:49:47+08:00 ] 202.175.81.199 /api/lists/type/shop/p/3
INFO: [ app_init ] --START--
INFO: Run Behavior\BuildLiteBehavior [ RunTime:0.000024s ]
INFO: [ app_init ] --END-- [ RunTime:0.000136s ]
INFO: [ app_begin ] --START--
INFO: Run Behavior\ReadHtmlCacheBehavior [ RunTime:0.000340s ]
INFO: Run Behavior\CheckLangBehavior [ RunTime:0.001410s ]
INFO: [ app_begin ] --END-- [ RunTime:0.001926s ]
SQL: SHOW COLUMNS FROM `hls_active` [ RunTime:0.0018s ]
SQL: SHOW COLUMNS FROM `hls_shop` [ RunTime:0.0016s ]
SQL: SHOW COLUMNS FROM `hls_posts` [ RunTime:0.0016s ]
SQL: SHOW COLUMNS FROM `hls_news` [ RunTime:0.0012s ]
SQL: SHOW COLUMNS FROM `hls_street_history` [ RunTime:0.0013s ]
SQL: SHOW COLUMNS FROM `hls_slide` [ RunTime:0.0010s ]
SQL: SELECT COUNT(*) AS tp_count FROM `hls_shop` WHERE `deleted` IS NULL AND `status` = 'published' LIMIT 1   [ RunTime:0.0002s ]
SQL: SELECT * FROM `hls_shop` WHERE `deleted` IS NULL AND `status` = 'published' ORDER BY created desc LIMIT 14,7   [ RunTime:0.0022s ]

[ 2020-11-14T05:49:49+08:00 ] 202.175.81.199 /api/lists/type/shop/p/4
INFO: [ app_init ] --START--
INFO: Run Behavior\BuildLiteBehavior [ RunTime:0.000023s ]
INFO: [ app_init ] --END-- [ RunTime:0.000134s ]
INFO: [ app_begin ] --START--
INFO: Run Behavior\ReadHtmlCacheBehavior [ RunTime:0.000284s ]
INFO: Run Behavior\CheckLangBehavior [ RunTime:0.001315s ]
INFO: [ app_begin ] --END-- [ RunTime:0.001762s ]
SQL: SHOW COLUMNS FROM `hls_active` [ RunTime:0.0018s ]
SQL: SHOW COLUMNS FROM `hls_shop` [ RunTime:0.0016s ]
SQL: SHOW COLUMNS FROM `hls_posts` [ RunTime:0.0015s ]
SQL: SHOW COLUMNS FROM `hls_news` [ RunTime:0.0013s ]
SQL: SHOW COLUMNS FROM `hls_street_history` [ RunTime:0.0013s ]
SQL: SHOW COLUMNS FROM `hls_slide` [ RunTime:0.0010s ]
SQL: SELECT COUNT(*) AS tp_count FROM `hls_shop` WHERE `deleted` IS NULL AND `status` = 'published' LIMIT 1   [ RunTime:0.0002s ]
SQL: SELECT * FROM `hls_shop` WHERE `deleted` IS NULL AND `status` = 'published' ORDER BY created desc LIMIT 21,7   [ RunTime:0.0018s ]

[ 2020-11-14T05:49:53+08:00 ] 202.175.81.199 /api/lists/type/shop/p/5
INFO: [ app_init ] --START--
INFO: Run Behavior\BuildLiteBehavior [ RunTime:0.000029s ]
INFO: [ app_init ] --END-- [ RunTime:0.000189s ]
INFO: [ app_begin ] --START--
INFO: Run Behavior\ReadHtmlCacheBehavior [ RunTime:0.000382s ]
INFO: Run Behavior\CheckLangBehavior [ RunTime:0.001441s ]
INFO: [ app_begin ] --END-- [ RunTime:0.001999s ]
SQL: SHOW COLUMNS FROM `hls_active` [ RunTime:0.0017s ]
SQL: SHOW COLUMNS FROM `hls_shop` [ RunTime:0.0015s ]
SQL: SHOW COLUMNS FROM `hls_posts` [ RunTime:0.0014s ]
SQL: SHOW COLUMNS FROM `hls_news` [ RunTime:0.0012s ]
SQL: SHOW COLUMNS FROM `hls_street_history` [ RunTime:0.0012s ]
SQL: SHOW COLUMNS FROM `hls_slide` [ RunTime:0.0010s ]
SQL: SELECT COUNT(*) AS tp_count FROM `hls_shop` WHERE `deleted` IS NULL AND `status` = 'published' LIMIT 1   [ RunTime:0.0002s ]
SQL: SELECT * FROM `hls_shop` WHERE `deleted` IS NULL AND `status` = 'published' ORDER BY created desc LIMIT 28,7   [ RunTime:0.0026s ]

[ 2020-11-14T05:50:05+08:00 ] 202.175.81.199 /api/index
INFO: [ app_init ] --START--
INFO: Run Behavior\BuildLiteBehavior [ RunTime:0.000023s ]
INFO: [ app_init ] --END-- [ RunTime:0.000134s ]
INFO: [ app_begin ] --START--
INFO: Run Behavior\ReadHtmlCacheBehavior [ RunTime:0.000336s ]
INFO: Run Behavior\CheckLangBehavior [ RunTime:0.001401s ]
INFO: [ app_begin ] --END-- [ RunTime:0.001912s ]
SQL: SHOW COLUMNS FROM `hls_active` [ RunTime:0.0016s ]
SQL: SHOW COLUMNS FROM `hls_shop` [ RunTime:0.0015s ]
SQL: SHOW COLUMNS FROM `hls_posts` [ RunTime:0.0014s ]
SQL: SHOW COLUMNS FROM `hls_news` [ RunTime:0.0013s ]
SQL: SHOW COLUMNS FROM `hls_street_history` [ RunTime:0.0012s ]
SQL: SHOW COLUMNS FROM `hls_slide` [ RunTime:0.0010s ]
SQL: SELECT `id`,`title`,`cover`,`cover_width_300`,`latitude`,`longitude`,`created` FROM `hls_active` WHERE `recommend` = 1 AND `latitude` <> 0 AND `deleted` IS NULL AND `status` = 'published' ORDER BY created desc LIMIT 10   [ RunTime:0.0003s ]
SQL: SELECT `id`,`title`,`cover`,`cover_width_300`,`latitude`,`longitude`,`created` FROM `hls_shop` WHERE `recommend` = 1 AND `latitude` <> 0 AND `deleted` IS NULL AND `status` = 'published' AND `type` = 'cate' ORDER BY created desc LIMIT 10   [ RunTime:0.0003s ]
SQL: SELECT `id`,`title`,`cover`,`cover_width_300`,`latitude`,`longitude`,`created` FROM `hls_posts` WHERE `recommend` = 1 AND `latitude` <> 0 AND `deleted` IS NULL AND `status` = 'published' ORDER BY created desc LIMIT 10   [ RunTime:0.0002s ]

[ 2020-11-14T05:50:09+08:00 ] 202.175.81.199 /api/banner/id/5
INFO: [ app_init ] --START--
INFO: Run Behavior\BuildLiteBehavior [ RunTime:0.000023s ]
INFO: [ app_init ] --END-- [ RunTime:0.000135s ]
INFO: [ app_begin ] --START--
INFO: Run Behavior\ReadHtmlCacheBehavior [ RunTime:0.000333s ]
INFO: Run Behavior\CheckLangBehavior [ RunTime:0.001469s ]
INFO: [ app_begin ] --END-- [ RunTime:0.001966s ]
SQL: SHOW COLUMNS FROM `hls_active` [ RunTime:0.0018s ]
SQL: SHOW COLUMNS FROM `hls_shop` [ RunTime:0.0016s ]
SQL: SHOW COLUMNS FROM `hls_posts` [ RunTime:0.0015s ]
SQL: SHOW COLUMNS FROM `hls_news` [ RunTime:0.0012s ]
SQL: SHOW COLUMNS FROM `hls_street_history` [ RunTime:0.0013s ]
SQL: SHOW COLUMNS FROM `hls_slide` [ RunTime:0.0010s ]
SQL: SELECT * FROM `hls_slide` WHERE `id` = 5 LIMIT 1   [ RunTime:0.0003s ]

[ 2020-11-14T05:50:09+08:00 ] 202.175.81.199 /api/lists/type/post/p/1
INFO: [ app_init ] --START--
INFO: Run Behavior\BuildLiteBehavior [ RunTime:0.000023s ]
INFO: [ app_init ] --END-- [ RunTime:0.000125s ]
INFO: [ app_begin ] --START--
INFO: Run Behavior\ReadHtmlCacheBehavior [ RunTime:0.000317s ]
INFO: Run Behavior\CheckLangBehavior [ RunTime:0.001397s ]
INFO: [ app_begin ] --END-- [ RunTime:0.001913s ]
SQL: SHOW COLUMNS FROM `hls_active` [ RunTime:0.0015s ]
SQL: SHOW COLUMNS FROM `hls_shop` [ RunTime:0.0015s ]
SQL: SHOW COLUMNS FROM `hls_posts` [ RunTime:0.0015s ]
SQL: SHOW COLUMNS FROM `hls_news` [ RunTime:0.0012s ]
SQL: SHOW COLUMNS FROM `hls_street_history` [ RunTime:0.0013s ]
SQL: SHOW COLUMNS FROM `hls_slide` [ RunTime:0.0010s ]
SQL: SELECT COUNT(*) AS tp_count FROM `hls_posts` WHERE `deleted` IS NULL AND `status` = 'published' LIMIT 1   [ RunTime:0.0003s ]
SQL: SELECT * FROM `hls_posts` WHERE `deleted` IS NULL AND `status` = 'published' ORDER BY created desc LIMIT 0,7   [ RunTime:0.0004s ]

[ 2020-11-14T05:50:12+08:00 ] 202.175.81.199 /api/banner/id/4
INFO: [ app_init ] --START--
INFO: Run Behavior\BuildLiteBehavior [ RunTime:0.000022s ]
INFO: [ app_init ] --END-- [ RunTime:0.000134s ]
INFO: [ app_begin ] --START--
INFO: Run Behavior\ReadHtmlCacheBehavior [ RunTime:0.000351s ]
INFO: Run Behavior\CheckLangBehavior [ RunTime:0.001389s ]
INFO: [ app_begin ] --END-- [ RunTime:0.001903s ]
SQL: SHOW COLUMNS FROM `hls_active` [ RunTime:0.0016s ]
SQL: SHOW COLUMNS FROM `hls_shop` [ RunTime:0.0015s ]
SQL: SHOW COLUMNS FROM `hls_posts` [ RunTime:0.0014s ]
SQL: SHOW COLUMNS FROM `hls_news` [ RunTime:0.0012s ]
SQL: SHOW COLUMNS FROM `hls_street_history` [ RunTime:0.0013s ]
SQL: SHOW COLUMNS FROM `hls_slide` [ RunTime:0.0009s ]
SQL: SELECT * FROM `hls_slide` WHERE `id` = 4 LIMIT 1   [ RunTime:0.0003s ]

[ 2020-11-14T05:50:12+08:00 ] 202.175.81.199 /api/lists/type/shop/p/1
INFO: [ app_init ] --START--
INFO: Run Behavior\BuildLiteBehavior [ RunTime:0.000023s ]
INFO: [ app_init ] --END-- [ RunTime:0.000128s ]
INFO: [ app_begin ] --START--
INFO: Run Behavior\ReadHtmlCacheBehavior [ RunTime:0.000296s ]
INFO: Run Behavior\CheckLangBehavior [ RunTime:0.001362s ]
INFO: [ app_begin ] --END-- [ RunTime:0.001821s ]
SQL: SHOW COLUMNS FROM `hls_active` [ RunTime:0.0015s ]
SQL: SHOW COLUMNS FROM `hls_shop` [ RunTime:0.0015s ]
SQL: SHOW COLUMNS FROM `hls_posts` [ RunTime:0.0014s ]
SQL: SHOW COLUMNS FROM `hls_news` [ RunTime:0.0012s ]
SQL: SHOW COLUMNS FROM `hls_street_history` [ RunTime:0.0012s ]
SQL: SHOW COLUMNS FROM `hls_slide` [ RunTime:0.0009s ]
SQL: SELECT COUNT(*) AS tp_count FROM `hls_shop` WHERE `deleted` IS NULL AND `status` = 'published' LIMIT 1   [ RunTime:0.0002s ]
SQL: SELECT * FROM `hls_shop` WHERE `deleted` IS NULL AND `status` = 'published' ORDER BY created desc LIMIT 0,7   [ RunTime:0.0003s ]

[ 2020-11-14T05:50:18+08:00 ] 202.175.81.199 /api/banner/id/7
INFO: [ app_init ] --START--
INFO: Run Behavior\BuildLiteBehavior [ RunTime:0.000022s ]
INFO: [ app_init ] --END-- [ RunTime:0.000134s ]
INFO: [ app_begin ] --START--
INFO: Run Behavior\ReadHtmlCacheBehavior [ RunTime:0.000349s ]
INFO: Run Behavior\CheckLangBehavior [ RunTime:0.001452s ]
INFO: [ app_begin ] --END-- [ RunTime:0.001965s ]
SQL: SHOW COLUMNS FROM `hls_active` [ RunTime:0.0017s ]
SQL: SHOW COLUMNS FROM `hls_shop` [ RunTime:0.0016s ]
SQL: SHOW COLUMNS FROM `hls_posts` [ RunTime:0.0015s ]
SQL: SHOW COLUMNS FROM `hls_news` [ RunTime:0.0013s ]
SQL: SHOW COLUMNS FROM `hls_street_history` [ RunTime:0.0013s ]
SQL: SHOW COLUMNS FROM `hls_slide` [ RunTime:0.0010s ]
SQL: SELECT * FROM `hls_slide` WHERE `id` = 7 LIMIT 1   [ RunTime:0.0007s ]

[ 2020-11-14T05:50:18+08:00 ] 202.175.81.199 /api/lists/type/street/p/1
INFO: [ app_init ] --START--
INFO: Run Behavior\BuildLiteBehavior [ RunTime:0.000023s ]
INFO: [ app_init ] --END-- [ RunTime:0.000126s ]
INFO: [ app_begin ] --START--
INFO: Run Behavior\ReadHtmlCacheBehavior [ RunTime:0.000327s ]
INFO: Run Behavior\CheckLangBehavior [ RunTime:0.001337s ]
INFO: [ app_begin ] --END-- [ RunTime:0.001830s ]
SQL: SHOW COLUMNS FROM `hls_active` [ RunTime:0.0016s ]
SQL: SHOW COLUMNS FROM `hls_shop` [ RunTime:0.0016s ]
SQL: SHOW COLUMNS FROM `hls_posts` [ RunTime:0.0015s ]
SQL: SHOW COLUMNS FROM `hls_news` [ RunTime:0.0013s ]
SQL: SHOW COLUMNS FROM `hls_street_history` [ RunTime:0.0013s ]
SQL: SHOW COLUMNS FROM `hls_slide` [ RunTime:0.0010s ]
SQL: SELECT COUNT(*) AS tp_count FROM `hls_street_history` WHERE `deleted` IS NULL AND `status` = 'published' LIMIT 1   [ RunTime:0.0013s ]
SQL: SELECT * FROM `hls_street_history` WHERE `deleted` IS NULL AND `status` = 'published' ORDER BY created desc LIMIT 0,7   [ RunTime:0.0011s ]

[ 2020-11-14T05:50:24+08:00 ] 202.175.81.199 /api/lists/type/street/p/2
INFO: [ app_init ] --START--
INFO: Run Behavior\BuildLiteBehavior [ RunTime:0.000023s ]
INFO: [ app_init ] --END-- [ RunTime:0.000132s ]
INFO: [ app_begin ] --START--
INFO: Run Behavior\ReadHtmlCacheBehavior [ RunTime:0.000341s ]
INFO: Run Behavior\CheckLangBehavior [ RunTime:0.001455s ]
INFO: [ app_begin ] --END-- [ RunTime:0.001959s ]
SQL: SHOW COLUMNS FROM `hls_active` [ RunTime:0.0016s ]
SQL: SHOW COLUMNS FROM `hls_shop` [ RunTime:0.0015s ]
SQL: SHOW COLUMNS FROM `hls_posts` [ RunTime:0.0015s ]
SQL: SHOW COLUMNS FROM `hls_news` [ RunTime:0.0012s ]
SQL: SHOW COLUMNS FROM `hls_street_history` [ RunTime:0.0013s ]
SQL: SHOW COLUMNS FROM `hls_slide` [ RunTime:0.0009s ]
SQL: SELECT COUNT(*) AS tp_count FROM `hls_street_history` WHERE `deleted` IS NULL AND `status` = 'published' LIMIT 1   [ RunTime:0.0003s ]
SQL: SELECT * FROM `hls_street_history` WHERE `deleted` IS NULL AND `status` = 'published' ORDER BY created desc LIMIT 7,7   [ RunTime:0.0008s ]

[ 2020-11-14T07:36:20+08:00 ] 202.175.81.199 /api/index
INFO: [ app_init ] --START--
INFO: Run Behavior\BuildLiteBehavior [ RunTime:0.000023s ]
INFO: [ app_init ] --END-- [ RunTime:0.000144s ]
INFO: [ app_begin ] --START--
INFO: Run Behavior\ReadHtmlCacheBehavior [ RunTime:0.000337s ]
INFO: Run Behavior\CheckLangBehavior [ RunTime:0.001485s ]
INFO: [ app_begin ] --END-- [ RunTime:0.001987s ]
SQL: SHOW COLUMNS FROM `hls_active` [ RunTime:0.0019s ]
SQL: SHOW COLUMNS FROM `hls_shop` [ RunTime:0.0017s ]
SQL: SHOW COLUMNS FROM `hls_posts` [ RunTime:0.0017s ]
SQL: SHOW COLUMNS FROM `hls_news` [ RunTime:0.0016s ]
SQL: SHOW COLUMNS FROM `hls_street_history` [ RunTime:0.0014s ]
SQL: SHOW COLUMNS FROM `hls_slide` [ RunTime:0.0012s ]
SQL: SELECT `id`,`title`,`cover`,`cover_width_300`,`latitude`,`longitude`,`created` FROM `hls_active` WHERE `recommend` = 1 AND `latitude` <> 0 AND `deleted` IS NULL AND `status` = 'published' ORDER BY created desc LIMIT 10   [ RunTime:0.0013s ]
SQL: SELECT `id`,`title`,`cover`,`cover_width_300`,`latitude`,`longitude`,`created` FROM `hls_shop` WHERE `recommend` = 1 AND `latitude` <> 0 AND `deleted` IS NULL AND `status` = 'published' AND `type` = 'cate' ORDER BY created desc LIMIT 10   [ RunTime:0.0017s ]
SQL: SELECT `id`,`title`,`cover`,`cover_width_300`,`latitude`,`longitude`,`created` FROM `hls_posts` WHERE `recommend` = 1 AND `latitude` <> 0 AND `deleted` IS NULL AND `status` = 'published' ORDER BY created desc LIMIT 10   [ RunTime:0.0015s ]

[ 2020-11-14T07:36:23+08:00 ] 202.175.81.199 /api/detail/type/shop/id/128
INFO: [ app_init ] --START--
INFO: Run Behavior\BuildLiteBehavior [ RunTime:0.000031s ]
INFO: [ app_init ] --END-- [ RunTime:0.000147s ]
INFO: [ app_begin ] --START--
INFO: Run Behavior\ReadHtmlCacheBehavior [ RunTime:0.000301s ]
INFO: Run Behavior\CheckLangBehavior [ RunTime:0.001353s ]
INFO: [ app_begin ] --END-- [ RunTime:0.001821s ]
SQL: SHOW COLUMNS FROM `hls_active` [ RunTime:0.0019s ]
SQL: SHOW COLUMNS FROM `hls_shop` [ RunTime:0.0016s ]
SQL: SHOW COLUMNS FROM `hls_posts` [ RunTime:0.0016s ]
SQL: SHOW COLUMNS FROM `hls_news` [ RunTime:0.0013s ]
SQL: SHOW COLUMNS FROM `hls_street_history` [ RunTime:0.0013s ]
SQL: SHOW COLUMNS FROM `hls_slide` [ RunTime:0.0010s ]
SQL: SELECT * FROM `hls_shop` WHERE `id` = 128 LIMIT 1   [ RunTime:0.0008s ]
SQL: SHOW COLUMNS FROM `hls_files` [ RunTime:0.0012s ]
SQL: SELECT `save_path`,`extension` FROM `hls_files` WHERE ( id=400 ) LIMIT 1   [ RunTime:0.0006s ]
SQL: SELECT `save_path`,`extension` FROM `hls_files` WHERE ( id=401 ) LIMIT 1   [ RunTime:0.0003s ]
SQL: SELECT `save_path`,`extension` FROM `hls_files` WHERE ( id=402 ) LIMIT 1   [ RunTime:0.0005s ]

[ 2020-11-14T15:51:24+08:00 ] 202.175.81.199 /api/index
INFO: [ app_init ] --START--
INFO: Run Behavior\BuildLiteBehavior [ RunTime:0.000028s ]
INFO: [ app_init ] --END-- [ RunTime:0.000143s ]
INFO: [ app_begin ] --START--
INFO: Run Behavior\ReadHtmlCacheBehavior [ RunTime:0.000386s ]
INFO: Run Behavior\CheckLangBehavior [ RunTime:0.001474s ]
INFO: [ app_begin ] --END-- [ RunTime:0.002028s ]
SQL: SHOW COLUMNS FROM `hls_active` [ RunTime:0.0019s ]
SQL: SHOW COLUMNS FROM `hls_shop` [ RunTime:0.0024s ]
SQL: SHOW COLUMNS FROM `hls_posts` [ RunTime:0.0016s ]
SQL: SHOW COLUMNS FROM `hls_news` [ RunTime:0.0014s ]
SQL: SHOW COLUMNS FROM `hls_street_history` [ RunTime:0.0014s ]
SQL: SHOW COLUMNS FROM `hls_slide` [ RunTime:0.0011s ]
SQL: SELECT `id`,`title`,`cover`,`cover_width_300`,`latitude`,`longitude`,`created` FROM `hls_active` WHERE `recommend` = 1 AND `latitude` <> 0 AND `deleted` IS NULL AND `status` = 'published' ORDER BY created desc LIMIT 10   [ RunTime:0.0012s ]
SQL: SELECT `id`,`title`,`cover`,`cover_width_300`,`latitude`,`longitude`,`created` FROM `hls_shop` WHERE `recommend` = 1 AND `latitude` <> 0 AND `deleted` IS NULL AND `status` = 'published' AND `type` = 'cate' ORDER BY created desc LIMIT 10   [ RunTime:0.0018s ]
SQL: SELECT `id`,`title`,`cover`,`cover_width_300`,`latitude`,`longitude`,`created` FROM `hls_posts` WHERE `recommend` = 1 AND `latitude` <> 0 AND `deleted` IS NULL AND `status` = 'published' ORDER BY created desc LIMIT 10   [ RunTime:0.0015s ]

[ 2020-11-14T15:52:59+08:00 ] 202.175.81.199 /api/index
INFO: [ app_init ] --START--
INFO: Run Behavior\BuildLiteBehavior [ RunTime:0.000025s ]
INFO: [ app_init ] --END-- [ RunTime:0.000137s ]
INFO: [ app_begin ] --START--
INFO: Run Behavior\ReadHtmlCacheBehavior [ RunTime:0.000355s ]
INFO: Run Behavior\CheckLangBehavior [ RunTime:0.001418s ]
INFO: [ app_begin ] --END-- [ RunTime:0.001936s ]
SQL: SHOW COLUMNS FROM `hls_active` [ RunTime:0.0017s ]
SQL: SHOW COLUMNS FROM `hls_shop` [ RunTime:0.0016s ]
SQL: SHOW COLUMNS FROM `hls_posts` [ RunTime:0.0015s ]
SQL: SHOW COLUMNS FROM `hls_news` [ RunTime:0.0013s ]
SQL: SHOW COLUMNS FROM `hls_street_history` [ RunTime:0.0013s ]
SQL: SHOW COLUMNS FROM `hls_slide` [ RunTime:0.0010s ]
SQL: SELECT `id`,`title`,`cover`,`cover_width_300`,`latitude`,`longitude`,`created` FROM `hls_active` WHERE `recommend` = 1 AND `latitude` <> 0 AND `deleted` IS NULL AND `status` = 'published' ORDER BY created desc LIMIT 10   [ RunTime:0.0003s ]
SQL: SELECT `id`,`title`,`cover`,`cover_width_300`,`latitude`,`longitude`,`created` FROM `hls_shop` WHERE `recommend` = 1 AND `latitude` <> 0 AND `deleted` IS NULL AND `status` = 'published' AND `type` = 'cate' ORDER BY created desc LIMIT 10   [ RunTime:0.0003s ]
SQL: SELECT `id`,`title`,`cover`,`cover_width_300`,`latitude`,`longitude`,`created` FROM `hls_posts` WHERE `recommend` = 1 AND `latitude` <> 0 AND `deleted` IS NULL AND `status` = 'published' ORDER BY created desc LIMIT 10   [ RunTime:0.0003s ]

[ 2020-11-14T15:54:37+08:00 ] 202.175.81.199 /api/banner/id/3
INFO: [ app_init ] --START--
INFO: Run Behavior\BuildLiteBehavior [ RunTime:0.000028s ]
INFO: [ app_init ] --END-- [ RunTime:0.000142s ]
INFO: [ app_begin ] --START--
INFO: Run Behavior\ReadHtmlCacheBehavior [ RunTime:0.000356s ]
INFO: Run Behavior\CheckLangBehavior [ RunTime:0.001423s ]
INFO: [ app_begin ] --END-- [ RunTime:0.001943s ]
SQL: SHOW COLUMNS FROM `hls_active` [ RunTime:0.0018s ]
SQL: SHOW COLUMNS FROM `hls_shop` [ RunTime:0.0016s ]
SQL: SHOW COLUMNS FROM `hls_posts` [ RunTime:0.0015s ]
SQL: SHOW COLUMNS FROM `hls_news` [ RunTime:0.0013s ]
SQL: SHOW COLUMNS FROM `hls_street_history` [ RunTime:0.0013s ]
SQL: SHOW COLUMNS FROM `hls_slide` [ RunTime:0.0010s ]
SQL: SELECT * FROM `hls_slide` WHERE `id` = 3 LIMIT 1   [ RunTime:0.0007s ]

[ 2020-11-14T15:54:38+08:00 ] 202.175.81.199 /api/lists/type/activity/p/
INFO: [ app_init ] --START--
INFO: Run Behavior\BuildLiteBehavior [ RunTime:0.000028s ]
INFO: [ app_init ] --END-- [ RunTime:0.000139s ]
INFO: [ app_begin ] --START--
INFO: Run Behavior\ReadHtmlCacheBehavior [ RunTime:0.000316s ]
INFO: Run Behavior\CheckLangBehavior [ RunTime:0.001373s ]
INFO: [ app_begin ] --END-- [ RunTime:0.001854s ]
SQL: SHOW COLUMNS FROM `hls_active` [ RunTime:0.0017s ]
SQL: SHOW COLUMNS FROM `hls_shop` [ RunTime:0.0015s ]
SQL: SHOW COLUMNS FROM `hls_posts` [ RunTime:0.0014s ]
SQL: SHOW COLUMNS FROM `hls_news` [ RunTime:0.0012s ]
SQL: SHOW COLUMNS FROM `hls_street_history` [ RunTime:0.0013s ]
SQL: SHOW COLUMNS FROM `hls_slide` [ RunTime:0.0010s ]
SQL: SELECT * FROM `hls_active` WHERE `deleted` IS NULL AND `status` = 'published' ORDER BY created desc  [ RunTime:0.0016s ]
SQL: SELECT * FROM `hls_news` WHERE `deleted` IS NULL AND `status` = 'published' ORDER BY created desc  [ RunTime:0.0028s ]

[ 2020-11-14T19:40:28+08:00 ] 202.175.81.199 /api/index
INFO: [ app_init ] --START--
INFO: Run Behavior\BuildLiteBehavior [ RunTime:0.000032s ]
INFO: [ app_init ] --END-- [ RunTime:0.000148s ]
INFO: [ app_begin ] --START--
INFO: Run Behavior\ReadHtmlCacheBehavior [ RunTime:0.000363s ]
INFO: Run Behavior\CheckLangBehavior [ RunTime:0.001446s ]
INFO: [ app_begin ] --END-- [ RunTime:0.001972s ]
SQL: SHOW COLUMNS FROM `hls_active` [ RunTime:0.0021s ]
SQL: SHOW COLUMNS FROM `hls_shop` [ RunTime:0.0017s ]
SQL: SHOW COLUMNS FROM `hls_posts` [ RunTime:0.0017s ]
SQL: SHOW COLUMNS FROM `hls_news` [ RunTime:0.0016s ]
SQL: SHOW COLUMNS FROM `hls_street_history` [ RunTime:0.0015s ]
SQL: SHOW COLUMNS FROM `hls_slide` [ RunTime:0.0012s ]
SQL: SELECT `id`,`title`,`cover`,`cover_width_300`,`latitude`,`longitude`,`created` FROM `hls_active` WHERE `recommend` = 1 AND `latitude` <> 0 AND `deleted` IS NULL AND `status` = 'published' ORDER BY created desc LIMIT 10   [ RunTime:0.0015s ]
SQL: SELECT `id`,`title`,`cover`,`cover_width_300`,`latitude`,`longitude`,`created` FROM `hls_shop` WHERE `recommend` = 1 AND `latitude` <> 0 AND `deleted` IS NULL AND `status` = 'published' AND `type` = 'cate' ORDER BY created desc LIMIT 10   [ RunTime:0.0018s ]
SQL: SELECT `id`,`title`,`cover`,`cover_width_300`,`latitude`,`longitude`,`created` FROM `hls_posts` WHERE `recommend` = 1 AND `latitude` <> 0 AND `deleted` IS NULL AND `status` = 'published' ORDER BY created desc LIMIT 10   [ RunTime:0.0018s ]

