[ 2020-12-02T14:52:51+08:00 ] 202.175.81.199 /api/index
INFO: [ app_init ] --START--
INFO: Run Behavior\BuildLiteBehavior [ RunTime:0.000030s ]
INFO: [ app_init ] --END-- [ RunTime:0.000143s ]
INFO: [ app_begin ] --START--
INFO: Run Behavior\ReadHtmlCacheBehavior [ RunTime:0.000358s ]
INFO: Run Behavior\CheckLangBehavior [ RunTime:0.001480s ]
INFO: [ app_begin ] --END-- [ RunTime:0.002015s ]
SQL: SHOW COLUMNS FROM `hls_active` [ RunTime:0.0018s ]
SQL: SHOW COLUMNS FROM `hls_shop` [ RunTime:0.0015s ]
SQL: SHOW COLUMNS FROM `hls_posts` [ RunTime:0.0017s ]
SQL: SHOW COLUMNS FROM `hls_news` [ RunTime:0.0015s ]
SQL: SHOW COLUMNS FROM `hls_street_history` [ RunTime:0.0014s ]
SQL: SHOW COLUMNS FROM `hls_slide` [ RunTime:0.0011s ]
SQL: SELECT `id`,`title`,`cover`,`cover_width_300`,`latitude`,`longitude`,`created` FROM `hls_active` WHERE `recommend` = 1 AND `latitude` <> 0 AND `deleted` IS NULL AND `status` = 'published' ORDER BY created desc LIMIT 10   [ RunTime:0.0013s ]
SQL: SELECT `id`,`title`,`cover`,`cover_width_300`,`latitude`,`longitude`,`created` FROM `hls_shop` WHERE `recommend` = 1 AND `latitude` <> 0 AND `deleted` IS NULL AND `status` = 'published' AND `type` = 'cate' ORDER BY created desc LIMIT 10   [ RunTime:0.0017s ]
SQL: SELECT `id`,`title`,`cover`,`cover_width_300`,`latitude`,`longitude`,`created` FROM `hls_posts` WHERE `recommend` = 1 AND `latitude` <> 0 AND `deleted` IS NULL AND `status` = 'published' ORDER BY created desc LIMIT 10   [ RunTime:0.0017s ]

[ 2020-12-02T15:17:36+08:00 ] 202.175.81.199 /api/index
INFO: [ app_init ] --START--
INFO: Run Behavior\BuildLiteBehavior [ RunTime:0.000029s ]
INFO: [ app_init ] --END-- [ RunTime:0.000143s ]
INFO: [ app_begin ] --START--
INFO: Run Behavior\ReadHtmlCacheBehavior [ RunTime:0.000348s ]
INFO: Run Behavior\CheckLangBehavior [ RunTime:0.001453s ]
INFO: [ app_begin ] --END-- [ RunTime:0.001981s ]
SQL: SHOW COLUMNS FROM `hls_active` [ RunTime:0.0019s ]
SQL: SHOW COLUMNS FROM `hls_shop` [ RunTime:0.0018s ]
SQL: SHOW COLUMNS FROM `hls_posts` [ RunTime:0.0016s ]
SQL: SHOW COLUMNS FROM `hls_news` [ RunTime:0.0014s ]
SQL: SHOW COLUMNS FROM `hls_street_history` [ RunTime:0.0014s ]
SQL: SHOW COLUMNS FROM `hls_slide` [ RunTime:0.0011s ]
SQL: SELECT `id`,`title`,`cover`,`cover_width_300`,`latitude`,`longitude`,`created` FROM `hls_active` WHERE `recommend` = 1 AND `latitude` <> 0 AND `deleted` IS NULL AND `status` = 'published' ORDER BY created desc LIMIT 10   [ RunTime:0.0002s ]
SQL: SELECT `id`,`title`,`cover`,`cover_width_300`,`latitude`,`longitude`,`created` FROM `hls_shop` WHERE `recommend` = 1 AND `latitude` <> 0 AND `deleted` IS NULL AND `status` = 'published' AND `type` = 'cate' ORDER BY created desc LIMIT 10   [ RunTime:0.0003s ]
SQL: SELECT `id`,`title`,`cover`,`cover_width_300`,`latitude`,`longitude`,`created` FROM `hls_posts` WHERE `recommend` = 1 AND `latitude` <> 0 AND `deleted` IS NULL AND `status` = 'published' ORDER BY created desc LIMIT 10   [ RunTime:0.0003s ]

