[ 2021-03-17T14:41:47+08:00 ] 202.175.81.199 /api/index
INFO: [ app_init ] --START--
INFO: Run Behavior\BuildLiteBehavior [ RunTime:0.000029s ]
INFO: [ app_init ] --END-- [ RunTime:0.000143s ]
INFO: [ app_begin ] --START--
INFO: Run Behavior\ReadHtmlCacheBehavior [ RunTime:0.000369s ]
INFO: Run Behavior\CheckLangBehavior [ RunTime:0.001468s ]
INFO: [ app_begin ] --END-- [ RunTime:0.002002s ]
SQL: SHOW COLUMNS FROM `hls_active` [ RunTime:0.0017s ]
SQL: SHOW COLUMNS FROM `hls_shop` [ RunTime:0.0015s ]
SQL: SHOW COLUMNS FROM `hls_posts` [ RunTime:0.0015s ]
SQL: SHOW COLUMNS FROM `hls_news` [ RunTime:0.0012s ]
SQL: SHOW COLUMNS FROM `hls_street_history` [ RunTime:0.0013s ]
SQL: SHOW COLUMNS FROM `hls_slide` [ RunTime:0.0009s ]
SQL: SELECT `id`,`title`,`cover`,`cover_width_300`,`latitude`,`longitude`,`created` FROM `hls_active` WHERE `recommend` = 1 AND `latitude` <> 0 AND `deleted` IS NULL AND `status` = 'published' ORDER BY created desc LIMIT 10   [ RunTime:0.0011s ]
SQL: SELECT `id`,`title`,`cover`,`cover_width_300`,`latitude`,`longitude`,`created` FROM `hls_shop` WHERE `recommend` = 1 AND `latitude` <> 0 AND `deleted` IS NULL AND `status` = 'published' AND `type` = 'cate' ORDER BY created desc LIMIT 10   [ RunTime:0.0017s ]
SQL: SELECT `id`,`title`,`cover`,`cover_width_300`,`latitude`,`longitude`,`created` FROM `hls_posts` WHERE `recommend` = 1 AND `latitude` <> 0 AND `deleted` IS NULL AND `status` = 'published' ORDER BY created desc LIMIT 10   [ RunTime:0.0015s ]

[ 2021-03-17T14:44:50+08:00 ] 202.175.81.199 /api/index
INFO: [ app_init ] --START--
INFO: Run Behavior\BuildLiteBehavior [ RunTime:0.000030s ]
INFO: [ app_init ] --END-- [ RunTime:0.000146s ]
INFO: [ app_begin ] --START--
INFO: Run Behavior\ReadHtmlCacheBehavior [ RunTime:0.000351s ]
INFO: Run Behavior\CheckLangBehavior [ RunTime:0.001454s ]
INFO: [ app_begin ] --END-- [ RunTime:0.001970s ]
SQL: SHOW COLUMNS FROM `hls_active` [ RunTime:0.0016s ]
SQL: SHOW COLUMNS FROM `hls_shop` [ RunTime:0.0015s ]
SQL: SHOW COLUMNS FROM `hls_posts` [ RunTime:0.0015s ]
SQL: SHOW COLUMNS FROM `hls_news` [ RunTime:0.0012s ]
SQL: SHOW COLUMNS FROM `hls_street_history` [ RunTime:0.0013s ]
SQL: SHOW COLUMNS FROM `hls_slide` [ RunTime:0.0010s ]
SQL: SELECT `id`,`title`,`cover`,`cover_width_300`,`latitude`,`longitude`,`created` FROM `hls_active` WHERE `recommend` = 1 AND `latitude` <> 0 AND `deleted` IS NULL AND `status` = 'published' ORDER BY created desc LIMIT 10   [ RunTime:0.0003s ]
SQL: SELECT `id`,`title`,`cover`,`cover_width_300`,`latitude`,`longitude`,`created` FROM `hls_shop` WHERE `recommend` = 1 AND `latitude` <> 0 AND `deleted` IS NULL AND `status` = 'published' AND `type` = 'cate' ORDER BY created desc LIMIT 10   [ RunTime:0.0003s ]
SQL: SELECT `id`,`title`,`cover`,`cover_width_300`,`latitude`,`longitude`,`created` FROM `hls_posts` WHERE `recommend` = 1 AND `latitude` <> 0 AND `deleted` IS NULL AND `status` = 'published' ORDER BY created desc LIMIT 10   [ RunTime:0.0003s ]

[ 2021-03-17T14:45:19+08:00 ] 202.175.81.199 /api/index
INFO: [ app_init ] --START--
INFO: Run Behavior\BuildLiteBehavior [ RunTime:0.000029s ]
INFO: [ app_init ] --END-- [ RunTime:0.000145s ]
INFO: [ app_begin ] --START--
INFO: Run Behavior\ReadHtmlCacheBehavior [ RunTime:0.000350s ]
INFO: Run Behavior\CheckLangBehavior [ RunTime:0.001461s ]
INFO: [ app_begin ] --END-- [ RunTime:0.001977s ]
SQL: SHOW COLUMNS FROM `hls_active` [ RunTime:0.0017s ]
SQL: SHOW COLUMNS FROM `hls_shop` [ RunTime:0.0015s ]
SQL: SHOW COLUMNS FROM `hls_posts` [ RunTime:0.0015s ]
SQL: SHOW COLUMNS FROM `hls_news` [ RunTime:0.0012s ]
SQL: SHOW COLUMNS FROM `hls_street_history` [ RunTime:0.0013s ]
SQL: SHOW COLUMNS FROM `hls_slide` [ RunTime:0.0010s ]
SQL: SELECT `id`,`title`,`cover`,`cover_width_300`,`latitude`,`longitude`,`created` FROM `hls_active` WHERE `recommend` = 1 AND `latitude` <> 0 AND `deleted` IS NULL AND `status` = 'published' ORDER BY created desc LIMIT 10   [ RunTime:0.0003s ]
SQL: SELECT `id`,`title`,`cover`,`cover_width_300`,`latitude`,`longitude`,`created` FROM `hls_shop` WHERE `recommend` = 1 AND `latitude` <> 0 AND `deleted` IS NULL AND `status` = 'published' AND `type` = 'cate' ORDER BY created desc LIMIT 10   [ RunTime:0.0003s ]
SQL: SELECT `id`,`title`,`cover`,`cover_width_300`,`latitude`,`longitude`,`created` FROM `hls_posts` WHERE `recommend` = 1 AND `latitude` <> 0 AND `deleted` IS NULL AND `status` = 'published' ORDER BY created desc LIMIT 10   [ RunTime:0.0004s ]

[ 2021-03-17T14:46:41+08:00 ] 202.175.81.199 /api/index
INFO: [ app_init ] --START--
INFO: Run Behavior\BuildLiteBehavior [ RunTime:0.000024s ]
INFO: [ app_init ] --END-- [ RunTime:0.000134s ]
INFO: [ app_begin ] --START--
INFO: Run Behavior\ReadHtmlCacheBehavior [ RunTime:0.000341s ]
INFO: Run Behavior\CheckLangBehavior [ RunTime:0.001428s ]
INFO: [ app_begin ] --END-- [ RunTime:0.001933s ]
SQL: SHOW COLUMNS FROM `hls_active` [ RunTime:0.0017s ]
SQL: SHOW COLUMNS FROM `hls_shop` [ RunTime:0.0015s ]
SQL: SHOW COLUMNS FROM `hls_posts` [ RunTime:0.0015s ]
SQL: SHOW COLUMNS FROM `hls_news` [ RunTime:0.0012s ]
SQL: SHOW COLUMNS FROM `hls_street_history` [ RunTime:0.0013s ]
SQL: SHOW COLUMNS FROM `hls_slide` [ RunTime:0.0009s ]
SQL: SELECT `id`,`title`,`cover`,`cover_width_300`,`latitude`,`longitude`,`created` FROM `hls_active` WHERE `recommend` = 1 AND `latitude` <> 0 AND `deleted` IS NULL AND `status` = 'published' ORDER BY created desc LIMIT 10   [ RunTime:0.0003s ]
SQL: SELECT `id`,`title`,`cover`,`cover_width_300`,`latitude`,`longitude`,`created` FROM `hls_shop` WHERE `recommend` = 1 AND `latitude` <> 0 AND `deleted` IS NULL AND `status` = 'published' AND `type` = 'cate' ORDER BY created desc LIMIT 10   [ RunTime:0.0003s ]
SQL: SELECT `id`,`title`,`cover`,`cover_width_300`,`latitude`,`longitude`,`created` FROM `hls_posts` WHERE `recommend` = 1 AND `latitude` <> 0 AND `deleted` IS NULL AND `status` = 'published' ORDER BY created desc LIMIT 10   [ RunTime:0.0002s ]

