[ 2021-07-14T12:22:04+08:00 ] 202.175.81.199 /api/index
INFO: [ app_init ] --START--
INFO: Run Behavior\BuildLiteBehavior [ RunTime:0.000025s ]
INFO: [ app_init ] --END-- [ RunTime:0.000135s ]
INFO: [ app_begin ] --START--
INFO: Run Behavior\ReadHtmlCacheBehavior [ RunTime:0.000329s ]
INFO: Run Behavior\CheckLangBehavior [ RunTime:0.001404s ]
INFO: [ app_begin ] --END-- [ RunTime:0.001897s ]
SQL: SHOW COLUMNS FROM `hls_active` [ RunTime:0.0016s ]
SQL: SHOW COLUMNS FROM `hls_shop` [ RunTime:0.0016s ]
SQL: SHOW COLUMNS FROM `hls_posts` [ RunTime:0.0016s ]
SQL: SHOW COLUMNS FROM `hls_news` [ RunTime:0.0012s ]
SQL: SHOW COLUMNS FROM `hls_street_history` [ RunTime:0.0014s ]
SQL: SHOW COLUMNS FROM `hls_slide` [ RunTime:0.0011s ]
SQL: SELECT `id`,`title`,`cover`,`cover_width_300`,`latitude`,`longitude`,`created` FROM `hls_active` WHERE `recommend` = 1 AND `latitude` <> 0 AND `deleted` IS NULL AND `status` = 'published' ORDER BY created desc LIMIT 10   [ RunTime:0.0012s ]
SQL: SELECT `id`,`title`,`cover`,`cover_width_300`,`latitude`,`longitude`,`created` FROM `hls_shop` WHERE `recommend` = 1 AND `latitude` <> 0 AND `deleted` IS NULL AND `status` = 'published' AND `type` = 'cate' ORDER BY created desc LIMIT 10   [ RunTime:0.0017s ]
SQL: SELECT `id`,`title`,`cover`,`cover_width_300`,`latitude`,`longitude`,`created` FROM `hls_posts` WHERE `recommend` = 1 AND `latitude` <> 0 AND `deleted` IS NULL AND `status` = 'published' ORDER BY created desc LIMIT 10   [ RunTime:0.0014s ]

[ 2021-07-14T12:35:11+08:00 ] 202.175.81.199 /api/index
INFO: [ app_init ] --START--
INFO: Run Behavior\BuildLiteBehavior [ RunTime:0.000023s ]
INFO: [ app_init ] --END-- [ RunTime:0.000132s ]
INFO: [ app_begin ] --START--
INFO: Run Behavior\ReadHtmlCacheBehavior [ RunTime:0.000329s ]
INFO: Run Behavior\CheckLangBehavior [ RunTime:0.001423s ]
INFO: [ app_begin ] --END-- [ RunTime:0.001914s ]
SQL: SHOW COLUMNS FROM `hls_active` [ RunTime:0.0018s ]
SQL: SHOW COLUMNS FROM `hls_shop` [ RunTime:0.0015s ]
SQL: SHOW COLUMNS FROM `hls_posts` [ RunTime:0.0015s ]
SQL: SHOW COLUMNS FROM `hls_news` [ RunTime:0.0012s ]
SQL: SHOW COLUMNS FROM `hls_street_history` [ RunTime:0.0013s ]
SQL: SHOW COLUMNS FROM `hls_slide` [ RunTime:0.0010s ]
SQL: SELECT `id`,`title`,`cover`,`cover_width_300`,`latitude`,`longitude`,`created` FROM `hls_active` WHERE `recommend` = 1 AND `latitude` <> 0 AND `deleted` IS NULL AND `status` = 'published' ORDER BY created desc LIMIT 10   [ RunTime:0.0003s ]
SQL: SELECT `id`,`title`,`cover`,`cover_width_300`,`latitude`,`longitude`,`created` FROM `hls_shop` WHERE `recommend` = 1 AND `latitude` <> 0 AND `deleted` IS NULL AND `status` = 'published' AND `type` = 'cate' ORDER BY created desc LIMIT 10   [ RunTime:0.0003s ]
SQL: SELECT `id`,`title`,`cover`,`cover_width_300`,`latitude`,`longitude`,`created` FROM `hls_posts` WHERE `recommend` = 1 AND `latitude` <> 0 AND `deleted` IS NULL AND `status` = 'published' ORDER BY created desc LIMIT 10   [ RunTime:0.0002s ]

[ 2021-07-14T12:35:18+08:00 ] 202.175.81.199 /api/banner/id/3
INFO: [ app_init ] --START--
INFO: Run Behavior\BuildLiteBehavior [ RunTime:0.000029s ]
INFO: [ app_init ] --END-- [ RunTime:0.000153s ]
INFO: [ app_begin ] --START--
INFO: Run Behavior\ReadHtmlCacheBehavior [ RunTime:0.000340s ]
INFO: Run Behavior\CheckLangBehavior [ RunTime:0.001413s ]
INFO: [ app_begin ] --END-- [ RunTime:0.001927s ]
SQL: SHOW COLUMNS FROM `hls_active` [ RunTime:0.0017s ]
SQL: SHOW COLUMNS FROM `hls_shop` [ RunTime:0.0015s ]
SQL: SHOW COLUMNS FROM `hls_posts` [ RunTime:0.0015s ]
SQL: SHOW COLUMNS FROM `hls_news` [ RunTime:0.0012s ]
SQL: SHOW COLUMNS FROM `hls_street_history` [ RunTime:0.0012s ]
SQL: SHOW COLUMNS FROM `hls_slide` [ RunTime:0.0010s ]
SQL: SELECT * FROM `hls_slide` WHERE `id` = 3 LIMIT 1   [ RunTime:0.0007s ]

[ 2021-07-14T12:35:19+08:00 ] 202.175.81.199 /api/lists/type/activity/p/
INFO: [ app_init ] --START--
INFO: Run Behavior\BuildLiteBehavior [ RunTime:0.000025s ]
INFO: [ app_init ] --END-- [ RunTime:0.000133s ]
INFO: [ app_begin ] --START--
INFO: Run Behavior\ReadHtmlCacheBehavior [ RunTime:0.000298s ]
INFO: Run Behavior\CheckLangBehavior [ RunTime:0.001357s ]
INFO: [ app_begin ] --END-- [ RunTime:0.001818s ]
SQL: SHOW COLUMNS FROM `hls_active` [ RunTime:0.0109s ]
SQL: SHOW COLUMNS FROM `hls_shop` [ RunTime:0.0016s ]
SQL: SHOW COLUMNS FROM `hls_posts` [ RunTime:0.0015s ]
SQL: SHOW COLUMNS FROM `hls_news` [ RunTime:0.0012s ]
SQL: SHOW COLUMNS FROM `hls_street_history` [ RunTime:0.0013s ]
SQL: SHOW COLUMNS FROM `hls_slide` [ RunTime:0.0010s ]
SQL: SELECT * FROM `hls_active` WHERE `deleted` IS NULL AND `status` = 'published' ORDER BY created desc  [ RunTime:0.0003s ]
SQL: SELECT * FROM `hls_news` WHERE `deleted` IS NULL AND `status` = 'published' ORDER BY created desc  [ RunTime:0.0012s ]

[ 2021-07-14T12:35:31+08:00 ] 202.175.81.199 /api/banner/id/4
INFO: [ app_init ] --START--
INFO: Run Behavior\BuildLiteBehavior [ RunTime:0.000029s ]
INFO: [ app_init ] --END-- [ RunTime:0.000169s ]
INFO: [ app_begin ] --START--
INFO: Run Behavior\ReadHtmlCacheBehavior [ RunTime:0.000345s ]
INFO: Run Behavior\CheckLangBehavior [ RunTime:0.001429s ]
INFO: [ app_begin ] --END-- [ RunTime:0.002004s ]
SQL: SHOW COLUMNS FROM `hls_active` [ RunTime:0.0018s ]
SQL: SHOW COLUMNS FROM `hls_shop` [ RunTime:0.0015s ]
SQL: SHOW COLUMNS FROM `hls_posts` [ RunTime:0.0015s ]
SQL: SHOW COLUMNS FROM `hls_news` [ RunTime:0.0012s ]
SQL: SHOW COLUMNS FROM `hls_street_history` [ RunTime:0.0013s ]
SQL: SHOW COLUMNS FROM `hls_slide` [ RunTime:0.0010s ]
SQL: SELECT * FROM `hls_slide` WHERE `id` = 4 LIMIT 1   [ RunTime:0.0007s ]

[ 2021-07-14T12:35:31+08:00 ] 202.175.81.199 /api/lists/type/shop/p/1
INFO: [ app_init ] --START--
INFO: Run Behavior\BuildLiteBehavior [ RunTime:0.000023s ]
INFO: [ app_init ] --END-- [ RunTime:0.000128s ]
INFO: [ app_begin ] --START--
INFO: Run Behavior\ReadHtmlCacheBehavior [ RunTime:0.000302s ]
INFO: Run Behavior\CheckLangBehavior [ RunTime:0.001303s ]
INFO: [ app_begin ] --END-- [ RunTime:0.001768s ]
SQL: SHOW COLUMNS FROM `hls_active` [ RunTime:0.0015s ]
SQL: SHOW COLUMNS FROM `hls_shop` [ RunTime:0.0016s ]
SQL: SHOW COLUMNS FROM `hls_posts` [ RunTime:0.0016s ]
SQL: SHOW COLUMNS FROM `hls_news` [ RunTime:0.0013s ]
SQL: SHOW COLUMNS FROM `hls_street_history` [ RunTime:0.0014s ]
SQL: SHOW COLUMNS FROM `hls_slide` [ RunTime:0.0011s ]
SQL: SELECT COUNT(*) AS tp_count FROM `hls_shop` WHERE `deleted` IS NULL AND `status` = 'published' LIMIT 1   [ RunTime:0.0003s ]
SQL: SELECT * FROM `hls_shop` WHERE `deleted` IS NULL AND `status` = 'published' ORDER BY created desc LIMIT 0,7   [ RunTime:0.0021s ]

[ 2021-07-14T12:35:34+08:00 ] 202.175.81.199 /api/lists/type/shop/p/2
INFO: [ app_init ] --START--
INFO: Run Behavior\BuildLiteBehavior [ RunTime:0.000029s ]
INFO: [ app_init ] --END-- [ RunTime:0.000139s ]
INFO: [ app_begin ] --START--
INFO: Run Behavior\ReadHtmlCacheBehavior [ RunTime:0.000343s ]
INFO: Run Behavior\CheckLangBehavior [ RunTime:0.001400s ]
INFO: [ app_begin ] --END-- [ RunTime:0.001917s ]
SQL: SHOW COLUMNS FROM `hls_active` [ RunTime:0.0017s ]
SQL: SHOW COLUMNS FROM `hls_shop` [ RunTime:0.0016s ]
SQL: SHOW COLUMNS FROM `hls_posts` [ RunTime:0.0016s ]
SQL: SHOW COLUMNS FROM `hls_news` [ RunTime:0.0013s ]
SQL: SHOW COLUMNS FROM `hls_street_history` [ RunTime:0.0014s ]
SQL: SHOW COLUMNS FROM `hls_slide` [ RunTime:0.0011s ]
SQL: SELECT COUNT(*) AS tp_count FROM `hls_shop` WHERE `deleted` IS NULL AND `status` = 'published' LIMIT 1   [ RunTime:0.0002s ]
SQL: SELECT * FROM `hls_shop` WHERE `deleted` IS NULL AND `status` = 'published' ORDER BY created desc LIMIT 7,7   [ RunTime:0.0015s ]

[ 2021-07-14T12:35:36+08:00 ] 202.175.81.199 /api/lists/type/post/p/1
INFO: [ app_init ] --START--
INFO: Run Behavior\BuildLiteBehavior [ RunTime:0.000024s ]
INFO: [ app_init ] --END-- [ RunTime:0.000131s ]
INFO: [ app_begin ] --START--
INFO: Run Behavior\ReadHtmlCacheBehavior [ RunTime:0.000295s ]
INFO: Run Behavior\CheckLangBehavior [ RunTime:0.001280s ]
INFO: [ app_begin ] --END-- [ RunTime:0.001738s ]
SQL: SHOW COLUMNS FROM `hls_active` [ RunTime:0.0018s ]
SQL: SHOW COLUMNS FROM `hls_shop` [ RunTime:0.0016s ]
SQL: SHOW COLUMNS FROM `hls_posts` [ RunTime:0.0015s ]
SQL: SHOW COLUMNS FROM `hls_news` [ RunTime:0.0012s ]
SQL: SHOW COLUMNS FROM `hls_street_history` [ RunTime:0.0012s ]
SQL: SHOW COLUMNS FROM `hls_slide` [ RunTime:0.0009s ]
SQL: SELECT COUNT(*) AS tp_count FROM `hls_posts` WHERE `deleted` IS NULL AND `status` = 'published' LIMIT 1   [ RunTime:0.0002s ]
SQL: SELECT * FROM `hls_posts` WHERE `deleted` IS NULL AND `status` = 'published' ORDER BY created desc LIMIT 0,7   [ RunTime:0.0018s ]

[ 2021-07-14T12:35:36+08:00 ] 202.175.81.199 /api/banner/id/5
INFO: [ app_init ] --START--
INFO: Run Behavior\BuildLiteBehavior [ RunTime:0.000024s ]
INFO: [ app_init ] --END-- [ RunTime:0.000140s ]
INFO: [ app_begin ] --START--
INFO: Run Behavior\ReadHtmlCacheBehavior [ RunTime:0.000281s ]
INFO: Run Behavior\CheckLangBehavior [ RunTime:0.001292s ]
INFO: [ app_begin ] --END-- [ RunTime:0.001735s ]
SQL: SHOW COLUMNS FROM `hls_active` [ RunTime:0.0015s ]
SQL: SHOW COLUMNS FROM `hls_shop` [ RunTime:0.0016s ]
SQL: SHOW COLUMNS FROM `hls_posts` [ RunTime:0.0016s ]
SQL: SHOW COLUMNS FROM `hls_news` [ RunTime:0.0012s ]
SQL: SHOW COLUMNS FROM `hls_street_history` [ RunTime:0.0014s ]
SQL: SHOW COLUMNS FROM `hls_slide` [ RunTime:0.0011s ]
SQL: SELECT * FROM `hls_slide` WHERE `id` = 5 LIMIT 1   [ RunTime:0.0006s ]

[ 2021-07-14T12:35:37+08:00 ] 202.175.81.199 /api/banner/id/7
INFO: [ app_init ] --START--
INFO: Run Behavior\BuildLiteBehavior [ RunTime:0.000024s ]
INFO: [ app_init ] --END-- [ RunTime:0.000152s ]
INFO: [ app_begin ] --START--
INFO: Run Behavior\ReadHtmlCacheBehavior [ RunTime:0.000331s ]
INFO: Run Behavior\CheckLangBehavior [ RunTime:0.001389s ]
INFO: [ app_begin ] --END-- [ RunTime:0.001883s ]
SQL: SHOW COLUMNS FROM `hls_active` [ RunTime:0.0016s ]
SQL: SHOW COLUMNS FROM `hls_shop` [ RunTime:0.0016s ]
SQL: SHOW COLUMNS FROM `hls_posts` [ RunTime:0.0016s ]
SQL: SHOW COLUMNS FROM `hls_news` [ RunTime:0.0013s ]
SQL: SHOW COLUMNS FROM `hls_street_history` [ RunTime:0.0014s ]
SQL: SHOW COLUMNS FROM `hls_slide` [ RunTime:0.0009s ]
SQL: SELECT * FROM `hls_slide` WHERE `id` = 7 LIMIT 1   [ RunTime:0.0006s ]

[ 2021-07-14T12:35:37+08:00 ] 202.175.81.199 /api/lists/type/street/p/1
INFO: [ app_init ] --START--
INFO: Run Behavior\BuildLiteBehavior [ RunTime:0.000026s ]
INFO: [ app_init ] --END-- [ RunTime:0.000225s ]
INFO: [ app_begin ] --START--
INFO: Run Behavior\ReadHtmlCacheBehavior [ RunTime:0.000281s ]
INFO: Run Behavior\CheckLangBehavior [ RunTime:0.001287s ]
INFO: [ app_begin ] --END-- [ RunTime:0.001731s ]
SQL: SHOW COLUMNS FROM `hls_active` [ RunTime:0.0016s ]
SQL: SHOW COLUMNS FROM `hls_shop` [ RunTime:0.0015s ]
SQL: SHOW COLUMNS FROM `hls_posts` [ RunTime:0.0014s ]
SQL: SHOW COLUMNS FROM `hls_news` [ RunTime:0.0012s ]
SQL: SHOW COLUMNS FROM `hls_street_history` [ RunTime:0.0013s ]
SQL: SHOW COLUMNS FROM `hls_slide` [ RunTime:0.0010s ]
SQL: SELECT COUNT(*) AS tp_count FROM `hls_street_history` WHERE `deleted` IS NULL AND `status` = 'published' LIMIT 1   [ RunTime:0.0002s ]
SQL: SELECT * FROM `hls_street_history` WHERE `deleted` IS NULL AND `status` = 'published' ORDER BY created desc LIMIT 0,7   [ RunTime:0.0016s ]

[ 2021-07-14T12:35:39+08:00 ] 202.175.81.199 /api/lists/type/street/p/2
INFO: [ app_init ] --START--
INFO: Run Behavior\BuildLiteBehavior [ RunTime:0.000023s ]
INFO: [ app_init ] --END-- [ RunTime:0.000130s ]
INFO: [ app_begin ] --START--
INFO: Run Behavior\ReadHtmlCacheBehavior [ RunTime:0.000285s ]
INFO: Run Behavior\CheckLangBehavior [ RunTime:0.001282s ]
INFO: [ app_begin ] --END-- [ RunTime:0.001730s ]
SQL: SHOW COLUMNS FROM `hls_active` [ RunTime:0.0017s ]
SQL: SHOW COLUMNS FROM `hls_shop` [ RunTime:0.0016s ]
SQL: SHOW COLUMNS FROM `hls_posts` [ RunTime:0.0016s ]
SQL: SHOW COLUMNS FROM `hls_news` [ RunTime:0.0013s ]
SQL: SHOW COLUMNS FROM `hls_street_history` [ RunTime:0.0013s ]
SQL: SHOW COLUMNS FROM `hls_slide` [ RunTime:0.0010s ]
SQL: SELECT COUNT(*) AS tp_count FROM `hls_street_history` WHERE `deleted` IS NULL AND `status` = 'published' LIMIT 1   [ RunTime:0.0002s ]
SQL: SELECT * FROM `hls_street_history` WHERE `deleted` IS NULL AND `status` = 'published' ORDER BY created desc LIMIT 7,7   [ RunTime:0.0009s ]

[ 2021-07-14T12:40:25+08:00 ] 202.175.81.199 /api/detail/type/street/id/6
INFO: [ app_init ] --START--
INFO: Run Behavior\BuildLiteBehavior [ RunTime:0.000025s ]
INFO: [ app_init ] --END-- [ RunTime:0.000135s ]
INFO: [ app_begin ] --START--
INFO: Run Behavior\ReadHtmlCacheBehavior [ RunTime:0.000344s ]
INFO: Run Behavior\CheckLangBehavior [ RunTime:0.001376s ]
INFO: [ app_begin ] --END-- [ RunTime:0.001883s ]
SQL: SHOW COLUMNS FROM `hls_active` [ RunTime:0.0016s ]
SQL: SHOW COLUMNS FROM `hls_shop` [ RunTime:0.0016s ]
SQL: SHOW COLUMNS FROM `hls_posts` [ RunTime:0.0015s ]
SQL: SHOW COLUMNS FROM `hls_news` [ RunTime:0.0012s ]
SQL: SHOW COLUMNS FROM `hls_street_history` [ RunTime:0.0014s ]
SQL: SHOW COLUMNS FROM `hls_slide` [ RunTime:0.0011s ]
SQL: SELECT * FROM `hls_street_history` WHERE `id` = 6 LIMIT 1   [ RunTime:0.0008s ]

[ 2021-07-14T12:40:36+08:00 ] 202.175.81.199 /api/detail/type/news/id/30
INFO: [ app_init ] --START--
INFO: Run Behavior\BuildLiteBehavior [ RunTime:0.000025s ]
INFO: [ app_init ] --END-- [ RunTime:0.000134s ]
INFO: [ app_begin ] --START--
INFO: Run Behavior\ReadHtmlCacheBehavior [ RunTime:0.000330s ]
INFO: Run Behavior\CheckLangBehavior [ RunTime:0.001381s ]
INFO: [ app_begin ] --END-- [ RunTime:0.001885s ]
SQL: SHOW COLUMNS FROM `hls_active` [ RunTime:0.0019s ]
SQL: SHOW COLUMNS FROM `hls_shop` [ RunTime:0.0016s ]
SQL: SHOW COLUMNS FROM `hls_posts` [ RunTime:0.0015s ]
SQL: SHOW COLUMNS FROM `hls_news` [ RunTime:0.0013s ]
SQL: SHOW COLUMNS FROM `hls_street_history` [ RunTime:0.0013s ]
SQL: SHOW COLUMNS FROM `hls_slide` [ RunTime:0.0010s ]
SQL: SELECT * FROM `hls_news` WHERE `id` = 30 LIMIT 1   [ RunTime:0.0009s ]

[ 2021-07-14T12:40:45+08:00 ] 202.175.81.199 /api/lists/type/post/p/2
INFO: [ app_init ] --START--
INFO: Run Behavior\BuildLiteBehavior [ RunTime:0.000024s ]
INFO: [ app_init ] --END-- [ RunTime:0.000132s ]
INFO: [ app_begin ] --START--
INFO: Run Behavior\ReadHtmlCacheBehavior [ RunTime:0.000327s ]
INFO: Run Behavior\CheckLangBehavior [ RunTime:0.001369s ]
INFO: [ app_begin ] --END-- [ RunTime:0.001860s ]
SQL: SHOW COLUMNS FROM `hls_active` [ RunTime:0.0017s ]
SQL: SHOW COLUMNS FROM `hls_shop` [ RunTime:0.0016s ]
SQL: SHOW COLUMNS FROM `hls_posts` [ RunTime:0.0016s ]
SQL: SHOW COLUMNS FROM `hls_news` [ RunTime:0.0013s ]
SQL: SHOW COLUMNS FROM `hls_street_history` [ RunTime:0.0013s ]
SQL: SHOW COLUMNS FROM `hls_slide` [ RunTime:0.0010s ]
SQL: SELECT COUNT(*) AS tp_count FROM `hls_posts` WHERE `deleted` IS NULL AND `status` = 'published' LIMIT 1   [ RunTime:0.0003s ]
SQL: SELECT * FROM `hls_posts` WHERE `deleted` IS NULL AND `status` = 'published' ORDER BY created desc LIMIT 7,7   [ RunTime:0.0020s ]

